\BOOKMARK [0][-]{chapter.1}{\376\377\116\313\176\315}{}% 1
\BOOKMARK [-1][-]{part.1}{\376\377\173\054\116\000\220\350\122\006\000\040\145\160\133\146}{}% 2
\BOOKMARK [0][-]{chapter.2}{\376\377\176\277\140\047\116\343\145\160}{part.1}% 3
\BOOKMARK [1][-]{section.2.1}{\376\377\150\007\221\317\377\014\124\021\221\317\377\014\167\351\226\065\124\214\137\040\221\317}{chapter.2}% 4
\BOOKMARK [2][-]{subsection.2.1.1}{\376\377\150\007\221\317}{section.2.1}% 5
\BOOKMARK [2][-]{subsection.2.1.2}{\376\377\124\021\221\317}{section.2.1}% 6
\BOOKMARK [2][-]{subsection.2.1.3}{\376\377\167\351\226\065}{section.2.1}% 7
\BOOKMARK [2][-]{subsection.2.1.4}{\376\377\137\040\221\317}{section.2.1}% 8
\BOOKMARK [2][-]{subsection.2.1.5}{\376\377\217\154\177\156\000\040\000\050\000t\000r\000a\000n\000s\000p\000o\000s\000e\000\051}{section.2.1}% 9
\BOOKMARK [2][-]{subsection.2.1.6}{\376\377\167\351\226\065\122\240\154\325}{section.2.1}% 10
\BOOKMARK [2][-]{subsection.2.1.7}{\376\377\167\351\226\065\166\204\116\016\150\007\221\317\166\204\217\320\173\227}{section.2.1}% 11
\BOOKMARK [2][-]{subsection.2.1.8}{\376\377\167\351\226\065\116\016\124\021\221\317\166\204\217\320\173\227}{section.2.1}% 12
\BOOKMARK [1][-]{section.2.2}{\376\377\167\351\226\065\116\130\154\325}{chapter.2}% 13
\BOOKMARK [2][-]{subsection.2.2.1}{\376\377\122\006\221\115\137\213\000\050\000d\000i\000s\000t\000r\000i\000b\000u\000t\000i\000v\000e\000\051}{section.2.2}% 14
\BOOKMARK [2][-]{subsection.2.2.2}{\376\377\176\323\124\010\137\213\000\050\000a\000s\000s\000o\000c\000i\000a\000t\000i\000v\000e\000\051}{section.2.2}% 15
\BOOKMARK [2][-]{subsection.2.2.3}{\376\377\116\244\143\142\137\213\000\050\000c\000o\000m\000m\000u\000t\000a\000t\000i\000v\000e\000\051}{section.2.2}% 16
\BOOKMARK [2][-]{subsection.2.2.4}{\376\377\167\351\226\065\116\130\154\325\166\204\217\154\177\156}{section.2.2}% 17
\BOOKMARK [1][-]{section.2.3}{\376\377\176\277\140\047\145\271\172\013\166\204\167\351\226\065\210\150\217\276}{chapter.2}% 18
\BOOKMARK [1][-]{section.2.4}{\376\377\123\125\117\115\167\351\226\065\000\050\000i\000d\000e\000n\000t\000i\000t\000y\000\040\000m\000a\000t\000r\000i\000x\000\051}{chapter.2}% 19
\BOOKMARK [1][-]{section.2.5}{\376\377\220\006\167\351\226\065\000\050\000i\000n\000v\000e\000r\000s\000e\000\040\000m\000a\000t\000r\000i\000x\000\051}{chapter.2}% 20
\BOOKMARK [1][-]{section.2.6}{\376\377\142\151\137\040\172\172\225\364\000\050\000s\000p\000a\000n\000\051}{chapter.2}% 21
\BOOKMARK [1][-]{section.2.7}{\376\377\176\277\140\047\166\370\121\163\377\014\176\277\140\047\145\340\121\163}{chapter.2}% 22
\BOOKMARK [1][-]{section.2.8}{\376\377\152\041}{chapter.2}% 23
\BOOKMARK [1][-]{section.2.9}{\376\377\133\371\171\360\167\351\226\065}{chapter.2}% 24
\BOOKMARK [1][-]{section.2.10}{\376\377\153\143\116\244\167\351\226\065\377\010\000o\000r\000t\000h\000o\000g\000o\000n\000a\000l\000\040\000m\000a\000t\000r\000i\000x\377\011}{chapter.2}% 25
\BOOKMARK [1][-]{section.2.11}{\376\377\162\171\137\201\122\006\211\343}{chapter.2}% 26
\BOOKMARK [2][-]{subsection.2.11.1}{\376\377\153\143\133\232\167\351\226\065}{section.2.11}% 27
\BOOKMARK [1][-]{section.2.12}{\376\377\131\107\137\002\120\074\122\006\211\343\377\010\000s\000i\000n\000g\000u\000l\000a\000r\000\040\000v\000a\000l\000u\000e\000\040\000d\000e\000c\000o\000m\000p\000o\000s\000i\000t\000o\000n\377\011}{chapter.2}% 28
\BOOKMARK [0][-]{chapter.3}{\376\377\151\202\163\207}{part.1}% 29
\BOOKMARK [1][-]{section.3.1}{\376\377\226\217\147\072\123\330\221\317}{chapter.3}% 30
\BOOKMARK [1][-]{section.3.2}{\376\377\151\202\163\207\122\006\136\003}{chapter.3}% 31
\BOOKMARK [-1][-]{part.2}{\376\377\173\054\116\214\220\350\122\006\000\040\147\072\126\150\133\146\116\140}{}% 32
\BOOKMARK [-1][-]{part.3}{\376\377\173\054\116\011\220\350\122\006\000\040\155\361\136\246\133\146\116\140}{}% 33
\BOOKMARK [-1][-]{part.4}{\376\377\173\054\126\333\220\350\122\006\000\040\123\167\171\357\177\121\176\334}{}% 34
\BOOKMARK [-1][-]{part.5}{\376\377\173\054\116\224\220\350\122\006\000\040\137\252\163\257\177\121\176\334}{}% 35
