\BOOKMARK [0][-]{section*.1}{\376\377\000C\000o\000n\000t\000e\000n\000t\000s}{}% 1
\BOOKMARK [0][-]{section*.2}{\376\377\000L\000i\000s\000t\000\040\000o\000f\000\040\000F\000i\000g\000u\000r\000e\000s}{}% 2
\BOOKMARK [0][-]{section*.3}{\376\377\000L\000i\000s\000t\000\040\000o\000f\000\040\000T\000a\000b\000l\000e\000s}{}% 3
\BOOKMARK [0][-]{chapter.1}{\376\377\000V\000i\000r\000t\000u\000a\000l\000\040\000e\000n\000v\000i\000r\000o\000n\000m\000e\000n\000t\000s}{}% 4
\BOOKMARK [1][-]{section.1.1}{\376\377\000W\000i\000t\000h\000\040\000P\000y\000t\000h\000o\000n}{chapter.1}% 5
\BOOKMARK [0][-]{chapter.2}{\376\377\000P\000i\000p}{}% 6
\BOOKMARK [1][-]{section.2.1}{\376\377\000I\000n\000s\000t\000a\000l\000l\000\040\000p\000a\000c\000k\000a\000g\000e\000s}{chapter.2}% 7
\BOOKMARK [1][-]{section.2.2}{\376\377\000F\000r\000e\000e\000z\000e}{chapter.2}% 8
\BOOKMARK [0][-]{chapter.3}{\376\377\000M\000o\000d\000u\000l\000e}{}% 9
\BOOKMARK [1][-]{section.3.1}{\376\377\000P\000a\000c\000k\000a\000g\000e}{chapter.3}% 10
\BOOKMARK [1][-]{section.3.2}{\376\377\000C\000u\000s\000t\000o\000m\000\040\000m\000o\000d\000u\000l\000e}{chapter.3}% 11
\BOOKMARK [0][-]{chapter.4}{\376\377\000P\000r\000o\000g\000r\000a\000m\000m\000i\000n\000g\000\040\000t\000e\000c\000h\000n\000i\000q\000u\000e\000s}{}% 12
\BOOKMARK [1][-]{section.4.1}{\376\377\000G\000e\000n\000e\000r\000a\000t\000o\000r}{chapter.4}% 13
\BOOKMARK [1][-]{section.4.2}{\376\377\000D\000y\000n\000a\000m\000i\000c\000\040\000c\000o\000d\000e\000\040\000e\000x\000e\000c\000u\000t\000i\000o\000n}{chapter.4}% 14
\BOOKMARK [1][-]{section.4.3}{\376\377\000D\000e\000c\000o\000r\000a\000t\000o\000r}{chapter.4}% 15
\BOOKMARK [1][-]{section.4.4}{\376\377\000F\000u\000n\000c\000t\000i\000o\000n\000\040\000a\000n\000n\000o\000t\000a\000t\000i\000o\000n}{chapter.4}% 16
\BOOKMARK [1][-]{section.4.5}{\376\377\000P\000a\000r\000t\000i\000a\000l\000\040\000f\000u\000n\000c\000t\000i\000o\000n}{chapter.4}% 17
\BOOKMARK [1][-]{section.4.6}{\376\377\000C\000o\000r\000o\000u\000t\000i\000n\000e\000s}{chapter.4}% 18
\BOOKMARK [0][-]{chapter.5}{\376\377\000O\000b\000j\000e\000c\000t\000\040\000o\000r\000i\000e\000n\000t\000e\000d\000\040\000p\000r\000o\000g\000r\000a\000m\000m\000i\000n\000g}{}% 19
\BOOKMARK [1][-]{section.5.1}{\376\377\000A\000t\000t\000r\000i\000b\000u\000t\000e\000\040\000c\000o\000n\000t\000r\000o\000l\000l\000i\000n\000g}{chapter.5}% 20
\BOOKMARK [1][-]{section.5.2}{\376\377\000S\000p\000e\000c\000i\000a\000l\000\040\000m\000e\000t\000h\000o\000d\000s}{chapter.5}% 21
\BOOKMARK [1][-]{section.5.3}{\376\377\000F\000u\000n\000c\000t\000o\000r\000s}{chapter.5}% 22
\BOOKMARK [1][-]{section.5.4}{\376\377\000C\000o\000n\000t\000e\000x\000t\000\040\000m\000a\000n\000a\000g\000e\000r}{chapter.5}% 23
\BOOKMARK [1][-]{section.5.5}{\376\377\000D\000e\000s\000c\000r\000i\000p\000t\000o\000r\000s}{chapter.5}% 24
\BOOKMARK [1][-]{section.5.6}{\376\377\000C\000l\000a\000s\000s\000\040\000d\000e\000c\000o\000r\000a\000t\000o\000r\000s}{chapter.5}% 25
\BOOKMARK [1][-]{section.5.7}{\376\377\000A\000b\000s\000t\000r\000a\000c\000t\000\040\000b\000a\000s\000e\000\040\000c\000l\000a\000s\000s\000e\000s}{chapter.5}% 26
\BOOKMARK [1][-]{section.5.8}{\376\377\000M\000u\000l\000t\000i\000p\000l\000e\000\040\000i\000n\000h\000e\000r\000i\000t\000a\000n\000c\000e}{chapter.5}% 27
\BOOKMARK [1][-]{section.5.9}{\376\377\000M\000e\000t\000a\000c\000l\000a\000s\000s\000e\000s}{chapter.5}% 28
\BOOKMARK [2][-]{subsection.5.9.1}{\376\377\000R\000e\000g\000i\000s\000t\000e\000r}{section.5.9}% 29
\BOOKMARK [2][-]{subsection.5.9.2}{\376\377\000G\000u\000a\000r\000a\000n\000t\000e\000e}{section.5.9}% 30
\BOOKMARK [2][-]{subsection.5.9.3}{\376\377\000M\000o\000d\000i\000f\000y}{section.5.9}% 31
\BOOKMARK [0][-]{chapter.6}{\376\377\000P\000r\000o\000c\000e\000s\000s\000e\000s\000\040\000a\000n\000d\000\040\000t\000h\000r\000e\000a\000d\000i\000n\000g}{}% 32
\BOOKMARK [0][-]{section*.7}{\376\377\000B\000i\000b\000l\000i\000o\000g\000r\000a\000p\000h\000y}{}% 33
