\BOOKMARK [0][-]{chapter.1}{MacOS\040Tips}{}% 1
\BOOKMARK [1][-]{section.1.1}{Cut,\040Copy\040and\040Paste}{chapter.1}% 2
\BOOKMARK [1][-]{section.1.2}{Spotlight}{chapter.1}% 3
\BOOKMARK [1][-]{section.1.3}{Close\040Apps\040From\040App\040Switcher}{chapter.1}% 4
\BOOKMARK [1][-]{section.1.4}{Hide\040a\040Window}{chapter.1}% 5
\BOOKMARK [1][-]{section.1.5}{Hide\040All\040Windows}{chapter.1}% 6
\BOOKMARK [1][-]{section.1.6}{Switch\040Between\040Subwindows}{chapter.1}% 7
\BOOKMARK [1][-]{section.1.7}{Delete\040Files}{chapter.1}% 8
\BOOKMARK [1][-]{section.1.8}{Screenshots}{chapter.1}% 9
\BOOKMARK [1][-]{section.1.9}{Look\040for\040Your\040Mouse}{chapter.1}% 10
\BOOKMARK [1][-]{section.1.10}{Force\040Quit}{chapter.1}% 11
\BOOKMARK [1][-]{section.1.11}{Move\040Window\040Background}{chapter.1}% 12
\BOOKMARK [1][-]{section.1.12}{Startup\040Login\040Items}{chapter.1}% 13
\BOOKMARK [1][-]{section.1.13}{Accent\040Marks}{chapter.1}% 14
\BOOKMARK [1][-]{section.1.14}{Rearrange\040Icons\040in\040Menu\040Bar}{chapter.1}% 15
\BOOKMARK [1][-]{section.1.15}{Split\040View}{chapter.1}% 16
\BOOKMARK [1][-]{section.1.16}{Finder\040Control}{chapter.1}% 17
\BOOKMARK [1][-]{section.1.17}{Maximize\040and\040Unmaximize\040the\040Window}{chapter.1}% 18
\BOOKMARK [1][-]{section.1.18}{What's\040Your\040Preference?}{chapter.1}% 19
\BOOKMARK [1][-]{section.1.19}{A\040Really\040Smart\040Search}{chapter.1}% 20
\BOOKMARK [1][-]{section.1.20}{Preview\040Shortcuts}{chapter.1}% 21
\BOOKMARK [1][-]{section.1.21}{Minimize\040a\040Window}{chapter.1}% 22
\BOOKMARK [1][-]{section.1.22}{New\040a\040Window}{chapter.1}% 23
\BOOKMARK [1][-]{section.1.23}{Close\040a\040Window\040or\040Tab}{chapter.1}% 24
\BOOKMARK [1][-]{section.1.24}{New\040a\040Tab}{chapter.1}% 25
\BOOKMARK [1][-]{section.1.25}{Inspector}{chapter.1}% 26
\BOOKMARK [0][-]{chapter.2}{Network}{}% 27
\BOOKMARK [1][-]{section.2.1}{Share\040your\040network\040through\040wifi}{chapter.2}% 28
\BOOKMARK [1][-]{section.2.2}{Share\040your\040network\040through\040eth}{chapter.2}% 29
\BOOKMARK [1][-]{section.2.3}{Get\040an\040American\040apple\040id}{chapter.2}% 30
\BOOKMARK [2][-]{subsection.2.3.1}{Phone}{section.2.3}% 31
\BOOKMARK [0][-]{chapter.3}{Programming}{}% 32
\BOOKMARK [1][-]{section.3.1}{Matplotlib\040Chinese\040font}{chapter.3}% 33
\BOOKMARK [2][-]{subsection.3.1.1}{Install\040Chinese\040font}{section.3.1}% 34
\BOOKMARK [2][-]{subsection.3.1.2}{Show\040all\040fonts}{section.3.1}% 35
\BOOKMARK [2][-]{subsection.3.1.3}{Configuration}{section.3.1}% 36
\BOOKMARK [0][-]{chapter.4}{Customization}{}% 37
\BOOKMARK [1][-]{section.4.1}{Command\040history}{chapter.4}% 38
\BOOKMARK [1][-]{section.4.2}{Emacs\040dired\040icloud\040directory}{chapter.4}% 39
\BOOKMARK [2][-]{subsection.4.2.1}{Customize\040MacOS}{section.4.2}% 40
\BOOKMARK [2][-]{subsection.4.2.2}{First\040visit\040icloud\040directory}{section.4.2}% 41
\BOOKMARK [1][-]{section.4.3}{Hide\040dock}{chapter.4}% 42
