\BOOKMARK [0][-]{chapter.1}{Tips}{}% 1
\BOOKMARK [1][-]{section.1.1}{Cut, Copy and Paste}{chapter.1}% 2
\BOOKMARK [1][-]{section.1.2}{Spotlight}{chapter.1}% 3
\BOOKMARK [1][-]{section.1.3}{Close Apps From App Switcher}{chapter.1}% 4
\BOOKMARK [1][-]{section.1.4}{Hide a Window}{chapter.1}% 5
\BOOKMARK [1][-]{section.1.5}{Hide All Windows}{chapter.1}% 6
\BOOKMARK [1][-]{section.1.6}{Switch Between Subwindows}{chapter.1}% 7
\BOOKMARK [1][-]{section.1.7}{Delete Files}{chapter.1}% 8
\BOOKMARK [1][-]{section.1.8}{Screenshots}{chapter.1}% 9
\BOOKMARK [1][-]{section.1.9}{Look for Your Mouse}{chapter.1}% 10
\BOOKMARK [1][-]{section.1.10}{Force Quit}{chapter.1}% 11
\BOOKMARK [1][-]{section.1.11}{Move Window Background}{chapter.1}% 12
\BOOKMARK [1][-]{section.1.12}{Startup Login Items}{chapter.1}% 13
\BOOKMARK [1][-]{section.1.13}{Accent Marks}{chapter.1}% 14
\BOOKMARK [1][-]{section.1.14}{Rearrange Icons in Menu Bar}{chapter.1}% 15
\BOOKMARK [1][-]{section.1.15}{Split View}{chapter.1}% 16
\BOOKMARK [1][-]{section.1.16}{Finder Control}{chapter.1}% 17
\BOOKMARK [1][-]{section.1.17}{Maximize and Unmaximize the Window}{chapter.1}% 18
\BOOKMARK [1][-]{section.1.18}{What's Your Preference?}{chapter.1}% 19
\BOOKMARK [1][-]{section.1.19}{A Really Smart Search}{chapter.1}% 20
\BOOKMARK [1][-]{section.1.20}{Preview Shortcuts}{chapter.1}% 21
\BOOKMARK [1][-]{section.1.21}{Minimize a Window}{chapter.1}% 22
\BOOKMARK [1][-]{section.1.22}{Close a Window or Tab}{chapter.1}% 23
\BOOKMARK [1][-]{section.1.23}{New a Tab}{chapter.1}% 24
\BOOKMARK [1][-]{section.1.24}{Inspector}{chapter.1}% 25
\BOOKMARK [0][-]{chapter.2}{Network}{}% 26
\BOOKMARK [1][-]{section.2.1}{Share your network through wifi}{chapter.2}% 27
\BOOKMARK [1][-]{section.2.2}{Share your network through eth}{chapter.2}% 28
\BOOKMARK [0][-]{chapter.3}{Programming}{}% 29
\BOOKMARK [1][-]{section.3.1}{Matplotlib Chinese font}{chapter.3}% 30
\BOOKMARK [2][-]{subsection.3.1.1}{Install Chinese font}{section.3.1}% 31
\BOOKMARK [2][-]{subsection.3.1.2}{Show all fonts}{section.3.1}% 32
\BOOKMARK [2][-]{subsection.3.1.3}{Configuration}{section.3.1}% 33
\BOOKMARK [0][-]{chapter.4}{Customization}{}% 34
\BOOKMARK [1][-]{section.4.1}{Command history}{chapter.4}% 35
