\BOOKMARK [1][-]{section.1}{\376\377\000P\000r\000\351\000s\000e\000n\000t}{}% 1
\BOOKMARK [2][-]{subsection.1.1}{\376\377\000-\000e\000r}{section.1}% 2
\BOOKMARK [3][-]{subsubsection.1.1.1}{\376\377\000-\000c\000e\000r}{subsection.1.1}% 3
\BOOKMARK [3][-]{subsubsection.1.1.2}{\376\377\000-\000g\000e\000r}{subsection.1.1}% 4
\BOOKMARK [3][-]{subsubsection.1.1.3}{\376\377\000-\000\351\000\137\000e\000r}{subsection.1.1}% 5
\BOOKMARK [3][-]{subsubsection.1.1.4}{\376\377\000-\000e\000\137\000e\000r}{subsection.1.1}% 6
\BOOKMARK [3][-]{subsubsection.1.1.5}{\376\377\000-\000e\000l\000e\000r\000,\000\040\000-\000e\000t\000e\000r}{subsection.1.1}% 7
\BOOKMARK [3][-]{subsubsection.1.1.6}{\376\377\000-\000a\000y\000e\000r\000,\000\040\000-\000o\000y\000e\000r\000,\000\040\000-\000u\000y\000e\000r}{subsection.1.1}% 8
\BOOKMARK [3][-]{subsubsection.1.1.7}{\376\377\000l\000e\000s\000\040\000I\000r\000r\000\351\000g\000u\000l\000i\000e\000r\000s}{subsection.1.1}% 9
\BOOKMARK [2][-]{subsection.1.2}{\376\377\000-\000i\000r}{section.1}% 10
\BOOKMARK [3][-]{subsubsection.1.2.1}{\376\377\000p\000a\000r\000t\000i\000r}{subsection.1.2}% 11
\BOOKMARK [3][-]{subsubsection.1.2.2}{\376\377\000-\000l\000l\000i\000r\000,\000\040\000-\000f\000r\000i\000r\000,\000\040\000-\000v\000r\000i\000r}{subsection.1.2}% 12
\BOOKMARK [3][-]{subsubsection.1.2.3}{\376\377\000-\000e\000n\000i\000r}{subsection.1.2}% 13
\BOOKMARK [3][-]{subsubsection.1.2.4}{\376\377\000l\000e\000s\000\040\000I\000r\000r\000\351\000g\000u\000l\000i\000e\000r\000s}{subsection.1.2}% 14
\BOOKMARK [2][-]{subsection.1.3}{\376\377\000-\000r\000e}{section.1}% 15
\BOOKMARK [3][-]{subsubsection.1.3.1}{\376\377\000-\000d\000r\000e}{subsection.1.3}% 16
\BOOKMARK [3][-]{subsubsection.1.3.2}{\376\377\000-\000u\000i\000r\000e\000,\000\040\000-\000d\000i\000r\000e\000,\000\040\000-\000f\000i\000r\000e\000,\000\040\000-\000l\000i\000r\000e}{subsection.1.3}% 17
\BOOKMARK [3][-]{subsubsection.1.3.3}{\376\377\000-\000c\000r\000i\000r\000e}{subsection.1.3}% 18
\BOOKMARK [3][-]{subsubsection.1.3.4}{\376\377\000-\000a\000i\000n\000d\000r\000e\000,\000\040\000-\000e\000i\000n\000d\000r\000e\000,\000\040\000-\000o\000i\000n\000d\000r\000e}{subsection.1.3}% 19
\BOOKMARK [3][-]{subsubsection.1.3.5}{\376\377\000-\000t\000t\000r\000e}{subsection.1.3}% 20
\BOOKMARK [3][-]{subsubsection.1.3.6}{\376\377\000p\000r\000e\000n\000d\000r\000e}{subsection.1.3}% 21
\BOOKMARK [3][-]{subsubsection.1.3.7}{\376\377\000-\000a\000\356\000t\000r\000e}{subsection.1.3}% 22
\BOOKMARK [3][-]{subsubsection.1.3.8}{\376\377\000\040\000l\000e\000s\000\040\000i\000r\000r\000\351\000g\000u\000l\000i\000e\000r\000s}{subsection.1.3}% 23
\BOOKMARK [1][-]{section.2}{\376\377\000P\000a\000s\000s\000\351\000\040\000c\000o\000m\000p\000o\000s\000\351}{}% 24
\BOOKMARK [1][-]{section.3}{\376\377\000P\000a\000r\000t\000i\000c\000i\000p\000e\000\040\000p\000r\000\351\000s\000e\000n\000t}{}% 25
\BOOKMARK [1][-]{section.4}{\376\377\000l\000'\000I\000m\000p\000a\000r\000f\000a\000i\000t}{}% 26
