\BOOKMARK [0][-]{chapter*.1}{\376\377\000C\000o\000n\000t\000e\000n\000t\000s}{}% 1
\BOOKMARK [0][-]{chapter*.2}{\376\377\000L\000i\000s\000t\000\040\000o\000f\000\040\000F\000i\000g\000u\000r\000e\000s}{}% 2
\BOOKMARK [0][-]{chapter*.3}{\376\377\000L\000i\000s\000t\000\040\000o\000f\000\040\000T\000a\000b\000l\000e\000s}{}% 3
\BOOKMARK [0][-]{chapter.1}{\376\377\000L\000a\000T\000e\000X\000\040\000B\000a\000s\000e}{}% 4
\BOOKMARK [1][-]{section.1.1}{\376\377\000W\000h\000a\000t\000\040\000i\000s\000\040\000L\000a\000T\000e\000X}{chapter.1}% 5
\BOOKMARK [1][-]{section.1.2}{\376\377\000R\000e\000a\000s\000o\000n\000\040\000t\000o\000\040\000U\000s\000e\000\040\000I\000t}{chapter.1}% 6
\BOOKMARK [1][-]{section.1.3}{\376\377\000L\000o\000g\000i\000c\000a\000l\000\040\000f\000o\000r\000m\000a\000t\000t\000i\000n\000g}{chapter.1}% 7
\BOOKMARK [1][-]{section.1.4}{\376\377\000C\000o\000m\000m\000a\000n\000d}{chapter.1}% 8
\BOOKMARK [1][-]{section.1.5}{\376\377\000C\000o\000m\000m\000e\000n\000t}{chapter.1}% 9
\BOOKMARK [1][-]{section.1.6}{\376\377\000E\000n\000v\000i\000r\000o\000n\000m\000e\000n\000t}{chapter.1}% 10
\BOOKMARK [1][-]{section.1.7}{\376\377\000B\000r\000e\000a\000k\000s\000\040\000a\000n\000d\000\040\000E\000m\000p\000t\000y\000\040\000L\000i\000n\000e\000s}{chapter.1}% 11
\BOOKMARK [1][-]{section.1.8}{\376\377\000S\000p\000e\000c\000i\000a\000l\000\040\000S\000y\000m\000b\000o\000l\000s}{chapter.1}% 12
\BOOKMARK [1][-]{section.1.9}{\376\377\000C\000r\000e\000a\000t\000e\000\040\000Y\000o\000u\000r\000\040\000O\000w\000n\000\040\000C\000o\000m\000m\000a\000n\000d\000s}{chapter.1}% 13
\BOOKMARK [1][-]{section.1.10}{\376\377\000G\000e\000t\000\040\000H\000e\000l\000p}{chapter.1}% 14
\BOOKMARK [1][-]{section.1.11}{\376\377\000I\000n\000s\000t\000a\000l\000l\000\040\000E\000x\000t\000r\000a\000\040\000P\000a\000c\000k\000a\000g\000e\000s}{chapter.1}% 15
\BOOKMARK [1][-]{section.1.12}{\376\377\000F\000l\000o\000a\000t\000s}{chapter.1}% 16
\BOOKMARK [1][-]{section.1.13}{\376\377\000M\000o\000d\000e\000s}{chapter.1}% 17
\BOOKMARK [0][-]{chapter.2}{\376\377\000E\000m\000a\000c\000s}{}% 18
\BOOKMARK [0][-]{chapter.3}{\376\377\000C\000o\000m\000m\000a\000n\000d\000s\000\040\000a\000n\000d\000\040\000E\000n\000v\000i\000r\000o\000n\000m\000e\000n\000t\000s}{}% 19
\BOOKMARK [1][-]{section.3.1}{\376\377\000C\000o\000m\000m\000a\000n\000d\000s}{chapter.3}% 20
\BOOKMARK [1][-]{section.3.2}{\376\377\000E\000n\000v\000i\000r\000o\000n\000m\000e\000n\000t\000s}{chapter.3}% 21
\BOOKMARK [0][-]{chapter.4}{\376\377\000F\000o\000n\000t}{}% 22
\BOOKMARK [1][-]{section.4.1}{\376\377\000S\000h\000a\000p\000e}{chapter.4}% 23
\BOOKMARK [1][-]{section.4.2}{\376\377\000S\000i\000z\000e}{chapter.4}% 24
\BOOKMARK [0][-]{chapter.5}{\376\377\000B\000o\000x}{}% 25
\BOOKMARK [1][-]{section.5.1}{\376\377\000p\000a\000r\000b\000o\000x}{chapter.5}% 26
\BOOKMARK [1][-]{section.5.2}{\376\377\000f\000b\000o\000x}{chapter.5}% 27
\BOOKMARK [1][-]{section.5.3}{\376\377\000m\000i\000n\000i\000p\000a\000g\000e}{chapter.5}% 28
\BOOKMARK [1][-]{section.5.4}{\376\377\000m\000b\000o\000x}{chapter.5}% 29
\BOOKMARK [1][-]{section.5.5}{\376\377\000t\000c\000o\000l\000o\000r\000b\000o\000x}{chapter.5}% 30
\BOOKMARK [0][-]{chapter.6}{\376\377\000L\000i\000s\000t\000s}{}% 31
\BOOKMARK [1][-]{section.6.1}{\376\377\000B\000u\000l\000l\000e\000t\000e\000d\000\040\000L\000i\000s\000t\000s}{chapter.6}% 32
\BOOKMARK [1][-]{section.6.2}{\376\377\000N\000u\000m\000b\000e\000r\000e\000d\000\040\000L\000i\000s\000t\000s}{chapter.6}% 33
\BOOKMARK [1][-]{section.6.3}{\376\377\000D\000e\000f\000i\000n\000i\000t\000i\000o\000n\000\040\000L\000i\000s\000t\000s}{chapter.6}% 34
\BOOKMARK [0][-]{chapter.7}{\376\377\000T\000a\000b\000l\000e\000s}{}% 35
\BOOKMARK [1][-]{section.7.1}{\376\377\000T\000a\000b\000l\000e}{chapter.7}% 36
\BOOKMARK [1][-]{section.7.2}{\376\377\000M\000u\000l\000t\000i\000p\000l\000e\000\040\000C\000o\000l\000u\000m\000n\000s}{chapter.7}% 37
\BOOKMARK [1][-]{section.7.3}{\376\377\000A\000d\000d\000i\000n\000g\000\040\000C\000a\000p\000t\000i\000o\000n\000s\000\040\000t\000o\000\040\000T\000a\000b\000l\000e\000s}{chapter.7}% 38
\BOOKMARK [0][-]{chapter.8}{\376\377\000F\000i\000g\000u\000r\000e}{}% 39
\BOOKMARK [0][-]{chapter.9}{\376\377\000L\000i\000s\000t\000i\000n\000g\000\040\000C\000o\000n\000t\000e\000n\000t\000\040\000a\000n\000d\000\040\000R\000e\000f\000e\000r\000e\000n\000c\000e\000s}{}% 40
\BOOKMARK [1][-]{section.9.1}{\376\377\000T\000a\000b\000l\000e\000\040\000o\000f\000\040\000C\000o\000n\000t\000e\000n\000t}{chapter.9}% 41
\BOOKMARK [2][-]{subsection.9.1.1}{\376\377\000A\000d\000d\000i\000n\000g\000\040\000e\000n\000t\000r\000i\000e\000s\000\040\000m\000a\000n\000u\000a\000l\000l\000y}{section.9.1}% 42
\BOOKMARK [1][-]{section.9.2}{\376\377\000C\000r\000e\000a\000t\000i\000n\000g\000\040\000a\000n\000d\000\040\000C\000u\000s\000t\000o\000m\000i\000z\000i\000n\000g\000\040\000L\000i\000s\000t\000s\000\040\000o\000f\000\040\000F\000i\000g\000u\000r\000e\000s}{chapter.9}% 43
\BOOKMARK [1][-]{section.9.3}{\376\377\000C\000r\000e\000a\000t\000i\000n\000g\000\040\000a\000n\000d\000\040\000C\000u\000s\000t\000o\000m\000i\000z\000i\000n\000g\000\040\000L\000i\000s\000t\000s\000\040\000o\000f\000\040\000T\000a\000b\000l\000e\000s}{chapter.9}% 44
\BOOKMARK [1][-]{section.9.4}{\376\377\000G\000e\000n\000e\000r\000a\000t\000i\000n\000g\000\040\000a\000n\000\040\000I\000n\000d\000e\000x}{chapter.9}% 45
\BOOKMARK [2][-]{subsection.9.4.1}{\376\377\000S\000p\000e\000c\000i\000f\000y\000i\000n\000g\000\040\000P\000a\000g\000e\000\040\000R\000a\000n\000g\000e\000s}{section.9.4}% 46
\BOOKMARK [2][-]{subsection.9.4.2}{\376\377\000S\000y\000m\000b\000o\000l\000s\000\040\000i\000n\000\040\000t\000h\000e\000\040\000I\000n\000d\000e\000x}{section.9.4}% 47
\BOOKMARK [2][-]{subsection.9.4.3}{\376\377\000R\000e\000f\000e\000r\000r\000i\000n\000g\000\040\000t\000o\000\040\000O\000t\000h\000e\000r\000\040\000I\000n\000d\000e\000x\000\040\000E\000n\000t\000r\000i\000e\000s}{section.9.4}% 48
\BOOKMARK [2][-]{subsection.9.4.4}{\376\377\000F\000i\000n\000e\000-\000t\000u\000n\000i\000n\000g\000\040\000P\000a\000g\000e\000\040\000N\000u\000m\000b\000e\000r\000s}{section.9.4}% 49
\BOOKMARK [2][-]{subsection.9.4.5}{\376\377\000D\000e\000s\000i\000g\000n\000i\000n\000g\000\040\000t\000h\000e\000\040\000I\000n\000d\000e\000x\000\040\000L\000a\000y\000o\000u\000t}{section.9.4}% 50
\BOOKMARK [1][-]{section.9.5}{\376\377\000C\000r\000e\000a\000t\000i\000n\000g\000\040\000a\000\040\000B\000i\000b\000l\000i\000o\000g\000r\000a\000p\000h\000y}{chapter.9}% 51
\BOOKMARK [2][-]{subsection.9.5.1}{\376\377\000B\000i\000b\000t\000e\000x}{section.9.5}% 52
\BOOKMARK [1][-]{section.9.6}{\376\377\000C\000h\000a\000n\000g\000i\000n\000g\000\040\000t\000h\000e\000\040\000H\000e\000a\000d\000i\000n\000g\000s}{chapter.9}% 53
\BOOKMARK [0][-]{chapter.10}{\376\377\000M\000a\000t\000h\000\040\000F\000o\000r\000m\000u\000l\000a\000s}{}% 54
\BOOKMARK [1][-]{section.10.1}{\376\377\000M\000a\000t\000h\000\040\000M\000o\000d\000e}{chapter.10}% 55
\BOOKMARK [2][-]{subsection.10.1.1}{\376\377\000E\000m\000b\000e\000d\000d\000i\000n\000g\000\040\000M\000a\000t\000h\000\040\000E\000x\000p\000r\000e\000s\000s\000i\000o\000n\000s\000\040\000W\000i\000t\000h\000i\000n\000\040\000T\000e\000x\000t}{section.10.1}% 56
\BOOKMARK [2][-]{subsection.10.1.2}{\376\377\000D\000i\000s\000p\000l\000a\000y\000i\000n\000g\000\040\000F\000o\000r\000m\000u\000l\000a\000s}{section.10.1}% 57
\BOOKMARK [2][-]{subsection.10.1.3}{\376\377\000N\000u\000m\000b\000e\000r\000i\000n\000g\000\040\000E\000q\000u\000a\000t\000i\000o\000n\000s}{section.10.1}% 58
\BOOKMARK [1][-]{section.10.2}{\376\377\000C\000o\000m\000m\000o\000n\000\040\000F\000o\000r\000m\000u\000l\000a\000s}{chapter.10}% 59
\BOOKMARK [1][-]{section.10.3}{\376\377\000D\000o\000t\000s}{chapter.10}% 60
\BOOKMARK [1][-]{section.10.4}{\376\377\000G\000r\000e\000e\000k\000\040\000L\000e\000t\000t\000e\000r\000s}{chapter.10}% 61
\BOOKMARK [1][-]{section.10.5}{\376\377\000F\000o\000n\000t\000s}{chapter.10}% 62
\BOOKMARK [1][-]{section.10.6}{\376\377\000M\000u\000l\000t\000i\000-\000l\000i\000n\000e\000\040\000F\000o\000r\000m\000u\000l\000a\000s}{chapter.10}% 63
\BOOKMARK [1][-]{section.10.7}{\376\377\000O\000p\000e\000r\000a\000t\000o\000r\000s}{chapter.10}% 64
\BOOKMARK [1][-]{section.10.8}{\376\377\000S\000t\000a\000n\000d\000a\000r\000d\000\040\000L\000a\000T\000e\000X\000\040\000S\000y\000m\000b\000o\000l\000s}{chapter.10}% 65
\BOOKMARK [1][-]{section.10.9}{\376\377\000M\000a\000t\000h\000\040\000S\000t\000r\000u\000c\000t\000u\000r\000e\000s}{chapter.10}% 66
\BOOKMARK [1][-]{section.10.10}{\376\377\000S\000t\000a\000k\000c\000i\000n\000g\000\040\000E\000x\000p\000r\000e\000s\000s\000i\000o\000n\000s}{chapter.10}% 67
\BOOKMARK [2][-]{subsection.10.10.1}{\376\377\000U\000n\000d\000e\000r\000l\000i\000n\000i\000n\000g\000\040\000a\000n\000d\000\040\000O\000v\000e\000r\000l\000i\000n\000i\000n\000g}{section.10.10}% 68
\BOOKMARK [2][-]{subsection.10.10.2}{\376\377\000S\000e\000t\000t\000i\000n\000g\000\040\000A\000c\000c\000e\000n\000t\000s}{section.10.10}% 69
\BOOKMARK [2][-]{subsection.10.10.3}{\376\377\000P\000u\000t\000i\000n\000g\000\040\000a\000\040\000S\000y\000m\000b\000o\000l\000\040\000A\000b\000o\000v\000e\000\040\000A\000n\000o\000t\000h\000e\000r}{section.10.10}% 70
\BOOKMARK [0][-]{chapter.11}{\376\377\000U\000s\000i\000n\000g\000\040\000F\000o\000n\000t\000s}{}% 71
\BOOKMARK [1][-]{section.11.1}{\376\377\000I\000n\000s\000t\000a\000l\000l\000i\000n\000g\000\040\000A\000d\000d\000i\000t\000i\000o\000n\000a\000l\000\040\000F\000o\000n\000t\000s}{chapter.11}% 72
\BOOKMARK [1][-]{section.11.2}{\376\377\000C\000h\000o\000o\000s\000i\000n\000g\000\040\000t\000h\000e\000\040\000M\000a\000i\000n\000\040\000F\000o\000n\000t}{chapter.11}% 73
\BOOKMARK [0][-]{chapter.12}{\376\377\000D\000e\000v\000e\000l\000o\000p\000i\000n\000g\000\040\000L\000a\000r\000g\000e\000\040\000D\000o\000c\000u\000m\000e\000n\000t\000s}{}% 74
\BOOKMARK [1][-]{section.12.1}{\376\377\000S\000p\000l\000i\000t\000i\000n\000g\000\040\000t\000h\000e\000\040\000I\000n\000p\000u\000t}{chapter.12}% 75
\BOOKMARK [1][-]{section.12.2}{\376\377\000C\000r\000e\000a\000t\000i\000n\000g\000\040\000F\000r\000o\000n\000t\000\040\000a\000n\000d\000\040\000B\000a\000c\000k\000\040\000M\000a\000t\000t\000e\000r}{chapter.12}% 76
\BOOKMARK [1][-]{section.12.3}{\376\377\000C\000r\000e\000a\000t\000i\000n\000g\000\040\000a\000\040\000T\000i\000t\000l\000e\000\040\000P\000a\000g\000e}{chapter.12}% 77
\BOOKMARK [0][-]{chapter.13}{\376\377\000U\000s\000i\000n\000g\000\040\000P\000a\000c\000k\000a\000g\000e\000s}{}% 78
\BOOKMARK [1][-]{section.13.1}{\376\377\000l\000i\000s\000t\000i\000n\000g\000s}{chapter.13}% 79
\BOOKMARK [1][-]{section.13.2}{\376\377\000x\000s\000p\000a\000c\000e}{chapter.13}% 80
\BOOKMARK [1][-]{section.13.3}{\376\377\000u\000r\000l}{chapter.13}% 81
\BOOKMARK [1][-]{section.13.4}{\376\377\000m\000i\000c\000r\000o\000t\000y\000p\000e}{chapter.13}% 82
\BOOKMARK [1][-]{section.13.5}{\376\377\000i\000n\000p\000u\000t\000e\000n\000c}{chapter.13}% 83
\BOOKMARK [1][-]{section.13.6}{\376\377\000p\000a\000r\000s\000k\000i\000p}{chapter.13}% 84
\BOOKMARK [1][-]{section.13.7}{\376\377\000g\000e\000o\000m\000e\000t\000r\000y}{chapter.13}% 85
\BOOKMARK [1][-]{section.13.8}{\376\377\000s\000e\000t\000s\000p\000a\000c\000e}{chapter.13}% 86
\BOOKMARK [1][-]{section.13.9}{\376\377\000f\000a\000n\000c\000y\000h\000d\000r}{chapter.13}% 87
\BOOKMARK [1][-]{section.13.10}{\376\377\000p\000a\000r\000a\000l\000i\000s\000t}{chapter.13}% 88
\BOOKMARK [1][-]{section.13.11}{\376\377\000e\000n\000u\000m\000i\000t\000e\000m}{chapter.13}% 89
\BOOKMARK [1][-]{section.13.12}{\376\377\000a\000r\000r\000a\000y}{chapter.13}% 90
\BOOKMARK [1][-]{section.13.13}{\376\377\000b\000o\000o\000k\000t\000a\000b\000s}{chapter.13}% 91
\BOOKMARK [1][-]{section.13.14}{\376\377\000m\000u\000l\000t\000i\000r\000o\000w}{chapter.13}% 92
\BOOKMARK [1][-]{section.13.15}{\376\377\000c\000a\000p\000t\000i\000o\000n}{chapter.13}% 93
\BOOKMARK [1][-]{section.13.16}{\376\377\000g\000r\000a\000p\000h\000i\000c\000x}{chapter.13}% 94
\BOOKMARK [1][-]{section.13.17}{\376\377\000p\000d\000f\000p\000a\000g\000e\000s}{chapter.13}% 95
\BOOKMARK [1][-]{section.13.18}{\376\377\000e\000s\000o\000-\000p\000i\000c}{chapter.13}% 96
\BOOKMARK [1][-]{section.13.19}{\376\377\000t\000e\000x\000t\000p\000o\000s}{chapter.13}% 97
\BOOKMARK [1][-]{section.13.20}{\376\377\000f\000l\000o\000a\000t}{chapter.13}% 98
\BOOKMARK [1][-]{section.13.21}{\376\377\000w\000r\000a\000p\000f\000i\000g}{chapter.13}% 99
\BOOKMARK [1][-]{section.13.22}{\376\377\000s\000u\000b\000f\000i\000g}{chapter.13}% 100
\BOOKMARK [1][-]{section.13.23}{\376\377\000v\000a\000r\000i\000o\000r\000e\000f}{chapter.13}% 101
\BOOKMARK [1][-]{section.13.24}{\376\377\000x\000r}{chapter.13}% 102
\BOOKMARK [1][-]{section.13.25}{\376\377\000h\000y\000p\000e\000r\000r\000e\000f}{chapter.13}% 103
\BOOKMARK [1][-]{section.13.26}{\376\377\000t\000o\000c\000l\000o\000f\000t}{chapter.13}% 104
\BOOKMARK [1][-]{section.13.27}{\376\377\000m\000i\000n\000i\000t\000o\000c}{chapter.13}% 105
\BOOKMARK [1][-]{section.13.28}{\376\377\000t\000o\000c\000b\000i\000b\000i\000n\000d}{chapter.13}% 106
\BOOKMARK [1][-]{section.13.29}{\376\377\000i\000n\000d\000e\000x}{chapter.13}% 107
\BOOKMARK [1][-]{section.13.30}{\376\377\000f\000o\000n\000t\000e\000n\000c}{chapter.13}% 108
\BOOKMARK [1][-]{section.13.31}{\376\377\000t\000i\000t\000l\000e\000s\000e\000c}{chapter.13}% 109
\BOOKMARK [1][-]{section.13.32}{\376\377\000c\000o\000l\000o\000r}{chapter.13}% 110
\BOOKMARK [1][-]{section.13.33}{\376\377\000x\000c\000o\000l\000o\000r}{chapter.13}% 111
\BOOKMARK [1][-]{section.13.34}{\376\377\000t\000i\000k\000z}{chapter.13}% 112
\BOOKMARK [1][-]{section.13.35}{\376\377\000a\000m\000s\000m\000a\000t\000h}{chapter.13}% 113
\BOOKMARK [1][-]{section.13.36}{\376\377\000l\000o\000n\000g\000t\000a\000b\000l\000e}{chapter.13}% 114
\BOOKMARK [1][-]{section.13.37}{\376\377\000x\000s\000a\000v\000e\000b\000o\000x}{chapter.13}% 115
\BOOKMARK [1][-]{section.13.38}{\376\377\000t\000a\000b\000l\000e\000f\000o\000o\000t\000n\000o\000t\000e}{chapter.13}% 116
\BOOKMARK [1][-]{section.13.39}{\376\377\000f\000n\000c\000y\000c\000h\000a\000p}{chapter.13}% 117
\BOOKMARK [1][-]{section.13.40}{\376\377\000f\000o\000n\000t\000a\000w\000e\000s\000o\000m\000e}{chapter.13}% 118
\BOOKMARK [0][-]{chapter.14}{\376\377\000T\000i\000k\000Z}{}% 119
\BOOKMARK [1][-]{section.14.1}{\376\377\000B\000a\000s\000i\000c\000s}{chapter.14}% 120
\BOOKMARK [2][-]{subsection.14.1.1}{\376\377\000S\000e\000t\000t\000i\000n\000g\000\040\000u\000p\000\040\000t\000h\000e\000\040\000e\000n\000d\000i\000r\000o\000n\000m\000e\000n\000t}{section.14.1}% 121
\BOOKMARK [2][-]{subsection.14.1.2}{\376\377\000S\000t\000r\000a\000i\000g\000h\000t\000\040\000p\000a\000t\000h}{section.14.1}% 122
\BOOKMARK [2][-]{subsection.14.1.3}{\376\377\000C\000u\000r\000v\000e\000d\000\040\000p\000a\000t\000h}{section.14.1}% 123
\BOOKMARK [2][-]{subsection.14.1.4}{\376\377\000C\000i\000r\000c\000l\000e\000\040\000p\000a\000t\000h}{section.14.1}% 124
\BOOKMARK [2][-]{subsection.14.1.5}{\376\377\000R\000e\000c\000t\000a\000n\000g\000l\000e\000\040\000p\000a\000t\000h}{section.14.1}% 125
\BOOKMARK [2][-]{subsection.14.1.6}{\376\377\000G\000r\000i\000d\000\040\000p\000a\000t\000h}{section.14.1}% 126
\BOOKMARK [2][-]{subsection.14.1.7}{\376\377\000A\000r\000c\000\040\000p\000a\000t\000h}{section.14.1}% 127
\BOOKMARK [2][-]{subsection.14.1.8}{\376\377\000C\000l\000i\000p\000p\000i\000n\000g\000\040\000a\000\040\000p\000a\000t\000h}{section.14.1}% 128
\BOOKMARK [2][-]{subsection.14.1.9}{\376\377\000F\000i\000l\000l\000i\000n\000g}{section.14.1}% 129
\BOOKMARK [2][-]{subsection.14.1.10}{\376\377\000S\000h\000a\000d\000i\000n\000g}{section.14.1}% 130
\BOOKMARK [2][-]{subsection.14.1.11}{\376\377\000S\000p\000e\000c\000i\000f\000y\000i\000n\000g\000\040\000c\000o\000o\000r\000d\000i\000n\000a\000t\000e\000s}{section.14.1}% 131
\BOOKMARK [2][-]{subsection.14.1.12}{\376\377\000A\000d\000d\000i\000n\000g\000\040\000a\000r\000r\000o\000w\000\040\000t\000i\000p\000s}{section.14.1}% 132
\BOOKMARK [2][-]{subsection.14.1.13}{\376\377\000S\000c\000o\000p\000i\000n\000g}{section.14.1}% 133
\BOOKMARK [2][-]{subsection.14.1.14}{\376\377\000T\000r\000a\000n\000s\000f\000o\000r\000m\000a\000t\000i\000o\000n\000s}{section.14.1}% 134
\BOOKMARK [2][-]{subsection.14.1.15}{\376\377\000F\000o\000r\000-\000l\000o\000o\000p\000s}{section.14.1}% 135
\BOOKMARK [2][-]{subsection.14.1.16}{\376\377\000A\000d\000d\000i\000n\000g\000\040\000t\000e\000x\000t}{section.14.1}% 136
\BOOKMARK [2][-]{subsection.14.1.17}{\376\377\000L\000o\000a\000d\000\040\000l\000i\000b\000r\000a\000r\000y\000\040\000p\000a\000c\000k\000a\000g\000e\000s}{section.14.1}% 137
\BOOKMARK [2][-]{subsection.14.1.18}{\376\377\000S\000e\000t\000\040\000s\000t\000y\000l\000e}{section.14.1}% 138
\BOOKMARK [2][-]{subsection.14.1.19}{\376\377\000S\000e\000t\000\040\000c\000o\000l\000o\000r}{section.14.1}% 139
\BOOKMARK [2][-]{subsection.14.1.20}{\376\377\000L\000o\000c\000a\000l\000\040\000d\000e\000f\000i\000n\000i\000t\000i\000o\000n}{section.14.1}% 140
\BOOKMARK [2][-]{subsection.14.1.21}{\376\377\000N\000o\000d\000e}{section.14.1}% 141
\BOOKMARK [2][-]{subsection.14.1.22}{\376\377\000S\000n\000a\000k\000e\000\040\000l\000i\000n\000e}{section.14.1}% 142
\BOOKMARK [1][-]{section.14.2}{\376\377\000E\000x\000a\000m\000p\000l\000e\000s}{chapter.14}% 143
\BOOKMARK [2][-]{subsection.14.2.1}{\376\377\000A\000\040\000p\000i\000c\000t\000u\000r\000e\000\040\000f\000o\000r\000\040\000K\000a\000r\000l\040\031\000s\000\040\000s\000t\000u\000d\000e\000n\000t\000s}{section.14.2}% 144
\BOOKMARK [2][-]{subsection.14.2.2}{\376\377\000A\000\040\000P\000e\000t\000r\000i\000-\000N\000e\000t\000\040\000f\000o\000r\000\040\000H\000a\000g\000e\000n}{section.14.2}% 145
\BOOKMARK [0][-]{chapter.15}{\376\377\000R\000e\000f\000e\000r\000e\000n\000c\000e}{}% 146
\BOOKMARK [0][-]{chapter*.19}{\376\377\000B\000i\000b\000l\000i\000o\000g\000r\000a\000p\000h\000y}{}% 147
