\BOOKMARK [0][-]{chapter*.2}{\376\377\000C\000o\000n\000t\000e\000n\000t\000s}{}% 1
\BOOKMARK [0][-]{chapter.1}{\376\377\116\367\120\074\211\302\116\016\145\271\154\325\213\272}{}% 2
\BOOKMARK [0][-]{chapter.2}{\376\377\127\372\147\054\211\201\175\040}{}% 3
\BOOKMARK [1][-]{section.2.1}{\376\377\165\037\124\175\124\150\147\037}{chapter.2}% 4
\BOOKMARK [1][-]{section.2.2}{\376\377\230\171\166\356\377\014\230\171\166\356\226\306\377\014\230\171\166\356\176\304\124\010}{chapter.2}% 5
\BOOKMARK [1][-]{section.2.3}{\376\377\116\224\131\047\217\307\172\013\176\304\377\010\120\132\116\213\166\204\124\362\133\146\145\271\154\325\377\011}{chapter.2}% 6
\BOOKMARK [0][-]{chapter.3}{\376\377\213\241\173\227}{}% 7
\BOOKMARK [1][-]{section.3.1}{\376\377\142\225\215\104\126\336\142\245\163\207}{chapter.3}% 8
\BOOKMARK [1][-]{section.3.2}{\376\377\142\225\215\104\126\336\145\066\147\037}{chapter.3}% 9
\BOOKMARK [1][-]{section.3.3}{\376\377\121\205\220\350\145\066\166\312\163\207}{chapter.3}% 10
\BOOKMARK [1][-]{section.3.4}{\376\377\145\110\166\312\142\020\147\054\153\324\163\207}{chapter.3}% 11
\BOOKMARK [0][-]{chapter.4}{\376\377\145\164\124\010}{}% 12
\BOOKMARK [1][-]{section.4.1}{\376\377\225\031\230\230\122\006\147\220}{chapter.4}% 13
\BOOKMARK [0][-]{chapter.5}{\376\377\203\003\126\364}{}% 14
\BOOKMARK [1][-]{section.5.1}{\376\377\151\202\137\365}{chapter.5}% 15
\BOOKMARK [1][-]{section.5.2}{\376\377\225\031\230\230\211\343\147\220}{chapter.5}% 16
\BOOKMARK [0][-]{chapter.6}{\376\377\217\333\136\246}{}% 17
\BOOKMARK [1][-]{section.6.1}{\376\377\136\070\165\050\151\202\137\365\123\312\176\317\232\214}{chapter.6}% 18
\BOOKMARK [1][-]{section.6.2}{\376\377\225\031\230\230}{chapter.6}% 19
\BOOKMARK [0][-]{chapter.7}{\376\377\142\020\147\054}{}% 20
\BOOKMARK [1][-]{section.7.1}{\376\377\225\031\230\230}{chapter.7}% 21
\BOOKMARK [0][-]{chapter.8}{\376\377\215\050\221\317}{}% 22
\BOOKMARK [1][-]{section.8.1}{\376\377\151\202\137\365}{chapter.8}% 23
\BOOKMARK [1][-]{section.8.2}{\376\377\225\031\230\230}{chapter.8}% 24
\BOOKMARK [0][-]{chapter.9}{\376\377\215\104\156\220}{}% 25
\BOOKMARK [1][-]{section.9.1}{\376\377\225\031\230\230\122\006\147\220}{chapter.9}% 26
\BOOKMARK [0][-]{chapter.10}{\376\377\154\237\220\032}{}% 27
\BOOKMARK [1][-]{section.10.1}{\376\377\225\031\230\230}{chapter.10}% 28
\BOOKMARK [0][-]{chapter.11}{\376\377\230\316\226\151}{}% 29
\BOOKMARK [1][-]{section.11.1}{\376\377\225\031\230\230\122\006\147\220}{chapter.11}% 30
\BOOKMARK [0][-]{chapter.12}{\376\377\221\307\215\055}{}% 31
\BOOKMARK [1][-]{section.12.1}{\376\377\225\031\230\230\122\006\147\220}{chapter.12}% 32
\BOOKMARK [0][-]{chapter.13}{\376\377\166\370\121\163\145\271}{}% 33
\BOOKMARK [1][-]{section.13.1}{\376\377\225\031\230\230\211\343\147\220}{chapter.13}% 34
