\BOOKMARK [0][-]{chapter*.1}{\376\377\000C\000o\000n\000t\000e\000n\000t\000s}{}% 1
\BOOKMARK [0][-]{chapter.1}{\376\377\122\115\212\000}{}% 2
\BOOKMARK [1][-]{section.1.1}{\376\377\124\054}{chapter.1}% 3
\BOOKMARK [1][-]{section.1.2}{\376\377\213\364}{chapter.1}% 4
\BOOKMARK [1][-]{section.1.3}{\376\377\213\373}{chapter.1}% 5
\BOOKMARK [1][-]{section.1.4}{\376\377\121\231}{chapter.1}% 6
\BOOKMARK [1][-]{section.1.5}{\376\377\213\355\154\325}{chapter.1}% 7
\BOOKMARK [-1][-]{part.1}{\376\377\173\054\116\000\220\350\122\006\000\040\123\321\227\363}{}% 8
\BOOKMARK [0][-]{chapter.2}{\376\377\227\363\150\007}{part.1}% 9
\BOOKMARK [1][-]{section.2.1}{\376\377\121\103\227\363}{chapter.2}% 10
\BOOKMARK [2][-]{subsection.2.1.1}{\376\377\217\205\227\363}{section.2.1}% 11
\BOOKMARK [2][-]{subsection.2.1.2}{\376\377\123\112\121\103\227\363}{section.2.1}% 12
\BOOKMARK [1][-]{section.2.2}{\376\377\237\073\121\103\227\363}{chapter.2}% 13
\BOOKMARK [0][-]{chapter.3}{\376\377\133\127\153\315\210\150}{part.1}% 14
\BOOKMARK [0][-]{chapter.4}{\376\377\123\321\227\363\211\304\122\031}{part.1}% 15
\BOOKMARK [1][-]{section.4.1}{\376\377\123\125\116\052\133\127\153\315\127\050\123\125\213\315\116\055\166\204\123\125\116\000\227\363}{chapter.4}% 16
\BOOKMARK [1][-]{section.4.2}{\376\377\126\333\131\047\142\374\213\373\211\304\122\031}{chapter.4}% 17
\BOOKMARK [1][-]{section.4.3}{\376\377\116\000\116\052\133\127\153\315\131\032\116\052\123\321\227\363}{chapter.4}% 18
\BOOKMARK [2][-]{subsection.4.3.1}{\376\377\000c}{section.4.3}% 19
\BOOKMARK [2][-]{subsection.4.3.2}{\376\377\000g}{section.4.3}% 20
\BOOKMARK [2][-]{subsection.4.3.3}{\376\377\000o}{section.4.3}% 21
\BOOKMARK [2][-]{subsection.4.3.4}{\376\377\000q}{section.4.3}% 22
\BOOKMARK [2][-]{subsection.4.3.5}{\376\377\000s}{section.4.3}% 23
\BOOKMARK [2][-]{subsection.4.3.6}{\376\377\000w}{section.4.3}% 24
\BOOKMARK [2][-]{subsection.4.3.7}{\376\377\000x}{section.4.3}% 25
\BOOKMARK [2][-]{subsection.4.3.8}{\376\377\000e}{section.4.3}% 26
\BOOKMARK [1][-]{section.4.4}{\376\377\136\046\133\127\173\046\166\204\133\127\153\315}{chapter.4}% 27
\BOOKMARK [1][-]{section.4.5}{\376\377\133\127\153\315\176\304\124\010\166\204\123\321\227\363}{chapter.4}% 28
\BOOKMARK [1][-]{section.4.6}{\376\377\237\073\123\026\121\103\227\363\210\115\165\037\227\363}{chapter.4}% 29
\BOOKMARK [1][-]{section.4.7}{\376\377\121\166\116\326}{chapter.4}% 30
\BOOKMARK [2][-]{subsection.4.7.1}{\376\377\000e\000n\000t}{section.4.7}% 31
\BOOKMARK [2][-]{subsection.4.7.2}{\376\377\000e\000r}{section.4.7}% 32
\BOOKMARK [2][-]{subsection.4.7.3}{\376\377\000e\000z}{section.4.7}% 33
\BOOKMARK [2][-]{subsection.4.7.4}{\376\377\000t\000i\000e\000l}{section.4.7}% 34
\BOOKMARK [0][-]{chapter.5}{\376\377\123\343\227\363}{part.1}% 35
\BOOKMARK [-1][-]{part.2}{\376\377\173\054\116\214\220\350\122\006\000\040\213\355\154\325}{}% 36
\BOOKMARK [0][-]{chapter.6}{\376\377\122\250\213\315\123\330\117\115\377\010\000c\000o\000n\000g\000u\000g\000a\000i\000s\000o\000n\377\011}{part.2}% 37
\BOOKMARK [1][-]{section.6.1}{\376\377\166\364\226\110\137\017\163\260\127\050\145\366\377\010\000I\000n\000d\000i\000c\000a\000t\000i\000f\000\040\000P\000r\000\351\000s\000e\000n\000t\377\011}{chapter.6}% 38
\BOOKMARK [2][-]{subsection.6.1.1}{\376\377\000e\000r}{section.6.1}% 39
\BOOKMARK [2][-]{subsection.6.1.2}{\376\377\000i\000r}{section.6.1}% 40
\BOOKMARK [2][-]{subsection.6.1.3}{\376\377\000r\000e}{section.6.1}% 41
\BOOKMARK [1][-]{section.6.2}{\376\377\166\364\226\110\137\017\131\015\124\010\217\307\123\273\137\017\377\010\000I\000n\000d\000i\000c\000a\000t\000i\000f\000\040\000P\000a\000s\000s\000\351\000\040\000c\000o\000m\000p\000o\000s\000\351\000\051}{chapter.6}% 42
\BOOKMARK [1][-]{section.6.3}{\376\377\166\364\226\110\137\017\000\040\147\052\133\214\142\020\217\307\123\273\145\366\000\050\000I\000n\000d\000i\000c\000a\000t\000i\000f\000\040\000I\000m\000p\000a\000r\000f\000a\000i\000t\000\051}{chapter.6}% 43
\BOOKMARK [1][-]{section.6.4}{\376\377\166\364\226\110\137\017\146\364\145\351\217\307\123\273\137\017\377\010\000i\000n\000d\000i\000c\000a\000t\000i\000f\000\040\000p\000l\000u\000s\000-\000q\000u\000e\000-\000p\000a\000r\000f\000a\000i\000t\377\011}{chapter.6}% 44
\BOOKMARK [1][-]{section.6.5}{\376\377\166\364\226\110\137\017\000\040\173\200\123\125\134\006\147\145\145\366\000\050\000I\000n\000d\000i\000c\000a\000t\000i\000f\000\040\000f\000u\000t\000u\000r\000\040\000s\000i\000m\000p\000l\000e\000\051}{chapter.6}% 45
\BOOKMARK [1][-]{section.6.6}{\376\377\000\040\206\132\142\337\163\260\127\050\145\366\000\050\000s\000u\000b\000j\000o\000n\000c\000t\000i\000f\000\040\000p\000r\000\351\000s\000e\000n\000t\000\051}{chapter.6}% 46
\BOOKMARK [1][-]{section.6.7}{\376\377\147\141\116\366\137\017\163\260\127\050\145\366\000\050\000C\000o\000n\000d\000i\000t\000i\000o\000n\000n\000e\000l\000\040\000P\000r\000\351\000s\000e\000n\000t\000\051}{chapter.6}% 47
\BOOKMARK [1][-]{section.6.8}{\376\377\122\250\213\315\123\330\117\115\122\251\213\260}{chapter.6}% 48
\BOOKMARK [0][-]{chapter.7}{\376\377\124\046\133\232\377\010\000n\000\351\000g\000a\000t\000i\000o\000n\377\011}{part.2}% 49
\BOOKMARK [1][-]{section.7.1}{\376\377\000L\000'\000e\000x\000a\000m\000p\000l\000e}{chapter.7}% 50
\BOOKMARK [1][-]{section.7.2}{\376\377\000L\000e\000\040\000c\000o\000n\000t\000r\000a\000i\000r\000e}{chapter.7}% 51
\BOOKMARK [0][-]{chapter.8}{\376\377\125\234\153\042\172\013\136\246}{part.2}% 52
\BOOKMARK [1][-]{section.8.1}{\376\377\000l\000e\000s\000\040\000Q\000u\000e\000s\000t\000i\000o\000n\000s}{chapter.8}% 53
\BOOKMARK [1][-]{section.8.2}{\376\377\000l\000e\000s\000\040\000R\000\351\000p\000o\000n\000s\000e\000s}{chapter.8}% 54
\BOOKMARK [0][-]{chapter.9}{\376\377\217\336\213\373\377\010\000l\000i\000a\000i\000s\000o\000n\377\011}{part.2}% 55
\BOOKMARK [1][-]{section.9.1}{\376\377\116\300\116\110\146\057\217\336\213\373\000?}{chapter.9}% 56
\BOOKMARK [1][-]{section.9.2}{\376\377\217\336\213\373\116\055\133\127\153\315\166\204\123\321\227\363}{chapter.9}% 57
\BOOKMARK [1][-]{section.9.3}{\376\377\116\300\116\110\145\366\120\031\217\336\213\373}{chapter.9}% 58
\BOOKMARK [2][-]{subsection.9.3.1}{\376\377\137\305\230\173\166\204\217\336\213\373}{section.9.3}% 59
\BOOKMARK [2][-]{subsection.9.3.2}{\376\377\171\201\153\142\166\204\217\336\213\373}{section.9.3}% 60
\BOOKMARK [2][-]{subsection.9.3.3}{\376\377\123\357\220\011\166\204\217\336\213\373}{section.9.3}% 61
\BOOKMARK [0][-]{chapter.10}{\376\377\162\171\153\212\173\046\123\367}{part.2}% 62
\BOOKMARK [0][-]{chapter.11}{\376\377\127\372\116\216\147\320\116\052\145\366\225\364\202\202\160\271\166\204\145\366\225\364}{part.2}% 63
\BOOKMARK [0][-]{chapter.12}{\376\377\153\324\217\203\176\247\377\010\000l\000e\000\040\000c\000o\000m\000p\000a\000r\000a\000t\000i\000f\377\011}{part.2}% 64
\BOOKMARK [0][-]{chapter.13}{\376\377\137\142\133\271\213\315\166\204\117\115\177\156\377\010\000p\000o\000s\000i\000t\000i\000o\000n\000n\000e\000m\000e\000n\000t\000\040\000d\000e\000\040\000l\000'\000a\000d\000j\000e\000c\000t\000i\000f\377\011}{part.2}% 65
\BOOKMARK [1][-]{section.13.1}{\376\377\145\076\124\015\213\315\122\115\227\142\166\204\137\142\133\271\213\315}{chapter.13}% 66
\BOOKMARK [0][-]{chapter.14}{\376\377\133\276\213\355\116\343\213\315\377\010\000p\000r\000o\000n\000o\000m\000\040\000c\000o\000m\000p\000l\000e\000m\000e\000n\000t\377\011}{part.2}% 67
\BOOKMARK [0][-]{chapter.15}{\376\377\124\015\213\315\166\204\226\064\226\063\140\047}{part.2}% 68
\BOOKMARK [1][-]{section.15.1}{\376\377\116\272\166\204\226\064\226\063\140\047}{chapter.15}% 69
\BOOKMARK [1][-]{section.15.2}{\376\377\122\250\162\151\166\204\226\064\226\063\140\047}{chapter.15}% 70
\BOOKMARK [1][-]{section.15.3}{\376\377\162\151\117\123\166\204\226\064\226\063\140\047}{chapter.15}% 71
\BOOKMARK [1][-]{section.15.4}{\376\377\124\015\213\315\226\064\226\063\140\047\166\204\217\154\123\330}{chapter.15}% 72
\BOOKMARK [0][-]{chapter.16}{\376\377\145\366\225\364}{part.2}% 73
\BOOKMARK [1][-]{section.16.1}{\376\377\000L\000e\000\040\000m\000o\000i\000s}{chapter.16}% 74
\BOOKMARK [1][-]{section.16.2}{\376\377\000L\000a\000\040\000s\000e\000m\000a\000i\000n\000e}{chapter.16}% 75
\BOOKMARK [1][-]{section.16.3}{\376\377\000L\000a\000\040\000s\000a\000i\000s\000o\000n}{chapter.16}% 76
\BOOKMARK [1][-]{section.16.4}{\376\377\000L\000a\000\040\000j\000o\000u\000r\000n\000\351\000e}{chapter.16}% 77
