\BOOKMARK [0][-]{chapter*.2}{\376\377\166\356\137\125}{}% 1
\BOOKMARK [0][-]{chapter*.4}{\376\377\143\322\126\376}{}% 2
\BOOKMARK [0][-]{chapter*.6}{\376\377\210\150\150\074}{}% 3
\BOOKMARK [0][-]{chapter.1}{\376\377\141\037\140\237}{}% 4
\BOOKMARK [1][-]{section.1.1}{\376\377\213\241\122\022}{chapter.1}% 5
\BOOKMARK [1][-]{section.1.2}{\376\377\116\023\174\276\116\016\137\305\227\000}{chapter.1}% 6
\BOOKMARK [1][-]{section.1.3}{\376\377\215\050\116\016\221\317}{chapter.1}% 7
\BOOKMARK [1][-]{section.1.4}{\376\377\201\352\133\146}{chapter.1}% 8
\BOOKMARK [1][-]{section.1.5}{\376\377\167\345\213\306}{chapter.1}% 9
\BOOKMARK [1][-]{section.1.6}{\376\377\215\043\116\373}{chapter.1}% 10
\BOOKMARK [1][-]{section.1.7}{\376\377\120\037\123\343}{chapter.1}% 11
\BOOKMARK [1][-]{section.1.8}{\376\377\200\375\122\233}{chapter.1}% 12
\BOOKMARK [1][-]{section.1.9}{\376\377\122\252\122\233}{chapter.1}% 13
\BOOKMARK [1][-]{section.1.10}{\376\377\126\360\226\276}{chapter.1}% 14
\BOOKMARK [1][-]{section.1.11}{\376\377\213\260\137\306}{chapter.1}% 15
\BOOKMARK [1][-]{section.1.12}{\376\377\133\146\116\140}{chapter.1}% 16
\BOOKMARK [1][-]{section.1.13}{\376\377\117\341\140\157}{chapter.1}% 17
\BOOKMARK [1][-]{section.1.14}{\376\377\145\160\143\156}{chapter.1}% 18
\BOOKMARK [1][-]{section.1.15}{\376\377\137\303\140\001}{chapter.1}% 19
\BOOKMARK [1][-]{section.1.16}{\376\377\121\306\122\031}{chapter.1}% 20
\BOOKMARK [1][-]{section.1.17}{\376\377\211\302\155\113}{chapter.1}% 21
\BOOKMARK [0][-]{chapter*.8}{\376\377\123\302\200\003\145\207\163\056}{}% 22
