\BOOKMARK [-1][-]{part.1}{\376\377\173\054\116\000\220\350\122\006\000\040\142\021}{}% 1
\BOOKMARK [0][-]{chapter.1}{\376\377\142\021}{part.1}% 2
\BOOKMARK [1][-]{section.1.1}{\376\377\176\240\176\323}{chapter.1}% 3
\BOOKMARK [1][-]{section.1.2}{\376\377\145\340\212\000}{chapter.1}% 4
\BOOKMARK [1][-]{section.1.3}{\376\377\120\024\137\072}{chapter.1}% 5
\BOOKMARK [1][-]{section.1.4}{\376\377\120\273}{chapter.1}% 6
\BOOKMARK [1][-]{section.1.5}{\376\377\131\051\122\006}{chapter.1}% 7
\BOOKMARK [1][-]{section.1.6}{\376\377\116\000\116\213\145\340\142\020}{chapter.1}% 8
\BOOKMARK [1][-]{section.1.7}{\376\377\121\150\172\013\232\154\142\311\147\176}{chapter.1}% 9
\BOOKMARK [1][-]{section.1.8}{\376\377\116\254\127\316\116\214\163\257\121\254\133\143\143\021\142\030\215\133}{chapter.1}% 10
\BOOKMARK [-1][-]{part.2}{\376\377\173\054\116\214\220\350\122\006\000\040\162\066\153\315}{}% 11
\BOOKMARK [0][-]{chapter.2}{\376\377\162\066\153\315}{part.2}% 12
\BOOKMARK [1][-]{section.2.1}{\376\377\134\061\123\073}{chapter.2}% 13
\BOOKMARK [1][-]{section.2.2}{\376\377\121\145\126\342}{chapter.2}% 14
\BOOKMARK [-1][-]{part.3}{\376\377\173\054\116\011\220\350\122\006\000\040\141\037\140\237}{}% 15
\BOOKMARK [0][-]{chapter.3}{\376\377\120\132\116\272}{part.3}% 16
\BOOKMARK [1][-]{section.3.1}{\376\377\201\352\137\213}{chapter.3}% 17
\BOOKMARK [1][-]{section.3.2}{\376\377\215\043\116\373}{chapter.3}% 18
\BOOKMARK [1][-]{section.3.3}{\376\377\120\037\123\343}{chapter.3}% 19
\BOOKMARK [1][-]{section.3.4}{\376\377\117\341\116\360}{chapter.3}% 20
\BOOKMARK [1][-]{section.3.5}{\376\377\215\037\227\142\200\375\221\317\116\016\201\352\117\341}{chapter.3}% 21
\BOOKMARK [1][-]{section.3.6}{\376\377\122\252\122\233}{chapter.3}% 22
\BOOKMARK [1][-]{section.3.7}{\376\377\124\016\140\224}{chapter.3}% 23
\BOOKMARK [1][-]{section.3.8}{\376\377\116\015\116\211\217\251}{chapter.3}% 24
\BOOKMARK [1][-]{section.3.9}{\376\377\225\350\151\333}{chapter.3}% 25
\BOOKMARK [1][-]{section.3.10}{\376\377\134\012\221\315}{chapter.3}% 26
\BOOKMARK [0][-]{chapter.4}{\376\377\133\146\116\140}{part.3}% 27
\BOOKMARK [1][-]{section.4.1}{\376\377\215\050\221\317\116\222\123\330}{chapter.4}% 28
\BOOKMARK [1][-]{section.4.2}{\376\377\136\224\165\050}{chapter.4}% 29
\BOOKMARK [1][-]{section.4.3}{\376\377\201\352\133\146}{chapter.4}% 30
\BOOKMARK [1][-]{section.4.4}{\376\377\167\345\213\306}{chapter.4}% 31
\BOOKMARK [1][-]{section.4.5}{\376\377\147\054\215\050}{chapter.4}% 32
\BOOKMARK [1][-]{section.4.6}{\376\377\162\266\140\001}{chapter.4}% 33
\BOOKMARK [0][-]{chapter.5}{\376\377\165\037\155\073}{part.3}% 34
\BOOKMARK [1][-]{section.5.1}{\376\377\140\363\214\141}{chapter.5}% 35
\BOOKMARK [1][-]{section.5.2}{\376\377\166\356\150\007}{chapter.5}% 36
\BOOKMARK [1][-]{section.5.3}{\376\377\116\023\174\276\116\016\137\305\227\000}{chapter.5}% 37
\BOOKMARK [1][-]{section.5.4}{\376\377\127\117\116\140\140\357}{chapter.5}% 38
\BOOKMARK [-1][-]{part.4}{\376\377\173\054\126\333\220\350\122\006\000\040\202\172\147\057}{}% 39
\BOOKMARK [0][-]{chapter.6}{\376\377\202\172\147\057}{part.4}% 40
\BOOKMARK [-1][-]{part.5}{\376\377\173\054\116\224\220\350\122\006\000\040\217\320\122\250}{}% 41
\BOOKMARK [0][-]{chapter.7}{\376\377\213\244\167\345}{part.5}% 42
\BOOKMARK [1][-]{section.7.1}{\376\377\121\205\127\050\116\016\131\026\163\260}{chapter.7}% 43
\BOOKMARK [0][-]{chapter.8}{\376\377\215\321\153\145}{part.5}% 44
\BOOKMARK [1][-]{section.8.1}{\376\377\124\174\124\070}{chapter.8}% 45
\BOOKMARK [1][-]{section.8.2}{\376\377\150\070\137\303}{chapter.8}% 46
\BOOKMARK [1][-]{section.8.3}{\376\377\167\100\127\060}{chapter.8}% 47
\BOOKMARK [0][-]{chapter.9}{\376\377\120\145\216\253}{part.5}% 48
\BOOKMARK [-1][-]{part.6}{\376\377\173\054\121\155\220\350\122\006\000\040\147\102\173\307}{}% 49
\BOOKMARK [0][-]{chapter.10}{\376\377\165\065\137\161}{part.6}% 50
\BOOKMARK [1][-]{section.10.1}{\376\377\142\306\137\071\116\023\133\266\0002}{chapter.10}% 51
\BOOKMARK [1][-]{section.10.2}{\376\377\160\165\233\102\131\107\145\305\377\010\000s\000o\000u\000l\377\011}{chapter.10}% 52
\BOOKMARK [0][-]{chapter.11}{\376\377\147\102\214\010}{part.6}% 53
\BOOKMARK [1][-]{section.11.1}{\376\377\163\034\155\113}{chapter.11}% 54
\BOOKMARK [1][-]{section.11.2}{\376\377\165\065\211\306\122\147}{chapter.11}% 55
\BOOKMARK [1][-]{section.11.3}{\376\377\126\151\150\246}{chapter.11}% 56
