\BOOKMARK [0][-]{section*.1}{\376\377\000C\000o\000n\000t\000e\000n\000t\000s}{}% 1
\BOOKMARK [0][-]{section*.2}{\376\377\000L\000i\000s\000t\000\040\000o\000f\000\040\000F\000i\000g\000u\000r\000e\000s}{}% 2
\BOOKMARK [0][-]{section*.3}{\376\377\000L\000i\000s\000t\000\040\000o\000f\000\040\000T\000a\000b\000l\000e\000s}{}% 3
\BOOKMARK [-1][-]{part.1}{\376\377\000I\000\040\000B\000a\000s\000i\000c\000s}{}% 4
\BOOKMARK [0][-]{chapter.1}{\376\377\000I\000n\000t\000r\000o\000d\000u\000c\000t\000i\000o\000n}{part.1}% 5
\BOOKMARK [0][-]{chapter.2}{\376\377\000M\000a\000c\000h\000i\000n\000e\000\040\000L\000e\000a\000r\000n\000i\000n\000g\000\040\000B\000a\000s\000i\000c\000s}{part.1}% 6
\BOOKMARK [1][-]{section.2.1}{\376\377\000L\000e\000a\000r\000n\000i\000n\000g\000\040\000A\000l\000g\000o\000r\000i\000t\000h\000m\000s}{chapter.2}% 7
\BOOKMARK [1][-]{section.2.2}{\376\377\000C\000a\000p\000a\000c\000i\000t\000y\000,\000\040\000O\000v\000e\000r\000f\000i\000t\000t\000i\000n\000g\000,\000\040\000U\000n\000d\000e\000r\000f\000i\000t\000t\000i\000n\000g\000\040\000a\000n\000d\000\040\000R\000e\000g\000u\000l\000a\000r\000i\000z\000a\000t\000i\000o\000n}{chapter.2}% 8
\BOOKMARK [2][-]{subsection.2.2.1}{\376\377\000T\000h\000e\000\040\000N\000o\000\040\000F\000r\000e\000e\000\040\000L\000u\000n\000c\000h\000\040\000T\000h\000e\000o\000r\000e\000m}{section.2.2}% 9
\BOOKMARK [1][-]{section.2.3}{\376\377\000H\000y\000p\000e\000r\000p\000a\000r\000a\000m\000e\000t\000e\000r\000s\000\040\000a\000n\000d\000\040\000v\000a\000l\000i\000d\000a\000t\000i\000o\000n\000\040\000s\000e\000t\000s}{chapter.2}% 10
\BOOKMARK [1][-]{section.2.4}{\376\377\000B\000u\000i\000l\000d\000i\000n\000g\000\040\000a\000\040\000m\000a\000c\000h\000i\000n\000e\000\040\000l\000e\000a\000r\000n\000i\000n\000g\000\040\000a\000l\000g\000o\000r\000i\000t\000h\000m}{chapter.2}% 11
\BOOKMARK [0][-]{chapter.3}{\376\377\000F\000u\000l\000l\000\040\000C\000o\000n\000n\000e\000c\000t\000e\000d\000\040\000N\000e\000t\000w\000o\000r\000k\000s}{part.1}% 12
\BOOKMARK [-1][-]{part.2}{\376\377\000I\000I\000\040\000C\000o\000m\000p\000u\000t\000e\000r\000\040\000V\000i\000s\000i\000o\000n}{}% 13
\BOOKMARK [0][-]{chapter.4}{\376\377\000C\000N\000N}{part.2}% 14
\BOOKMARK [1][-]{section.4.1}{\376\377\000C\000o\000n\000v\000o\000l\000u\000t\000i\000o\000n}{chapter.4}% 15
\BOOKMARK [1][-]{section.4.2}{\376\377\000P\000r\000o\000p\000e\000r\000t\000i\000e\000s}{chapter.4}% 16
\BOOKMARK [2][-]{subsection.4.2.1}{\376\377\000S\000p\000a\000r\000s\000e\000\040\000i\000n\000t\000e\000r\000a\000c\000t\000i\000o\000n}{section.4.2}% 17
\BOOKMARK [2][-]{subsection.4.2.2}{\376\377\000P\000a\000r\000a\000m\000e\000t\000e\000r\000\040\000s\000h\000a\000r\000i\000n\000g}{section.4.2}% 18
\BOOKMARK [2][-]{subsection.4.2.3}{\376\377\000E\000q\000u\000i\000v\000a\000r\000i\000a\000n\000t\000\040\000r\000e\000p\000r\000e\000s\000e\000n\000t\000a\000t\000i\000o\000n\000s}{section.4.2}% 19
\BOOKMARK [1][-]{section.4.3}{\376\377\000\040\000P\000o\000o\000l\000i\000n\000g}{chapter.4}% 20
\BOOKMARK [-1][-]{part.3}{\376\377\000I\000I\000I\000\040\000N\000a\000t\000u\000r\000a\000l\000\040\000L\000a\000n\000g\000u\000a\000g\000e\000\040\000P\000r\000o\000c\000e\000s\000s\000i\000n\000g}{}% 21
\BOOKMARK [0][-]{chapter.5}{\376\377\000T\000e\000x\000t\000\040\000P\000r\000e\000p\000r\000o\000c\000e\000s\000s\000i\000n\000g}{part.3}% 22
\BOOKMARK [0][-]{chapter.6}{\376\377\000L\000a\000n\000g\000u\000a\000g\000e\000\040\000M\000o\000d\000e\000l}{part.3}% 23
\BOOKMARK [1][-]{section.6.1}{\376\377\000M\000a\000r\000k\000o\000v\000\040\000M\000o\000d\000e\000l}{chapter.6}% 24
\BOOKMARK [1][-]{section.6.2}{\376\377\000n\000-\000g\000r\000a\000m\000s}{chapter.6}% 25
\BOOKMARK [0][-]{chapter.7}{\376\377\000R\000N\000N}{part.3}% 26
\BOOKMARK [1][-]{section.7.1}{\376\377\000R\000e\000c\000u\000r\000r\000e\000n\000t}{chapter.7}% 27
\BOOKMARK [1][-]{section.7.2}{\376\377\000P\000r\000o\000p\000e\000r\000t\000i\000e\000s}{chapter.7}% 28
\BOOKMARK [2][-]{subsection.7.2.1}{\376\377\000S\000p\000a\000r\000s\000e\000\040\000i\000n\000t\000e\000r\000a\000c\000t\000i\000o\000n}{section.7.2}% 29
\BOOKMARK [2][-]{subsection.7.2.2}{\376\377\000P\000a\000r\000a\000m\000e\000t\000e\000r\000\040\000s\000h\000a\000r\000i\000n\000g}{section.7.2}% 30
\BOOKMARK [-1][-]{part.4}{\376\377\000I\000V\000\040\000C\000o\000m\000p\000u\000t\000e\000r\000\040\000V\000i\000s\000i\000o\000n\000\040\000P\000r\000a\000c\000t\000i\000c\000e}{}% 31
\BOOKMARK [0][-]{chapter.8}{\376\377\000C\000l\000a\000s\000s\000i\000f\000i\000c\000a\000t\000i\000o\000n}{part.4}% 32
\BOOKMARK [1][-]{section.8.1}{\376\377\000L\000e\000N\000e\000t\000\040\000w\000i\000t\000h\000\040\000K\000e\000r\000a\000s}{chapter.8}% 33
\BOOKMARK [2][-]{subsection.8.1.1}{\376\377\000E\000r\000r\000o\000r\000\040\000a\000n\000d\000\040\000A\000n\000y\000l\000y\000s\000i\000s}{section.8.1}% 34
\BOOKMARK [1][-]{section.8.2}{\376\377\000L\000e\000N\000e\000t\000\040\000w\000i\000t\000h\000\040\000P\000y\000T\000o\000r\000c\000h}{chapter.8}% 35
\BOOKMARK [0][-]{chapter.9}{\376\377\000O\000b\000j\000e\000c\000t\000\040\000D\000e\000t\000e\000c\000t\000i\000o\000n}{part.4}% 36
\BOOKMARK [1][-]{section.9.1}{\376\377\000S\000i\000n\000g\000l\000e\000-\000S\000h\000o\000t\000\040\000D\000e\000t\000e\000c\000t\000o\000r}{chapter.9}% 37
\BOOKMARK [2][-]{subsection.9.1.1}{\376\377\000B\000o\000u\000n\000d\000i\000n\000g\000\040\000b\000o\000x}{section.9.1}% 38
\BOOKMARK [2][-]{subsection.9.1.2}{\376\377\000A\000n\000c\000h\000o\000r\000\040\000b\000o\000x\000e\000s}{section.9.1}% 39
\BOOKMARK [2][-]{subsection.9.1.3}{\376\377\000I\000n\000t\000e\000r\000s\000e\000c\000t\000i\000o\000n\000o\000v\000e\000r\000U\000n\000i\000o\000n\000\050\000I\000o\000U\000\051}{section.9.1}% 40
\BOOKMARK [2][-]{subsection.9.1.4}{\376\377\000L\000a\000b\000e\000l\000i\000n\000g\000\040\000A\000n\000c\000h\000o\000r\000\040\000B\000o\000x\000e\000s\000\040\000i\000n\000\040\000T\000r\000a\000i\000n\000i\000n\000g\000\040\000D\000a\000t\000a}{section.9.1}% 41
\BOOKMARK [2][-]{subsection.9.1.5}{\376\377\000L\000a\000b\000e\000l\000i\000n\000g\000\040\000C\000l\000a\000s\000s\000e\000s\000\040\000a\000n\000d\000\040\000O\000f\000f\000s\000e\000t\000s}{section.9.1}% 42
\BOOKMARK [1][-]{section.9.2}{\376\377\000R\000-\000C\000N\000N\000\040\000m\000o\000d\000e\000l\000s}{chapter.9}% 43
\BOOKMARK [2][-]{subsection.9.2.1}{\376\377\000R\000e\000g\000i\000o\000n\000-\000b\000a\000s\000e\000d\000\040\000C\000N\000N\000\040\000\050\000R\000-\000C\000N\000N\000\051}{section.9.2}% 44
\BOOKMARK [2][-]{subsection.9.2.2}{\376\377\000F\000a\000s\000t\000\040\000R\000-\000C\000N\000N}{section.9.2}% 45
\BOOKMARK [2][-]{subsection.9.2.3}{\376\377\000F\000a\000s\000t\000e\000r\000\040\000R\000-\000C\000N\000N}{section.9.2}% 46
\BOOKMARK [2][-]{subsection.9.2.4}{\376\377\000M\000a\000s\000k\000\040\000R\000-\000C\000N\000N}{section.9.2}% 47
\BOOKMARK [0][-]{chapter.10}{\376\377\000S\000e\000g\000m\000e\000n\000t\000a\000t\000i\000o\000n}{part.4}% 48
\BOOKMARK [1][-]{section.10.1}{\376\377\000I\000m\000a\000g\000e\000\040\000S\000e\000g\000m\000e\000n\000t\000a\000t\000i\000o\000n\000\040\000a\000n\000d\000\040\000I\000n\000s\000t\000a\000n\000c\000e\000\040\000S\000e\000g\000m\000e\000n\000t\000a\000t\000i\000o\000n}{chapter.10}% 49
\BOOKMARK [1][-]{section.10.2}{\376\377\000F\000u\000l\000l\000\040\000C\000o\000n\000v\000o\000l\000u\000t\000i\000o\000n\000a\000l\000\040\000N\000e\000t\000w\000o\000r\000k}{chapter.10}% 50
\BOOKMARK [2][-]{subsection.10.2.1}{\376\377\000T\000r\000a\000n\000s\000p\000o\000s\000e\000d\000\040\000C\000o\000n\000v\000o\000l\000u\000t\000i\000o\000n}{section.10.2}% 51
\BOOKMARK [2][-]{subsection.10.2.2}{\376\377\000F\000u\000l\000l\000y\000\040\000C\000o\000n\000v\000o\000l\000u\000t\000i\000o\000n\000a\000l\000\040\000N\000e\000t\000w\000o\000r\000k\000s}{section.10.2}% 52
\BOOKMARK [0][-]{chapter.11}{\376\377\000G\000e\000n\000e\000r\000a\000t\000i\000v\000e\000\040\000M\000o\000d\000e\000l}{part.4}% 53
\BOOKMARK [1][-]{section.11.1}{\376\377\000G\000A\000N}{chapter.11}% 54
\BOOKMARK [1][-]{section.11.2}{\376\377\000D\000i\000f\000f\000u\000s\000i\000o\000n\000\040\000M\000o\000d\000e\000l}{chapter.11}% 55
\BOOKMARK [-1][-]{part.5}{\376\377\000V\000\040\000N\000a\000t\000u\000r\000a\000l\000\040\000L\000a\000n\000g\000u\000a\000g\000e\000\040\000P\000r\000o\000c\000e\000s\000s\000i\000n\000g\000\040\000P\000r\000a\000c\000t\000i\000c\000e}{}% 56
\BOOKMARK [0][-]{chapter.12}{\376\377\000C\000l\000a\000s\000s\000i\000f\000i\000c\000a\000t\000r\000i\000o\000n}{part.5}% 57
\BOOKMARK [0][-]{chapter.13}{\376\377\000C\000h\000a\000t}{part.5}% 58
\BOOKMARK [0][-]{section*.19}{\376\377\000B\000i\000b\000l\000i\000o\000g\000r\000a\000p\000h\000y}{part.5}% 59
