\BOOKMARK [0][-]{section*.1}{\376\377\000C\000o\000n\000t\000e\000n\000t\000s}{}% 1
\BOOKMARK [0][-]{section*.2}{\376\377\000L\000i\000s\000t\000\040\000o\000f\000\040\000F\000i\000g\000u\000r\000e\000s}{}% 2
\BOOKMARK [0][-]{section*.3}{\376\377\000L\000i\000s\000t\000\040\000o\000f\000\040\000T\000a\000b\000l\000e\000s}{}% 3
\BOOKMARK [-1][-]{part.1}{\376\377\000I\000\040\000T\000h\000e\000o\000r\000y}{}% 4
\BOOKMARK [0][-]{chapter.1}{\376\377\000P\000r\000o\000b\000a\000b\000i\000l\000i\000t\000y}{part.1}% 5
\BOOKMARK [1][-]{section.1.1}{\376\377\000M\000a\000r\000k\000o\000v\000\040\000c\000h\000a\000i\000n}{chapter.1}% 6
\BOOKMARK [2][-]{subsection.1.1.1}{\376\377\000T\000r\000a\000n\000s\000i\000t\000i\000o\000n\000s}{section.1.1}% 7
\BOOKMARK [2][-]{subsection.1.1.2}{\376\377\000D\000i\000s\000c\000r\000e\000t\000e\000-\000t\000i\000m\000e\000\040\000M\000a\000r\000k\000o\000v\000\040\000c\000h\000a\000i\000n}{section.1.1}% 8
\BOOKMARK [2][-]{subsection.1.1.3}{\376\377\000C\000o\000n\000t\000i\000n\000o\000u\000s\000-\000t\000i\000m\000e\000\040\000M\000a\000r\000k\000o\000v\000\040\000c\000h\000a\000i\000n}{section.1.1}% 9
\BOOKMARK [2][-]{subsection.1.1.4}{\376\377\000M\000a\000r\000k\000o\000v\000\040\000k\000e\000r\000n\000e\000l}{section.1.1}% 10
\BOOKMARK [2][-]{subsection.1.1.5}{\376\377\000M\000e\000a\000s\000u\000r\000a\000b\000l\000e\000\040\000s\000p\000a\000c\000e}{section.1.1}% 11
\BOOKMARK [2][-]{subsection.1.1.6}{\376\377\000-\000a\000l\000g\000e\000b\000r\000a}{section.1.1}% 12
\BOOKMARK [1][-]{section.1.2}{\376\377\000C\000o\000n\000d\000i\000t\000i\000o\000n\000a\000l\000\040\000p\000r\000o\000b\000a\000b\000i\000l\000i\000t\000y}{chapter.1}% 13
\BOOKMARK [1][-]{section.1.3}{\376\377\000P\000o\000s\000t\000e\000r\000i\000o\000r\000\040\000p\000r\000o\000b\000a\000b\000i\000l\000i\000t\000y}{chapter.1}% 14
\BOOKMARK [1][-]{section.1.4}{\376\377\000G\000u\000a\000s\000s\000i\000a\000n\000\040\000d\000i\000s\000t\000r\000i\000b\000u\000t\000i\000o\000n}{chapter.1}% 15
\BOOKMARK [1][-]{section.1.5}{\376\377\000L\000a\000p\000l\000a\000c\000e\000\040\000d\000i\000s\000t\000r\000i\000b\000u\000t\000i\000o\000n}{chapter.1}% 16
\BOOKMARK [1][-]{section.1.6}{\376\377\000M\000o\000n\000t\000e\000\040\000C\000a\000r\000l\000o\000\040\000m\000e\000t\000h\000o\000d}{chapter.1}% 17
\BOOKMARK [1][-]{section.1.7}{\376\377\000V\000a\000r\000i\000a\000t\000i\000o\000n\000a\000l\000\040\000B\000a\000y\000e\000s\000i\000a\000n\000\040\000m\000e\000t\000h\000o\000d\000s}{chapter.1}% 18
\BOOKMARK [1][-]{section.1.8}{\376\377\000B\000a\000y\000e\000s\000i\000a\000n\000\040\000p\000r\000o\000b\000a\000b\000i\000l\000i\000t\000y}{chapter.1}% 19
\BOOKMARK [1][-]{section.1.9}{\376\377\000B\000i\000n\000o\000m\000i\000a\000l\000\040\000d\000i\000s\000t\000r\000i\000b\000u\000t\000i\000o\000n}{chapter.1}% 20
\BOOKMARK [1][-]{section.1.10}{\376\377\000K\000u\000l\000l\000b\000a\000c\000k\040\023\000L\000e\000i\000b\000l\000e\000r\000\040\000d\000i\000v\000e\000r\000g\000e\000n\000c\000e}{chapter.1}% 21
\BOOKMARK [1][-]{section.1.11}{\376\377\000J\000e\000n\000s\000e\000n\000'\000s\000\040\000i\000n\000e\000q\000u\000a\000l\000i\000t\000y}{chapter.1}% 22
\BOOKMARK [0][-]{chapter.2}{\376\377\000L\000e\000a\000r\000n\000i\000n\000g}{part.1}% 23
\BOOKMARK [0][-]{chapter.3}{\376\377\000M\000o\000d\000e\000l}{part.1}% 24
\BOOKMARK [1][-]{section.3.1}{\376\377\000C\000a\000p\000a\000c\000i\000t\000y}{chapter.3}% 25
\BOOKMARK [2][-]{subsection.3.1.1}{\376\377\000T\000h\000e\000\040\000n\000o\000\040\000f\000r\000e\000e\000\040\000l\000u\000n\000c\000h\000\040\000t\000h\000e\000o\000r\000e\000m}{section.3.1}% 26
\BOOKMARK [2][-]{subsection.3.1.2}{\376\377\000U\000n\000i\000v\000e\000r\000s\000a\000l\000\040\000a\000p\000p\000r\000o\000x\000i\000m\000a\000t\000i\000o\000n\000\040\000t\000h\000e\000o\000r\000e\000m}{section.3.1}% 27
\BOOKMARK [1][-]{section.3.2}{\376\377\000O\000v\000e\000r\000f\000i\000t\000t\000i\000n\000g\000\040\000a\000n\000d\000\040\000u\000n\000d\000e\000r\000f\000i\000t\000t\000i\000n\000g}{chapter.3}% 28
\BOOKMARK [0][-]{chapter.4}{\376\377\000T\000r\000a\000i\000n\000i\000n\000g\000\040\000\050\000o\000p\000t\000i\000m\000i\000z\000a\000t\000i\000o\000n\000\051}{part.1}% 29
\BOOKMARK [1][-]{section.4.1}{\376\377\000S\000G\000D}{chapter.4}% 30
\BOOKMARK [1][-]{section.4.2}{\376\377\000M\000o\000m\000e\000n\000t\000u\000m}{chapter.4}% 31
\BOOKMARK [1][-]{section.4.3}{\376\377\000N\000e\000s\000t\000e\000r\000o\000v\000\040\000m\000o\000m\000e\000n\000t\000u\000m}{chapter.4}% 32
\BOOKMARK [1][-]{section.4.4}{\376\377\000A\000d\000a\000G\000r\000a\000d}{chapter.4}% 33
\BOOKMARK [1][-]{section.4.5}{\376\377\000A\000d\000a\000m}{chapter.4}% 34
\BOOKMARK [0][-]{chapter.5}{\376\377\000C\000o\000s\000t\000\040\000f\000u\000n\000c\000t\000i\000o\000n}{part.1}% 35
\BOOKMARK [1][-]{section.5.1}{\376\377\000R\000e\000g\000r\000e\000s\000s\000i\000o\000n\000\040\000c\000o\000s\000t\000\040\000f\000u\000n\000c\000t\000i\000o\000n}{chapter.5}% 36
\BOOKMARK [2][-]{subsection.5.1.1}{\376\377\000M\000e\000a\000n\000\040\000s\000q\000u\000a\000r\000e\000d\000\040\000e\000r\000r\000o\000r}{section.5.1}% 37
\BOOKMARK [2][-]{subsection.5.1.2}{\376\377\000M\000e\000a\000n\000\040\000a\000b\000s\000o\000l\000u\000t\000e\000\040\000e\000r\000r\000o\000r}{section.5.1}% 38
\BOOKMARK [1][-]{section.5.2}{\376\377\000C\000l\000a\000s\000s\000i\000f\000i\000c\000a\000t\000i\000o\000n\000\040\000c\000o\000s\000t\000\040\000f\000u\000n\000c\000t\000i\000o\000n}{chapter.5}% 39
\BOOKMARK [0][-]{chapter.6}{\376\377\000F\000u\000l\000l\000\040\000C\000o\000n\000n\000e\000c\000t\000e\000d\000\040\000N\000e\000t\000w\000o\000r\000k\000s}{part.1}% 40
\BOOKMARK [0][-]{chapter.7}{\376\377\000C\000N\000N}{part.1}% 41
\BOOKMARK [1][-]{section.7.1}{\376\377\000C\000o\000n\000v\000o\000l\000u\000t\000i\000o\000n}{chapter.7}% 42
\BOOKMARK [1][-]{section.7.2}{\376\377\000P\000r\000o\000p\000e\000r\000t\000i\000e\000s}{chapter.7}% 43
\BOOKMARK [2][-]{subsection.7.2.1}{\376\377\000S\000p\000a\000r\000s\000e\000\040\000i\000n\000t\000e\000r\000a\000c\000t\000i\000o\000n}{section.7.2}% 44
\BOOKMARK [2][-]{subsection.7.2.2}{\376\377\000P\000a\000r\000a\000m\000e\000t\000e\000r\000\040\000s\000h\000a\000r\000i\000n\000g}{section.7.2}% 45
\BOOKMARK [2][-]{subsection.7.2.3}{\376\377\000E\000q\000u\000i\000v\000a\000r\000i\000a\000n\000t\000\040\000r\000e\000p\000r\000e\000s\000e\000n\000t\000a\000t\000i\000o\000n\000s}{section.7.2}% 46
\BOOKMARK [1][-]{section.7.3}{\376\377\000\040\000P\000o\000o\000l\000i\000n\000g}{chapter.7}% 47
\BOOKMARK [0][-]{chapter.8}{\376\377\000M\000e\000t\000r\000i\000c}{part.1}% 48
\BOOKMARK [1][-]{section.8.1}{\376\377\000P\000r\000e\000c\000i\000s\000i\000o\000n}{chapter.8}% 49
\BOOKMARK [1][-]{section.8.2}{\376\377\000R\000e\000c\000a\000l\000l}{chapter.8}% 50
\BOOKMARK [1][-]{section.8.3}{\376\377\000A\000c\000c\000u\000r\000a\000c\000y}{chapter.8}% 51
\BOOKMARK [1][-]{section.8.4}{\376\377\000F\000-\000s\000c\000o\000r\000e}{chapter.8}% 52
\BOOKMARK [0][-]{chapter.9}{\376\377\000R\000e\000g\000u\000l\000a\000r\000i\000z\000a\000t\000i\000o\000n}{part.1}% 53
\BOOKMARK [1][-]{section.9.1}{\376\377\000P\000a\000r\000a\000m\000e\000t\000e\000r\000\040\000n\000o\000r\000m\000\040\000p\000e\000n\000a\000l\000t\000i\000e\000s}{chapter.9}% 54
\BOOKMARK [2][-]{subsection.9.1.1}{\376\377\000L\0002\000\040\000P\000a\000r\000a\000m\000e\000t\000e\000r\000\040\000R\000e\000g\000u\000l\000a\000r\000i\000z\000a\000t\000i\000o\000n}{section.9.1}% 55
\BOOKMARK [2][-]{subsection.9.1.2}{\376\377\000L\0001\000\040\000R\000e\000g\000u\000l\000a\000r\000i\000z\000a\000t\000i\000o\000n}{section.9.1}% 56
\BOOKMARK [1][-]{section.9.2}{\376\377\000D\000a\000t\000a\000s\000e\000t\000\040\000A\000u\000g\000m\000e\000n\000t\000a\000t\000i\000o\000n}{chapter.9}% 57
\BOOKMARK [1][-]{section.9.3}{\376\377\000E\000a\000r\000l\000y\000\040\000s\000t\000o\000p\000p\000i\000n\000g}{chapter.9}% 58
\BOOKMARK [1][-]{section.9.4}{\376\377\000D\000r\000o\000u\000p\000o\000u\000t}{chapter.9}% 59
\BOOKMARK [0][-]{chapter.10}{\376\377\000A\000c\000t\000i\000v\000a\000t\000i\000o\000n\000\040\000f\000u\000n\000c\000t\000i\000o\000n\000s}{part.1}% 60
\BOOKMARK [1][-]{section.10.1}{\376\377\000D\000e\000s\000i\000r\000a\000b\000l\000e\000\040\000f\000e\000a\000t\000u\000r\000e\000s}{chapter.10}% 61
\BOOKMARK [1][-]{section.10.2}{\376\377\000S\000i\000g\000m\000o\000i\000d}{chapter.10}% 62
\BOOKMARK [1][-]{section.10.3}{\376\377\000T\000a\000n\000h}{chapter.10}% 63
\BOOKMARK [1][-]{section.10.4}{\376\377\000R\000e\000L\000U}{chapter.10}% 64
\BOOKMARK [1][-]{section.10.5}{\376\377\000L\000e\000a\000k\000y\000\040\000R\000e\000L\000U}{chapter.10}% 65
\BOOKMARK [1][-]{section.10.6}{\376\377\000S\000w\000i\000s\000h}{chapter.10}% 66
\BOOKMARK [0][-]{chapter.11}{\376\377\000M\000a\000c\000h\000i\000n\000e\000\040\000l\000e\000a\000r\000n\000i\000n\000g\000\040\000p\000r\000o\000c\000e\000s\000s}{part.1}% 67
\BOOKMARK [-1][-]{part.2}{\376\377\000I\000I\000\040\000M\000o\000d\000e\000l\000s}{}% 68
\BOOKMARK [0][-]{chapter.12}{\376\377\000D\000i\000f\000f\000u\000s\000i\000o\000n}{part.2}% 69
\BOOKMARK [-1][-]{part.3}{\376\377\000I\000I\000I\000\040\000T\000o\000o\000l\000s}{}% 70
\BOOKMARK [0][-]{chapter.13}{\376\377\000P\000y\000T\000o\000r\000c\000h}{part.3}% 71
\BOOKMARK [0][-]{chapter.14}{\376\377\000N\000u\000m\000P\000y}{part.3}% 72
\BOOKMARK [1][-]{section.14.1}{\376\377\000L\000o\000a\000d\000\040\000d\000a\000t\000a}{chapter.14}% 73
\BOOKMARK [-1][-]{part.4}{\376\377\000I\000V\000\040\000P\000r\000a\000c\000t\000i\000c\000e}{}% 74
\BOOKMARK [0][-]{chapter.15}{\376\377\000P\000r\000e\000p\000r\000o\000c\000e\000s\000s\000i\000n\000g}{part.4}% 75
\BOOKMARK [1][-]{section.15.1}{\376\377\000N\000o\000t\000\040\000v\000a\000l\000u\000e\000d\000\040\000b\000a\000s\000e\000d\000\040\000d\000a\000t\000a}{chapter.15}% 76
\BOOKMARK [-1][-]{part.5}{\376\377\000V\000\040\000P\000r\000o\000j\000e\000c\000t\000s}{}% 77
\BOOKMARK [-1][-]{part.6}{\376\377\000V\000I\000\040\000P\000a\000p\000e\000r\000s}{}% 78
\BOOKMARK [0][-]{chapter.16}{\376\377\000D\000e\000e\000p\000\040\000U\000n\000s\000u\000p\000e\000r\000v\000i\000s\000e\000d\000\040\000L\000e\000a\000r\000n\000i\000n\000g\000\040\000u\000s\000i\000n\000g\000\040\000N\000o\000n\000e\000q\000u\000i\000l\000i\000b\000r\000i\000u\000m\000\040\000T\000h\000e\000r\000m\000o\000d\000y\000n\000a\000m\000i\000c\000s\000j\000s\0002\0000\0001\0005\000d\000e\000e\000p}{part.6}% 79
\BOOKMARK [1][-]{section.16.1}{\376\377\000A\000l\000g\000o\000r\000i\000t\000h\000m}{chapter.16}% 80
\BOOKMARK [2][-]{subsection.16.1.1}{\376\377\000F\000o\000r\000w\000a\000r\000d\000\040\000t\000r\000a\000j\000e\000c\000t\000o\000r\000y}{section.16.1}% 81
\BOOKMARK [2][-]{subsection.16.1.2}{\376\377\000R\000e\000v\000e\000r\000s\000e\000\040\000T\000r\000a\000j\000e\000c\000t\000o\000r\000y}{section.16.1}% 82
\BOOKMARK [1][-]{section.16.2}{\376\377\000M\000o\000d\000e\000l\000\040\000p\000r\000o\000b\000a\000b\000i\000l\000i\000t\000y}{chapter.16}% 83
\BOOKMARK [1][-]{section.16.3}{\376\377\000T\000r\000a\000i\000n\000i\000n\000g}{chapter.16}% 84
\BOOKMARK [0][-]{section*.11}{\376\377\000B\000i\000b\000l\000i\000o\000g\000r\000a\000p\000h\000y}{part.6}% 85
