\BOOKMARK [0][-]{section*.1}{\376\377\000C\000o\000n\000t\000e\000n\000t\000s}{}% 1
\BOOKMARK [0][-]{section*.2}{\376\377\000L\000i\000s\000t\000\040\000o\000f\000\040\000F\000i\000g\000u\000r\000e\000s}{}% 2
\BOOKMARK [0][-]{section*.3}{\376\377\000L\000i\000s\000t\000\040\000o\000f\000\040\000T\000a\000b\000l\000e\000s}{}% 3
\BOOKMARK [0][-]{chapter.1}{\376\377\000E\000m\000a\000c\000s\000\040\000B\000a\000s\000i\000c\000s}{}% 4
\BOOKMARK [1][-]{section.1.1}{\376\377\000W\000h\000a\000t\000\040\000i\000s\000\040\000E\000m\000a\000c\000s\000?}{chapter.1}% 5
\BOOKMARK [1][-]{section.1.2}{\376\377\000W\000h\000y\000\040\000Y\000o\000u\000\040\000S\000h\000o\000u\000l\000d\000\040\000U\000s\000e\000\040\000E\000m\000a\000c\000s}{chapter.1}% 6
\BOOKMARK [1][-]{section.1.3}{\376\377\000F\000i\000l\000e\000s\000\040\000a\000n\000d\000\040\000B\000u\000f\000f\000e\000r\000s}{chapter.1}% 7
\BOOKMARK [1][-]{section.1.4}{\376\377\000M\000o\000d\000e\000s}{chapter.1}% 8
\BOOKMARK [1][-]{section.1.5}{\376\377\000D\000i\000s\000p\000l\000a\000y}{chapter.1}% 9
\BOOKMARK [1][-]{section.1.6}{\376\377\000C\000o\000m\000m\000a\000n\000d\000s}{chapter.1}% 10
\BOOKMARK [1][-]{section.1.7}{\376\377\000K\000i\000l\000l\000\040\000R\000i\000n\000g}{chapter.1}% 11
\BOOKMARK [1][-]{section.1.8}{\376\377\000P\000o\000i\000n\000t\000e\000r\000\040\000a\000n\000d\000\040\000C\000u\000r\000s\000o\000r}{chapter.1}% 12
\BOOKMARK [1][-]{section.1.9}{\376\377\000B\000a\000c\000k\000u\000p\000\040\000F\000i\000l\000e\000s}{chapter.1}% 13
\BOOKMARK [1][-]{section.1.10}{\376\377\000A\000u\000t\000o\000\040\000S\000a\000v\000e\000\040\000F\000i\000l\000e\000s}{chapter.1}% 14
\BOOKMARK [0][-]{chapter.2}{\376\377\000S\000t\000a\000r\000t\000\040\000W\000i\000t\000h\000\040\000E\000m\000a\000c\000s}{}% 15
\BOOKMARK [1][-]{section.2.1}{\376\377\000S\000t\000a\000r\000t\000\040\000E\000m\000a\000c\000s}{chapter.2}% 16
\BOOKMARK [1][-]{section.2.2}{\376\377\000E\000x\000i\000t\000\040\000E\000m\000a\000c\000s}{chapter.2}% 17
\BOOKMARK [1][-]{section.2.3}{\376\377\000W\000o\000r\000k\000i\000n\000g\000\040\000W\000i\000t\000h\000\040\000F\000i\000l\000e\000s}{chapter.2}% 18
\BOOKMARK [0][-]{chapter.3}{\376\377\000E\000d\000i\000t\000i\000n\000g}{}% 19
\BOOKMARK [1][-]{section.3.1}{\376\377\000M\000o\000v\000i\000n\000g\000\040\000C\000u\000r\000s\000o\000r}{chapter.3}% 20
\BOOKMARK [1][-]{section.3.2}{\376\377\000M\000a\000r\000k\000i\000n\000g}{chapter.3}% 21
\BOOKMARK [1][-]{section.3.3}{\376\377\000D\000e\000l\000e\000t\000i\000n\000g\000,\000\040\000C\000o\000p\000y\000i\000n\000g\000\040\000a\000n\000d\000\040\000P\000a\000s\000t\000i\000n\000g}{chapter.3}% 22
\BOOKMARK [1][-]{section.3.4}{\376\377\000T\000r\000a\000n\000s\000p\000o\000s\000i\000t\000i\000o\000n\000\040\000a\000n\000d\000\040\000C\000a\000p\000i\000t\000a\000l\000i\000z\000a\000t\000i\000o\000n}{chapter.3}% 23
\BOOKMARK [1][-]{section.3.5}{\376\377\000R\000e\000c\000t\000a\000n\000g\000l\000e\000\040\000E\000d\000i\000t\000i\000n\000g}{chapter.3}% 24
\BOOKMARK [0][-]{chapter.4}{\376\377\000S\000e\000a\000r\000c\000h\000\040\000a\000n\000d\000\040\000R\000e\000p\000l\000a\000c\000e}{}% 25
\BOOKMARK [1][-]{section.4.1}{\376\377\000D\000i\000f\000f\000e\000r\000e\000n\000t\000\040\000K\000i\000n\000d\000s\000\040\000o\000f\000\040\000S\000e\000a\000r\000c\000h\000e\000s}{chapter.4}% 26
\BOOKMARK [1][-]{section.4.2}{\376\377\000B\000i\000n\000d\000i\000n\000g\000s}{chapter.4}% 27
\BOOKMARK [0][-]{chapter.5}{\376\377\000B\000u\000f\000f\000e\000r\000s\000,\000\040\000W\000i\000n\000d\000o\000w\000s\000\040\000a\000n\000d\000\040\000F\000r\000a\000m\000e\000s}{}% 28
\BOOKMARK [1][-]{section.5.1}{\376\377\000C\000o\000n\000c\000e\000p\000t\000s}{chapter.5}% 29
\BOOKMARK [1][-]{section.5.2}{\376\377\000B\000u\000f\000f\000e\000r\000\040\000C\000o\000m\000m\000a\000n\000d\000s}{chapter.5}% 30
\BOOKMARK [2][-]{subsection.5.2.1}{\376\377\000B\000u\000f\000f\000e\000r\000\040\000L\000i\000s\000t}{section.5.2}% 31
\BOOKMARK [1][-]{section.5.3}{\376\377\000W\000i\000n\000d\000o\000w\000\040\000C\000o\000m\000m\000a\000n\000d\000s}{chapter.5}% 32
\BOOKMARK [2][-]{subsection.5.3.1}{\376\377\000P\000a\000c\000k\000a\000g\000e\000\040\000"\000a\000c\000e\000-\000w\000i\000n\000d\000o\000w\000"}{section.5.3}% 33
\BOOKMARK [1][-]{section.5.4}{\376\377\000F\000r\000a\000m\000e\000\040\000C\000o\000m\000m\000a\000n\000d\000s}{chapter.5}% 34
\BOOKMARK [0][-]{chapter.6}{\376\377\000M\000a\000c\000r\000o}{}% 35
\BOOKMARK [1][-]{section.6.1}{\376\377\000M\000a\000c\000r\000o\000\040\000C\000o\000m\000m\000a\000n\000d\000s}{chapter.6}% 36
\BOOKMARK [1][-]{section.6.2}{\376\377\000S\000a\000v\000i\000n\000g\000\040\000M\000a\000c\000r\000o\000s}{chapter.6}% 37
\BOOKMARK [1][-]{section.6.3}{\376\377\000M\000a\000c\000r\000o\000\040\000w\000i\000t\000h\000\040\000I\000n\000p\000u\000t}{chapter.6}% 38
\BOOKMARK [1][-]{section.6.4}{\376\377\000A\000d\000d\000i\000n\000g\000\040\000a\000\040\000Q\000u\000e\000r\000y\000\040\000t\000o\000\040\000a\000\040\000M\000a\000c\000r\000o}{chapter.6}% 39
\BOOKMARK [0][-]{chapter.7}{\376\377\000W\000o\000r\000k\000i\000n\000g\000\040\000E\000n\000v\000i\000r\000o\000n\000m\000e\000n\000t}{}% 40
\BOOKMARK [1][-]{section.7.1}{\376\377\000S\000p\000e\000l\000l\000\040\000C\000h\000e\000c\000k\000i\000n\000g}{chapter.7}% 41
\BOOKMARK [1][-]{section.7.2}{\376\377\000F\000l\000y\000s\000p\000e\000l\000l}{chapter.7}% 42
\BOOKMARK [1][-]{section.7.3}{\376\377\000B\000o\000o\000k\000m\000a\000r\000k\000s}{chapter.7}% 43
\BOOKMARK [2][-]{subsection.7.3.1}{\376\377\000B\000o\000o\000k\000m\000a\000r\000k\000\040\000C\000o\000m\000m\000a\000n\000d\000s}{section.7.3}% 44
\BOOKMARK [2][-]{subsection.7.3.2}{\376\377\000B\000o\000o\000k\000m\000a\000r\000k\000\040\000L\000i\000s\000t}{section.7.3}% 45
\BOOKMARK [1][-]{section.7.4}{\376\377\000S\000h\000e\000l\000l}{chapter.7}% 46
\BOOKMARK [2][-]{subsection.7.4.1}{\376\377\000O\000n\000e\000\040\000C\000o\000m\000m\000a\000n\000d\000\040\000a\000t\000\040\000a\000\040\000T\000i\000m\000e}{section.7.4}% 47
\BOOKMARK [2][-]{subsection.7.4.2}{\376\377\000S\000h\000e\000l\000l\000\040\000M\000o\000d\000e}{section.7.4}% 48
\BOOKMARK [2][-]{subsection.7.4.3}{\376\377\000E\000s\000h\000e\000l\000l\000,\000\040\000S\000h\000e\000l\000l\000\040\000a\000n\000d\000\040\000T\000e\000r\000m}{section.7.4}% 49
\BOOKMARK [1][-]{section.7.5}{\376\377\000D\000i\000r\000e\000c\000t\000o\000r\000y\000\040\000E\000d\000i\000t\000o\000r}{chapter.7}% 50
\BOOKMARK [1][-]{section.7.6}{\376\377\000C\000a\000l\000e\000n\000d\000a\000r}{chapter.7}% 51
\BOOKMARK [0][-]{chapter.8}{\376\377\000U\000s\000e\000f\000u\000l\000\040\000F\000e\000a\000t\000u\000r\000e\000s}{}% 52
\BOOKMARK [1][-]{section.8.1}{\376\377\000G\000e\000t\000\040\000H\000e\000l\000p}{chapter.8}% 53
\BOOKMARK [1][-]{section.8.2}{\376\377\000A\000u\000t\000o\000\040\000F\000i\000l\000l}{chapter.8}% 54
\BOOKMARK [2][-]{subsection.8.2.1}{\376\377\000D\000y\000n\000a\000m\000i\000c\000\040\000E\000x\000p\000a\000n\000d\000i\000n\000g}{section.8.2}% 55
\BOOKMARK [2][-]{subsection.8.2.2}{\376\377\000A\000u\000t\000o\000\040\000C\000o\000r\000r\000e\000c\000t\000\040\000W\000o\000r\000d}{section.8.2}% 56
\BOOKMARK [2][-]{subsection.8.2.3}{\376\377\000A\000u\000t\000o\000\040\000F\000i\000l\000l\000\040\000C\000o\000m\000m\000a\000n\000d\000s}{section.8.2}% 57
\BOOKMARK [1][-]{section.8.3}{\376\377\000C\000a\000n\000c\000e\000l\000i\000n\000g\000\040\000C\000o\000m\000m\000a\000n\000d\000s}{chapter.8}% 58
\BOOKMARK [1][-]{section.8.4}{\376\377\000U\000n\000d\000o\000i\000n\000g\000\040\000C\000h\000a\000n\000g\000e\000s}{chapter.8}% 59
\BOOKMARK [1][-]{section.8.5}{\376\377\000H\000i\000s\000t\000o\000r\000y\000\040\000C\000o\000m\000m\000a\000n\000d\000s}{chapter.8}% 60
\BOOKMARK [1][-]{section.8.6}{\376\377\000C\000-\000u}{chapter.8}% 61
\BOOKMARK [1][-]{section.8.7}{\376\377\000S\000a\000v\000i\000n\000g\000\040\000P\000o\000s\000i\000t\000i\000o\000n\000s\000\040\000i\000n\000\040\000R\000e\000g\000i\000s\000t\000e\000r\000s}{chapter.8}% 62
\BOOKMARK [1][-]{section.8.8}{\376\377\000r\000g\000r\000e\000p}{chapter.8}% 63
\BOOKMARK [0][-]{chapter.9}{\376\377\000C\000u\000s\000t\000o\000m\000i\000z\000a\000t\000i\000o\000n}{}% 64
\BOOKMARK [1][-]{section.9.1}{\376\377\000U\000s\000i\000n\000g\000\040\000O\000p\000t\000i\000o\000n\000s}{chapter.9}% 65
\BOOKMARK [1][-]{section.9.2}{\376\377\000U\000s\000i\000n\000g\000\040\000C\000u\000s\000t\000o\000m}{chapter.9}% 66
\BOOKMARK [1][-]{section.9.3}{\376\377\000M\000o\000d\000i\000f\000y\000i\000n\000g\000\040\000t\000h\000e\000\040\000.\000e\000m\000a\000c\000s\000\040\000F\000i\000l\000e\000\040\000D\000i\000r\000e\000c\000t\000l\000y}{chapter.9}% 67
\BOOKMARK [0][-]{chapter.10}{\376\377\000L\000a\000T\000e\000X}{}% 68
\BOOKMARK [1][-]{section.10.1}{\376\377\000I\000n\000s\000t\000a\000l\000l\000a\000t\000i\000o\000n}{chapter.10}% 69
\BOOKMARK [1][-]{section.10.2}{\376\377\000C\000o\000n\000f\000i\000g\000u\000r\000a\000t\000i\000o\000n}{chapter.10}% 70
\BOOKMARK [2][-]{subsection.10.2.1}{\376\377\000S\000k\000i\000m}{section.10.2}% 71
\BOOKMARK [1][-]{section.10.3}{\376\377\000B\000a\000s\000i\000c\000\040\000C\000o\000m\000m\000a\000n\000d\000s}{chapter.10}% 72
\BOOKMARK [0][-]{chapter.11}{\376\377\000V\000e\000r\000s\000i\000o\000n\000\040\000C\000o\000n\000t\000r\000o\000l}{}% 73
\BOOKMARK [1][-]{section.11.1}{\376\377\000I\000n\000s\000t\000a\000l\000l\000a\000t\000i\000o\000n}{chapter.11}% 74
\BOOKMARK [1][-]{section.11.2}{\376\377\000B\000a\000s\000i\000c}{chapter.11}% 75
\BOOKMARK [2][-]{subsection.11.2.1}{\376\377\000S\000h\000o\000w\000\040\000S\000t\000a\000t\000u\000s\000\040\000B\000u\000f\000f\000e\000r}{section.11.2}% 76
\BOOKMARK [2][-]{subsection.11.2.2}{\376\377\000S\000t\000a\000g\000e\000\040\000a\000n\000d\000\040\000U\000n\000s\000t\000a\000g\000e}{section.11.2}% 77
\BOOKMARK [2][-]{subsection.11.2.3}{\376\377\000C\000o\000m\000m\000i\000t}{section.11.2}% 78
\BOOKMARK [2][-]{subsection.11.2.4}{\376\377\000P\000u\000s\000h}{section.11.2}% 79
\BOOKMARK [2][-]{subsection.11.2.5}{\376\377\000T\000r\000a\000n\000s\000i\000e\000n\000t\000\040\000p\000r\000e\000f\000i\000x\000\040\000c\000o\000m\000m\000a\000n\000d\000s}{section.11.2}% 80
\BOOKMARK [2][-]{subsection.11.2.6}{\376\377\000S\000u\000m\000m\000a\000r\000y}{section.11.2}% 81
\BOOKMARK [1][-]{section.11.3}{\376\377\000I\000n\000t\000e\000r\000f\000a\000c\000e\000\040\000C\000o\000n\000c\000e\000p\000t\000s}{chapter.11}% 82
\BOOKMARK [2][-]{subsection.11.3.1}{\376\377\000M\000o\000d\000e\000s\000\040\000a\000n\000d\000\040\000B\000u\000f\000f\000e\000r\000s}{section.11.3}% 83
\BOOKMARK [2][-]{subsection.11.3.2}{\376\377\000S\000e\000c\000t\000i\000o\000n\000s}{section.11.3}% 84
\BOOKMARK [2][-]{subsection.11.3.3}{\376\377\000T\000r\000a\000n\000s\000i\000e\000n\000t\000\040\000C\000o\000m\000m\000a\000n\000d\000s}{section.11.3}% 85
\BOOKMARK [2][-]{subsection.11.3.4}{\376\377\000T\000r\000a\000n\000s\000i\000e\000n\000t\000\040\000A\000r\000g\000u\000m\000e\000n\000t\000s\000\040\000a\000n\000d\000\040\000B\000u\000f\000f\000e\000r\000\040\000V\000a\000r\000i\000a\000b\000l\000e\000s}{section.11.3}% 86
\BOOKMARK [2][-]{subsection.11.3.5}{\376\377\000R\000u\000n\000n\000i\000n\000g\000\040\000G\000i\000t}{section.11.3}% 87
\BOOKMARK [1][-]{section.11.4}{\376\377\000I\000n\000s\000p\000e\000c\000t\000i\000n\000g}{chapter.11}% 88
\BOOKMARK [1][-]{section.11.5}{\376\377\000M\000a\000n\000i\000p\000u\000l\000a\000t\000i\000n\000g}{chapter.11}% 89
\BOOKMARK [1][-]{section.11.6}{\376\377\000T\000r\000a\000n\000s\000f\000e\000r\000r\000i\000n\000g}{chapter.11}% 90
\BOOKMARK [0][-]{chapter.12}{\376\377\000O\000r\000g}{}% 91
\BOOKMARK [1][-]{section.12.1}{\376\377\000D\000o\000c\000u\000m\000e\000n\000t\000\040\000S\000t\000r\000u\000c\000t\000u\000r\000e}{chapter.12}% 92
\BOOKMARK [2][-]{subsection.12.1.1}{\376\377\000H\000e\000a\000d\000l\000i\000n\000e\000s}{section.12.1}% 93
\BOOKMARK [2][-]{subsection.12.1.2}{\376\377\000M\000o\000t\000i\000o\000n}{section.12.1}% 94
\BOOKMARK [2][-]{subsection.12.1.3}{\376\377\000V\000i\000s\000i\000b\000i\000l\000i\000t\000y\000\040\000C\000y\000c\000l\000i\000n\000g}{section.12.1}% 95
\BOOKMARK [2][-]{subsection.12.1.4}{\376\377\000S\000t\000r\000u\000c\000t\000u\000r\000e\000\040\000E\000d\000i\000t\000i\000n\000g}{section.12.1}% 96
\BOOKMARK [2][-]{subsection.12.1.5}{\376\377\000S\000p\000a\000r\000s\000e\000\040\000T\000r\000e\000e}{section.12.1}% 97
\BOOKMARK [2][-]{subsection.12.1.6}{\376\377\000D\000r\000a\000w\000e\000r\000s}{section.12.1}% 98
\BOOKMARK [2][-]{subsection.12.1.7}{\376\377\000B\000l\000o\000c\000k}{section.12.1}% 99
\BOOKMARK [1][-]{section.12.2}{\376\377\000P\000l\000a\000i\000n\000\040\000L\000i\000s\000t\000s}{chapter.12}% 100
\BOOKMARK [2][-]{subsection.12.2.1}{\376\377\000C\000h\000e\000c\000k\000b\000o\000x\000e\000s}{section.12.2}% 101
\BOOKMARK [1][-]{section.12.3}{\376\377\000H\000y\000p\000e\000r\000l\000i\000n\000k\000s}{chapter.12}% 102
\BOOKMARK [2][-]{subsection.12.3.1}{\376\377\000L\000i\000n\000k\000\040\000F\000o\000r\000m\000a\000t}{section.12.3}% 103
\BOOKMARK [2][-]{subsection.12.3.2}{\376\377\000I\000n\000t\000e\000r\000n\000a\000l\000\040\000L\000i\000n\000k\000s}{section.12.3}% 104
\BOOKMARK [2][-]{subsection.12.3.3}{\376\377\000E\000x\000t\000e\000r\000n\000a\000l\000\040\000L\000i\000n\000k\000s}{section.12.3}% 105
\BOOKMARK [2][-]{subsection.12.3.4}{\376\377\000H\000a\000n\000d\000l\000i\000n\000g\000\040\000L\000i\000n\000k\000s}{section.12.3}% 106
\BOOKMARK [2][-]{subsection.12.3.5}{\376\377\000L\000i\000n\000k\000\040\000A\000b\000b\000r\000e\000v\000i\000a\000t\000i\000o\000n\000s}{section.12.3}% 107
\BOOKMARK [2][-]{subsection.12.3.6}{\376\377\000S\000e\000a\000r\000c\000h\000\040\000O\000p\000t\000i\000o\000n\000s\000\040\000i\000n\000\040\000F\000i\000l\000e\000\040\000L\000i\000n\000k\000s}{section.12.3}% 108
\BOOKMARK [2][-]{subsection.12.3.7}{\376\377\000S\000u\000m\000m\000a\000r\000y}{section.12.3}% 109
\BOOKMARK [1][-]{section.12.4}{\376\377\000T\000O\000D\000O\000\040\000i\000t\000e\000m\000s}{chapter.12}% 110
\BOOKMARK [2][-]{subsection.12.4.1}{\376\377\000B\000a\000s\000i\000c\000\040\000T\000O\000D\000O\000\040\000F\000u\000n\000c\000t\000i\000o\000n\000a\000l\000i\000t\000y}{section.12.4}% 111
\BOOKMARK [2][-]{subsection.12.4.2}{\376\377\000E\000x\000t\000e\000n\000d\000e\000d\000\040\000U\000s\000e\000\040\000o\000f\000\040\000T\000O\000D\000O\000\040\000K\000e\000y\000w\000o\000r\000d\000s}{section.12.4}% 112
\BOOKMARK [2][-]{subsection.12.4.3}{\376\377\000P\000r\000o\000g\000r\000e\000s\000s\000\040\000L\000o\000g\000g\000i\000n\000g}{section.12.4}% 113
\BOOKMARK [2][-]{subsection.12.4.4}{\376\377\000P\000r\000i\000o\000r\000i\000t\000i\000e\000s}{section.12.4}% 114
\BOOKMARK [2][-]{subsection.12.4.5}{\376\377\000B\000r\000e\000a\000k\000i\000n\000g\000\040\000D\000o\000w\000n\000\040\000T\000a\000s\000k\000s\000\040\000i\000n\000t\000o\000\040\000S\000u\000b\000t\000a\000s\000k\000s}{section.12.4}% 115
\BOOKMARK [1][-]{section.12.5}{\376\377\000D\000a\000t\000e\000s\000\040\000a\000n\000d\000\040\000T\000i\000m\000e\000s}{chapter.12}% 116
\BOOKMARK [2][-]{subsection.12.5.1}{\376\377\000T\000i\000m\000e\000s\000t\000a\000m\000p\000s}{section.12.5}% 117
\BOOKMARK [2][-]{subsection.12.5.2}{\376\377\000C\000r\000e\000a\000t\000i\000n\000g\000\040\000T\000i\000m\000e\000s\000t\000a\000m\000p\000s}{section.12.5}% 118
\BOOKMARK [2][-]{subsection.12.5.3}{\376\377\000D\000e\000a\000d\000l\000i\000n\000e\000s\000\040\000a\000n\000d\000\040\000S\000c\000h\000e\000d\000u\000l\000i\000n\000g}{section.12.5}% 119
\BOOKMARK [2][-]{subsection.12.5.4}{\376\377\000C\000l\000o\000c\000k\000i\000n\000g\000\040\000W\000o\000r\000k\000\040\000T\000i\000m\000e}{section.12.5}% 120
\BOOKMARK [1][-]{section.12.6}{\376\377\000T\000a\000g\000s}{chapter.12}% 121
\BOOKMARK [1][-]{section.12.7}{\376\377\000A\000g\000e\000n\000d\000a\000\040\000V\000i\000e\000w\000s}{chapter.12}% 122
\BOOKMARK [2][-]{subsection.12.7.1}{\376\377\000A\000g\000e\000n\000d\000a\000\040\000F\000i\000l\000e\000s}{section.12.7}% 123
\BOOKMARK [2][-]{subsection.12.7.2}{\376\377\000T\000h\000e\000\040\000A\000g\000e\000n\000d\000a\000\040\000D\000i\000s\000p\000a\000t\000c\000h\000e\000r}{section.12.7}% 124
\BOOKMARK [1][-]{section.12.8}{\376\377\000o\000r\000g\000-\000r\000o\000a\000m}{chapter.12}% 125
\BOOKMARK [2][-]{subsection.12.8.1}{\376\377\000I\000n\000s\000t\000a\000l\000l\000a\000t\000i\000o\000n}{section.12.8}% 126
\BOOKMARK [2][-]{subsection.12.8.2}{\376\377\000T\000h\000e\000\040\000B\000a\000s\000i\000c}{section.12.8}% 127
\BOOKMARK [0][-]{chapter.13}{\376\377\000P\000y\000t\000h\000o\000n}{}% 128
\BOOKMARK [1][-]{section.13.1}{\376\377\000I\000n\000s\000t\000a\000l\000l\000t\000i\000o\000n}{chapter.13}% 129
\BOOKMARK [2][-]{subsection.13.1.1}{\376\377\000C\000l\000i\000e\000n\000t}{section.13.1}% 130
\BOOKMARK [2][-]{subsection.13.1.2}{\376\377\000I\000n\000s\000t\000a\000l\000l\000\040\000a\000\040\000l\000a\000n\000g\000u\000a\000g\000e\000\040\000s\000e\000r\000v\000e\000r}{section.13.1}% 131
\BOOKMARK [0][-]{section*.60}{\376\377\000B\000i\000b\000l\000i\000o\000g\000r\000a\000p\000h\000y}{}% 132
