\BOOKMARK [1][-]{section.1}{The Interview Process}{}% 1
\BOOKMARK [2][-]{subsection.1.1}{The Basics}{section.1}% 2
\BOOKMARK [3][-]{subsubsection.1.1.1}{Do I need to know this "big O" stuff?}{subsection.1.1}% 3
\BOOKMARK [3][-]{subsubsection.1.1.2}{Which programming language should I use?}{subsection.1.1}% 4
\BOOKMARK [3][-]{subsubsection.1.1.3}{What should I wear?}{subsection.1.1}% 5
\BOOKMARK [3][-]{subsubsection.1.1.4}{Should I send a thank-you note?}{subsection.1.1}% 6
\BOOKMARK [2][-]{subsection.1.2}{Impostor Syndrome}{section.1}% 7
\BOOKMARK [3][-]{subsubsection.1.2.1}{Everything you could know}{subsection.1.2}% 8
\BOOKMARK [3][-]{subsubsection.1.2.2}{The expanding universe}{subsection.1.2}% 9
\BOOKMARK [3][-]{subsubsection.1.2.3}{What everyone else knows}{subsection.1.2}% 10
\BOOKMARK [3][-]{subsubsection.1.2.4}{It's a problem of focus}{subsection.1.2}% 11
\BOOKMARK [2][-]{subsection.1.3}{Organizing Your Interview Timeline}{section.1}% 12
\BOOKMARK [3][-]{subsubsection.1.3.1}{Work backwards from a signing date}{subsection.1.3}% 13
\BOOKMARK [3][-]{subsubsection.1.3.2}{How far out should my signing date be?}{subsection.1.3}% 14
\BOOKMARK [3][-]{subsubsection.1.3.3}{Cast a wide net}{subsection.1.3}% 15
\BOOKMARK [3][-]{subsubsection.1.3.4}{Avoid burnout}{subsection.1.3}% 16
\BOOKMARK [2][-]{subsection.1.4}{Behavioral Questions}{section.1}% 17
\BOOKMARK [3][-]{subsubsection.1.4.1}{\215Show, don\220t tell\216}{subsection.1.4}% 18
\BOOKMARK [3][-]{subsubsection.1.4.2}{Sprinkle in specific details}{subsection.1.4}% 19
\BOOKMARK [3][-]{subsubsection.1.4.3}{Tell a story from your life}{subsection.1.4}% 20
\BOOKMARK [3][-]{subsubsection.1.4.4}{Use someone else\220s voice}{subsection.1.4}% 21
\BOOKMARK [3][-]{subsubsection.1.4.5}{Practice, practice, practice}{subsection.1.4}% 22
\BOOKMARK [1][-]{section.2}{The heard battle: technical whiteboard interviews}{}% 23
\BOOKMARK [2][-]{subsection.2.1}{General Strategy}{section.2}% 24
\BOOKMARK [3][-]{subsubsection.2.1.1}{Chitchat like a pro}{subsection.2.1}% 25
\BOOKMARK [3][-]{subsubsection.2.1.2}{Communication}{subsection.2.1}% 26
\BOOKMARK [3][-]{subsubsection.2.1.3}{Get unstuck}{subsection.2.1}% 27
\BOOKMARK [3][-]{subsubsection.2.1.4}{Get your thoughts down}{subsection.2.1}% 28
\BOOKMARK [3][-]{subsubsection.2.1.5}{Clean up when you're done}{subsection.2.1}% 29
\BOOKMARK [2][-]{subsection.2.2}{Tricks for Getting Unstuck}{section.2}% 30
\BOOKMARK [3][-]{subsubsection.2.2.1}{When you\220re stuck on getting started}{subsection.2.2}% 31
\BOOKMARK [3][-]{subsubsection.2.2.2}{When you\220re stuck on finding optimizations}{subsection.2.2}% 32
\BOOKMARK [3][-]{subsubsection.2.2.3}{When All Else Fails}{subsection.2.2}% 33
\BOOKMARK [3][-]{subsubsection.2.2.4}{Relax. You\220re supposed to get stuck}{subsection.2.2}% 34
\BOOKMARK [2][-]{subsection.2.3}{Dealing With Dead Ends}{section.2}% 35
\BOOKMARK [3][-]{subsubsection.2.3.1}{Listening vs. holding your train of thought}{subsection.2.3}% 36
\BOOKMARK [3][-]{subsubsection.2.3.2}{The programming interview maze}{subsection.2.3}% 37
\BOOKMARK [3][-]{subsubsection.2.3.3}{Hitting a dead end is okay. Failing to listen is not.}{subsection.2.3}% 38
\BOOKMARK [2][-]{subsection.2.4}{The 24 Hours Before Your Interview}{section.2}% 39
\BOOKMARK [3][-]{subsubsection.2.4.1}{Don't study all night \205 sleep!}{subsection.2.4}% 40
\BOOKMARK [3][-]{subsubsection.2.4.2}{Practice stuff you rock at}{subsection.2.4}% 41
\BOOKMARK [3][-]{subsubsection.2.4.3}{Imagine your best day}{subsection.2.4}% 42
\BOOKMARK [3][-]{subsubsection.2.4.4}{Walk through your problem solving process}{subsection.2.4}% 43
\BOOKMARK [3][-]{subsubsection.2.4.5}{Precompute your morning}{subsection.2.4}% 44
\BOOKMARK [3][-]{subsubsection.2.4.6}{Get pumped}{subsection.2.4}% 45
\BOOKMARK [2][-]{subsection.2.5}{Maximizing Your Practice}{section.2}% 46
\BOOKMARK [3][-]{subsubsection.2.5.1}{Track your weak spots}{subsection.2.5}% 47
\BOOKMARK [3][-]{subsubsection.2.5.2}{Use an actual whiteboard}{subsection.2.5}% 48
\BOOKMARK [3][-]{subsubsection.2.5.3}{Set a timer}{subsection.2.5}% 49
\BOOKMARK [3][-]{subsubsection.2.5.4}{Think out loud}{subsection.2.5}% 50
\BOOKMARK [3][-]{subsubsection.2.5.5}{Set aside a specific time of day to practice.}{subsection.2.5}% 51
