\BOOKMARK [1][-]{section.1}{\376\377\000L\000e\000s\000\040\000l\000e\000t\000t\000r\000e\000s\000\040\000i\000n\000d\000i\000v\000i\000d\000u\000e\000l\000l\000e\000s}{}% 1
\BOOKMARK [1][-]{section.2}{\376\377\000Q\000u\000a\000t\000r\000e\000\040\000r\000\350\000g\000l\000e\000s\000\040\000d\000e\000\040\000p\000r\000o\000n\000o\000n\000c\000i\000a\000t\000i\000o\000n}{}% 2
\BOOKMARK [1][-]{section.3}{\376\377\000L\000e\000s\000\040\000l\000e\000t\000t\000r\000e\000s\000\040\000a\000v\000e\000c\000\040\000p\000l\000u\000s\000i\000e\000u\000r\000s\000\040\000p\000r\000o\000n\000o\000n\000c\000i\000a\000t\000i\000o\000n\000s}{}% 3
\BOOKMARK [2][-]{subsection.3.1}{\376\377\000c}{section.3}% 4
\BOOKMARK [2][-]{subsection.3.2}{\376\377\000g}{section.3}% 5
\BOOKMARK [2][-]{subsection.3.3}{\376\377\000o}{section.3}% 6
\BOOKMARK [2][-]{subsection.3.4}{\376\377\000q}{section.3}% 7
\BOOKMARK [2][-]{subsection.3.5}{\376\377\000s}{section.3}% 8
\BOOKMARK [2][-]{subsection.3.6}{\376\377\000w}{section.3}% 9
\BOOKMARK [2][-]{subsection.3.7}{\376\377\000x}{section.3}% 10
\BOOKMARK [2][-]{subsection.3.8}{\376\377\000e}{section.3}% 11
\BOOKMARK [1][-]{section.4}{\376\377\000L\000e\000s\000\040\000l\000e\000t\000t\000r\000e\000s\000\040\000a\000v\000e\000c\000\040\000l\000'\000a\000c\000c\000e\000n\000t}{}% 12
\BOOKMARK [1][-]{section.5}{\376\377\000L\000e\000s\000\040\000c\000o\000m\000b\000i\000n\000a\000i\000s\000o\000n\000s\000\040\000d\000e\000\040\000l\000e\000t\000t\000r\000e\000s}{}% 13
\BOOKMARK [2][-]{subsection.5.1}{\376\377\000a\000i\000,\000\040\000e\000i\000,\000\040\000a\000y\000,\000\040\000e\000y}{section.5}% 14
\BOOKMARK [2][-]{subsection.5.2}{\376\377\000o\000i}{section.5}% 15
\BOOKMARK [2][-]{subsection.5.3}{\376\377\000a\000u\000,\000\040\000e\000a\000u}{section.5}% 16
\BOOKMARK [2][-]{subsection.5.4}{\376\377\000e\000u}{section.5}% 17
\BOOKMARK [2][-]{subsection.5.5}{\376\377\001\123\000u}{section.5}% 18
\BOOKMARK [2][-]{subsection.5.6}{\376\377\000g\000n}{section.5}% 19
\BOOKMARK [2][-]{subsection.5.7}{\376\377\000o\000u}{section.5}% 20
\BOOKMARK [2][-]{subsection.5.8}{\376\377\000a\000n\000,\000\040\000a\000m\000,\000\040\000e\000n\000,\000\040\000e\000m}{section.5}% 21
\BOOKMARK [2][-]{subsection.5.9}{\376\377\000o\000m\000,\000\040\000o\000n}{section.5}% 22
\BOOKMARK [2][-]{subsection.5.10}{\376\377\000i\000m\000,\000\040\000i\000n\000,\000\040\000a\000i\000m\000,\000\040\000a\000i\000n\000,\000\040\000e\000i\000n\000,\000\040\000y\000n\000,\000\040\000y\000m}{section.5}% 23
\BOOKMARK [2][-]{subsection.5.11}{\376\377\000u\000m\000,\000\040\000u\000n}{section.5}% 24
\BOOKMARK [2][-]{subsection.5.12}{\376\377\000t\000i\000o\000n}{section.5}% 25
\BOOKMARK [2][-]{subsection.5.13}{\376\377\000s\000i\000o\000n}{section.5}% 26
\BOOKMARK [2][-]{subsection.5.14}{\376\377\000i\000e\000n}{section.5}% 27
\BOOKMARK [2][-]{subsection.5.15}{\376\377\000t\000i\000e\000n}{section.5}% 28
\BOOKMARK [2][-]{subsection.5.16}{\376\377\000o\000i\000n}{section.5}% 29
\BOOKMARK [2][-]{subsection.5.17}{\376\377\000i\000l}{section.5}% 30
\BOOKMARK [2][-]{subsection.5.18}{\376\377\000i\000l\000l\000,\000\040\000i\000l\000l\000e}{section.5}% 31
\BOOKMARK [2][-]{subsection.5.19}{\376\377\000c\000h\000,\000\040\000s\000c\000h}{section.5}% 32
\BOOKMARK [2][-]{subsection.5.20}{\376\377\000p\000h}{section.5}% 33
\BOOKMARK [2][-]{subsection.5.21}{\376\377\000e\000n\000t}{section.5}% 34
\BOOKMARK [2][-]{subsection.5.22}{\376\377\000e\000r}{section.5}% 35
\BOOKMARK [2][-]{subsection.5.23}{\376\377\000t\000i\000e\000l}{section.5}% 36
