This is XeTeX, Version 3.141592653-2.6-0.999993 (TeX Live 2021) (preloaded format=xelatex 2021.12.31)  10 APR 2022 15:56
entering extended mode
 restricted \write18 enabled.
 %&-line parsing enabled.
**python3.tex
(./python3.tex
LaTeX2e <2020-10-01> patch level 4
L3 programming layer <2021-02-18>
(/usr/local/texlive/2021/texmf-dist/tex/latex/base/book.cls
Document Class: book 2020/04/10 v1.4m Standard LaTeX document class
(/usr/local/texlive/2021/texmf-dist/tex/latex/base/bk10.clo
File: bk10.clo 2020/04/10 v1.4m Standard LaTeX file (size option)
)
\c@part=\count175
\c@chapter=\count176
\c@section=\count177
\c@subsection=\count178
\c@subsubsection=\count179
\c@paragraph=\count180
\c@subparagraph=\count181
\c@figure=\count182
\c@table=\count183
\abovecaptionskip=\skip47
\belowcaptionskip=\skip48
\bibindent=\dimen138
) (./preamble.tex
(/usr/local/texlive/2021/texmf-dist/tex/generic/babel/babel.sty
Package: babel 2021/03/24 3.56 The Babel package

(/usr/local/texlive/2021/texmf-dist/tex/generic/babel/babel.def
File: babel.def 2021/03/24 3.56 Babel common definitions
\babel@savecnt=\count184
\U@D=\dimen139
\l@babelnohyphens=\language87

(/usr/local/texlive/2021/texmf-dist/tex/generic/babel/xebabel.def
(/usr/local/texlive/2021/texmf-dist/tex/generic/babel/txtbabel.def))
\bbl@readstream=\read2
)
\bbl@dirlevel=\count185

(/usr/local/texlive/2021/texmf-dist/tex/generic/babel-english/english.ldf
Language: english 2017/06/06 v3.3r English support from the babel system
Package babel Info: \l@canadian = using hyphenrules for english
(babel)             (\language0) on input line 102.
Package babel Info: \l@australian = using hyphenrules for ukenglish
(babel)             (\language21) on input line 105.
Package babel Info: \l@newzealand = using hyphenrules for ukenglish
(babel)             (\language21) on input line 108.
))
(/usr/local/texlive/2021/texmf-dist/tex/latex/base/inputenc.sty
Package: inputenc 2020/08/01 v1.3d Input encoding file
\inpenc@prehook=\toks15
\inpenc@posthook=\toks16


Package inputenc Warning: inputenc package ignored with utf8 based engines.

) (/usr/local/texlive/2021/texmf-dist/tex/latex/base/fontenc.sty
Package: fontenc 2020/08/10 v2.0s Standard LaTeX package
LaTeX Font Info:    Trying to load font information for T1+lmr on input line 11
2.

(/usr/local/texlive/2021/texmf-dist/tex/latex/lm/t1lmr.fd
File: t1lmr.fd 2015/05/01 v1.6.1 Font defs for Latin Modern
))
(/usr/local/texlive/2021/texmf-dist/tex/latex/lm/lmodern.sty
Package: lmodern 2015/05/01 v1.6.1 Latin Modern Fonts
LaTeX Font Info:    Overwriting symbol font `operators' in version `normal'
(Font)                  OT1/cmr/m/n --> OT1/lmr/m/n on input line 22.
LaTeX Font Info:    Overwriting symbol font `letters' in version `normal'
(Font)                  OML/cmm/m/it --> OML/lmm/m/it on input line 23.
LaTeX Font Info:    Overwriting symbol font `symbols' in version `normal'
(Font)                  OMS/cmsy/m/n --> OMS/lmsy/m/n on input line 24.
LaTeX Font Info:    Overwriting symbol font `largesymbols' in version `normal'
(Font)                  OMX/cmex/m/n --> OMX/lmex/m/n on input line 25.
LaTeX Font Info:    Overwriting symbol font `operators' in version `bold'
(Font)                  OT1/cmr/bx/n --> OT1/lmr/bx/n on input line 26.
LaTeX Font Info:    Overwriting symbol font `letters' in version `bold'
(Font)                  OML/cmm/b/it --> OML/lmm/b/it on input line 27.
LaTeX Font Info:    Overwriting symbol font `symbols' in version `bold'
(Font)                  OMS/cmsy/b/n --> OMS/lmsy/b/n on input line 28.
LaTeX Font Info:    Overwriting symbol font `largesymbols' in version `bold'
(Font)                  OMX/cmex/m/n --> OMX/lmex/m/n on input line 29.
LaTeX Font Info:    Overwriting math alphabet `\mathbf' in version `normal'
(Font)                  OT1/cmr/bx/n --> OT1/lmr/bx/n on input line 31.
LaTeX Font Info:    Overwriting math alphabet `\mathsf' in version `normal'
(Font)                  OT1/cmss/m/n --> OT1/lmss/m/n on input line 32.
LaTeX Font Info:    Overwriting math alphabet `\mathit' in version `normal'
(Font)                  OT1/cmr/m/it --> OT1/lmr/m/it on input line 33.
LaTeX Font Info:    Overwriting math alphabet `\mathtt' in version `normal'
(Font)                  OT1/cmtt/m/n --> OT1/lmtt/m/n on input line 34.
LaTeX Font Info:    Overwriting math alphabet `\mathbf' in version `bold'
(Font)                  OT1/cmr/bx/n --> OT1/lmr/bx/n on input line 35.
LaTeX Font Info:    Overwriting math alphabet `\mathsf' in version `bold'
(Font)                  OT1/cmss/bx/n --> OT1/lmss/bx/n on input line 36.
LaTeX Font Info:    Overwriting math alphabet `\mathit' in version `bold'
(Font)                  OT1/cmr/bx/it --> OT1/lmr/bx/it on input line 37.
LaTeX Font Info:    Overwriting math alphabet `\mathtt' in version `bold'
(Font)                  OT1/cmtt/m/n --> OT1/lmtt/m/n on input line 38.
)
(/usr/local/texlive/2021/texmf-dist/tex/latex/microtype/microtype.sty
Package: microtype 2021/03/14 v2.8c Micro-typographical refinements (RS)

(/usr/local/texlive/2021/texmf-dist/tex/latex/graphics/keyval.sty
Package: keyval 2014/10/28 v1.15 key=value parser (DPC)
\KV@toks@=\toks17
)
\MT@toks=\toks18
\MT@count=\count186
LaTeX Info: Redefining \textls on input line 790.
\MT@outer@kern=\dimen140
LaTeX Info: Redefining \textmicrotypecontext on input line 1374.
\MT@listname@count=\count187

(/usr/local/texlive/2021/texmf-dist/tex/latex/microtype/microtype-xetex.def
File: microtype-xetex.def 2021/03/14 v2.8c Definitions specific to xetex (RS)
LaTeX Info: Redefining \lsstyle on input line 254.
)
Package microtype Info: Loading configuration file microtype.cfg.

(/usr/local/texlive/2021/texmf-dist/tex/latex/microtype/microtype.cfg
File: microtype.cfg 2021/03/14 v2.8c microtype main configuration file (RS)
))
(/usr/local/texlive/2021/texmf-dist/tex/latex/natbib/natbib.sty
Package: natbib 2010/09/13 8.31b (PWD, AO)
\bibhang=\skip49
\bibsep=\skip50
LaTeX Info: Redefining \cite on input line 694.
\c@NAT@ctr=\count188
)
(/usr/local/texlive/2021/texmf-dist/tex/latex/tocbibind/tocbibind.sty
Package: tocbibind 2010/10/13 v1.5k extra ToC listings
Package tocbibind Info: The document has chapter divisions on input line 50.


Package tocbibind Note: Using chapter style headings, unless overridden.

) (/usr/local/texlive/2021/texmf-dist/tex/latex/amsmath/amsmath.sty
Package: amsmath 2020/09/23 v2.17i AMS math features
\@mathmargin=\skip51

For additional information on amsmath, use the `?' option.
(/usr/local/texlive/2021/texmf-dist/tex/latex/amsmath/amstext.sty
Package: amstext 2000/06/29 v2.01 AMS text

(/usr/local/texlive/2021/texmf-dist/tex/latex/amsmath/amsgen.sty
File: amsgen.sty 1999/11/30 v2.0 generic functions
\@emptytoks=\toks19
\ex@=\dimen141
))
(/usr/local/texlive/2021/texmf-dist/tex/latex/amsmath/amsbsy.sty
Package: amsbsy 1999/11/29 v1.2d Bold Symbols
\pmbraise@=\dimen142
)
(/usr/local/texlive/2021/texmf-dist/tex/latex/amsmath/amsopn.sty
Package: amsopn 2016/03/08 v2.02 operator names
)
\inf@bad=\count189
LaTeX Info: Redefining \frac on input line 234.
\uproot@=\count190
\leftroot@=\count191
LaTeX Info: Redefining \overline on input line 399.
\classnum@=\count192
\DOTSCASE@=\count193
LaTeX Info: Redefining \ldots on input line 496.
LaTeX Info: Redefining \dots on input line 499.
LaTeX Info: Redefining \cdots on input line 620.
\Mathstrutbox@=\box47
\strutbox@=\box48
\big@size=\dimen143
LaTeX Font Info:    Redeclaring font encoding OML on input line 743.
LaTeX Font Info:    Redeclaring font encoding OMS on input line 744.
\macc@depth=\count194
\c@MaxMatrixCols=\count195
\dotsspace@=\muskip16
\c@parentequation=\count196
\dspbrk@lvl=\count197
\tag@help=\toks20
\row@=\count198
\column@=\count199
\maxfields@=\count266
\andhelp@=\toks21
\eqnshift@=\dimen144
\alignsep@=\dimen145
\tagshift@=\dimen146
\tagwidth@=\dimen147
\totwidth@=\dimen148
\lineht@=\dimen149
\@envbody=\toks22
\multlinegap=\skip52
\multlinetaggap=\skip53
\mathdisplay@stack=\toks23
LaTeX Info: Redefining \[ on input line 2923.
LaTeX Info: Redefining \] on input line 2924.
)
(/usr/local/texlive/2021/texmf-dist/tex/latex/amscls/amsthm.sty
Package: amsthm 2020/05/29 v2.20.6
\thm@style=\toks24
\thm@bodyfont=\toks25
\thm@headfont=\toks26
\thm@notefont=\toks27
\thm@headpunct=\toks28
\thm@preskip=\skip54
\thm@postskip=\skip55
\thm@headsep=\skip56
\dth@everypar=\toks29
)
(/usr/local/texlive/2021/texmf-dist/tex/latex/hyperref/hyperref.sty
Package: hyperref 2021-02-27 v7.00k Hypertext links for LaTeX

(/usr/local/texlive/2021/texmf-dist/tex/generic/ltxcmds/ltxcmds.sty
Package: ltxcmds 2020-05-10 v1.25 LaTeX kernel commands for general use (HO)
)
(/usr/local/texlive/2021/texmf-dist/tex/generic/iftex/iftex.sty
Package: iftex 2020/03/06 v1.0d TeX engine tests
)
(/usr/local/texlive/2021/texmf-dist/tex/generic/pdftexcmds/pdftexcmds.sty
Package: pdftexcmds 2020-06-27 v0.33 Utility functions of pdfTeX for LuaTeX (HO
)

(/usr/local/texlive/2021/texmf-dist/tex/generic/infwarerr/infwarerr.sty
Package: infwarerr 2019/12/03 v1.5 Providing info/warning/error messages (HO)
)
Package pdftexcmds Info: \pdf@primitive is available.
Package pdftexcmds Info: \pdf@ifprimitive is available.
Package pdftexcmds Info: \pdfdraftmode not found.
)
(/usr/local/texlive/2021/texmf-dist/tex/generic/kvsetkeys/kvsetkeys.sty
Package: kvsetkeys 2019/12/15 v1.18 Key value parser (HO)
)
(/usr/local/texlive/2021/texmf-dist/tex/generic/kvdefinekeys/kvdefinekeys.sty
Package: kvdefinekeys 2019-12-19 v1.6 Define keys (HO)
)
(/usr/local/texlive/2021/texmf-dist/tex/generic/pdfescape/pdfescape.sty
Package: pdfescape 2019/12/09 v1.15 Implements pdfTeX's escape features (HO)
)
(/usr/local/texlive/2021/texmf-dist/tex/latex/hycolor/hycolor.sty
Package: hycolor 2020-01-27 v1.10 Color options for hyperref/bookmark (HO)
)
(/usr/local/texlive/2021/texmf-dist/tex/latex/letltxmacro/letltxmacro.sty
Package: letltxmacro 2019/12/03 v1.6 Let assignment for LaTeX macros (HO)
)
(/usr/local/texlive/2021/texmf-dist/tex/latex/auxhook/auxhook.sty
Package: auxhook 2019-12-17 v1.6 Hooks for auxiliary files (HO)
)
(/usr/local/texlive/2021/texmf-dist/tex/latex/kvoptions/kvoptions.sty
Package: kvoptions 2020-10-07 v3.14 Key value format for package options (HO)
)
\@linkdim=\dimen150
\Hy@linkcounter=\count267
\Hy@pagecounter=\count268

(/usr/local/texlive/2021/texmf-dist/tex/latex/hyperref/pd1enc.def
File: pd1enc.def 2021-02-27 v7.00k Hyperref: PDFDocEncoding definition (HO)
)
(/usr/local/texlive/2021/texmf-dist/tex/latex/hyperref/hyperref-langpatches.def
File: hyperref-langpatches.def 2021-02-27 v7.00k Hyperref: patches for babel la
nguages
) (/usr/local/texlive/2021/texmf-dist/tex/generic/intcalc/intcalc.sty
Package: intcalc 2019/12/15 v1.3 Expandable calculations with integers (HO)
)
(/usr/local/texlive/2021/texmf-dist/tex/generic/etexcmds/etexcmds.sty
Package: etexcmds 2019/12/15 v1.7 Avoid name clashes with e-TeX commands (HO)
)
\Hy@SavedSpaceFactor=\count269

(/usr/local/texlive/2021/texmf-dist/tex/latex/hyperref/puenc.def
File: puenc.def 2021-02-27 v7.00k Hyperref: PDF Unicode definition (HO)
)
Package hyperref Info: Option `colorlinks' set `true' on input line 4073.
Package hyperref Info: Hyper figures OFF on input line 4192.
Package hyperref Info: Link nesting OFF on input line 4197.
Package hyperref Info: Hyper index ON on input line 4200.
Package hyperref Info: Plain pages OFF on input line 4207.
Package hyperref Info: Backreferencing OFF on input line 4212.
Package hyperref Info: Implicit mode ON; LaTeX internals redefined.
Package hyperref Info: Bookmarks ON on input line 4445.
\c@Hy@tempcnt=\count270

(/usr/local/texlive/2021/texmf-dist/tex/latex/url/url.sty
\Urlmuskip=\muskip17
Package: url 2013/09/16  ver 3.4  Verb mode for urls, etc.
)
LaTeX Info: Redefining \url on input line 4804.
\XeTeXLinkMargin=\dimen151

(/usr/local/texlive/2021/texmf-dist/tex/generic/bitset/bitset.sty
Package: bitset 2019/12/09 v1.3 Handle bit-vector datatype (HO)

(/usr/local/texlive/2021/texmf-dist/tex/generic/bigintcalc/bigintcalc.sty
Package: bigintcalc 2019/12/15 v1.5 Expandable calculations on big integers (HO
)
))
\Fld@menulength=\count271
\Field@Width=\dimen152
\Fld@charsize=\dimen153
Package hyperref Info: Hyper figures OFF on input line 6075.
Package hyperref Info: Link nesting OFF on input line 6080.
Package hyperref Info: Hyper index ON on input line 6083.
Package hyperref Info: backreferencing OFF on input line 6090.
Package hyperref Info: Link coloring ON on input line 6093.
Package hyperref Info: Link coloring with OCG OFF on input line 6100.
Package hyperref Info: PDF/A mode OFF on input line 6105.
LaTeX Info: Redefining \ref on input line 6145.
LaTeX Info: Redefining \pageref on input line 6149.

(/usr/local/texlive/2021/texmf-dist/tex/latex/base/atbegshi-ltx.sty
Package: atbegshi-ltx 2020/08/17 v1.0a Emulation of the original atbegshi packa
ge
with kernel methods
)
\Hy@abspage=\count272
\c@Item=\count273
\c@Hfootnote=\count274
)
Package hyperref Info: Driver (autodetected): hxetex.

(/usr/local/texlive/2021/texmf-dist/tex/latex/hyperref/hxetex.def
File: hxetex.def 2021-02-27 v7.00k Hyperref driver for XeTeX

(/usr/local/texlive/2021/texmf-dist/tex/generic/stringenc/stringenc.sty
Package: stringenc 2019/11/29 v1.12 Convert strings between diff. encodings (HO
)
)
\pdfm@box=\box49
\c@Hy@AnnotLevel=\count275
\HyField@AnnotCount=\count276
\Fld@listcount=\count277
\c@bookmark@seq@number=\count278

(/usr/local/texlive/2021/texmf-dist/tex/latex/rerunfilecheck/rerunfilecheck.sty
Package: rerunfilecheck 2019/12/05 v1.9 Rerun checks for auxiliary files (HO)
(/usr/local/texlive/2021/texmf-dist/tex/latex/base/atveryend-ltx.sty
Package: atveryend-ltx 2020/08/19 v1.0a Emulation of the original atvery packag
e
with kernel methods
)
(/usr/local/texlive/2021/texmf-dist/tex/generic/uniquecounter/uniquecounter.sty
Package: uniquecounter 2019/12/15 v1.4 Provide unlimited unique counter (HO)
)
Package uniquecounter Info: New unique counter `rerunfilecheck' on input line 2
86.
)
\Hy@SectionHShift=\skip57
) (/usr/local/texlive/2021/texmf-dist/tex/latex/listings/listings.sty
\lst@mode=\count279
\lst@gtempboxa=\box50
\lst@token=\toks30
\lst@length=\count280
\lst@currlwidth=\dimen154
\lst@column=\count281
\lst@pos=\count282
\lst@lostspace=\dimen155
\lst@width=\dimen156
\lst@newlines=\count283
\lst@lineno=\count284
\lst@maxwidth=\dimen157

(/usr/local/texlive/2021/texmf-dist/tex/latex/listings/lstmisc.sty
File: lstmisc.sty 2020/03/24 1.8d (Carsten Heinz)
\c@lstnumber=\count285
\lst@skipnumbers=\count286
\lst@framebox=\box51
)
(/usr/local/texlive/2021/texmf-dist/tex/latex/listings/listings.cfg
File: listings.cfg 2020/03/24 1.8d listings configuration
))
Package: listings 2020/03/24 1.8d (Carsten Heinz)

(/usr/local/texlive/2021/texmf-dist/tex/latex/graphics/color.sty
Package: color 2020/02/24 v1.2b Standard LaTeX Color (DPC)

(/usr/local/texlive/2021/texmf-dist/tex/latex/graphics-cfg/color.cfg
File: color.cfg 2016/01/02 v1.6 sample color configuration
)
Package color Info: Driver file: xetex.def on input line 147.

(/usr/local/texlive/2021/texmf-dist/tex/latex/graphics-def/xetex.def
File: xetex.def 2021/03/18 v5.0k Graphics/color driver for xetex
))
(/usr/local/texlive/2021/texmf-dist/tex/latex/xcolor/xcolor.sty
Package: xcolor 2016/05/11 v2.12 LaTeX color extensions (UK)

(/usr/local/texlive/2021/texmf-dist/tex/latex/graphics-cfg/color.cfg
File: color.cfg 2016/01/02 v1.6 sample color configuration
)
Package xcolor Info: Driver file: xetex.def on input line 225.
LaTeX Info: Redefining \color on input line 709.
Package xcolor Info: Model `cmy' substituted by `cmy0' on input line 1348.
Package xcolor Info: Model `RGB' extended on input line 1364.
Package xcolor Info: Model `HTML' substituted by `rgb' on input line 1366.
Package xcolor Info: Model `Hsb' substituted by `hsb' on input line 1367.
Package xcolor Info: Model `tHsb' substituted by `hsb' on input line 1368.
Package xcolor Info: Model `HSB' substituted by `hsb' on input line 1369.
Package xcolor Info: Model `Gray' substituted by `gray' on input line 1370.
Package xcolor Info: Model `wave' substituted by `hsb' on input line 1371.
)
(/usr/local/texlive/2021/texmf-dist/tex/latex/tools/indentfirst.sty
Package: indentfirst 1995/11/23 v1.03 Indent first paragraph (DPC)
)
(/usr/local/texlive/2021/texmf-dist/tex/latex/setspace/setspace.sty
Package: setspace 2011/12/19 v6.7a set line spacing
)
(/usr/local/texlive/2021/texmf-dist/tex/latex/pdfpages/pdfpages.sty
Package: pdfpages 2021/03/06 v0.5t Insert pages of external PDF documents (AM)

(/usr/local/texlive/2021/texmf-dist/tex/latex/base/ifthen.sty
Package: ifthen 2014/09/29 v1.1c Standard LaTeX ifthen package (DPC)
)
(/usr/local/texlive/2021/texmf-dist/tex/latex/tools/calc.sty
Package: calc 2017/05/25 v4.3 Infix arithmetic (KKT,FJ)
\calc@Acount=\count287
\calc@Bcount=\count288
\calc@Adimen=\dimen158
\calc@Bdimen=\dimen159
\calc@Askip=\skip58
\calc@Bskip=\skip59
LaTeX Info: Redefining \setlength on input line 80.
LaTeX Info: Redefining \addtolength on input line 81.
\calc@Ccount=\count289
\calc@Cskip=\skip60
)
(/usr/local/texlive/2021/texmf-dist/tex/latex/eso-pic/eso-pic.sty
Package: eso-pic 2020/10/14 v3.0a eso-pic (RN)
\ESO@tempdima=\dimen160
\ESO@tempdimb=\dimen161
)
(/usr/local/texlive/2021/texmf-dist/tex/latex/graphics/graphicx.sty
Package: graphicx 2020/09/09 v1.2b Enhanced LaTeX Graphics (DPC,SPQR)

(/usr/local/texlive/2021/texmf-dist/tex/latex/graphics/graphics.sty
Package: graphics 2020/08/30 v1.4c Standard LaTeX Graphics (DPC,SPQR)

(/usr/local/texlive/2021/texmf-dist/tex/latex/graphics/trig.sty
Package: trig 2016/01/03 v1.10 sin cos tan (DPC)
)
(/usr/local/texlive/2021/texmf-dist/tex/latex/graphics-cfg/graphics.cfg
File: graphics.cfg 2016/06/04 v1.11 sample graphics configuration
)
Package graphics Info: Driver file: xetex.def on input line 105.
)
\Gin@req@height=\dimen162
\Gin@req@width=\dimen163
)
\AM@pagewidth=\dimen164
\AM@pageheight=\dimen165
\AM@fboxrule=\dimen166

(/usr/local/texlive/2021/texmf-dist/tex/latex/pdfpages/ppxetex.def
File: ppxetex.def 2021/03/06 v0.5t Pdfpages driver for XeTeX (AM)
)
\pdfpages@includegraphics@status=\count290
\AM@pagebox=\box52
\AM@global@opts=\toks31
\AM@pagecnt=\count291
\AM@toc@title=\toks32
\c@AM@survey=\count292
\AM@templatesizebox=\box53
)
(/usr/local/texlive/2021/texmf-dist/tex/latex/booktabs/booktabs.sty
Package: booktabs 2020/01/12 v1.61803398 Publication quality tables
\heavyrulewidth=\dimen167
\lightrulewidth=\dimen168
\cmidrulewidth=\dimen169
\belowrulesep=\dimen170
\belowbottomsep=\dimen171
\aboverulesep=\dimen172
\abovetopsep=\dimen173
\cmidrulesep=\dimen174
\cmidrulekern=\dimen175
\defaultaddspace=\dimen176
\@cmidla=\count293
\@cmidlb=\count294
\@aboverulesep=\dimen177
\@belowrulesep=\dimen178
\@thisruleclass=\count295
\@lastruleclass=\count296
\@thisrulewidth=\dimen179
)
(/usr/local/texlive/2021/texmf-dist/tex/latex/tcolorbox/tcolorbox.sty
Package: tcolorbox 2020/10/09 version 4.42 text color boxes

(/usr/local/texlive/2021/texmf-dist/tex/latex/pgf/basiclayer/pgf.sty
(/usr/local/texlive/2021/texmf-dist/tex/latex/pgf/utilities/pgfrcs.sty
(/usr/local/texlive/2021/texmf-dist/tex/generic/pgf/utilities/pgfutil-common.te
x
\pgfutil@everybye=\toks33
\pgfutil@tempdima=\dimen180
\pgfutil@tempdimb=\dimen181

(/usr/local/texlive/2021/texmf-dist/tex/generic/pgf/utilities/pgfutil-common-li
sts.tex))
(/usr/local/texlive/2021/texmf-dist/tex/generic/pgf/utilities/pgfutil-latex.def
\pgfutil@abb=\box54
) (/usr/local/texlive/2021/texmf-dist/tex/generic/pgf/utilities/pgfrcs.code.tex
(/usr/local/texlive/2021/texmf-dist/tex/generic/pgf/pgf.revision.tex)
Package: pgfrcs 2020/12/27 v3.1.8b (3.1.8b)
))
Package: pgf 2020/12/27 v3.1.8b (3.1.8b)

(/usr/local/texlive/2021/texmf-dist/tex/latex/pgf/basiclayer/pgfcore.sty
(/usr/local/texlive/2021/texmf-dist/tex/latex/pgf/systemlayer/pgfsys.sty
(/usr/local/texlive/2021/texmf-dist/tex/generic/pgf/systemlayer/pgfsys.code.tex
Package: pgfsys 2020/12/27 v3.1.8b (3.1.8b)
(/usr/local/texlive/2021/texmf-dist/tex/generic/pgf/utilities/pgfkeys.code.tex
\pgfkeys@pathtoks=\toks34
\pgfkeys@temptoks=\toks35

(/usr/local/texlive/2021/texmf-dist/tex/generic/pgf/utilities/pgfkeysfiltered.c
ode.tex
\pgfkeys@tmptoks=\toks36
))
\pgf@x=\dimen182
\pgf@y=\dimen183
\pgf@xa=\dimen184
\pgf@ya=\dimen185
\pgf@xb=\dimen186
\pgf@yb=\dimen187
\pgf@xc=\dimen188
\pgf@yc=\dimen189
\pgf@xd=\dimen190
\pgf@yd=\dimen191
\w@pgf@writea=\write3
\r@pgf@reada=\read3
\c@pgf@counta=\count297
\c@pgf@countb=\count298
\c@pgf@countc=\count299
\c@pgf@countd=\count300
\t@pgf@toka=\toks37
\t@pgf@tokb=\toks38
\t@pgf@tokc=\toks39
\pgf@sys@id@count=\count301

(/usr/local/texlive/2021/texmf-dist/tex/generic/pgf/systemlayer/pgf.cfg
File: pgf.cfg 2020/12/27 v3.1.8b (3.1.8b)
)
Driver file for pgf: pgfsys-xetex.def

(/usr/local/texlive/2021/texmf-dist/tex/generic/pgf/systemlayer/pgfsys-xetex.de
f
File: pgfsys-xetex.def 2020/12/27 v3.1.8b (3.1.8b)

(/usr/local/texlive/2021/texmf-dist/tex/generic/pgf/systemlayer/pgfsys-dvipdfmx
.def
File: pgfsys-dvipdfmx.def 2020/12/27 v3.1.8b (3.1.8b)

(/usr/local/texlive/2021/texmf-dist/tex/generic/pgf/systemlayer/pgfsys-common-p
df.def
File: pgfsys-common-pdf.def 2020/12/27 v3.1.8b (3.1.8b)
)
\pgfsys@objnum=\count302
)))
(/usr/local/texlive/2021/texmf-dist/tex/generic/pgf/systemlayer/pgfsyssoftpath.
code.tex
File: pgfsyssoftpath.code.tex 2020/12/27 v3.1.8b (3.1.8b)
\pgfsyssoftpath@smallbuffer@items=\count303
\pgfsyssoftpath@bigbuffer@items=\count304
)
(/usr/local/texlive/2021/texmf-dist/tex/generic/pgf/systemlayer/pgfsysprotocol.
code.tex
File: pgfsysprotocol.code.tex 2020/12/27 v3.1.8b (3.1.8b)
))
(/usr/local/texlive/2021/texmf-dist/tex/generic/pgf/basiclayer/pgfcore.code.tex
Package: pgfcore 2020/12/27 v3.1.8b (3.1.8b)
(/usr/local/texlive/2021/texmf-dist/tex/generic/pgf/math/pgfmath.code.tex
(/usr/local/texlive/2021/texmf-dist/tex/generic/pgf/math/pgfmathcalc.code.tex
(/usr/local/texlive/2021/texmf-dist/tex/generic/pgf/math/pgfmathutil.code.tex)
(/usr/local/texlive/2021/texmf-dist/tex/generic/pgf/math/pgfmathparser.code.tex
\pgfmath@dimen=\dimen192
\pgfmath@count=\count305
\pgfmath@box=\box55
\pgfmath@toks=\toks40
\pgfmath@stack@operand=\toks41
\pgfmath@stack@operation=\toks42
)
(/usr/local/texlive/2021/texmf-dist/tex/generic/pgf/math/pgfmathfunctions.code.
tex
(/usr/local/texlive/2021/texmf-dist/tex/generic/pgf/math/pgfmathfunctions.basic
.code.tex)
(/usr/local/texlive/2021/texmf-dist/tex/generic/pgf/math/pgfmathfunctions.trigo
nometric.code.tex)
(/usr/local/texlive/2021/texmf-dist/tex/generic/pgf/math/pgfmathfunctions.rando
m.code.tex)
(/usr/local/texlive/2021/texmf-dist/tex/generic/pgf/math/pgfmathfunctions.compa
rison.code.tex)
(/usr/local/texlive/2021/texmf-dist/tex/generic/pgf/math/pgfmathfunctions.base.
code.tex)
(/usr/local/texlive/2021/texmf-dist/tex/generic/pgf/math/pgfmathfunctions.round
.code.tex)
(/usr/local/texlive/2021/texmf-dist/tex/generic/pgf/math/pgfmathfunctions.misc.
code.tex)
(/usr/local/texlive/2021/texmf-dist/tex/generic/pgf/math/pgfmathfunctions.integ
erarithmetics.code.tex)))
(/usr/local/texlive/2021/texmf-dist/tex/generic/pgf/math/pgfmathfloat.code.tex
\c@pgfmathroundto@lastzeros=\count306
)) (/usr/local/texlive/2021/texmf-dist/tex/generic/pgf/math/pgfint.code.tex)
(/usr/local/texlive/2021/texmf-dist/tex/generic/pgf/basiclayer/pgfcorepoints.co
de.tex
File: pgfcorepoints.code.tex 2020/12/27 v3.1.8b (3.1.8b)
\pgf@picminx=\dimen193
\pgf@picmaxx=\dimen194
\pgf@picminy=\dimen195
\pgf@picmaxy=\dimen196
\pgf@pathminx=\dimen197
\pgf@pathmaxx=\dimen198
\pgf@pathminy=\dimen199
\pgf@pathmaxy=\dimen256
\pgf@xx=\dimen257
\pgf@xy=\dimen258
\pgf@yx=\dimen259
\pgf@yy=\dimen260
\pgf@zx=\dimen261
\pgf@zy=\dimen262
)
(/usr/local/texlive/2021/texmf-dist/tex/generic/pgf/basiclayer/pgfcorepathconst
ruct.code.tex
File: pgfcorepathconstruct.code.tex 2020/12/27 v3.1.8b (3.1.8b)
\pgf@path@lastx=\dimen263
\pgf@path@lasty=\dimen264
)
(/usr/local/texlive/2021/texmf-dist/tex/generic/pgf/basiclayer/pgfcorepathusage
.code.tex
File: pgfcorepathusage.code.tex 2020/12/27 v3.1.8b (3.1.8b)
\pgf@shorten@end@additional=\dimen265
\pgf@shorten@start@additional=\dimen266
)
(/usr/local/texlive/2021/texmf-dist/tex/generic/pgf/basiclayer/pgfcorescopes.co
de.tex
File: pgfcorescopes.code.tex 2020/12/27 v3.1.8b (3.1.8b)
\pgfpic=\box56
\pgf@hbox=\box57
\pgf@layerbox@main=\box58
\pgf@picture@serial@count=\count307
)
(/usr/local/texlive/2021/texmf-dist/tex/generic/pgf/basiclayer/pgfcoregraphicst
ate.code.tex
File: pgfcoregraphicstate.code.tex 2020/12/27 v3.1.8b (3.1.8b)
\pgflinewidth=\dimen267
)
(/usr/local/texlive/2021/texmf-dist/tex/generic/pgf/basiclayer/pgfcoretransform
ations.code.tex
File: pgfcoretransformations.code.tex 2020/12/27 v3.1.8b (3.1.8b)
\pgf@pt@x=\dimen268
\pgf@pt@y=\dimen269
\pgf@pt@temp=\dimen270
)
(/usr/local/texlive/2021/texmf-dist/tex/generic/pgf/basiclayer/pgfcorequick.cod
e.tex
File: pgfcorequick.code.tex 2020/12/27 v3.1.8b (3.1.8b)
)
(/usr/local/texlive/2021/texmf-dist/tex/generic/pgf/basiclayer/pgfcoreobjects.c
ode.tex
File: pgfcoreobjects.code.tex 2020/12/27 v3.1.8b (3.1.8b)
)
(/usr/local/texlive/2021/texmf-dist/tex/generic/pgf/basiclayer/pgfcorepathproce
ssing.code.tex
File: pgfcorepathprocessing.code.tex 2020/12/27 v3.1.8b (3.1.8b)
)
(/usr/local/texlive/2021/texmf-dist/tex/generic/pgf/basiclayer/pgfcorearrows.co
de.tex
File: pgfcorearrows.code.tex 2020/12/27 v3.1.8b (3.1.8b)
\pgfarrowsep=\dimen271
)
(/usr/local/texlive/2021/texmf-dist/tex/generic/pgf/basiclayer/pgfcoreshade.cod
e.tex
File: pgfcoreshade.code.tex 2020/12/27 v3.1.8b (3.1.8b)
\pgf@max=\dimen272
\pgf@sys@shading@range@num=\count308
\pgf@shadingcount=\count309
)
(/usr/local/texlive/2021/texmf-dist/tex/generic/pgf/basiclayer/pgfcoreimage.cod
e.tex
File: pgfcoreimage.code.tex 2020/12/27 v3.1.8b (3.1.8b)

(/usr/local/texlive/2021/texmf-dist/tex/generic/pgf/basiclayer/pgfcoreexternal.
code.tex
File: pgfcoreexternal.code.tex 2020/12/27 v3.1.8b (3.1.8b)
\pgfexternal@startupbox=\box59
))
(/usr/local/texlive/2021/texmf-dist/tex/generic/pgf/basiclayer/pgfcorelayers.co
de.tex
File: pgfcorelayers.code.tex 2020/12/27 v3.1.8b (3.1.8b)
)
(/usr/local/texlive/2021/texmf-dist/tex/generic/pgf/basiclayer/pgfcoretranspare
ncy.code.tex
File: pgfcoretransparency.code.tex 2020/12/27 v3.1.8b (3.1.8b)
)
(/usr/local/texlive/2021/texmf-dist/tex/generic/pgf/basiclayer/pgfcorepatterns.
code.tex
File: pgfcorepatterns.code.tex 2020/12/27 v3.1.8b (3.1.8b)
)
(/usr/local/texlive/2021/texmf-dist/tex/generic/pgf/basiclayer/pgfcorerdf.code.
tex
File: pgfcorerdf.code.tex 2020/12/27 v3.1.8b (3.1.8b)
)))
(/usr/local/texlive/2021/texmf-dist/tex/generic/pgf/modules/pgfmoduleshapes.cod
e.tex
File: pgfmoduleshapes.code.tex 2020/12/27 v3.1.8b (3.1.8b)
\pgfnodeparttextbox=\box60
)
(/usr/local/texlive/2021/texmf-dist/tex/generic/pgf/modules/pgfmoduleplot.code.
tex
File: pgfmoduleplot.code.tex 2020/12/27 v3.1.8b (3.1.8b)
)
(/usr/local/texlive/2021/texmf-dist/tex/latex/pgf/compatibility/pgfcomp-version
-0-65.sty
Package: pgfcomp-version-0-65 2020/12/27 v3.1.8b (3.1.8b)
\pgf@nodesepstart=\dimen273
\pgf@nodesepend=\dimen274
)
(/usr/local/texlive/2021/texmf-dist/tex/latex/pgf/compatibility/pgfcomp-version
-1-18.sty
Package: pgfcomp-version-1-18 2020/12/27 v3.1.8b (3.1.8b)
)) (/usr/local/texlive/2021/texmf-dist/tex/latex/tools/verbatim.sty
Package: verbatim 2020-07-07 v1.5u LaTeX2e package for verbatim enhancements
\every@verbatim=\toks43
\verbatim@line=\toks44
\verbatim@in@stream=\read4
)
(/usr/local/texlive/2021/texmf-dist/tex/latex/environ/environ.sty
Package: environ 2014/05/04 v0.3 A new way to define environments

(/usr/local/texlive/2021/texmf-dist/tex/latex/trimspaces/trimspaces.sty
Package: trimspaces 2009/09/17 v1.1 Trim spaces around a token list
))
(/usr/local/texlive/2021/texmf-dist/tex/latex/etoolbox/etoolbox.sty
Package: etoolbox 2020/10/05 v2.5k e-TeX tools for LaTeX (JAW)
\etb@tempcnta=\count310
)
\tcb@titlebox=\box61
\tcb@upperbox=\box62
\tcb@lowerbox=\box63
\tcb@phantombox=\box64
\c@tcbbreakpart=\count311
\c@tcblayer=\count312
\c@tcolorbox@number=\count313
\tcb@temp=\box65
\tcb@temp=\box66
\tcb@temp=\box67
\tcb@temp=\box68
\tcb@out=\write4
\tcb@record@out=\write5
)
(/usr/local/texlive/2021/texmf-dist/tex/latex/float/float.sty
Package: float 2001/11/08 v1.3d Float enhancements (AL)
\c@float@type=\count314
\float@exts=\toks45
\float@box=\box69
\@float@everytoks=\toks46
\@floatcapt=\box70
)
(/usr/local/texlive/2021/texmf-dist/tex/latex/tipa/tipa.sty
Package: tipa 2002/08/08 TIPA version 1.1

(/usr/local/texlive/2021/texmf-dist/tex/latex/base/fontenc.sty
Package: fontenc 2020/08/10 v2.0s Standard LaTeX package

(/usr/local/texlive/2021/texmf-dist/tex/latex/tipa/t3enc.def
File: t3enc.def 2001/12/31 T3 encoding
LaTeX Font Info:    Trying to load font information for T1+lmss on input line 3
57.

(/usr/local/texlive/2021/texmf-dist/tex/latex/lm/t1lmss.fd
File: t1lmss.fd 2015/05/01 v1.6.1 Font defs for Latin Modern
))))
(/usr/local/texlive/2021/texmf-dist/tex/latex/tipa/tipx.sty
Package: tipx 2003/01/01 TIPX version 1.2
)
(/usr/local/texlive/2021/texmf-dist/tex/latex/datetime/datetime.sty
Package: datetime 2015/03/20 v2.60 Date Time Package

(/usr/local/texlive/2021/texmf-dist/tex/latex/fmtcount/fmtcount.sty
Invalid UTF-8 byte or sequence at line 10 replaced by U+FFFD.
Invalid UTF-8 byte or sequence at line 22 replaced by U+FFFD.
Package: fmtcount 2020/01/30 v3.07

(/usr/local/texlive/2021/texmf-dist/tex/latex/xkeyval/xkeyval.sty
Package: xkeyval 2020/11/20 v2.8 package option processing (HA)

(/usr/local/texlive/2021/texmf-dist/tex/generic/xkeyval/xkeyval.tex
(/usr/local/texlive/2021/texmf-dist/tex/generic/xkeyval/xkvutils.tex
\XKV@toks=\toks47
\XKV@tempa@toks=\toks48
)
\XKV@depth=\count315
File: xkeyval.tex 2014/12/03 v2.7a key=value parser (HA)
))
(/usr/local/texlive/2021/texmf-dist/tex/latex/fmtcount/fcprefix.sty
Invalid UTF-8 byte or sequence at line 10 replaced by U+FFFD.
Invalid UTF-8 byte or sequence at line 22 replaced by U+FFFD.
Package: fcprefix 2012/09/28

(/usr/local/texlive/2021/texmf-dist/tex/latex/fmtcount/fcnumparser.sty
Invalid UTF-8 byte or sequence at line 10 replaced by U+FFFD.
Invalid UTF-8 byte or sequence at line 22 replaced by U+FFFD.
Package: fcnumparser 2017/06/15
\fc@digit@counter=\count316
))
\c@padzeroesN=\count317
\fc@tmpcatcode=\count318

(/usr/local/texlive/2021/texmf-dist/tex/latex/fmtcount/fc-english.def
Invalid UTF-8 byte or sequence at line 10 replaced by U+FFFD.
Invalid UTF-8 byte or sequence at line 22 replaced by U+FFFD.
File: fc-english.def 2016/01/12
)
\@DT@modctr=\count319
\@ordinalctr=\count320
\@orgargctr=\count321
\@strctr=\count322
\@tmpstrctr=\count323
\@DT@loopN=\count324
\@DT@X=\count325
)
(/usr/local/texlive/2021/texmf-dist/tex/latex/datetime/datetime-defaults.sty
Package: datetime-defaults 2013/09/10
)
\@day=\count326
\@month=\count327
\@year=\count328
\c@HOUR=\count329
\c@HOURXII=\count330
\c@MINUTE=\count331
\c@TOHOUR=\count332
\c@TOMINUTE=\count333
\c@SECOND=\count334
\currenthour=\count335
\currentminute=\count336
\currentsecond=\count337
Package datetime Info: No datetime.cfg file found, using default settings on in
put line 308.
\@dtctr=\count338
\dayofyear=\count339
\dayofweek=\count340
LaTeX Info: Redefining \today on input line 736.
\dt@a=\toks49
\dt@b=\toks50
)
(/usr/local/texlive/2021/texmf-dist/tex/latex/tools/bm.sty
Package: bm 2019/07/24 v1.2d Bold Symbol Support (DPC/FMi)
\symboldoperators=\mathgroup4
\symboldletters=\mathgroup5
\symboldsymbols=\mathgroup6
LaTeX Font Info:    Redeclaring math alphabet \mathbf on input line 141.
LaTeX Info: Redefining \bm on input line 209.
)
(/usr/local/texlive/2021/texmf-dist/tex/latex/amsfonts/amsfonts.sty
Package: amsfonts 2013/01/14 v3.01 Basic AMSFonts support
\symAMSa=\mathgroup7
\symAMSb=\mathgroup8
LaTeX Font Info:    Redeclaring math symbol \hbar on input line 98.
LaTeX Font Info:    Overwriting math alphabet `\mathfrak' in version `bold'
(Font)                  U/euf/m/n --> U/euf/b/n on input line 106.
)
(/usr/local/texlive/2021/texmf-dist/tex/generic/ulem/ulem.sty
\UL@box=\box71
\UL@hyphenbox=\box72
\UL@skip=\skip61
\UL@hook=\toks51
\UL@height=\dimen275
\UL@pe=\count341
\UL@pixel=\dimen276
\ULC@box=\box73
Package: ulem 2019/11/18
\ULdepth=\dimen277
))
(/usr/local/texlive/2021/texmf-dist/tex/latex/l3backend/l3backend-xetex.def
File: l3backend-xetex.def 2021-03-18 L3 backend support: XeTeX

(|extractbb --version)
\c__kernel_sys_dvipdfmx_version_int=\count342
\l__color_backend_stack_int=\count343
\g__color_backend_stack_int=\count344
\g__graphics_track_int=\count345
\l__pdf_internal_box=\box74
\g__pdf_backend_object_int=\count346
\g__pdf_backend_annotation_int=\count347
\g__pdf_backend_link_int=\count348
) (./python3.aux (./title.aux) (./dedication.aux)
(./rapid-introduction-to-procedural-programming.aux) (./data-types.aux)
(./collection-data-types.aux) (./control-structures-and-functions.aux)
(./modules.aux) (./object-oriented-programming.aux) (./file-handling.aux)
(./advanced-programming-techniques.aux) (./debugging-testing-and-profiling.aux)
(./processes-and-threading.aux) (./networking.aux) (./database-programming.aux)
(./regular-expression.aux) (./introduction-to-parsing.aux)
(./introduction-to-gui-programming.aux) (./environment.aux))
\openout1 = `python3.aux'.

LaTeX Font Info:    Checking defaults for OML/cmm/m/it on input line 10.
LaTeX Font Info:    ... okay on input line 10.
LaTeX Font Info:    Checking defaults for OMS/cmsy/m/n on input line 10.
LaTeX Font Info:    ... okay on input line 10.
LaTeX Font Info:    Checking defaults for OT1/cmr/m/n on input line 10.
LaTeX Font Info:    ... okay on input line 10.
LaTeX Font Info:    Checking defaults for T1/cmr/m/n on input line 10.
LaTeX Font Info:    ... okay on input line 10.
LaTeX Font Info:    Checking defaults for TS1/cmr/m/n on input line 10.
LaTeX Font Info:    Trying to load font information for TS1+cmr on input line 1
0.

(/usr/local/texlive/2021/texmf-dist/tex/latex/base/ts1cmr.fd
File: ts1cmr.fd 2019/12/16 v2.5j Standard LaTeX font definitions
)
LaTeX Font Info:    ... okay on input line 10.
LaTeX Font Info:    Checking defaults for TU/lmr/m/n on input line 10.
LaTeX Font Info:    ... okay on input line 10.
LaTeX Font Info:    Checking defaults for OMX/cmex/m/n on input line 10.
LaTeX Font Info:    ... okay on input line 10.
LaTeX Font Info:    Checking defaults for U/cmr/m/n on input line 10.
LaTeX Font Info:    ... okay on input line 10.
LaTeX Font Info:    Checking defaults for PD1/pdf/m/n on input line 10.
LaTeX Font Info:    ... okay on input line 10.
LaTeX Font Info:    Checking defaults for PU/pdf/m/n on input line 10.
LaTeX Font Info:    ... okay on input line 10.
LaTeX Font Info:    Checking defaults for T3/cmr/m/n on input line 10.
LaTeX Font Info:    Trying to load font information for T3+cmr on input line 10
.

(/usr/local/texlive/2021/texmf-dist/tex/latex/tipa/t3cmr.fd
File: t3cmr.fd 2001/12/31 TIPA font definitions
)
LaTeX Font Info:    ... okay on input line 10.
LaTeX Info: Redefining \microtypecontext on input line 10.
Package microtype Info: Character protrusion enabled (level 2).
Package microtype Info: Using default protrusion set `alltext'.
Package microtype Info: No adjustment of tracking.
Package microtype Info: No adjustment of spacing.
Package microtype Info: No adjustment of kerning.

(/usr/local/texlive/2021/texmf-dist/tex/latex/microtype/mt-cmr.cfg
File: mt-cmr.cfg 2013/05/19 v2.2 microtype config. file: Computer Modern Roman 
(RS)
)
Package hyperref Info: Link coloring ON on input line 10.

(/usr/local/texlive/2021/texmf-dist/tex/latex/hyperref/nameref.sty
Package: nameref 2021-04-02 v2.47 Cross-referencing by name of section

(/usr/local/texlive/2021/texmf-dist/tex/latex/refcount/refcount.sty
Package: refcount 2019/12/15 v3.6 Data extraction from label references (HO)
)
(/usr/local/texlive/2021/texmf-dist/tex/generic/gettitlestring/gettitlestring.s
ty
Package: gettitlestring 2019/12/15 v1.6 Cleanup title references (HO)
)
\c@section@level=\count349
)
LaTeX Info: Redefining \ref on input line 10.
LaTeX Info: Redefining \pageref on input line 10.
LaTeX Info: Redefining \nameref on input line 10.
 (./python3.out) (./python3.out)
\@outlinefile=\write6
\openout6 = `python3.out'.

\c@lstlisting=\count350

(/usr/local/texlive/2021/texmf-dist/tex/latex/pdflscape/pdflscape.sty
Package: pdflscape 2019/12/05 v0.12 Display of landscape pages in PDF (HO)

(/usr/local/texlive/2021/texmf-dist/tex/latex/graphics/lscape.sty
Package: lscape 2020/05/28 v3.02 Landscape Pages (DPC)
)
Package pdflscape Info: Auto-detected driver: dvipdfm (xetex) on input line 98.

)
\openout2 = `title.aux'.


(./title.tex
Package microtype Info: Character `029' is missing
(microtype)             in font `T1/lmr/m/sc/24.88'.
(microtype)             Ignoring protrusion settings for this character.
 [1




])
\openout2 = `dedication.aux'.

 (./dedication.tex [2




]
LaTeX Font Info:    Trying to load font information for T1+lmtt on input line 1
3.

(/usr/local/texlive/2021/texmf-dist/tex/latex/lm/t1lmtt.fd
File: t1lmtt.fd 2015/05/01 v1.6.1 Font defs for Latin Modern
)
Package microtype Info: Loading generic protrusion settings for font family
(microtype)             `lmtt' (encoding: T1).
(microtype)             For optimal results, create family-specific settings.
(microtype)             See the microtype manual for details.
LaTeX Font Info:    Trying to load font information for OT1+lmr on input line 1
3.

(/usr/local/texlive/2021/texmf-dist/tex/latex/lm/ot1lmr.fd
File: ot1lmr.fd 2015/05/01 v1.6.1 Font defs for Latin Modern
)
LaTeX Font Info:    Trying to load font information for OML+lmm on input line 1
3.

(/usr/local/texlive/2021/texmf-dist/tex/latex/lm/omllmm.fd
File: omllmm.fd 2015/05/01 v1.6.1 Font defs for Latin Modern
)
LaTeX Font Info:    Trying to load font information for OMS+lmsy on input line 
13.

(/usr/local/texlive/2021/texmf-dist/tex/latex/lm/omslmsy.fd
File: omslmsy.fd 2015/05/01 v1.6.1 Font defs for Latin Modern
)
LaTeX Font Info:    Trying to load font information for OMX+lmex on input line 
13.

(/usr/local/texlive/2021/texmf-dist/tex/latex/lm/omxlmex.fd
File: omxlmex.fd 2015/05/01 v1.6.1 Font defs for Latin Modern
)
LaTeX Font Info:    External font `lmex10' loaded for size
(Font)              <10> on input line 13.
LaTeX Font Info:    External font `lmex10' loaded for size
(Font)              <7> on input line 13.
LaTeX Font Info:    External font `lmex10' loaded for size
(Font)              <5> on input line 13.
LaTeX Font Info:    Trying to load font information for U+msa on input line 13.


(/usr/local/texlive/2021/texmf-dist/tex/latex/amsfonts/umsa.fd
File: umsa.fd 2013/01/14 v3.01 AMS symbols A
)
(/usr/local/texlive/2021/texmf-dist/tex/latex/microtype/mt-msa.cfg
File: mt-msa.cfg 2006/02/04 v1.1 microtype config. file: AMS symbols (a) (RS)
)
LaTeX Font Info:    Trying to load font information for U+msb on input line 13.


(/usr/local/texlive/2021/texmf-dist/tex/latex/amsfonts/umsb.fd
File: umsb.fd 2013/01/14 v3.01 AMS symbols B
)
(/usr/local/texlive/2021/texmf-dist/tex/latex/microtype/mt-msb.cfg
File: mt-msb.cfg 2005/06/01 v1.0 microtype config. file: AMS symbols (b) (RS)
)) [3]
[4



] (./python3.toc [1

] [2]
Missing character: There is no ’ ("2019) in font ec-lmr10!
 [3] [4])
\tf@toc=\write7
\openout7 = `python3.toc'.

 [5]
\openout2 = `rapid-introduction-to-procedural-programming.aux'.


(./rapid-introduction-to-procedural-programming.tex [6


]
Chapter 1.
[7] [8]
Missing character: There is no ’ ("2019) in font ec-lmr10!
Missing character: There is no ’ ("2019) in font ec-lmr10!
 [9]
Overfull \hbox (14.91571pt too wide) in paragraph at lines 205--207
[]\T1/lmr/m/n/10 Python has con-ven-tional func-tions called like this [][]\T1/
lmtt/m/n/10 function_name(arguments)[]\T1/lmr/m/n/10 ;
 []

[10] [11]
Missing character: There is no ’ ("2019) in font ec-lmr10!
 [12]
Underfull \vbox (badness 5446) has occurred while \output is active []

 [13]
Underfull \vbox (badness 2573) has occurred while \output is active []

 [14]
[15]
Overfull \hbox (48.69905pt too wide) in paragraph at lines 486--488
[]\T1/lmr/m/n/10 The sec-ond sub-tlety is that [][]\T1/lmtt/m/n/10 a operator= 
b []\T1/lmr/m/n/10 is not quite the same as [][]\T1/lmtt/m/n/10 a = a operator 
b[]\T1/lmr/m/n/10 .
 []

[16]
Overfull \hbox (14.44704pt too wide) in paragraph at lines 537--539
[]\T1/lmr/m/n/10 The [][]\T1/lmtt/m/n/10 arguments []\T1/lmr/m/n/10 are op-tion
al and mul-ti-ple ar-gu-ments must be comma-separated.
 []

LaTeX Font Info:    Trying to load font information for OT1+lmtt on input line 
574.
(/usr/local/texlive/2021/texmf-dist/tex/latex/lm/ot1lmtt.fd
File: ot1lmtt.fd 2015/05/01 v1.6.1 Font defs for Latin Modern
)
Package microtype Info: Loading generic protrusion settings for font family
(microtype)             `lmtt' (encoding: OT1).
(microtype)             For optimal results, create family-specific settings.
(microtype)             See the microtype manual for details.
Missing character: There is no “ ("201C) in font ec-lmr10!
Missing character: There is no ” ("201D) in font ec-lmr10!
 [17]
Missing character: There is no ’ ("2019) in font ec-lmr10!
) [18]
\openout2 = `data-types.aux'.


(./data-types.tex
Chapter 2.
[19




] [20]
Missing character: There is no ’ ("2019) in font ec-lmr10!
Missing character: There is no ’ ("2019) in font ec-lmr10!
 [21] [22] [23] [24]
File: pics/escapes.png Graphic file (type bmp)
<pics/escapes.png>
 [25]
Missing character: There is no € ("20AC) in font ec-lmr5!
Missing character: There is no € ("20AC) in font ec-lmr5!
Missing character: There is no € ("20AC) in font ec-lmr5!
Missing character: There is no € ("20AC) in font ec-lmr5!
Missing character: There is no ∞ ("221E) in font ec-lmr5!
Missing character: There is no € ("20AC) in font ec-lmr5!
Missing character: There is no € ("20AC) in font ec-lmr5!
File: pics/string-index-position.png Graphic file (type bmp)
<pics/string-index-position.png>
 [26] [27] [28]
Missing character: There is no ’ ("2019) in font ec-lmr10!
Missing character: There is no ’ ("2019) in font ec-lmr10!

Overfull \hbox (12.39299pt too wide) in paragraph at lines 435--436
[]\T1/lmr/m/n/10 A field name can be ei-ther an in-te-ger cor-re-spond-ing to o
ne of the [][]\T1/lmtt/m/n/10 str.format()
 []

[29]
Overfull \hbox (18.48546pt too wide) in paragraph at lines 495--499
\T1/lmr/m/n/10 vide a string en-closed in an-gle brack-ets. For ex-am-ple [][]\
T1/lmtt/m/n/10 "module 'sys' (built-in)>"[]\T1/lmr/m/n/10 . 
 []

Missing character: There is no ’ ("2019) in font ec-lmr10!
Missing character: There is no ’ ("2019) in font ec-lmr10!
Missing character: There is no ’ ("2019) in font ec-lmr10!
Missing character: There is no 你 ("4F60) in font ec-lmr5!
Missing character: There is no 好 ("597D) in font ec-lmr5!
Missing character: There is no 你 ("4F60) in font ec-lmr5!
Missing character: There is no 好 ("597D) in font ec-lmr5!
[30]
Overfull \hbox (48.54689pt too wide) in paragraph at lines 578--578
[]\T1/lmtt/m/n/10 : fill  alignment      sign             #      width   ,     
    type[] 
 []


Overfull \hbox (53.79688pt too wide) in paragraph at lines 579--579
[]        \T1/lmtt/m/n/10 = pad between  + force sign;   prifix          use   
    b,c,d[] 
 []


Overfull \hbox (56.42186pt too wide) in paragraph at lines 580--580
[]        \T1/lmtt/m/n/10 sign and       - sign if       ints            commas
    n,o,x,[] 
 []


Overfull \hbox (32.53444pt too wide) in paragraph at lines 581--581
[]        \T1/lmtt/m/n/10 digits         needed;         with            for   
    X[] 
 []


Overfull \hbox (17.04698pt too wide) in paragraph at lines 582--582
[]        \T1/lmtt/m/n/10 for numbers    " " space or    0b, 0o,         groupi
ng[] 
 []

[31] [32]
Missing character: There is no — ("2014) in font ec-lmr10!
 [33]
Missing character: There is no ’ ("2019) in font ec-lmr10!
Missing character: There is no — ("2014) in font ec-lmr10!
) [34]
\openout2 = `collection-data-types.aux'.

 (./collection-data-types.tex
Chapter 3.

Underfull \vbox (badness 10000) has occurred while \output is active []

 [35




]
[36] [37] [38]
File: pics/standard-set-operators.png Graphic file (type bmp)
<pics/standard-set-operators.png>
 [39] [40]
Missing character: There is no – ("2013) in font ec-lmr10!
 [41]
Missing character: There is no ’ ("2019) in font ec-lmr10!
Missing character: There is no — ("2014) in font ec-lmr10!
 [42]
Missing character: There is no ’ ("2019) in font ec-lmr10!

Overfull \hbox (2.08809pt too wide) in paragraph at lines 411--412
[][][][][][][][][][][][][][][][][][][][][][][][][][][][][][][][][][][][][][][][
][][] 
 []

[43]
Missing character: There is no ’ ("2019) in font ec-lmr10!
 [44]
Missing character: There is no – ("2013) in font ec-lmr10!
 [45]
Overfull \hbox (34.86607pt too wide) in paragraph at lines 525--527
[]\T1/lmr/m/n/10 When we use a [][]\T1/lmtt/m/n/10 for item in iterable []\T1/l
mr/m/n/10 loop, Python in ef-fect calls [][]\T1/lmtt/m/n/10 iter(iterable)
 []

[46]
Missing character: There is no ’ ("2019) in font ec-lmr10!
 [47]) [48]
\openout2 = `control-structures-and-functions.aux'.

 (./control-structures-and-functions.tex
Chapter 4.

Overfull \hbox (2.08809pt too wide) in paragraph at lines 37--38
[][][][][][][][][][][][][][][][][][][][][][][][][][][][][][][][][][][][][][][][
][][][] 
 []

[49




] [50]
Missing character: There is no ’ ("2019) in font ec-lmr10!
Missing character: There is no ’ ("2019) in font ec-lmr10!
Missing character: There is no ’ ("2019) in font ec-lmr10!
Missing character: There is no ’ ("2019) in font ec-lmr10!
Missing character: There is no ’ ("2019) in font ec-lmr10!
Missing character: There is no ’ ("2019) in font ec-lmr10!
 [51] [52] [53] [54] [55]
Missing character: There is no ’ ("2019) in font ec-lmr10!

Underfull \vbox (badness 10000) has occurred while \output is active []

 [56]
Missing character: There is no ’ ("2019) in font ec-lmr10!
Missing character: There is no ’ ("2019) in font ec-lmr10!

Underfull \vbox (badness 10000) has occurred while \output is active []

 [57]
Missing character: There is no “ ("201C) in font ec-lmr5!
Missing character: There is no ” ("201D) in font ec-lmr5!

[58] [59] [60]) [61]
\openout2 = `modules.aux'.

 (./modules.tex [62




]
Chapter 5.
[63]
Missing character: There is no ’ ("2019) in font ec-lmr10!
Missing character: There is no ’ ("2019) in font ec-lmr10!
File: pics/import.png Graphic file (type bmp)
<pics/import.png>
Missing character: There is no ’ ("2019) in font ec-lmr10!
Missing character: There is no ’ ("2019) in font ec-lmr10!
 [64] [65]
Underfull \vbox (badness 10000) has occurred while \output is active []

 [66]
Overfull \hbox (12.77818pt too wide) in paragraph at lines 215--216
[]\T1/lmr/m/n/10 create a di-rec-tory specif-i-cally for the cus-tom mod-ules, 
and set the [][]\T1/lmtt/m/n/10 PYTHONPATH
 []


Overfull \hbox (32.77527pt too wide) in paragraph at lines 216--217
[]\T1/lmr/m/n/10 put the mod-ule in the lo-cal site-packages sub-di-rec-tory ( 
/.local/lib/python3.1/site-
 []

Missing character: There is no ’ ("2019) in font ec-lmr10!
Missing character: There is no ’ ("2019) in font ec-lmr10!
Missing character: There is no ’ ("2019) in font ec-lmbx12!
[67] [68])
Missing character: There is no ’ ("2019) in font ec-lmro10!
 [69]
\openout2 = `object-oriented-programming.aux'.

 (./object-oriented-programming.tex [70




]
Chapter 6.
[71]
Overfull \hbox (56.1163pt too wide) in paragraph at lines 89--94
\T1/lmr/m/n/10 In this case, if [][]\T1/lmtt/m/n/10 NotImplemented []\T1/lmr/m/
n/10 is re-turned, Python will then try call-ing [][]\T1/lmtt/m/n/10 other.__eq
__(self)
 []

[72]
Underfull \hbox (badness 10000) in paragraph at lines 110--111
[][][][][][][][][][][]
 []


Underfull \hbox (badness 10000) in paragraph at lines 112--113
[][][][][][][][][][][]
 []

[73] [74]
Overfull \hbox (14.0826pt too wide) in paragraph at lines 253--259
\T1/lmr/m/n/10 tribute, so once the ra-dius prop-erty is cre-ated us-ing [][]\T
1/lmtt/m/n/10 @property[]\T1/lmr/m/n/10 , the [][]\T1/lmtt/m/n/10 radius.getter
[]\T1/lmr/m/n/10 ,
 []


Overfull \hbox (34.39412pt too wide) in paragraph at lines 253--259
[][]\T1/lmtt/m/n/10 radius.setter[]\T1/lmr/m/n/10 , and [][]\T1/lmtt/m/n/10 rad
ius.deleter []\T1/lmr/m/n/10 at-tributes be-come avail-able. The [][]\T1/lmtt/m
/n/10 radius.getter
 []


Overfull \hbox (80.8315pt too wide) in paragraph at lines 261--263
[]\T1/lmr/m/n/10 The [][]\T1/lmtt/m/n/10 Circle[]\T1/lmr/m/n/10 's ini-tial-ize
r, [][]\T1/lmtt/m/n/10 Circle.__init__()[]\T1/lmr/m/n/10 , in-cludes the state-
ment [][]\T1/lmtt/m/n/10 self.radius = radius[]\T1/lmr/m/n/10 ;
 []

) [75]
\openout2 = `file-handling.aux'.

 (./file-handling.tex [76




]
Chapter 7.
Missing character: There is no ’ ("2019) in font ec-lmr10!
Missing character: There is no ’ ("2019) in font ec-lmr10!
[77]
Missing character: There is no ’ ("2019) in font ec-lmr10!
) [78]
\openout2 = `advanced-programming-techniques.aux'.

 (./advanced-programming-techniques.tex
Chapter 8.
[79




] [80]
Missing character: There is no ’ ("2019) in font ec-lmtt10!
 [81]
Missing character: There is no ’ ("2019) in font ec-lmr10!
Missing character: There is no ’ ("2019) in font ec-lmr10!

Overfull \hbox (30.67181pt too wide) in paragraph at lines 226--227
[][][][][][][][][][][][][][][][][][][][][][][][][][][][][][] 
 []

[82]
Missing character: There is no ’ ("2019) in font ec-lmr10!
 [83]
Missing character: There is no ’ ("2019) in font ec-lmr10!
 [84] [85]
Underfull \vbox (badness 10000) has occurred while \output is active []

 [86]
[87]
Overfull \hbox (19.88739pt too wide) in paragraph at lines 464--466
[]\T1/lmr/m/n/10 The wrap-per it-self is wrapped us-ing the [][]\T1/lmtt/m/n/10
 functools []\T1/lmr/m/n/10 mod-ule's [][]\T1/lmtt/m/n/10 @functools.wraps
 []


Overfull \hbox (47.00537pt too wide) in paragraph at lines 519--520
[][][][][][][][][][][][][][][][][][][][][][][][][][][][][] 
 []

[88]
Overfull \hbox (79.67249pt too wide) in paragraph at lines 528--529
[][][][][][][][][][][][][][][][][][][][][][][][][][][][][][][][][][][][][][][][
][][][][][][][][][][][][][][][][][] 
 []


Overfull \hbox (104.17282pt too wide) in paragraph at lines 536--537
[][][][][][][][][][][][][][][][][][][][][][][][][][][][][][][][][][][][][][][][
][][] 
 []


Overfull \hbox (24.92195pt too wide) in paragraph at lines 560--560
[]\T1/lmtt/m/n/10 def functionName(par: exp1, par2: exp2, ..., parN: expN) -> r
exp:[] 
 []


Overfull \hbox (10.25487pt too wide) in paragraph at lines 583--584
[][][][][][][][][][][][][][][][][][][][][][][][][][][][][][] 
 []

[89]
Overfull \hbox (30.67181pt too wide) in paragraph at lines 584--585
[][][][][][][][][][][][][][][][][][][][][][][][][][][][][][][][][][][] 
 []

Missing character: There is no ’ ("2019) in font ec-lmr5!
Missing character: There is no — ("2014) in font ec-lmr5!

Overfull \hbox (59.25554pt too wide) in paragraph at lines 609--611
[][][][][][][][][][][][][][][][][][][][][][][][][][][][][][][][][][][][] 
 []


Overfull \hbox (6.17148pt too wide) in paragraph at lines 628--629
[][][][][][][][][][][][][][][][][][][][][][][][][][][][][][][][][][] 
 []


Overfull \hbox (2.08809pt too wide) in paragraph at lines 632--634
[][][][][][][][][][][][][][][][][][][][][][][][][][][][][][] 
 []

[90]
Missing character: There is no ’ ("2019) in font ec-lmr10!
Missing character: There is no — ("2014) in font ec-lmr10!

Overfull \hbox (67.42232pt too wide) in paragraph at lines 690--691
[][][][][][][][][][][][][][][][][][][][][][][][][][][][][][][][][][][][] 
 []

[91]
Missing character: There is no ’ ("2019) in font ec-lmr10!

Overfull \hbox (34.7552pt too wide) in paragraph at lines 748--750
[][][][][][][][][][][][][][][][][][][][][][][][][][][][][] 
 []

File: pics/attribute-special-methods.png Graphic file (type bmp)
<pics/attribute-special-methods.png>
[92] [93]
Missing character: There is no ’ ("2019) in font ec-lmr10!
 [94]
Missing character: There is no ’ ("2019) in font ec-lmr10!
 [95]
Missing character: There is no ’ ("2019) in font ec-lmr10!

Overfull \hbox (51.08876pt too wide) in paragraph at lines 973--974
[][][][][][][][][][][][][][][][][][][][][][][][][][][][][][][][][] 
 []

Missing character: There is no ’ ("2019) in font ec-lmr10!
[96]
Missing character: There is no ’ ("2019) in font ec-lmr10!
 [97]
Overfull \hbox (55.17215pt too wide) in paragraph at lines 1088--1089
[][][][][][][][][][][][][][][][][][][][][][][][][][][][][] 
 []

[98]
Overfull \hbox (4.38788pt too wide) in paragraph at lines 1147--1148
[]\T1/lmr/m/n/10 Although [][]\T1/lmtt/m/n/10 __storage []\T1/lmr/m/n/10 is a c
lass at-tribute, we can ac-cess it as [][]\T1/lmtt/m/n/10 self.__storage[]\T1/l
mr/m/n/10 ,
 []

[99]
Overfull \hbox (9.93562pt too wide) in paragraph at lines 1202--1208
\T1/lmr/m/n/10 was passed. So what hap-pens is that first we re-trieve the at-t
ribute ([][]\T1/lmtt/m/n/10 self__getter[]\T1/lmr/m/n/10 ),
 []

[100] [101]
Missing character: There is no ’ ("2019) in font ec-lmr10!

Overfull \hbox (0.83359pt too wide) in paragraph at lines 1301--1305
[]\T1/lmr/m/n/10 We must use [][]\T1/lmtt/m/n/10 nonlocal []\T1/lmr/m/n/10 so t
hat the nested func-tion uses the [][]\T1/lmtt/m/n/10 attribute_name
 []

[102]
File: pics/logical-equivalences.png Graphic file (type bmp)
<pics/logical-equivalences.png>
 [103] [104]
Missing character: There is no ’ ("2019) in font ec-lmr10!
Missing character: There is no ’ ("2019) in font ec-lmr10!
Missing character: There is no ’ ("2019) in font ec-lmr10!
Missing character: There is no ’ ("2019) in font ec-lmr10!
Missing character: There is no ’ ("2019) in font ec-lmr10!
 [105]
Underfull \vbox (badness 10000) has occurred while \output is active []

 [106]
[107] [108] [109] [110]
Overfull \hbox (10.25487pt too wide) in paragraph at lines 1831--1832
[][][][][][][][][][][][][][][][][][][][][][][][][][][][] 
 []

[111]
Missing character: There is no ’ ("2019) in font ec-lmr10!
 [112]
Missing character: There is no ’ ("2019) in font ec-lmr10!
Missing character: There is no ’ ("2019) in font ec-lmr10!
Missing character: There is no ’ ("2019) in font ec-lmr10!
Missing character: There is no ’ ("2019) in font ec-lmr10!
Missing character: There is no ’ ("2019) in font ec-lmr10!
Missing character: There is no ’ ("2019) in font ec-lmr10!

Overfull \hbox (22.50504pt too wide) in paragraph at lines 1970--1972
[][][][][][][][][][][][][][][][][][][][][][][][][][][][][] 
 []

[113] [114]
Overfull \hbox (128.67316pt too wide) in paragraph at lines 2077--2079
[][][][][][][][][][][][][][][][][][][][][][][][][][][][][][][][][][][][][][] 
 []


Overfull \hbox (140.92332pt too wide) in paragraph at lines 2084--2085
[][][][][][][][][][][][][][][][][][][][][][][] 
 []


Overfull \hbox (136.83994pt too wide) in paragraph at lines 2086--2087
[][][][][][][][][][][][][][][][][][][][][][][] 
 []


Underfull \vbox (badness 10000) has occurred while \output is active []

 [115])
[116]
\openout2 = `debugging-testing-and-profiling.aux'.

 (./debugging-testing-and-profiling.tex
Chapter 9.

Overfull \hbox (26.58842pt too wide) in paragraph at lines 23--24
[][][][][][][][][][][][][][][][][][][][][][][][][][][][][] 
 []

[117




]
Overfull \hbox (26.58842pt too wide) in paragraph at lines 39--40
[][][][][][][][][][][][][][][][][][][][][][][][][][][][][] 
 []

Missing character: There is no ’ ("2019) in font ec-lmr10!

Overfull \hbox (83.75587pt too wide) in paragraph at lines 62--63
[][][][][][][][][][][][][][][][][][][][][][][][][][][][][][][][][][][] 
 []


Overfull \hbox (63.33893pt too wide) in paragraph at lines 64--65
[][][][][][][][][][][][][][][][][][][][][][][][][][][][][][][][][] 
 []

Missing character: There is no ’ ("2019) in font ec-lmr10!
[118]
Missing character: There is no ’ ("2019) in font ec-lmr10!
Missing character: There is no ’ ("2019) in font ec-lmr10!
 [119]
Overfull \hbox (26.69891pt too wide) in paragraph at lines 161--161
[]   \T1/lmtt/m/n/10 ncalls  tottime  percall  cumtime  percall filename:lineno
(function)[] 
 []


Overfull \hbox (0.44899pt too wide) in paragraph at lines 162--162
[]        \T1/lmtt/m/n/10 1    0.002    0.002    0.006    0.006 <string>:2(<mod
ule>)[] 
 []


Overfull \hbox (57.14882pt too wide) in paragraph at lines 164--164
[]        \T1/lmtt/m/n/10 1    0.000    0.000    0.006    0.006 {built-in metho
d builtins.exec}[] 
 []


Overfull \hbox (30.8989pt too wide) in paragraph at lines 165--165
[]    \T1/lmtt/m/n/10 10000    0.002    0.000    0.002    0.000 {built-in metho
d math.log}[] 
 []


Overfull \hbox (146.39856pt too wide) in paragraph at lines 166--166
[]        \T1/lmtt/m/n/10 1    0.000    0.000    0.000    0.000 {method 'disabl
e' of '_lsprof.Profiler' objects}[] 
 []

[120]
Overfull \hbox (96.00604pt too wide) in paragraph at lines 199--200
[][][][][][][][][][][][][][][][][][][][][][][][][][][][][][][][][][][] 
 []

) [121]
\openout2 = `processes-and-threading.aux'.

 (./processes-and-threading.tex [122




]
Chapter 10.

Underfull \hbox (badness 10000) in paragraph at lines 19--20
[]\T1/lmr/m/n/10 communication and
 []


Underfull \hbox (badness 3942) in paragraph at lines 19--20
\T1/lmr/m/n/10 data shar-ing can be
 []


Underfull \hbox (badness 1189) in paragraph at lines 20--20
[]\T1/lmr/m/n/10 can com-mu-ni-cate sim-
 []


Underfull \hbox (badness 10000) in paragraph at lines 20--21
[]\T1/lmr/m/n/10 more com-plex than
 []


Underfull \hbox (badness 10000) in paragraph at lines 20--21
\T1/lmr/m/n/10 single-threaded pro-
 []


Overfull \hbox (1.50316pt too wide) in paragraph at lines 15--23
 [][] 
 []


Overfull \hbox (2.08809pt too wide) in paragraph at lines 38--39
[][][][][][][][][][][][][][][][][][][][][][][][][][][][][][][][][][][][] 
 []

[123]
Missing character: There is no ’ ("2019) in font ec-lmr5!

Overfull \hbox (10.25487pt too wide) in paragraph at lines 53--54
[][][][][][][][][][][][][][][][][][][][][][][][][][][][][][][][][][][][][] 
 []


Overfull \hbox (2.08809pt too wide) in paragraph at lines 54--55
[][][][][][][][][][][][][][][][][][][][][][][][][][][][][][][][][][][][][] 
 []


Underfull \vbox (badness 10000) has occurred while \output is active []

 [124]
Overfull \hbox (22.50504pt too wide) in paragraph at lines 161--162
[][][][][][][][][][][][][][][][][][][][][][][][][][][][][][][][][][] 
 []

[125]
Missing character: There is no ’ ("2019) in font ec-lmr10!
 [126]
Overfull \hbox (18.42165pt too wide) in paragraph at lines 291--292
[][][][][][][][][][][][][][][][][][][][][][][][][][][][][][][][][][][] 
 []


Overfull \hbox (14.33826pt too wide) in paragraph at lines 292--293
[][][][][][][][][][][][][][][][][][][][][][][][][][][][][][][][] 
 []


Overfull \hbox (2.08809pt too wide) in paragraph at lines 293--294
[][][][][][][][][][][][][][][][][][][][][][][][][][][][][][][][][][][][][][][][
] 
 []

[127]
Overfull \hbox (2.08809pt too wide) in paragraph at lines 294--295
[][][][][][][][][][][][][][][][][][][][][][][][][][][][][][][][][][] 
 []


Underfull \vbox (badness 10000) has occurred while \output is active []

 [128]
Overfull \hbox (132.75655pt too wide) in paragraph at lines 401--402
[][][][][][][][][][][][][][][][][][][][][][][][][][][][][][][][][][][][][][][][
][][][] 
 []

) [129]
\openout2 = `networking.aux'.

 (./networking.tex [130




]
Chapter 11.
[131]
Overfull \hbox (26.58842pt too wide) in paragraph at lines 67--68
[][][][][][][][][][][][][][][][][][][] 
 []


Overfull \hbox (34.7552pt too wide) in paragraph at lines 93--94
[][][][][][][][][][][][][][][][][][][] 
 []


Underfull \vbox (badness 10000) has occurred while \output is active []

 [132]
[133]
Underfull \vbox (badness 10000) has occurred while \output is active []

 [134]
Missing character: There is no ’ ("2019) in font ec-lmr10!

[135]
Underfull \vbox (badness 10000) has occurred while \output is active []

 [136]
Underfull \vbox (badness 10000) has occurred while \output is active []

 [137]
Missing character: There is no ’ ("2019) in font ec-lmr10!
Missing character: There is no ’ ("2019) in font ec-lmr10!

[138]
Missing character: There is no ’ ("2019) in font ec-lmr10!
) [139]
\openout2 = `database-programming.aux'.

 (./database-programming.tex [140




]
Chapter 12.

Overfull \hbox (4.69904pt too wide) in paragraph at lines 20--21
[][][]$\T1/lmtt/m/n/10 https : / / github . com / mikechyson / python3 / blob /
 master / c12 _ database /
 []


Overfull \hbox (11.14021pt too wide) in paragraph at lines 31--41
 [][] 
 []


Underfull \hbox (badness 10000) in paragraph at lines 51--52
[]\T1/lmr/m/n/10 The (read-able/writable) num-ber of rows that
 []


Overfull \hbox (6.61249pt too wide) in paragraph at lines 52--52
[]\T1/lmr/m/n/10 c.fetchmany(size)| 
 []


Underfull \hbox (badness 2020) in paragraph at lines 55--56
[][]\T1/lmtt/m/n/10 display_size[]\T1/lmr/m/n/10 , [][]\T1/lmtt/m/n/10 internal
_size[]\T1/lmr/m/n/10 , [][]\T1/lmtt/m/n/10 precision[]\T1/lmr/m/n/10 , [][]\T1
/lmtt/m/n/10 scale[]\T1/lmr/m/n/10 ,
 []


Underfull \hbox (badness 10000) in paragraph at lines 56--56
[]\T1/lmr/m/n/10 c.execute(sql,
 []


Underfull \hbox (badness 10000) in paragraph at lines 57--57
[]\T1/lmr/m/n/10 c.execute(sql,
 []


Overfull \hbox (4.69904pt too wide) in paragraph at lines 64--65
[][][]$\T1/lmtt/m/n/10 https : / / github . com / mikechyson / python3 / blob /
 master / c12 _ database /
 []

) [141] [142]
\openout2 = `regular-expression.aux'.

 (./regular-expression.tex
Chapter 13.
[143




]
Underfull \hbox (badness 1810) in paragraph at lines 74--75
[]\T1/lmr/m/n/10 Matches a Uni-code nondigit; or \T1/lmr/bx/n/10 [^^B0-9] \T1/l
mr/m/n/10 with the
 []

[144] [145]
Overfull \hbox (1.24202pt too wide) in paragraph at lines 151--155
[]\T1/lmr/m/n/10 For ex-am-ple, the regex \T1/lmr/bx/n/10 (\w+)=(.+) \T1/lmr/m/
n/10 will match $[]$
 []

LaTeX Font Info:    External font `lmex10' loaded for size
(Font)              <8> on input line 158.
LaTeX Font Info:    External font `lmex10' loaded for size
(Font)              <6> on input line 158.
[146]
Missing character: There is no ’ ("2019) in font ec-lmr10!
 [147]
Missing character: There is no — ("2014) in font ec-lmr10!
Missing character: There is no ’ ("2019) in font ec-lmr10!
File: pics/regex-first-way.png Graphic file (type bmp)
<pics/regex-first-way.png>
Missing character: There is no ’ ("2019) in font ec-lmr10!
File: pics/regex-second-way.png Graphic file (type bmp)
<pics/regex-second-way.png>
File: pics/regex-flag.png Graphic file (type bmp)
<pics/regex-flag.png>
 [148]
File: pics/match-object-methods.png Graphic file (type bmp)
<pics/match-object-methods.png>

Underfull \vbox (badness 1521) has occurred while \output is active []

 [149]
Overfull \hbox (47.00537pt too wide) in paragraph at lines 313--314
[][][][][][][][][][][][][][][][][][][][][][][][][][][][][][][][][][][][][][][][
][][][][][] 
 []


Overfull \hbox (10.25487pt too wide) in paragraph at lines 324--325
[][][][][][][][][][][][][][][][][][][][][][][][][][][][][][][][][][] 
 []

[150]
Overfull \hbox (22.50504pt too wide) in paragraph at lines 365--366
[][][][][][][][][][][][][][][][][][][][][][][][][][][][][][][][][][][][][][][][
][][][][] 
 []

[151]
Underfull \vbox (badness 1205) has occurred while \output is active []

 [152])
[153]
\openout2 = `introduction-to-parsing.aux'.

 (./introduction-to-parsing.tex [154




]
Chapter 14.
Missing character: There is no — ("2014) in font ec-lmr10!
Missing character: There is no ’ ("2019) in font ec-lmr10!
[155]
Missing character: There is no – ("2013) in font ec-lmr10!

Underfull \vbox (badness 10000) has occurred while \output is active []

 [156]
File: pics/a-bnf-for-a-file-of-attributes.png Graphic file (type bmp)
<pics/a-bnf-for-a-file-of-attributes.png>


LaTeX Warning: Reference `bnf-arithmetic' on page 157 undefined on input line 9
0.

File: pics/bnf-arithmetic.png Graphic file (type bmp)
<pics/bnf-arithmetic.png>
[157]) [158]
\openout2 = `introduction-to-gui-programming.aux'.

 (./introduction-to-gui-programming.tex
Chapter 15.
Missing character: There is no – ("2013) in font ec-lmr10!

Underfull \vbox (badness 2368) has occurred while \output is active []

 [159




]
File: pics/interest.png Graphic file (type bmp)
<pics/interest.png>

[160]
Underfull \vbox (badness 10000) has occurred while \output is active []

 [161]
Missing character: There is no ’ ("2019) in font ec-lmr10!
Missing character: There is no ’ ("2019) in font ec-lmr10!
Missing character: There is no ’ ("2019) in font ec-lmr10!
Missing character: There is no ’ ("2019) in font ec-lmr10!
Missing character: There is no ’ ("2019) in font ec-lmr10!

[162])
Overfull \hbox (31.47397pt too wide) in paragraph at lines 177--36
[][][]$\T1/lmtt/m/n/10 https : / / github . com / mikechyson / python3 / blob /
 master / c15 _ gui / bookmarks _
 []

[163]
\openout2 = `environment.aux'.

 (./environment.tex [164




]
Chapter 16.
(/usr/local/texlive/2021/texmf-dist/tex/latex/listings/lstlang1.sty
File: lstlang1.sty 2020/03/24 1.8d listings language file
)) [165]
[166



]
No file python3.bbl.
(./python3.aux (./title.aux) (./dedication.aux)
(./rapid-introduction-to-procedural-programming.aux) (./data-types.aux)
(./collection-data-types.aux) (./control-structures-and-functions.aux)
(./modules.aux) (./object-oriented-programming.aux) (./file-handling.aux)
(./advanced-programming-techniques.aux) (./debugging-testing-and-profiling.aux)
(./processes-and-threading.aux) (./networking.aux) (./database-programming.aux)
(./regular-expression.aux) (./introduction-to-parsing.aux)
(./introduction-to-gui-programming.aux) (./environment.aux))

LaTeX Warning: There were undefined references.

Package rerunfilecheck Info: File `python3.out' has not changed.
(rerunfilecheck)             Checksum: 5C6A66E84DB82A48A583D5CF475AF7BB;22711.
 ) 
Here is how much of TeX's memory you used:
 25732 strings out of 476919
 453748 string characters out of 5821839
 1080327 words of memory out of 5000000
 45050 multiletter control sequences out of 15000+600000
 499588 words of font info for 97 fonts, out of 8000000 for 9000
 1348 hyphenation exceptions out of 8191
 91i,12n,91p,1006b,1701s stack positions out of 5000i,500n,10000p,200000b,80000s

Output written on python3.pdf (170 pages).
