\BOOKMARK [0][-]{chapter*.2}{\376\377\000C\000o\000n\000t\000e\000n\000t\000s}{}% 1
\BOOKMARK [0][-]{chapter.1}{\376\377\000I\000n\000t\000r\000o\000d\000u\000c\000t\000i\000o\000n}{}% 2
\BOOKMARK [1][-]{section.1.1}{\376\377\000C\000r\000e\000a\000t\000i\000n\000g\000\040\000a\000n\000d\000\040\000r\000u\000n\000n\000i\000n\000g\000\040\000P\000y\000t\000o\000n\000\040\000p\000r\000o\000g\000r\000a\000m\000s}{chapter.1}% 3
\BOOKMARK [1][-]{section.1.2}{\376\377\000P\000y\000t\000h\000o\000n\000'\000s\000\040\000"\000B\000e\000a\000u\000t\000i\000f\000u\000l\000\040\000H\000e\000a\000r\000t\000"}{chapter.1}% 4
\BOOKMARK [2][-]{subsection.1.2.1}{\376\377\000D\000a\000t\000a\000\040\000t\000y\000p\000e\000s}{section.1.2}% 5
\BOOKMARK [2][-]{subsection.1.2.2}{\376\377\000O\000b\000j\000e\000c\000t\000\040\000r\000e\000f\000e\000r\000e\000n\000c\000e\000s}{section.1.2}% 6
\BOOKMARK [2][-]{subsection.1.2.3}{\376\377\000C\000o\000l\000l\000e\000c\000t\000i\000o\000n\000\040\000d\000a\000t\000a\000\040\000t\000y\000p\000e\000s}{section.1.2}% 7
\BOOKMARK [1][-]{section.1.3}{\376\377\000L\000o\000g\000i\000c\000a\000l\000\040\000o\000p\000e\000r\000a\000t\000i\000o\000n\000s}{chapter.1}% 8
\BOOKMARK [2][-]{subsection.1.3.1}{\376\377\000T\000h\000e\000\040\000i\000d\000e\000n\000t\000i\000t\000y\000\040\000o\000p\000e\000r\000a\000t\000o\000r}{section.1.3}% 9
\BOOKMARK [2][-]{subsection.1.3.2}{\376\377\000C\000o\000m\000p\000a\000r\000i\000s\000o\000n\000\040\000o\000p\000e\000r\000a\000t\000o\000r\000s}{section.1.3}% 10
\BOOKMARK [2][-]{subsection.1.3.3}{\376\377\000T\000h\000e\000\040\000m\000e\000m\000b\000e\000r\000s\000h\000i\000p\000\040\000o\000p\000e\000r\000a\000t\000o\000r}{section.1.3}% 11
\BOOKMARK [2][-]{subsection.1.3.4}{\376\377\000L\000o\000g\000i\000c\000a\000l\000\040\000o\000p\000e\000r\000a\000t\000o\000r\000s}{section.1.3}% 12
\BOOKMARK [1][-]{section.1.4}{\376\377\000C\000o\000n\000t\000r\000o\000l\000\040\000f\000l\000o\000w\000\040\000s\000t\000a\000t\000e\000m\000e\000n\000t\000s}{chapter.1}% 13
\BOOKMARK [2][-]{subsection.1.4.1}{\376\377\000T\000h\000e\000\040\000i\000f\000\040\000s\000t\000a\000t\000e\000m\000e\000n\000t}{section.1.4}% 14
\BOOKMARK [2][-]{subsection.1.4.2}{\376\377\000T\000h\000e\000\040\000w\000h\000i\000l\000e\000\040\000s\000t\000a\000t\000e\000m\000e\000n\000t}{section.1.4}% 15
\BOOKMARK [2][-]{subsection.1.4.3}{\376\377\000T\000h\000e\000\040\000f\000o\000r\000\040\000.\000.\000.\000\040\000i\000n\000\040\000s\000t\000a\000t\000e\000m\000e\000n\000t}{section.1.4}% 16
\BOOKMARK [2][-]{subsection.1.4.4}{\376\377\000B\000a\000s\000i\000c\000\040\000e\000x\000c\000e\000p\000t\000i\000o\000n\000\040\000h\000a\000n\000d\000l\000i\000n\000g}{section.1.4}% 17
\BOOKMARK [1][-]{section.1.5}{\376\377\000A\000r\000i\000t\000h\000m\000e\000t\000i\000c\000\040\000o\000p\000e\000r\000a\000t\000o\000r\000s}{chapter.1}% 18
\BOOKMARK [1][-]{section.1.6}{\376\377\000I\000n\000p\000u\000t\000/\000o\000u\000t\000p\000u\000t}{chapter.1}% 19
\BOOKMARK [1][-]{section.1.7}{\376\377\000C\000r\000e\000a\000t\000i\000n\000g\000\040\000a\000n\000d\000\040\000c\000a\000l\000l\000i\000n\000g\000\040\000f\000u\000n\000c\000t\000i\000o\000n\000s}{chapter.1}% 20
\BOOKMARK [0][-]{chapter.2}{\376\377\000D\000a\000t\000a\000\040\000t\000y\000p\000e\000s}{}% 21
\BOOKMARK [1][-]{section.2.1}{\376\377\000I\000d\000e\000n\000t\000i\000f\000i\000e\000r\000s\000\040\000a\000n\000d\000\040\000k\000e\000y\000w\000o\000r\000d\000s}{chapter.2}% 22
\BOOKMARK [1][-]{section.2.2}{\376\377\000I\000n\000t\000e\000g\000r\000a\000l\000\040\000t\000y\000p\000e\000s}{chapter.2}% 23
\BOOKMARK [2][-]{subsection.2.2.1}{\376\377\000I\000n\000t\000e\000g\000e\000r\000s}{section.2.2}% 24
\BOOKMARK [2][-]{subsection.2.2.2}{\376\377\000B\000o\000o\000l\000e\000a\000n\000s}{section.2.2}% 25
\BOOKMARK [1][-]{section.2.3}{\376\377\000F\000l\000o\000a\000t\000i\000n\000g\000-\000p\000o\000i\000n\000t\000\040\000t\000y\000p\000e\000s}{chapter.2}% 26
\BOOKMARK [2][-]{subsection.2.3.1}{\376\377\000F\000l\000o\000a\000t\000i\000n\000g\000-\000p\000o\000i\000n\000t\000\040\000n\000u\000m\000b\000e\000r\000s}{section.2.3}% 27
\BOOKMARK [2][-]{subsection.2.3.2}{\376\377\000C\000o\000m\000p\000l\000e\000x\000\040\000n\000u\000m\000b\000e\000r\000s}{section.2.3}% 28
\BOOKMARK [2][-]{subsection.2.3.3}{\376\377\000D\000e\000c\000i\000m\000a\000l\000\040\000n\000u\000m\000b\000e\000r\000s}{section.2.3}% 29
\BOOKMARK [1][-]{section.2.4}{\376\377\000S\000t\000r\000i\000n\000g\000s}{chapter.2}% 30
\BOOKMARK [2][-]{subsection.2.4.1}{\376\377\000C\000o\000m\000p\000a\000r\000i\000n\000g\000\040\000s\000t\000r\000i\000n\000g\000s}{section.2.4}% 31
\BOOKMARK [2][-]{subsection.2.4.2}{\376\377\000S\000l\000i\000c\000i\000n\000g\000\040\000a\000n\000d\000\040\000s\000t\000r\000i\000d\000i\000n\000g\000\040\000s\000t\000r\000i\000n\000g\000s}{section.2.4}% 32
\BOOKMARK [2][-]{subsection.2.4.3}{\376\377\000S\000t\000r\000i\000n\000g\000\040\000o\000p\000e\000r\000a\000t\000o\000r\000s\000\040\000a\000n\000d\000\040\000m\000e\000t\000h\000o\000d\000s}{section.2.4}% 33
\BOOKMARK [2][-]{subsection.2.4.4}{\376\377\000S\000t\000r\000i\000n\000g\000\040\000f\000o\000r\000m\000a\000t\000t\000i\000n\000g\000\040\000w\000i\000t\000h\000\040\000t\000h\000e\000\040\000s\000t\000r\000.\000f\000o\000r\000m\000a\000t\000\050\000\051\000\040\000m\000e\000t\000h\000o\000d}{section.2.4}% 34
\BOOKMARK [2][-]{subsection.2.4.5}{\376\377\000F\000i\000e\000l\000d\000\040\000n\000a\000m\000e\000s}{section.2.4}% 35
\BOOKMARK [2][-]{subsection.2.4.6}{\376\377\000c\000o\000n\000v\000e\000r\000s\000i\000o\000n\000s}{section.2.4}% 36
\BOOKMARK [2][-]{subsection.2.4.7}{\376\377\000F\000o\000r\000m\000a\000t\000\040\000s\000p\000e\000c\000i\000f\000i\000c\000a\000t\000i\000o\000n\000s}{section.2.4}% 37
\BOOKMARK [0][-]{chapter.3}{\376\377\000C\000o\000l\000l\000e\000c\000t\000i\000o\000n\000\040\000d\000a\000t\000a\000\040\000t\000y\000p\000e\000s}{}% 38
\BOOKMARK [1][-]{section.3.1}{\376\377\000S\000e\000q\000u\000e\000n\000c\000e\000\040\000t\000y\000p\000e\000s}{chapter.3}% 39
\BOOKMARK [2][-]{subsection.3.1.1}{\376\377\000T\000u\000p\000l\000e\000s}{section.3.1}% 40
\BOOKMARK [2][-]{subsection.3.1.2}{\376\377\000N\000a\000m\000e\000d\000\040\000t\000u\000p\000l\000e\000s}{section.3.1}% 41
\BOOKMARK [2][-]{subsection.3.1.3}{\376\377\000L\000i\000s\000t\000s}{section.3.1}% 42
\BOOKMARK [2][-]{subsection.3.1.4}{\376\377\000L\000i\000s\000t\000\040\000c\000o\000m\000p\000r\000e\000h\000e\000n\000s\000i\000o\000n\000s}{section.3.1}% 43
\BOOKMARK [1][-]{section.3.2}{\376\377\000S\000e\000t\000\040\000t\000y\000p\000e\000s}{chapter.3}% 44
\BOOKMARK [2][-]{subsection.3.2.1}{\376\377\000S\000e\000t\000s}{section.3.2}% 45
\BOOKMARK [2][-]{subsection.3.2.2}{\376\377\000S\000e\000t\000\040\000c\000o\000m\000p\000r\000e\000h\000e\000n\000s\000i\000o\000n\000s}{section.3.2}% 46
\BOOKMARK [2][-]{subsection.3.2.3}{\376\377\000F\000r\000o\000z\000e\000n\000\040\000s\000e\000t\000s}{section.3.2}% 47
\BOOKMARK [1][-]{section.3.3}{\376\377\000M\000a\000p\000p\000i\000n\000g\000\040\000t\000y\000p\000e\000s}{chapter.3}% 48
\BOOKMARK [2][-]{subsection.3.3.1}{\376\377\000D\000i\000c\000t\000i\000o\000n\000a\000r\000i\000e\000s}{section.3.3}% 49
\BOOKMARK [2][-]{subsection.3.3.2}{\376\377\000D\000i\000c\000t\000i\000o\000n\000a\000r\000y\000\040\000c\000o\000m\000p\000r\000e\000h\000e\000n\000s\000i\000o\000n\000s}{section.3.3}% 50
\BOOKMARK [2][-]{subsection.3.3.3}{\376\377\000D\000e\000f\000a\000u\000l\000t\000\040\000d\000i\000c\000t\000i\000o\000n\000a\000r\000i\000e\000s}{section.3.3}% 51
\BOOKMARK [2][-]{subsection.3.3.4}{\376\377\000O\000r\000d\000e\000r\000e\000d\000\040\000d\000i\000c\000t\000i\000o\000n\000a\000r\000i\000e\000s}{section.3.3}% 52
\BOOKMARK [1][-]{section.3.4}{\376\377\000I\000t\000e\000r\000a\000t\000i\000n\000g\000\040\000a\000n\000d\000\040\000c\000o\000p\000y\000i\000n\000g\000\040\000c\000o\000l\000l\000e\000c\000t\000i\000o\000n\000s}{chapter.3}% 53
\BOOKMARK [2][-]{subsection.3.4.1}{\376\377\000I\000t\000e\000r\000a\000t\000o\000r\000s\000\040\000a\000n\000d\000\040\000i\000t\000e\000r\000a\000b\000l\000e\000\040\000o\000p\000e\000r\000a\000t\000i\000o\000n\000s\000\040\000a\000n\000d\000\040\000f\000u\000n\000c\000t\000i\000o\000n\000s}{section.3.4}% 54
\BOOKMARK [2][-]{subsection.3.4.2}{\376\377\000C\000o\000p\000y\000i\000n\000g\000\040\000c\000o\000l\000l\000e\000c\000t\000i\000o\000n\000s}{section.3.4}% 55
\BOOKMARK [0][-]{chapter.4}{\376\377\000C\000o\000n\000t\000r\000o\000l\000\040\000s\000t\000r\000u\000c\000t\000u\000r\000e\000s\000\040\000a\000n\000d\000\040\000f\000u\000n\000c\000t\000i\000o\000n\000s}{}% 56
\BOOKMARK [1][-]{section.4.1}{\376\377\000C\000o\000n\000t\000r\000o\000l\000\040\000s\000t\000r\000u\000c\000t\000u\000r\000e\000s}{chapter.4}% 57
\BOOKMARK [2][-]{subsection.4.1.1}{\376\377\000C\000o\000n\000d\000i\000t\000i\000o\000n\000a\000l\000\040\000b\000r\000a\000n\000c\000h\000i\000n\000g}{section.4.1}% 58
\BOOKMARK [2][-]{subsection.4.1.2}{\376\377\000L\000o\000o\000p\000i\000n\000g}{section.4.1}% 59
\BOOKMARK [1][-]{section.4.2}{\376\377\000E\000x\000c\000e\000p\000t\000i\000o\000n\000\040\000h\000a\000n\000d\000l\000i\000n\000g}{chapter.4}% 60
\BOOKMARK [2][-]{subsection.4.2.1}{\376\377\000C\000a\000t\000c\000h\000i\000n\000g\000\040\000a\000n\000d\000\040\000r\000a\000i\000s\000i\000n\000g\000\040\000e\000x\000c\000e\000p\000t\000i\000o\000n\000s}{section.4.2}% 61
\BOOKMARK [2][-]{subsection.4.2.2}{\376\377\000C\000u\000s\000t\000o\000m\000\040\000e\000x\000c\000e\000p\000t\000i\000o\000n\000s}{section.4.2}% 62
\BOOKMARK [1][-]{section.4.3}{\376\377\000C\000o\000s\000t\000o\000m\000\040\000f\000u\000n\000c\000t\000i\000o\000n\000s}{chapter.4}% 63
\BOOKMARK [2][-]{subsection.4.3.1}{\376\377\000N\000a\000m\000e\000s\000\040\000a\000n\000d\000\040\000d\000o\000c\000s\000t\000r\000i\000n\000g\000s}{section.4.3}% 64
\BOOKMARK [2][-]{subsection.4.3.2}{\376\377\000A\000r\000g\000u\000m\000e\000n\000t\000\040\000a\000n\000d\000\040\000p\000a\000r\000a\000m\000e\000t\000e\000r\000\040\000u\000n\000p\000a\000c\000k\000i\000n\000g}{section.4.3}% 65
\BOOKMARK [2][-]{subsection.4.3.3}{\376\377\000A\000c\000c\000e\000s\000s\000i\000n\000g\000\040\000v\000a\000r\000i\000a\000b\000l\000e\000s\000\040\000i\000n\000\040\000t\000h\000e\000\040\000g\000l\000o\000b\000a\000l\000\040\000s\000c\000o\000p\000e}{section.4.3}% 66
\BOOKMARK [2][-]{subsection.4.3.4}{\376\377\000L\000a\000m\000b\000d\000a\000\040\000f\000u\000n\000c\000t\000i\000o\000n\000s}{section.4.3}% 67
\BOOKMARK [2][-]{subsection.4.3.5}{\376\377\000A\000s\000s\000e\000r\000t\000i\000o\000n\000s}{section.4.3}% 68
\BOOKMARK [0][-]{chapter.5}{\376\377\000M\000o\000d\000u\000l\000e\000s}{}% 69
\BOOKMARK [1][-]{section.5.1}{\376\377\000M\000o\000d\000u\000l\000e\000s\000\040\000a\000n\000d\000\040\000p\000a\000c\000k\000a\000g\000e\000s}{chapter.5}% 70
\BOOKMARK [2][-]{subsection.5.1.1}{\376\377\000P\000a\000c\000k\000a\000g\000e\000s}{section.5.1}% 71
\BOOKMARK [2][-]{subsection.5.1.2}{\376\377\000C\000u\000s\000t\000o\000m\000\040\000m\000o\000d\000u\000l\000e\000s}{section.5.1}% 72
\BOOKMARK [1][-]{section.5.2}{\376\377\000O\000v\000e\000r\000v\000i\000e\000w\000\040\000o\000f\000\040\000P\000y\000t\000h\000o\000n\040\031\000s\000\040\000s\000t\000a\000n\000d\000a\000r\000d\000\040\000l\000i\000b\000r\000a\000r\000y}{chapter.5}% 73
\BOOKMARK [2][-]{subsection.5.2.1}{\376\377\000S\000t\000r\000i\000n\000g\000s}{section.5.2}% 74
\BOOKMARK [2][-]{subsection.5.2.2}{\376\377\000D\000a\000t\000e\000s\000\040\000a\000n\000d\000\040\000T\000i\000m\000e\000s}{section.5.2}% 75
\BOOKMARK [2][-]{subsection.5.2.3}{\376\377\000A\000l\000g\000o\000r\000i\000t\000h\000m\000s\000\040\000a\000n\000d\000\040\000c\000o\000l\000l\000e\000c\000t\000i\000o\000n\000\040\000d\000a\000t\000a\000\040\000t\000y\000p\000e\000s}{section.5.2}% 76
\BOOKMARK [2][-]{subsection.5.2.4}{\376\377\000F\000i\000l\000e\000\040\000f\000o\000r\000m\000a\000t\000s\000,\000\040\000e\000n\000c\000o\000d\000i\000n\000g\000s\000,\000\040\000a\000n\000d\000\040\000d\000a\000t\000a\000\040\000p\000e\000r\000s\000i\000s\000t\000e\000n\000c\000e}{section.5.2}% 77
\BOOKMARK [0][-]{chapter.6}{\376\377\000O\000b\000j\000e\000c\000t\000-\000o\000r\000i\000e\000n\000t\000e\000d\000\040\000p\000r\000o\000g\000r\000a\000m\000m\000i\000n\000g}{}% 78
\BOOKMARK [1][-]{section.6.1}{\376\377\000C\000o\000s\000t\000o\000m\000\040\000c\000l\000a\000s\000s\000e\000s}{chapter.6}% 79
\BOOKMARK [2][-]{subsection.6.1.1}{\376\377\000A\000t\000t\000r\000i\000b\000u\000t\000e\000s\000\040\000a\000n\000d\000\040\000m\000e\000t\000h\000o\000d\000s}{section.6.1}% 80
\BOOKMARK [2][-]{subsection.6.1.2}{\376\377\000I\000n\000h\000e\000r\000i\000t\000a\000n\000c\000e\000\040\000a\000n\000d\000\040\000p\000l\000y\000m\000o\000r\000p\000h\000i\000s\000m}{section.6.1}% 81
\BOOKMARK [2][-]{subsection.6.1.3}{\376\377\000U\000s\000i\000n\000g\000\040\000p\000r\000o\000p\000e\000r\000t\000i\000e\000s\000\040\000t\000o\000\040\000c\000o\000n\000t\000r\000o\000l\000\040\000a\000t\000t\000r\000i\000b\000u\000t\000e\000\040\000a\000c\000c\000e\000s\000s}{section.6.1}% 82
\BOOKMARK [0][-]{chapter.7}{\376\377\000F\000i\000l\000e\000\040\000h\000a\000n\000d\000l\000i\000n\000g}{}% 83
\BOOKMARK [0][-]{chapter.8}{\376\377\000A\000d\000v\000a\000n\000c\000e\000d\000\040\000p\000r\000o\000g\000r\000a\000m\000m\000i\000n\000g\000\040\000t\000e\000c\000h\000n\000i\000q\000u\000e\000s}{}% 84
\BOOKMARK [1][-]{section.8.1}{\376\377\000F\000u\000r\000t\000h\000e\000r\000\040\000p\000r\000o\000c\000e\000d\000u\000r\000a\000l\000\040\000p\000r\000o\000g\000r\000a\000m\000m\000i\000n\000g}{chapter.8}% 85
\BOOKMARK [2][-]{subsection.8.1.1}{\376\377\000B\000r\000a\000n\000c\000h\000i\000n\000g\000\040\000u\000s\000i\000n\000g\000\040\000d\000i\000c\000t\000i\000o\000n\000a\000r\000i\000e\000s}{section.8.1}% 86
\BOOKMARK [2][-]{subsection.8.1.2}{\376\377\000G\000e\000n\000e\000r\000a\000t\000o\000r\000\040\000e\000x\000p\000r\000e\000s\000s\000i\000o\000n\000s\000\040\000a\000n\000d\000\040\000f\000u\000n\000c\000t\000i\000o\000n\000s}{section.8.1}% 87
\BOOKMARK [2][-]{subsection.8.1.3}{\376\377\000D\000y\000n\000a\000m\000i\000c\000\040\000c\000o\000d\000e\000\040\000e\000x\000e\000c\000u\000t\000i\000o\000n\000\040\000a\000n\000d\000\040\000d\000y\000n\000a\000m\000i\000c\000\040\000i\000m\000p\000o\000r\000t\000s}{section.8.1}% 88
\BOOKMARK [2][-]{subsection.8.1.4}{\376\377\000L\000o\000c\000a\000l\000\040\000a\000n\000d\000\040\000r\000e\000c\000u\000r\000s\000i\000v\000e\000\040\000f\000u\000n\000c\000t\000i\000o\000n\000s}{section.8.1}% 89
\BOOKMARK [2][-]{subsection.8.1.5}{\376\377\000F\000u\000n\000c\000t\000i\000o\000n\000s\000\040\000a\000n\000d\000\040\000m\000e\000t\000h\000o\000d\000\040\000d\000e\000c\000o\000r\000a\000t\000o\000r\000s}{section.8.1}% 90
\BOOKMARK [2][-]{subsection.8.1.6}{\376\377\000F\000u\000n\000c\000t\000i\000o\000n\000\040\000a\000n\000n\000o\000t\000a\000t\000i\000o\000n\000s}{section.8.1}% 91
\BOOKMARK [1][-]{section.8.2}{\376\377\000F\000u\000r\000t\000h\000e\000r\000\040\000o\000b\000j\000e\000c\000t\000-\000o\000r\000i\000e\000n\000t\000e\000d\000\040\000p\000r\000o\000g\000r\000a\000m\000m\000i\000n\000g}{chapter.8}% 92
\BOOKMARK [2][-]{subsection.8.2.1}{\376\377\000C\000o\000n\000t\000r\000o\000l\000l\000i\000n\000g\000\040\000a\000t\000t\000r\000i\000b\000u\000t\000e\000\040\000a\000c\000c\000e\000s\000s}{section.8.2}% 93
\BOOKMARK [2][-]{subsection.8.2.2}{\376\377\000F\000u\000n\000c\000t\000o\000r\000s}{section.8.2}% 94
\BOOKMARK [2][-]{subsection.8.2.3}{\376\377\000C\000o\000n\000t\000e\000x\000t\000\040\000m\000a\000n\000a\000g\000e\000r}{section.8.2}% 95
\BOOKMARK [2][-]{subsection.8.2.4}{\376\377\000D\000e\000s\000c\000r\000i\000p\000t\000o\000r\000s}{section.8.2}% 96
\BOOKMARK [2][-]{subsection.8.2.5}{\376\377\000C\000l\000a\000s\000s\000\040\000d\000e\000c\000o\000r\000a\000t\000o\000r\000s}{section.8.2}% 97
\BOOKMARK [2][-]{subsection.8.2.6}{\376\377\000A\000b\000s\000t\000r\000a\000c\000t\000\040\000b\000a\000s\000e\000\040\000c\000l\000a\000s\000s\000e\000s}{section.8.2}% 98
\BOOKMARK [2][-]{subsection.8.2.7}{\376\377\000M\000u\000l\000t\000i\000p\000l\000e\000\040\000i\000n\000h\000e\000r\000i\000t\000a\000n\000c\000e}{section.8.2}% 99
\BOOKMARK [2][-]{subsection.8.2.8}{\376\377\000M\000e\000t\000a\000c\000l\000a\000s\000s\000e\000s}{section.8.2}% 100
\BOOKMARK [1][-]{section.8.3}{\376\377\000F\000u\000n\000c\000t\000i\000o\000n\000a\000l\000-\000s\000t\000y\000l\000e\000\040\000p\000r\000o\000g\000r\000a\000m\000m\000i\000n\000g}{chapter.8}% 101
\BOOKMARK [2][-]{subsection.8.3.1}{\376\377\000P\000a\000r\000t\000i\000a\000l\000\040\000f\000u\000n\000c\000t\000i\000o\000n\000\040\000a\000p\000p\000l\000i\000c\000a\000t\000i\000o\000n}{section.8.3}% 102
\BOOKMARK [2][-]{subsection.8.3.2}{\376\377\000C\000o\000r\000o\000u\000t\000i\000n\000e\000s}{section.8.3}% 103
\BOOKMARK [0][-]{chapter.9}{\376\377\000D\000e\000b\000u\000g\000g\000i\000n\000g\000,\000\040\000t\000e\000s\000t\000i\000n\000g\000,\000\040\000a\000n\000d\000\040\000p\000r\000o\000f\000i\000l\000i\000n\000g}{}% 104
\BOOKMARK [1][-]{section.9.1}{\376\377\000D\000e\000b\000u\000g\000g\000i\000n\000g}{chapter.9}% 105
\BOOKMARK [2][-]{subsection.9.1.1}{\376\377\000D\000e\000a\000l\000i\000n\000g\000\040\000w\000i\000t\000h\000\040\000s\000y\000n\000t\000a\000x\000\040\000e\000r\000r\000o\000r\000s}{section.9.1}% 106
\BOOKMARK [2][-]{subsection.9.1.2}{\376\377\000D\000e\000a\000l\000i\000n\000g\000\040\000w\000i\000t\000h\000\040\000r\000u\000n\000t\000i\000m\000e\000\040\000e\000r\000r\000o\000r\000s}{section.9.1}% 107
\BOOKMARK [2][-]{subsection.9.1.3}{\376\377\000S\000c\000i\000e\000n\000t\000i\000f\000i\000c\000\040\000d\000e\000b\000u\000g\000g\000i\000n\000g}{section.9.1}% 108
\BOOKMARK [1][-]{section.9.2}{\376\377\000U\000n\000i\000t\000\040\000t\000e\000s\000t\000i\000n\000g}{chapter.9}% 109
\BOOKMARK [1][-]{section.9.3}{\376\377\000P\000r\000o\000f\000i\000l\000i\000n\000g}{chapter.9}% 110
\BOOKMARK [0][-]{chapter.10}{\376\377\000P\000r\000o\000c\000e\000s\000s\000e\000s\000\040\000a\000n\000d\000\040\000t\000h\000r\000e\000a\000d\000i\000n\000g}{}% 111
\BOOKMARK [1][-]{section.10.1}{\376\377\000U\000s\000i\000n\000g\000\040\000t\000h\000e\000\040\000m\000u\000l\000t\000i\000p\000r\000o\000c\000e\000s\000s\000i\000n\000g\000\040\000m\000o\000d\000u\000l\000e}{chapter.10}% 112
\BOOKMARK [1][-]{section.10.2}{\376\377\000U\000s\000i\000n\000g\000\040\000t\000h\000e\000\040\000t\000h\000r\000e\000a\000d\000i\000n\000g\000\040\000m\000o\000d\000u\000l\000e}{chapter.10}% 113
\BOOKMARK [0][-]{chapter.11}{\376\377\000N\000e\000t\000w\000o\000r\000k\000i\000n\000g}{}% 114
\BOOKMARK [1][-]{section.11.1}{\376\377\000C\000o\000n\000s\000o\000l\000e\000\040\000t\000o\000o\000l}{chapter.11}% 115
\BOOKMARK [1][-]{section.11.2}{\376\377\000C\000r\000e\000a\000t\000i\000n\000g\000\040\000a\000\040\000T\000C\000P\000\040\000c\000l\000i\000e\000n\000t}{chapter.11}% 116
\BOOKMARK [1][-]{section.11.3}{\376\377\000C\000r\000e\000a\000t\000i\000n\000g\000\040\000a\000\040\000T\000C\000P\000\040\000s\000e\000r\000v\000e\000r}{chapter.11}% 117
\BOOKMARK [1][-]{section.11.4}{\376\377\000S\000u\000m\000m\000a\000r\000y}{chapter.11}% 118
\BOOKMARK [0][-]{chapter.12}{\376\377\000D\000a\000t\000a\000b\000a\000s\000e\000\040\000P\000r\000o\000g\000r\000a\000m\000m\000i\000n\000g}{}% 119
\BOOKMARK [1][-]{section.12.1}{\376\377\000D\000B\000M\000\040\000d\000a\000t\000a\000b\000a\000s\000e\000s}{chapter.12}% 120
\BOOKMARK [1][-]{section.12.2}{\376\377\000S\000Q\000L\000\040\000d\000a\000t\000a\000b\000a\000s\000e\000s}{chapter.12}% 121
\BOOKMARK [0][-]{chapter.13}{\376\377\000R\000e\000g\000u\000l\000a\000r\000\040\000E\000x\000p\000r\000e\000s\000s\000i\000o\000n\000s}{}% 122
\BOOKMARK [1][-]{section.13.1}{\376\377\000P\000y\000t\000h\000o\000n\000'\000s\000\040\000r\000e\000g\000u\000l\000a\000r\000\040\000e\000x\000p\000r\000e\000s\000s\000i\000o\000n\000\040\000l\000a\000n\000g\000u\000a\000g\000e}{chapter.13}% 123
\BOOKMARK [2][-]{subsection.13.1.1}{\376\377\000C\000h\000a\000r\000a\000c\000t\000e\000r\000\040\000a\000n\000d\000\040\000c\000h\000a\000r\000a\000c\000t\000e\000r\000\040\000c\000l\000a\000s\000s\000e\000s}{section.13.1}% 124
\BOOKMARK [2][-]{subsection.13.1.2}{\376\377\000Q\000u\000a\000n\000t\000i\000f\000i\000e\000r\000s}{section.13.1}% 125
\BOOKMARK [2][-]{subsection.13.1.3}{\376\377\000G\000r\000o\000u\000p\000i\000n\000g\000\040\000a\000n\000d\000\040\000c\000a\000p\000t\000u\000r\000i\000n\000g}{section.13.1}% 126
\BOOKMARK [2][-]{subsection.13.1.4}{\376\377\000A\000s\000s\000e\000r\000t\000i\000o\000n\000s\000\040\000a\000n\000d\000\040\000f\000l\000a\000g\000s}{section.13.1}% 127
\BOOKMARK [1][-]{section.13.2}{\376\377\000T\000h\000e\000\040\000r\000e\000g\000u\000l\000a\000r\000\040\000e\000x\000p\000r\000e\000s\000s\000i\000o\000n\000\040\000m\000o\000d\000u\000l\000e}{chapter.13}% 128
\BOOKMARK [0][-]{chapter.14}{\376\377\000I\000n\000t\000r\000o\000d\000u\000c\000t\000i\000o\000n\000\040\000t\000o\000\040\000p\000a\000r\000s\000i\000n\000g}{}% 129
\BOOKMARK [1][-]{section.14.1}{\376\377\000B\000N\000F\000\040\000s\000y\000n\000t\000a\000x\000\040\000a\000n\000d\000\040\000p\000a\000r\000s\000i\000n\000g\000\040\000t\000e\000r\000m\000i\000n\000o\000l\000o\000g\000y}{chapter.14}% 130
\BOOKMARK [1][-]{section.14.2}{\376\377\000P\000a\000r\000s\000i\000n\000g\000\040\000m\000a\000n\000n\000e\000r\000s}{chapter.14}% 131
\BOOKMARK [0][-]{chapter.15}{\376\377\000I\000n\000t\000r\000o\000d\000u\000c\000t\000i\000o\000n\000\040\000t\000o\000\040\000G\000U\000I\000\040\000p\000r\000o\000g\000r\000a\000m\000m\000i\000n\000g}{}% 132
\BOOKMARK [1][-]{section.15.1}{\376\377\000D\000i\000a\000l\000o\000g\000-\000s\000t\000y\000l\000e\000\040\000p\000r\000o\000g\000r\000a\000m\000s}{chapter.15}% 133
\BOOKMARK [1][-]{section.15.2}{\376\377\000M\000a\000i\000n\000-\000w\000i\000n\000d\000o\000w\000-\000s\000t\000y\000l\000e\000\040\000p\000r\000o\000g\000r\000a\000m\000s}{chapter.15}% 134
\BOOKMARK [0][-]{chapter.16}{\376\377\000E\000n\000v\000i\000r\000o\000n\000m\000e\000n\000t}{}% 135
\BOOKMARK [1][-]{section.16.1}{\376\377\000R\000e\000p\000o}{chapter.16}% 136
\BOOKMARK [1][-]{section.16.2}{\376\377\000F\000r\000e\000e\000z\000e\000\040\000a\000n\000d\000\040\000i\000n\000s\000t\000a\000l\000l\000\040\000p\000a\000c\000k\000a\000g\000e\000s}{chapter.16}% 137
\BOOKMARK [1][-]{section.16.3}{\376\377\000U\000p\000g\000r\000a\000d\000e\000\040\000p\000i\000p}{chapter.16}% 138
