\BOOKMARK [0][-]{chapter.1}{\376\377\122\115\212\000}{}% 1
\BOOKMARK [0][-]{chapter.2}{\376\377\213\260\137\306\116\113\225\350}{}% 2
\BOOKMARK [1][-]{section.2.1}{\376\377\202\157\131\175\166\204\137\303\140\001}{chapter.2}% 3
\BOOKMARK [1][-]{section.2.2}{\376\377\121\113\147\015\220\127\137\330}{chapter.2}% 4
\BOOKMARK [1][-]{section.2.3}{\376\377\130\236\137\072\213\260\137\306\124\214\140\035\176\364\200\375\122\233\166\204\116\011\131\047\236\304\221\321\140\035\176\364\152\041\137\017}{chapter.2}% 5
\BOOKMARK [0][-]{chapter.3}{\376\377\224\376\137\017\213\260\137\306\154\325}{}% 6
\BOOKMARK [1][-]{section.3.1}{\376\377\213\260\137\306\215\104\145\231\166\204\217\154\143\142}{chapter.3}% 7
\BOOKMARK [1][-]{section.3.2}{\376\377\137\142\214\141\147\120\145\231\166\204\217\154\143\142}{chapter.3}% 8
\BOOKMARK [1][-]{section.3.3}{\376\377\142\275\214\141\147\120\145\231\166\204\217\154\143\142}{chapter.3}% 9
\BOOKMARK [1][-]{section.3.4}{\376\377\224\376\137\017\163\257\142\143\213\260\137\306\154\325}{chapter.3}% 10
\BOOKMARK [1][-]{section.3.5}{\376\377\224\376\137\017\116\062\200\124\213\260\137\306\154\325}{chapter.3}% 11
\BOOKMARK [1][-]{section.3.6}{\376\377\224\376\137\017\213\260\137\306\154\325\166\204\154\350\141\017\116\213\230\171}{chapter.3}% 12
\BOOKMARK [1][-]{section.3.7}{\376\377\213\260\137\306}{chapter.3}% 13
\BOOKMARK [0][-]{chapter.4}{\376\377\145\160\133\127\213\260\137\306\154\325}{}% 14
\BOOKMARK [1][-]{section.4.1}{\376\377\145\160\133\127\126\376\170\001\213\260\137\306}{chapter.4}% 15
\BOOKMARK [1][-]{section.4.2}{\376\377\145\160\133\127\215\104\145\231\145\164\117\123\214\020\227\363\217\154\143\142\213\260\137\306}{chapter.4}% 16
\BOOKMARK [1][-]{section.4.3}{\376\377\145\160\133\127\116\016\145\207\133\127\147\120\145\231\213\260\137\306}{chapter.4}% 17
\BOOKMARK [0][-]{chapter.5}{\376\377\131\026\213\355\213\260\137\306\154\325}{}% 18
\BOOKMARK [1][-]{section.5.1}{\376\377\213\260\137\306\131\026\213\355\123\125\213\315\166\204\121\155\116\052\153\145\232\244}{chapter.5}% 19
\BOOKMARK [0][-]{chapter.6}{\376\377\121\173\142\020\116\140\140\357}{}% 20
