\BOOKMARK [-1][-]{part.1}{\376\377\000I\000\040\000T\000U\000T\000O\000R\000I\000A\000L}{}% 1
\BOOKMARK [0][-]{chapter.1}{\376\377\000I\000n\000s\000t\000a\000l\000l\000a\000t\000i\000o\000n}{part.1}% 2
\BOOKMARK [1][-]{section.1.1}{\376\377\000P\000y\000t\000h\000o\000n}{chapter.1}% 3
\BOOKMARK [1][-]{section.1.2}{\376\377\000D\000a\000t\000a\000b\000a\000s\000e}{chapter.1}% 4
\BOOKMARK [1][-]{section.1.3}{\376\377\000D\000j\000a\000n\000g\000o}{chapter.1}% 5
\BOOKMARK [0][-]{chapter.2}{\376\377\000R\000e\000q\000u\000e\000s\000t\000\040\000a\000n\000d\000\040\000r\000e\000s\000p\000o\000n\000s\000e}{part.1}% 6
\BOOKMARK [1][-]{section.2.1}{\376\377\000C\000r\000e\000a\000t\000i\000n\000g\000\040\000a\000\040\000p\000r\000o\000j\000e\000c\000t}{chapter.2}% 7
\BOOKMARK [1][-]{section.2.2}{\376\377\000T\000h\000e\000\040\000d\000e\000v\000e\000l\000o\000p\000m\000e\000n\000t\000\040\000s\000e\000r\000v\000e\000r}{chapter.2}% 8
\BOOKMARK [1][-]{section.2.3}{\376\377\000C\000r\000e\000a\000t\000i\000n\000g\000\040\000a\000n\000\040\000a\000p\000p}{chapter.2}% 9
\BOOKMARK [1][-]{section.2.4}{\376\377\000W\000r\000i\000t\000e\000\040\000y\000o\000u\000r\000\040\000f\000i\000r\000s\000t\000\040\000v\000i\000e\000w}{chapter.2}% 10
\BOOKMARK [0][-]{chapter.3}{\376\377\000M\000o\000d\000e\000l\000s\000\040\000a\000n\000d\000\040\000t\000h\000e\000\040\000a\000d\000m\000i\000n\000\040\000s\000i\000t\000e}{part.1}% 11
\BOOKMARK [1][-]{section.3.1}{\376\377\000D\000a\000t\000a\000b\000a\000s\000e\000\040\000s\000e\000t\000u\000p}{chapter.3}% 12
\BOOKMARK [1][-]{section.3.2}{\376\377\000C\000r\000e\000a\000t\000i\000n\000g\000\040\000m\000o\000d\000e\000l\000s}{chapter.3}% 13
\BOOKMARK [1][-]{section.3.3}{\376\377\000A\000c\000t\000i\000v\000a\000t\000i\000n\000g\000\040\000m\000o\000d\000e\000l\000s}{chapter.3}% 14
\BOOKMARK [1][-]{section.3.4}{\376\377\000I\000n\000t\000r\000o\000d\000u\000c\000i\000n\000g\000\040\000t\000h\000e\000\040\000D\000j\000a\000n\000g\000o\000\040\000A\000d\000m\000i\000n}{chapter.3}% 15
\BOOKMARK [2][-]{subsection.3.4.1}{\376\377\000C\000r\000e\000a\000t\000i\000n\000g\000\040\000a\000n\000\040\000a\000d\000m\000i\000n\000\040\000u\000s\000e\000r}{section.3.4}% 16
\BOOKMARK [2][-]{subsection.3.4.2}{\376\377\000M\000a\000k\000e\000\040\000t\000h\000e\000\040\000p\000o\000l\000l\000\040\000a\000p\000p\000\040\000m\000o\000d\000i\000f\000i\000a\000b\000l\000e\000\040\000i\000n\000\040\000t\000h\000e\000\040\000a\000d\000m\000i\000n}{section.3.4}% 17
\BOOKMARK [0][-]{chapter.4}{\376\377\000V\000i\000e\000w\000s\000\040\000a\000n\000d\000\040\000t\000e\000m\000p\000l\000a\000t\000e\000s}{part.1}% 18
\BOOKMARK [1][-]{section.4.1}{\376\377\000O\000v\000e\000r\000v\000i\000e\000w}{chapter.4}% 19
\BOOKMARK [1][-]{section.4.2}{\376\377\000W\000r\000i\000t\000i\000n\000g\000\040\000m\000o\000r\000e\000\040\000v\000i\000e\000w\000s}{chapter.4}% 20
\BOOKMARK [1][-]{section.4.3}{\376\377\000W\000r\000i\000t\000e\000\040\000v\000i\000e\000w\000s\000\040\000t\000h\000a\000t\000\040\000a\000c\000t\000u\000a\000l\000l\000y\000\040\000d\000o\000\040\000s\000o\000m\000e\000t\000h\000i\000n\000g}{chapter.4}% 21
\BOOKMARK [1][-]{section.4.4}{\376\377\000R\000a\000i\000s\000i\000n\000g\000\040\000a\000\040\0004\0000\0004\000\040\000e\000r\000r\000o\000r}{chapter.4}% 22
\BOOKMARK [1][-]{section.4.5}{\376\377\000U\000s\000e\000\040\000t\000h\000e\000\040\000t\000e\000m\000p\000l\000a\000t\000e\000\040\000s\000y\000s\000t\000e\000m}{chapter.4}% 23
\BOOKMARK [1][-]{section.4.6}{\376\377\000R\000e\000m\000o\000v\000i\000n\000g\000\040\000h\000a\000r\000d\000c\000o\000d\000e\000d\000\040\000U\000R\000L\000s\000\040\000i\000n\000\040\000t\000e\000m\000p\000l\000a\000t\000e\000s}{chapter.4}% 24
\BOOKMARK [1][-]{section.4.7}{\376\377\000N\000a\000m\000e\000s\000p\000a\000c\000i\000n\000g\000\040\000U\000R\000L\000\040\000n\000a\000m\000e\000s}{chapter.4}% 25
\BOOKMARK [1][-]{section.4.8}{\376\377\000F\000o\000r\000m\000s}{chapter.4}% 26
\BOOKMARK [0][-]{chapter.5}{\376\377\000S\000t\000a\000t\000i\000c\000\040\000f\000i\000l\000e\000s}{part.1}% 27
\BOOKMARK [1][-]{section.5.1}{\376\377\000C\000u\000s\000t\000o\000m\000i\000z\000e\000\040\000y\000o\000u\000\040\000a\000p\000p\000'\000s\000\040\000l\000o\000o\000k\000\040\000a\000n\000d\000\040\000f\000e\000e\000l}{chapter.5}% 28
\BOOKMARK [0][-]{chapter.6}{\376\377\000C\000u\000s\000t\000o\000m\000i\000z\000i\000n\000g\000\040\000t\000h\000e\000\040\000a\000d\000m\000i\000n\000\040\000s\000i\000t\000e}{part.1}% 29
\BOOKMARK [1][-]{section.6.1}{\376\377\000A\000d\000d\000i\000n\000g\000\040\000r\000e\000l\000a\000t\000e\000d\000\040\000o\000b\000j\000e\000c\000t\000s}{chapter.6}% 30
\BOOKMARK [1][-]{section.6.2}{\376\377\000C\000u\000s\000t\000o\000m\000i\000z\000i\000n\000g\000\040\000t\000h\000e\000\040\000a\000d\000m\000i\000n\000\040\000c\000h\000a\000n\000g\000e\000\040\000l\000i\000s\000t}{chapter.6}% 31
\BOOKMARK [1][-]{section.6.3}{\376\377\000C\000u\000s\000t\000o\000m\000i\000z\000e\000\040\000t\000h\000e\000\040\000a\000d\000m\000i\000n\000\040\000l\000o\000o\000k\000\040\000a\000n\000d\000\040\000f\000e\000e\000l}{chapter.6}% 32
\BOOKMARK [0][-]{chapter.7}{\376\377\000H\000o\000w\000\040\000t\000o\000\040\000w\000r\000i\000t\000e\000\040\000r\000e\000u\000s\000a\000b\000l\000e\000\040\000a\000p\000p\000s}{part.1}% 33
\BOOKMARK [1][-]{section.7.1}{\376\377\000Y\000o\000u\000r\000\040\000p\000r\000o\000j\000e\000c\000t\000\040\000a\000n\000d\000\040\000y\000o\000u\000r\000\040\000r\000e\000u\000s\000a\000b\000l\000e\000\040\000a\000p\000p}{chapter.7}% 34
\BOOKMARK [1][-]{section.7.2}{\376\377\000P\000a\000c\000k\000a\000g\000i\000n\000g\000\040\000y\000o\000u\000r\000\040\000a\000p\000p}{chapter.7}% 35
\BOOKMARK [1][-]{section.7.3}{\376\377\000U\000s\000i\000n\000g\000\040\000y\000o\000u\000r\000\040\000o\000w\000n\000\040\000p\000a\000c\000k\000a\000g\000e}{chapter.7}% 36
\BOOKMARK [-1][-]{part.2}{\376\377\000I\000I\000\040\000B\000L\000O\000G\000\040\000P\000R\000O\000J\000E\000C\000T}{}% 37
\BOOKMARK [0][-]{chapter.8}{\376\377\000O\000v\000e\000r\000v\000i\000e\000w}{part.2}% 38
\BOOKMARK [1][-]{section.8.1}{\376\377\000I\000n\000s\000t\000a\000l\000l\000\040\000a\000p\000p\000l\000i\000c\000a\000t\000i\000o\000n\000s}{chapter.8}% 39
\BOOKMARK [1][-]{section.8.2}{\376\377\000I\000n\000c\000l\000u\000d\000e\000\040\000u\000r\000l\000s}{chapter.8}% 40
\BOOKMARK [0][-]{chapter.9}{\376\377\000H\000o\000m\000e}{part.2}% 41
\BOOKMARK [1][-]{section.9.1}{\376\377\000i\000n\000d\000e\000x\000.\000h\000t\000m\000l}{chapter.9}% 42
\BOOKMARK [0][-]{chapter.10}{\376\377\000P\000D\000F}{part.2}% 43
\BOOKMARK [1][-]{section.10.1}{\376\377\000M\000o\000d\000e\000l}{chapter.10}% 44
\BOOKMARK [1][-]{section.10.2}{\376\377\000V\000i\000e\000w}{chapter.10}% 45
\BOOKMARK [1][-]{section.10.3}{\376\377\000U\000r\000l}{chapter.10}% 46
\BOOKMARK [1][-]{section.10.4}{\376\377\000I\000n\000s\000t\000a\000l\000l\000\040\000a\000p\000p\000\040\000i\000n\000\040\000a\000d\000m\000i\000n}{chapter.10}% 47
\BOOKMARK [0][-]{chapter.11}{\376\377\000F\000a\000v\000i\000c\000o\000n}{part.2}% 48
\BOOKMARK [1][-]{section.11.1}{\376\377\000P\000r\000e\000p\000a\000r\000e\000\040\000a\000n\000\040\000i\000c\000o\000n}{chapter.11}% 49
\BOOKMARK [1][-]{section.11.2}{\376\377\000R\000e\000m\000o\000v\000e\000\040\000t\000h\000e\000\040\000b\000a\000c\000k\000g\000r\000o\000u\000n\000d}{chapter.11}% 50
\BOOKMARK [1][-]{section.11.3}{\376\377\000G\000e\000n\000e\000r\000a\000t\000e\000\040\000t\000h\000e\000\040\000i\000c\000o\000\040\000i\000m\000a\000g\000e}{chapter.11}% 51
\BOOKMARK [1][-]{section.11.4}{\376\377\000A\000d\000d\000\040\000i\000c\000o\000n\000\040\000i\000n\000\040\000h\000t\000m\000l}{chapter.11}% 52
\BOOKMARK [0][-]{chapter.12}{\376\377\000W\000e\000b}{part.2}% 53
\BOOKMARK [1][-]{section.12.1}{\376\377\000C\000o\000m\000m\000o\000n\000\040\000H\000e\000a\000d\000e\000r\000\040\000a\000n\000d\000\040\000F\000o\000o\000t\000e\000r}{chapter.12}% 54
\BOOKMARK [0][-]{chapter.13}{\376\377\000F\000o\000r\000m}{part.2}% 55
\BOOKMARK [0][-]{chapter.14}{\376\377\000U\000p\000l\000o\000a\000d\000\040\000I\000m\000a\000g\000e}{part.2}% 56
\BOOKMARK [1][-]{section.14.1}{\376\377\000H\000T\000M\000L}{chapter.14}% 57
\BOOKMARK [0][-]{chapter.15}{\376\377\000T\000r\000a\000n\000s\000l\000a\000t\000i\000o\000n}{part.2}% 58
\BOOKMARK [1][-]{section.15.1}{\376\377\000E\000n\000a\000b\000l\000e\000\040\000T\000r\000a\000n\000s\000l\000a\000t\000i\000o\000n}{chapter.15}% 59
\BOOKMARK [1][-]{section.15.2}{\376\377\000M\000a\000r\000k}{chapter.15}% 60
\BOOKMARK [1][-]{section.15.3}{\376\377\000U\000R\000L\000\040\000p\000a\000t\000t\000e\000r\000n\000s}{chapter.15}% 61
\BOOKMARK [1][-]{section.15.4}{\376\377\000C\000r\000e\000a\000t\000e\000\040\000l\000a\000n\000g\000u\000a\000g\000e\000\040\000f\000i\000l\000e\000s}{chapter.15}% 62
\BOOKMARK [1][-]{section.15.5}{\376\377\000C\000o\000m\000p\000i\000l\000e\000\040\000m\000e\000s\000s\000a\000g\000e\000\040\000f\000i\000l\000e\000s}{chapter.15}% 63
\BOOKMARK [1][-]{section.15.6}{\376\377\000S\000w\000i\000t\000c\000h\000\040\000l\000a\000n\000g\000u\000a\000g\000e\000\040\000o\000n\000\040\000w\000e\000b\000p\000a\000g\000e}{chapter.15}% 64
\BOOKMARK [1][-]{section.15.7}{\376\377\000M\000o\000d\000e\000l\000\040\000t\000r\000a\000n\000s\000l\000a\000t\000i\000o\000n}{chapter.15}% 65
\BOOKMARK [2][-]{subsection.15.7.1}{\376\377\000I\000n\000s\000t\000a\000l\000l}{section.15.7}% 66
\BOOKMARK [2][-]{subsection.15.7.2}{\376\377\000S\000e\000t\000u\000p}{section.15.7}% 67
\BOOKMARK [2][-]{subsection.15.7.3}{\376\377\000R\000e\000g\000i\000s\000t\000i\000n\000g\000\040\000m\000o\000d\000e\000l\000s\000\040\000f\000o\000r\000\040\000t\000r\000a\000n\000s\000l\000a\000t\000i\000o\000n}{section.15.7}% 68
\BOOKMARK [2][-]{subsection.15.7.4}{\376\377\000A\000d\000d\000\040\000t\000r\000a\000n\000s\000l\000a\000t\000i\000o\000n\000\040\000t\000o\000\040\000a\000d\000m\000i\000n\000i\000s\000t\000r\000a\000t\000i\000o\000n}{section.15.7}% 69
\BOOKMARK [2][-]{subsection.15.7.5}{\376\377\000M\000a\000n\000a\000g\000e\000\040\000c\000o\000m\000m\000a\000n\000d\000s}{section.15.7}% 70
\BOOKMARK [-1][-]{part.3}{\376\377\000I\000I\000I\000\040\000P\000R\000O\000D\000U\000C\000T}{}% 71
\BOOKMARK [0][-]{chapter.16}{\376\377\000D\000e\000p\000l\000o\000y\000\040\000D\000j\000a\000n\000g\000o\000\040\000p\000r\000o\000j\000e\000c\000t\000\040\000w\000i\000t\000h\000\040\000A\000p\000a\000c\000h\000e}{part.3}% 72
\BOOKMARK [1][-]{section.16.1}{\376\377\000A\000p\000a\000c\000h\000e}{chapter.16}% 73
\BOOKMARK [2][-]{subsection.16.1.1}{\376\377\000I\000n\000s\000t\000a\000l\000l\000\040\000A\000p\000a\000c\000h\000e\000\040\000h\000t\000t\000p\000d}{section.16.1}% 74
\BOOKMARK [2][-]{subsection.16.1.2}{\376\377\000S\000t\000a\000r\000t\000\040\000h\000t\000t\000p\000d}{section.16.1}% 75
\BOOKMARK [2][-]{subsection.16.1.3}{\376\377\000S\000t\000o\000p\000\040\000h\000t\000t\000p\000d}{section.16.1}% 76
\BOOKMARK [2][-]{subsection.16.1.4}{\376\377\000E\000n\000a\000b\000l\000e\000\040\000h\000t\000t\000p\000d\000\040\000o\000n\000\040\000o\000p\000e\000r\000a\000t\000i\000o\000n\000g\000\040\000s\000y\000s\000t\000e\000m\000\040\000s\000t\000a\000r\000t}{section.16.1}% 77
\BOOKMARK [1][-]{section.16.2}{\376\377\000m\000o\000d\000\137\000w\000s\000g\000i}{chapter.16}% 78
\BOOKMARK [1][-]{section.16.3}{\376\377\000P\000e\000r\000m\000i\000s\000s\000i\000o\000n}{chapter.16}% 79
\BOOKMARK [1][-]{section.16.4}{\376\377\000C\000o\000n\000f\000i\000g\000u\000r\000a\000t\000e\000\040\000A\000p\000a\000c\000h\000e}{chapter.16}% 80
\BOOKMARK [1][-]{section.16.5}{\376\377\000C\000o\000l\000l\000e\000c\000t\000\040\000s\000t\000a\000t\000i\000c\000\040\000f\000i\000l\000e\000s}{chapter.16}% 81
\BOOKMARK [0][-]{chapter.17}{\376\377\000S\000S\000L\000\040\000c\000e\000r\000t\000i\000f\000i\000c\000a\000t\000i\000o\000n}{part.3}% 82
\BOOKMARK [1][-]{section.17.1}{\376\377\000G\000e\000n\000e\000r\000a\000t\000e\000\040\000S\000S\000L\000\040\000c\000e\000r\000t\000i\000f\000i\000c\000a\000t\000e}{chapter.17}% 83
\BOOKMARK [1][-]{section.17.2}{\376\377\000D\000o\000w\000n\000l\000o\000a\000d\000\040\000y\000o\000u\000r\000\040\000S\000S\000L\000\040\000c\000e\000r\000t\000i\000f\000i\000c\000a\000t\000e}{chapter.17}% 84
\BOOKMARK [1][-]{section.17.3}{\376\377\000I\000n\000s\000t\000a\000l\000l\000\040\000S\000S\000L\000\040\000m\000o\000d\000u\000l\000e}{chapter.17}% 85
\BOOKMARK [1][-]{section.17.4}{\376\377\000C\000o\000n\000f\000i\000g\000u\000r\000a\000t\000e\000\040\000S\000S\000L\000\040\000c\000e\000r\000t\000i\000f\000i\000c\000a\000t\000e\000\040\000i\000n\000\040\000A\000p\000a\000c\000h\000e}{chapter.17}% 86
\BOOKMARK [1][-]{section.17.5}{\376\377\000R\000e\000d\000i\000c\000t\000\040\000h\000t\000t\000p\000\040\000t\000o\000\040\000h\000t\000t\000p\000s}{chapter.17}% 87
\BOOKMARK [1][-]{section.17.6}{\376\377\000C\000e\000r\000b\000o\000t}{chapter.17}% 88
\BOOKMARK [0][-]{chapter.18}{\376\377\000V\000i\000r\000t\000u\000a\000l\000\040\000h\000o\000s\000t}{part.3}% 89
\BOOKMARK [1][-]{section.18.1}{\376\377\000V\000i\000r\000t\000u\000a\000l\000\040\000h\000o\000s\000t}{chapter.18}% 90
