This is XeTeX, Version 3.141592653-2.6-0.999993 (TeX Live 2021) (preloaded format=xelatex 2021.12.31)  23 JAN 2022 17:14
entering extended mode
 restricted \write18 enabled.
 %&-line parsing enabled.
**blog.tex
(./blog.tex
LaTeX2e <2020-10-01> patch level 4
L3 programming layer <2021-02-18>
(/usr/local/texlive/2021/texmf-dist/tex/latex/base/book.cls
Document Class: book 2020/04/10 v1.4m Standard LaTeX document class
(/usr/local/texlive/2021/texmf-dist/tex/latex/base/bk10.clo
File: bk10.clo 2020/04/10 v1.4m Standard LaTeX file (size option)
)
\c@part=\count175
\c@chapter=\count176
\c@section=\count177
\c@subsection=\count178
\c@subsubsection=\count179
\c@paragraph=\count180
\c@subparagraph=\count181
\c@figure=\count182
\c@table=\count183
\abovecaptionskip=\skip47
\belowcaptionskip=\skip48
\bibindent=\dimen138
) (./preamble.tex
(/usr/local/texlive/2021/texmf-dist/tex/latex/geometry/geometry.sty
Package: geometry 2020/01/02 v5.9 Page Geometry

(/usr/local/texlive/2021/texmf-dist/tex/latex/graphics/keyval.sty
Package: keyval 2014/10/28 v1.15 key=value parser (DPC)
\KV@toks@=\toks15
)
(/usr/local/texlive/2021/texmf-dist/tex/generic/iftex/ifvtex.sty
Package: ifvtex 2019/10/25 v1.7 ifvtex legacy package. Use iftex instead.

(/usr/local/texlive/2021/texmf-dist/tex/generic/iftex/iftex.sty
Package: iftex 2020/03/06 v1.0d TeX engine tests
))
\Gm@cnth=\count184
\Gm@cntv=\count185
\c@Gm@tempcnt=\count186
\Gm@bindingoffset=\dimen139
\Gm@wd@mp=\dimen140
\Gm@odd@mp=\dimen141
\Gm@even@mp=\dimen142
\Gm@layoutwidth=\dimen143
\Gm@layoutheight=\dimen144
\Gm@layouthoffset=\dimen145
\Gm@layoutvoffset=\dimen146
\Gm@dimlist=\toks16
)
(/usr/local/texlive/2021/texmf-dist/tex/latex/titlesec/titlesec.sty
Package: titlesec 2019/10/16 v2.13 Sectioning titles
\ttl@box=\box47
\beforetitleunit=\skip49
\aftertitleunit=\skip50
\ttl@plus=\dimen147
\ttl@minus=\dimen148
\ttl@toksa=\toks17
\titlewidth=\dimen149
\titlewidthlast=\dimen150
\titlewidthfirst=\dimen151
)
(/usr/local/texlive/2021/texmf-dist/tex/latex/hyperref/hyperref.sty
Package: hyperref 2021-02-27 v7.00k Hypertext links for LaTeX

(/usr/local/texlive/2021/texmf-dist/tex/generic/ltxcmds/ltxcmds.sty
Package: ltxcmds 2020-05-10 v1.25 LaTeX kernel commands for general use (HO)
)
(/usr/local/texlive/2021/texmf-dist/tex/generic/pdftexcmds/pdftexcmds.sty
Package: pdftexcmds 2020-06-27 v0.33 Utility functions of pdfTeX for LuaTeX (HO
)

(/usr/local/texlive/2021/texmf-dist/tex/generic/infwarerr/infwarerr.sty
Package: infwarerr 2019/12/03 v1.5 Providing info/warning/error messages (HO)
)
Package pdftexcmds Info: \pdf@primitive is available.
Package pdftexcmds Info: \pdf@ifprimitive is available.
Package pdftexcmds Info: \pdfdraftmode not found.
)
(/usr/local/texlive/2021/texmf-dist/tex/generic/kvsetkeys/kvsetkeys.sty
Package: kvsetkeys 2019/12/15 v1.18 Key value parser (HO)
)
(/usr/local/texlive/2021/texmf-dist/tex/generic/kvdefinekeys/kvdefinekeys.sty
Package: kvdefinekeys 2019-12-19 v1.6 Define keys (HO)
)
(/usr/local/texlive/2021/texmf-dist/tex/generic/pdfescape/pdfescape.sty
Package: pdfescape 2019/12/09 v1.15 Implements pdfTeX's escape features (HO)
)
(/usr/local/texlive/2021/texmf-dist/tex/latex/hycolor/hycolor.sty
Package: hycolor 2020-01-27 v1.10 Color options for hyperref/bookmark (HO)
)
(/usr/local/texlive/2021/texmf-dist/tex/latex/letltxmacro/letltxmacro.sty
Package: letltxmacro 2019/12/03 v1.6 Let assignment for LaTeX macros (HO)
)
(/usr/local/texlive/2021/texmf-dist/tex/latex/auxhook/auxhook.sty
Package: auxhook 2019-12-17 v1.6 Hooks for auxiliary files (HO)
)
(/usr/local/texlive/2021/texmf-dist/tex/latex/kvoptions/kvoptions.sty
Package: kvoptions 2020-10-07 v3.14 Key value format for package options (HO)
)
\@linkdim=\dimen152
\Hy@linkcounter=\count187
\Hy@pagecounter=\count188

(/usr/local/texlive/2021/texmf-dist/tex/latex/hyperref/pd1enc.def
File: pd1enc.def 2021-02-27 v7.00k Hyperref: PDFDocEncoding definition (HO)
)
(/usr/local/texlive/2021/texmf-dist/tex/latex/hyperref/hyperref-langpatches.def
File: hyperref-langpatches.def 2021-02-27 v7.00k Hyperref: patches for babel la
nguages
) (/usr/local/texlive/2021/texmf-dist/tex/generic/intcalc/intcalc.sty
Package: intcalc 2019/12/15 v1.3 Expandable calculations with integers (HO)
)
(/usr/local/texlive/2021/texmf-dist/tex/generic/etexcmds/etexcmds.sty
Package: etexcmds 2019/12/15 v1.7 Avoid name clashes with e-TeX commands (HO)
)
\Hy@SavedSpaceFactor=\count189

(/usr/local/texlive/2021/texmf-dist/tex/latex/hyperref/puenc.def
File: puenc.def 2021-02-27 v7.00k Hyperref: PDF Unicode definition (HO)
)
Package hyperref Info: Option `colorlinks' set `true' on input line 4073.
Package hyperref Info: Hyper figures OFF on input line 4192.
Package hyperref Info: Link nesting OFF on input line 4197.
Package hyperref Info: Hyper index ON on input line 4200.
Package hyperref Info: Plain pages OFF on input line 4207.
Package hyperref Info: Backreferencing OFF on input line 4212.
Package hyperref Info: Implicit mode ON; LaTeX internals redefined.
Package hyperref Info: Bookmarks ON on input line 4445.
\c@Hy@tempcnt=\count190

(/usr/local/texlive/2021/texmf-dist/tex/latex/url/url.sty
\Urlmuskip=\muskip16
Package: url 2013/09/16  ver 3.4  Verb mode for urls, etc.
)
LaTeX Info: Redefining \url on input line 4804.
\XeTeXLinkMargin=\dimen153

(/usr/local/texlive/2021/texmf-dist/tex/generic/bitset/bitset.sty
Package: bitset 2019/12/09 v1.3 Handle bit-vector datatype (HO)

(/usr/local/texlive/2021/texmf-dist/tex/generic/bigintcalc/bigintcalc.sty
Package: bigintcalc 2019/12/15 v1.5 Expandable calculations on big integers (HO
)
))
\Fld@menulength=\count191
\Field@Width=\dimen154
\Fld@charsize=\dimen155
Package hyperref Info: Hyper figures OFF on input line 6075.
Package hyperref Info: Link nesting OFF on input line 6080.
Package hyperref Info: Hyper index ON on input line 6083.
Package hyperref Info: backreferencing OFF on input line 6090.
Package hyperref Info: Link coloring ON on input line 6093.
Package hyperref Info: Link coloring with OCG OFF on input line 6100.
Package hyperref Info: PDF/A mode OFF on input line 6105.
LaTeX Info: Redefining \ref on input line 6145.
LaTeX Info: Redefining \pageref on input line 6149.

(/usr/local/texlive/2021/texmf-dist/tex/latex/base/atbegshi-ltx.sty
Package: atbegshi-ltx 2020/08/17 v1.0a Emulation of the original atbegshi packa
ge
with kernel methods
)
\Hy@abspage=\count192
\c@Item=\count193
\c@Hfootnote=\count194
)
Package hyperref Info: Driver (autodetected): hxetex.

(/usr/local/texlive/2021/texmf-dist/tex/latex/hyperref/hxetex.def
File: hxetex.def 2021-02-27 v7.00k Hyperref driver for XeTeX

(/usr/local/texlive/2021/texmf-dist/tex/generic/stringenc/stringenc.sty
Package: stringenc 2019/11/29 v1.12 Convert strings between diff. encodings (HO
)
)
\pdfm@box=\box48
\c@Hy@AnnotLevel=\count195
\HyField@AnnotCount=\count196
\Fld@listcount=\count197
\c@bookmark@seq@number=\count198

(/usr/local/texlive/2021/texmf-dist/tex/latex/rerunfilecheck/rerunfilecheck.sty
Package: rerunfilecheck 2019/12/05 v1.9 Rerun checks for auxiliary files (HO)
(/usr/local/texlive/2021/texmf-dist/tex/latex/base/atveryend-ltx.sty
Package: atveryend-ltx 2020/08/19 v1.0a Emulation of the original atvery packag
e
with kernel methods
)
(/usr/local/texlive/2021/texmf-dist/tex/generic/uniquecounter/uniquecounter.sty
Package: uniquecounter 2019/12/15 v1.4 Provide unlimited unique counter (HO)
)
Package uniquecounter Info: New unique counter `rerunfilecheck' on input line 2
86.
)
\Hy@SectionHShift=\skip51
) (/usr/local/texlive/2021/texmf-dist/tex/latex/listings/listings.sty
\lst@mode=\count199
\lst@gtempboxa=\box49
\lst@token=\toks18
\lst@length=\count266
\lst@currlwidth=\dimen156
\lst@column=\count267
\lst@pos=\count268
\lst@lostspace=\dimen157
\lst@width=\dimen158
\lst@newlines=\count269
\lst@lineno=\count270
\lst@maxwidth=\dimen159

(/usr/local/texlive/2021/texmf-dist/tex/latex/listings/lstmisc.sty
File: lstmisc.sty 2020/03/24 1.8d (Carsten Heinz)
\c@lstnumber=\count271
\lst@skipnumbers=\count272
\lst@framebox=\box50
)
(/usr/local/texlive/2021/texmf-dist/tex/latex/listings/listings.cfg
File: listings.cfg 2020/03/24 1.8d listings configuration
))
Package: listings 2020/03/24 1.8d (Carsten Heinz)

(/usr/local/texlive/2021/texmf-dist/tex/latex/graphics/color.sty
Package: color 2020/02/24 v1.2b Standard LaTeX Color (DPC)

(/usr/local/texlive/2021/texmf-dist/tex/latex/graphics-cfg/color.cfg
File: color.cfg 2016/01/02 v1.6 sample color configuration
)
Package color Info: Driver file: xetex.def on input line 147.

(/usr/local/texlive/2021/texmf-dist/tex/latex/graphics-def/xetex.def
File: xetex.def 2021/03/18 v5.0k Graphics/color driver for xetex
))
(/usr/local/texlive/2021/texmf-dist/tex/latex/xcolor/xcolor.sty
Package: xcolor 2016/05/11 v2.12 LaTeX color extensions (UK)

(/usr/local/texlive/2021/texmf-dist/tex/latex/graphics-cfg/color.cfg
File: color.cfg 2016/01/02 v1.6 sample color configuration
)
Package xcolor Info: Driver file: xetex.def on input line 225.
LaTeX Info: Redefining \color on input line 709.
Package xcolor Info: Model `cmy' substituted by `cmy0' on input line 1348.
Package xcolor Info: Model `RGB' extended on input line 1364.
Package xcolor Info: Model `HTML' substituted by `rgb' on input line 1366.
Package xcolor Info: Model `Hsb' substituted by `hsb' on input line 1367.
Package xcolor Info: Model `tHsb' substituted by `hsb' on input line 1368.
Package xcolor Info: Model `HSB' substituted by `hsb' on input line 1369.
Package xcolor Info: Model `Gray' substituted by `gray' on input line 1370.
Package xcolor Info: Model `wave' substituted by `hsb' on input line 1371.
)
(/usr/local/texlive/2021/texmf-dist/tex/latex/tools/indentfirst.sty
Package: indentfirst 1995/11/23 v1.03 Indent first paragraph (DPC)
)
(/usr/local/texlive/2021/texmf-dist/tex/latex/setspace/setspace.sty
Package: setspace 2011/12/19 v6.7a set line spacing
)
(/usr/local/texlive/2021/texmf-dist/tex/latex/pdfpages/pdfpages.sty
Package: pdfpages 2021/03/06 v0.5t Insert pages of external PDF documents (AM)

(/usr/local/texlive/2021/texmf-dist/tex/latex/base/ifthen.sty
Package: ifthen 2014/09/29 v1.1c Standard LaTeX ifthen package (DPC)
)
(/usr/local/texlive/2021/texmf-dist/tex/latex/tools/calc.sty
Package: calc 2017/05/25 v4.3 Infix arithmetic (KKT,FJ)
\calc@Acount=\count273
\calc@Bcount=\count274
\calc@Adimen=\dimen160
\calc@Bdimen=\dimen161
\calc@Askip=\skip52
\calc@Bskip=\skip53
LaTeX Info: Redefining \setlength on input line 80.
LaTeX Info: Redefining \addtolength on input line 81.
\calc@Ccount=\count275
\calc@Cskip=\skip54
)
(/usr/local/texlive/2021/texmf-dist/tex/latex/eso-pic/eso-pic.sty
Package: eso-pic 2020/10/14 v3.0a eso-pic (RN)
\ESO@tempdima=\dimen162
\ESO@tempdimb=\dimen163
)
(/usr/local/texlive/2021/texmf-dist/tex/latex/graphics/graphicx.sty
Package: graphicx 2020/09/09 v1.2b Enhanced LaTeX Graphics (DPC,SPQR)

(/usr/local/texlive/2021/texmf-dist/tex/latex/graphics/graphics.sty
Package: graphics 2020/08/30 v1.4c Standard LaTeX Graphics (DPC,SPQR)

(/usr/local/texlive/2021/texmf-dist/tex/latex/graphics/trig.sty
Package: trig 2016/01/03 v1.10 sin cos tan (DPC)
)
(/usr/local/texlive/2021/texmf-dist/tex/latex/graphics-cfg/graphics.cfg
File: graphics.cfg 2016/06/04 v1.11 sample graphics configuration
)
Package graphics Info: Driver file: xetex.def on input line 105.
)
\Gin@req@height=\dimen164
\Gin@req@width=\dimen165
)
\AM@pagewidth=\dimen166
\AM@pageheight=\dimen167
\AM@fboxrule=\dimen168

(/usr/local/texlive/2021/texmf-dist/tex/latex/pdfpages/ppxetex.def
File: ppxetex.def 2021/03/06 v0.5t Pdfpages driver for XeTeX (AM)
)
\pdfpages@includegraphics@status=\count276
\AM@pagebox=\box51
\AM@global@opts=\toks19
\AM@pagecnt=\count277
\AM@toc@title=\toks20
\c@AM@survey=\count278
\AM@templatesizebox=\box52
)
(/usr/local/texlive/2021/texmf-dist/tex/latex/booktabs/booktabs.sty
Package: booktabs 2020/01/12 v1.61803398 Publication quality tables
\heavyrulewidth=\dimen169
\lightrulewidth=\dimen170
\cmidrulewidth=\dimen171
\belowrulesep=\dimen172
\belowbottomsep=\dimen173
\aboverulesep=\dimen174
\abovetopsep=\dimen175
\cmidrulesep=\dimen176
\cmidrulekern=\dimen177
\defaultaddspace=\dimen178
\@cmidla=\count279
\@cmidlb=\count280
\@aboverulesep=\dimen179
\@belowrulesep=\dimen180
\@thisruleclass=\count281
\@lastruleclass=\count282
\@thisrulewidth=\dimen181
)
(/usr/local/texlive/2021/texmf-dist/tex/latex/tcolorbox/tcolorbox.sty
Package: tcolorbox 2020/10/09 version 4.42 text color boxes

(/usr/local/texlive/2021/texmf-dist/tex/latex/pgf/basiclayer/pgf.sty
(/usr/local/texlive/2021/texmf-dist/tex/latex/pgf/utilities/pgfrcs.sty
(/usr/local/texlive/2021/texmf-dist/tex/generic/pgf/utilities/pgfutil-common.te
x
\pgfutil@everybye=\toks21
\pgfutil@tempdima=\dimen182
\pgfutil@tempdimb=\dimen183

(/usr/local/texlive/2021/texmf-dist/tex/generic/pgf/utilities/pgfutil-common-li
sts.tex))
(/usr/local/texlive/2021/texmf-dist/tex/generic/pgf/utilities/pgfutil-latex.def
\pgfutil@abb=\box53
) (/usr/local/texlive/2021/texmf-dist/tex/generic/pgf/utilities/pgfrcs.code.tex
(/usr/local/texlive/2021/texmf-dist/tex/generic/pgf/pgf.revision.tex)
Package: pgfrcs 2020/12/27 v3.1.8b (3.1.8b)
))
Package: pgf 2020/12/27 v3.1.8b (3.1.8b)

(/usr/local/texlive/2021/texmf-dist/tex/latex/pgf/basiclayer/pgfcore.sty
(/usr/local/texlive/2021/texmf-dist/tex/latex/pgf/systemlayer/pgfsys.sty
(/usr/local/texlive/2021/texmf-dist/tex/generic/pgf/systemlayer/pgfsys.code.tex
Package: pgfsys 2020/12/27 v3.1.8b (3.1.8b)
(/usr/local/texlive/2021/texmf-dist/tex/generic/pgf/utilities/pgfkeys.code.tex
\pgfkeys@pathtoks=\toks22
\pgfkeys@temptoks=\toks23

(/usr/local/texlive/2021/texmf-dist/tex/generic/pgf/utilities/pgfkeysfiltered.c
ode.tex
\pgfkeys@tmptoks=\toks24
))
\pgf@x=\dimen184
\pgf@y=\dimen185
\pgf@xa=\dimen186
\pgf@ya=\dimen187
\pgf@xb=\dimen188
\pgf@yb=\dimen189
\pgf@xc=\dimen190
\pgf@yc=\dimen191
\pgf@xd=\dimen192
\pgf@yd=\dimen193
\w@pgf@writea=\write3
\r@pgf@reada=\read2
\c@pgf@counta=\count283
\c@pgf@countb=\count284
\c@pgf@countc=\count285
\c@pgf@countd=\count286
\t@pgf@toka=\toks25
\t@pgf@tokb=\toks26
\t@pgf@tokc=\toks27
\pgf@sys@id@count=\count287

(/usr/local/texlive/2021/texmf-dist/tex/generic/pgf/systemlayer/pgf.cfg
File: pgf.cfg 2020/12/27 v3.1.8b (3.1.8b)
)
Driver file for pgf: pgfsys-xetex.def

(/usr/local/texlive/2021/texmf-dist/tex/generic/pgf/systemlayer/pgfsys-xetex.de
f
File: pgfsys-xetex.def 2020/12/27 v3.1.8b (3.1.8b)

(/usr/local/texlive/2021/texmf-dist/tex/generic/pgf/systemlayer/pgfsys-dvipdfmx
.def
File: pgfsys-dvipdfmx.def 2020/12/27 v3.1.8b (3.1.8b)

(/usr/local/texlive/2021/texmf-dist/tex/generic/pgf/systemlayer/pgfsys-common-p
df.def
File: pgfsys-common-pdf.def 2020/12/27 v3.1.8b (3.1.8b)
)
\pgfsys@objnum=\count288
)))
(/usr/local/texlive/2021/texmf-dist/tex/generic/pgf/systemlayer/pgfsyssoftpath.
code.tex
File: pgfsyssoftpath.code.tex 2020/12/27 v3.1.8b (3.1.8b)
\pgfsyssoftpath@smallbuffer@items=\count289
\pgfsyssoftpath@bigbuffer@items=\count290
)
(/usr/local/texlive/2021/texmf-dist/tex/generic/pgf/systemlayer/pgfsysprotocol.
code.tex
File: pgfsysprotocol.code.tex 2020/12/27 v3.1.8b (3.1.8b)
))
(/usr/local/texlive/2021/texmf-dist/tex/generic/pgf/basiclayer/pgfcore.code.tex
Package: pgfcore 2020/12/27 v3.1.8b (3.1.8b)
(/usr/local/texlive/2021/texmf-dist/tex/generic/pgf/math/pgfmath.code.tex
(/usr/local/texlive/2021/texmf-dist/tex/generic/pgf/math/pgfmathcalc.code.tex
(/usr/local/texlive/2021/texmf-dist/tex/generic/pgf/math/pgfmathutil.code.tex)
(/usr/local/texlive/2021/texmf-dist/tex/generic/pgf/math/pgfmathparser.code.tex
\pgfmath@dimen=\dimen194
\pgfmath@count=\count291
\pgfmath@box=\box54
\pgfmath@toks=\toks28
\pgfmath@stack@operand=\toks29
\pgfmath@stack@operation=\toks30
)
(/usr/local/texlive/2021/texmf-dist/tex/generic/pgf/math/pgfmathfunctions.code.
tex
(/usr/local/texlive/2021/texmf-dist/tex/generic/pgf/math/pgfmathfunctions.basic
.code.tex)
(/usr/local/texlive/2021/texmf-dist/tex/generic/pgf/math/pgfmathfunctions.trigo
nometric.code.tex)
(/usr/local/texlive/2021/texmf-dist/tex/generic/pgf/math/pgfmathfunctions.rando
m.code.tex)
(/usr/local/texlive/2021/texmf-dist/tex/generic/pgf/math/pgfmathfunctions.compa
rison.code.tex)
(/usr/local/texlive/2021/texmf-dist/tex/generic/pgf/math/pgfmathfunctions.base.
code.tex)
(/usr/local/texlive/2021/texmf-dist/tex/generic/pgf/math/pgfmathfunctions.round
.code.tex)
(/usr/local/texlive/2021/texmf-dist/tex/generic/pgf/math/pgfmathfunctions.misc.
code.tex)
(/usr/local/texlive/2021/texmf-dist/tex/generic/pgf/math/pgfmathfunctions.integ
erarithmetics.code.tex)))
(/usr/local/texlive/2021/texmf-dist/tex/generic/pgf/math/pgfmathfloat.code.tex
\c@pgfmathroundto@lastzeros=\count292
)) (/usr/local/texlive/2021/texmf-dist/tex/generic/pgf/math/pgfint.code.tex)
(/usr/local/texlive/2021/texmf-dist/tex/generic/pgf/basiclayer/pgfcorepoints.co
de.tex
File: pgfcorepoints.code.tex 2020/12/27 v3.1.8b (3.1.8b)
\pgf@picminx=\dimen195
\pgf@picmaxx=\dimen196
\pgf@picminy=\dimen197
\pgf@picmaxy=\dimen198
\pgf@pathminx=\dimen199
\pgf@pathmaxx=\dimen256
\pgf@pathminy=\dimen257
\pgf@pathmaxy=\dimen258
\pgf@xx=\dimen259
\pgf@xy=\dimen260
\pgf@yx=\dimen261
\pgf@yy=\dimen262
\pgf@zx=\dimen263
\pgf@zy=\dimen264
)
(/usr/local/texlive/2021/texmf-dist/tex/generic/pgf/basiclayer/pgfcorepathconst
ruct.code.tex
File: pgfcorepathconstruct.code.tex 2020/12/27 v3.1.8b (3.1.8b)
\pgf@path@lastx=\dimen265
\pgf@path@lasty=\dimen266
)
(/usr/local/texlive/2021/texmf-dist/tex/generic/pgf/basiclayer/pgfcorepathusage
.code.tex
File: pgfcorepathusage.code.tex 2020/12/27 v3.1.8b (3.1.8b)
\pgf@shorten@end@additional=\dimen267
\pgf@shorten@start@additional=\dimen268
)
(/usr/local/texlive/2021/texmf-dist/tex/generic/pgf/basiclayer/pgfcorescopes.co
de.tex
File: pgfcorescopes.code.tex 2020/12/27 v3.1.8b (3.1.8b)
\pgfpic=\box55
\pgf@hbox=\box56
\pgf@layerbox@main=\box57
\pgf@picture@serial@count=\count293
)
(/usr/local/texlive/2021/texmf-dist/tex/generic/pgf/basiclayer/pgfcoregraphicst
ate.code.tex
File: pgfcoregraphicstate.code.tex 2020/12/27 v3.1.8b (3.1.8b)
\pgflinewidth=\dimen269
)
(/usr/local/texlive/2021/texmf-dist/tex/generic/pgf/basiclayer/pgfcoretransform
ations.code.tex
File: pgfcoretransformations.code.tex 2020/12/27 v3.1.8b (3.1.8b)
\pgf@pt@x=\dimen270
\pgf@pt@y=\dimen271
\pgf@pt@temp=\dimen272
)
(/usr/local/texlive/2021/texmf-dist/tex/generic/pgf/basiclayer/pgfcorequick.cod
e.tex
File: pgfcorequick.code.tex 2020/12/27 v3.1.8b (3.1.8b)
)
(/usr/local/texlive/2021/texmf-dist/tex/generic/pgf/basiclayer/pgfcoreobjects.c
ode.tex
File: pgfcoreobjects.code.tex 2020/12/27 v3.1.8b (3.1.8b)
)
(/usr/local/texlive/2021/texmf-dist/tex/generic/pgf/basiclayer/pgfcorepathproce
ssing.code.tex
File: pgfcorepathprocessing.code.tex 2020/12/27 v3.1.8b (3.1.8b)
)
(/usr/local/texlive/2021/texmf-dist/tex/generic/pgf/basiclayer/pgfcorearrows.co
de.tex
File: pgfcorearrows.code.tex 2020/12/27 v3.1.8b (3.1.8b)
\pgfarrowsep=\dimen273
)
(/usr/local/texlive/2021/texmf-dist/tex/generic/pgf/basiclayer/pgfcoreshade.cod
e.tex
File: pgfcoreshade.code.tex 2020/12/27 v3.1.8b (3.1.8b)
\pgf@max=\dimen274
\pgf@sys@shading@range@num=\count294
\pgf@shadingcount=\count295
)
(/usr/local/texlive/2021/texmf-dist/tex/generic/pgf/basiclayer/pgfcoreimage.cod
e.tex
File: pgfcoreimage.code.tex 2020/12/27 v3.1.8b (3.1.8b)

(/usr/local/texlive/2021/texmf-dist/tex/generic/pgf/basiclayer/pgfcoreexternal.
code.tex
File: pgfcoreexternal.code.tex 2020/12/27 v3.1.8b (3.1.8b)
\pgfexternal@startupbox=\box58
))
(/usr/local/texlive/2021/texmf-dist/tex/generic/pgf/basiclayer/pgfcorelayers.co
de.tex
File: pgfcorelayers.code.tex 2020/12/27 v3.1.8b (3.1.8b)
)
(/usr/local/texlive/2021/texmf-dist/tex/generic/pgf/basiclayer/pgfcoretranspare
ncy.code.tex
File: pgfcoretransparency.code.tex 2020/12/27 v3.1.8b (3.1.8b)
)
(/usr/local/texlive/2021/texmf-dist/tex/generic/pgf/basiclayer/pgfcorepatterns.
code.tex
File: pgfcorepatterns.code.tex 2020/12/27 v3.1.8b (3.1.8b)
)
(/usr/local/texlive/2021/texmf-dist/tex/generic/pgf/basiclayer/pgfcorerdf.code.
tex
File: pgfcorerdf.code.tex 2020/12/27 v3.1.8b (3.1.8b)
)))
(/usr/local/texlive/2021/texmf-dist/tex/generic/pgf/modules/pgfmoduleshapes.cod
e.tex
File: pgfmoduleshapes.code.tex 2020/12/27 v3.1.8b (3.1.8b)
\pgfnodeparttextbox=\box59
)
(/usr/local/texlive/2021/texmf-dist/tex/generic/pgf/modules/pgfmoduleplot.code.
tex
File: pgfmoduleplot.code.tex 2020/12/27 v3.1.8b (3.1.8b)
)
(/usr/local/texlive/2021/texmf-dist/tex/latex/pgf/compatibility/pgfcomp-version
-0-65.sty
Package: pgfcomp-version-0-65 2020/12/27 v3.1.8b (3.1.8b)
\pgf@nodesepstart=\dimen275
\pgf@nodesepend=\dimen276
)
(/usr/local/texlive/2021/texmf-dist/tex/latex/pgf/compatibility/pgfcomp-version
-1-18.sty
Package: pgfcomp-version-1-18 2020/12/27 v3.1.8b (3.1.8b)
)) (/usr/local/texlive/2021/texmf-dist/tex/latex/tools/verbatim.sty
Package: verbatim 2020-07-07 v1.5u LaTeX2e package for verbatim enhancements
\every@verbatim=\toks31
\verbatim@line=\toks32
\verbatim@in@stream=\read3
)
(/usr/local/texlive/2021/texmf-dist/tex/latex/environ/environ.sty
Package: environ 2014/05/04 v0.3 A new way to define environments

(/usr/local/texlive/2021/texmf-dist/tex/latex/trimspaces/trimspaces.sty
Package: trimspaces 2009/09/17 v1.1 Trim spaces around a token list
)
\@envbody=\toks33
)
(/usr/local/texlive/2021/texmf-dist/tex/latex/etoolbox/etoolbox.sty
Package: etoolbox 2020/10/05 v2.5k e-TeX tools for LaTeX (JAW)
\etb@tempcnta=\count296
)
\tcb@titlebox=\box60
\tcb@upperbox=\box61
\tcb@lowerbox=\box62
\tcb@phantombox=\box63
\c@tcbbreakpart=\count297
\c@tcblayer=\count298
\c@tcolorbox@number=\count299
\tcb@temp=\box64
\tcb@temp=\box65
\tcb@temp=\box66
\tcb@temp=\box67
\tcb@out=\write4
\tcb@record@out=\write5
))
(/usr/local/texlive/2021/texmf-dist/tex/latex/float/float.sty
Package: float 2001/11/08 v1.3d Float enhancements (AL)
\c@float@type=\count300
\float@exts=\toks34
\float@box=\box68
\@float@everytoks=\toks35
\@floatcapt=\box69
)
(/usr/local/texlive/2021/texmf-dist/tex/latex/l3backend/l3backend-xetex.def
File: l3backend-xetex.def 2021-03-18 L3 backend support: XeTeX

(|extractbb --version)
\c__kernel_sys_dvipdfmx_version_int=\count301
\l__color_backend_stack_int=\count302
\g__color_backend_stack_int=\count303
\g__graphics_track_int=\count304
\l__pdf_internal_box=\box70
\g__pdf_backend_object_int=\count305
\g__pdf_backend_annotation_int=\count306
\g__pdf_backend_link_int=\count307
) (./blog.aux (./title.aux) (./dedication.aux)
(./tutorial/installation.aux) (./tutorial/request-and-response.aux)
(./tutorial/models-and-the-admin-site.aux) (./tutorial/views-and-templates.aux)
(./tutorial/forms.aux) (./tutorial/static-files.aux)
(./tutorial/customize-the-admin-site.aux)
(./tutorial/how-to-write-reusable-apps.aux) (./blog/overview.aux)
(./blog/home.aux) (./blog/pdf.aux) (./blog/favicon.aux) (./blog/web.aux)
(./blog/form.aux) (./blog/image.aux) (./blog/translation.aux)
(./product/apache.aux) (./product/ssl.aux) (./product/virtual-host.aux))
\openout1 = `blog.aux'.

LaTeX Font Info:    Checking defaults for OML/cmm/m/it on input line 4.
LaTeX Font Info:    ... okay on input line 4.
LaTeX Font Info:    Checking defaults for OMS/cmsy/m/n on input line 4.
LaTeX Font Info:    ... okay on input line 4.
LaTeX Font Info:    Checking defaults for OT1/cmr/m/n on input line 4.
LaTeX Font Info:    ... okay on input line 4.
LaTeX Font Info:    Checking defaults for T1/cmr/m/n on input line 4.
LaTeX Font Info:    ... okay on input line 4.
LaTeX Font Info:    Checking defaults for TS1/cmr/m/n on input line 4.
LaTeX Font Info:    Trying to load font information for TS1+cmr on input line 4
.

(/usr/local/texlive/2021/texmf-dist/tex/latex/base/ts1cmr.fd
File: ts1cmr.fd 2019/12/16 v2.5j Standard LaTeX font definitions
)
LaTeX Font Info:    ... okay on input line 4.
LaTeX Font Info:    Checking defaults for TU/lmr/m/n on input line 4.
LaTeX Font Info:    ... okay on input line 4.
LaTeX Font Info:    Checking defaults for OMX/cmex/m/n on input line 4.
LaTeX Font Info:    ... okay on input line 4.
LaTeX Font Info:    Checking defaults for U/cmr/m/n on input line 4.
LaTeX Font Info:    ... okay on input line 4.
LaTeX Font Info:    Checking defaults for PD1/pdf/m/n on input line 4.
LaTeX Font Info:    ... okay on input line 4.
LaTeX Font Info:    Checking defaults for PU/pdf/m/n on input line 4.
LaTeX Font Info:    ... okay on input line 4.

*geometry* driver: auto-detecting
*geometry* detected driver: xetex
*geometry* verbose mode - [ preamble ] result:
* driver: xetex
* paper: a5paper
* layout: <same size as paper>
* layoutoffset:(h,v)=(0.0pt,0.0pt)
* modes: twoside 
* h-part:(L,W,R)=(50.5326pt, 294.76926pt, 75.79893pt)
* v-part:(T,H,B)=(71.70166pt, 418.25368pt, 107.55254pt)
* \paperwidth=421.10078pt
* \paperheight=597.50787pt
* \textwidth=294.76926pt
* \textheight=418.25368pt
* \oddsidemargin=-21.7374pt
* \evensidemargin=3.52895pt
* \topmargin=-30.63582pt
* \headheight=12.0pt
* \headsep=18.06749pt
* \topskip=10.0pt
* \footskip=25.29494pt
* \marginparwidth=125.0pt
* \marginparsep=7.0pt
* \columnsep=10.0pt
* \skip\footins=9.0pt plus 4.0pt minus 2.0pt
* \hoffset=0.0pt
* \voffset=0.0pt
* \mag=1000
* \@twocolumnfalse
* \@twosidetrue
* \@mparswitchtrue
* \@reversemarginfalse
* (1in=72.27pt=25.4mm, 1cm=28.453pt)

Package hyperref Info: Link coloring ON on input line 4.
(/usr/local/texlive/2021/texmf-dist/tex/latex/hyperref/nameref.sty
Package: nameref 2021-04-02 v2.47 Cross-referencing by name of section

(/usr/local/texlive/2021/texmf-dist/tex/latex/refcount/refcount.sty
Package: refcount 2019/12/15 v3.6 Data extraction from label references (HO)
)
(/usr/local/texlive/2021/texmf-dist/tex/generic/gettitlestring/gettitlestring.s
ty
Package: gettitlestring 2019/12/15 v1.6 Cleanup title references (HO)
)
\c@section@level=\count308
)
LaTeX Info: Redefining \ref on input line 4.
LaTeX Info: Redefining \pageref on input line 4.
LaTeX Info: Redefining \nameref on input line 4.
 (./blog.out) (./blog.out)
\@outlinefile=\write6
\openout6 = `blog.out'.

\c@lstlisting=\count309

(/usr/local/texlive/2021/texmf-dist/tex/latex/pdflscape/pdflscape.sty
Package: pdflscape 2019/12/05 v0.12 Display of landscape pages in PDF (HO)

(/usr/local/texlive/2021/texmf-dist/tex/latex/graphics/lscape.sty
Package: lscape 2020/05/28 v3.02 Landscape Pages (DPC)
)
Package pdflscape Info: Auto-detected driver: dvipdfm (xetex) on input line 98.

)
\openout2 = `title.aux'.


No file title.tex.
\openout2 = `dedication.aux'.

No file dedication.tex.
(./blog.toc
LaTeX Font Info:    External font `cmex10' loaded for size
(Font)              <7> on input line 3.
LaTeX Font Info:    External font `cmex10' loaded for size
(Font)              <5> on input line 3.
 [1









] [2] [3] [4])
\tf@toc=\write7
\openout7 = `blog.toc'.

 [5] [6

] [1

] [2]
\openout2 = `tutorial/installation.aux'.

 (./tutorial/installation.tex
Chapter 1.

Overfull \hbox (65.42076pt too wide) in paragraph at lines 19--20
[]\TU/lmr/m/n/10 Create a virtual python environment with [][]\TU/lmtt/m/n/10 c
onda []\TU/lmr/m/n/10 ([][]\TU/lmtt/m/n/10 conda create -n django[]\TU/lmr/m/n/
10 ). 
 []

[3


]) [4]
\openout2 = `tutorial/request-and-response.aux'.

 (./tutorial/request-and-response.tex
Chapter 2.
(/usr/local/texlive/2021/texmf-dist/tex/latex/listings/lstlang1.sty
File: lstlang1.sty 2020/03/24 1.8d listings language file
)
File: startproject.png Graphic file (type bmp)
<startproject.png>
File: runserver.png Graphic file (type bmp)
<runserver.png>

(/usr/local/texlive/2021/texmf-dist/tex/latex/listings/lstlang1.sty
File: lstlang1.sty 2020/03/24 1.8d listings language file
) [5




]
[6]) [7]
\openout2 = `tutorial/models-and-the-admin-site.aux'.

 (./tutorial/models-and-the-admin-site.tex [8




]
Chapter 3.

Overfull \hbox (0.33775pt too wide) in paragraph at lines 25--29
[]\TU/lmr/m/n/10 In our poll app, we’ll create two models: \TU/lmr/bx/n/10 Ques
tion \TU/lmr/m/n/10 and \TU/lmr/bx/n/10 Choice\TU/lmr/m/n/10 .
 []


Underfull \vbox (badness 10000) has occurred while \output is active []

 [9]
Overfull \hbox (55.10277pt too wide) in paragraph at lines 54--70
\TU/lmr/m/n/10 class is in the \TU/lmr/bx/n/10 polls/apps.py \TU/lmr/m/n/10 fil
e, so its dotted path is \TU/lmr/bx/n/10 ’polls.apps.PollsConfig’\TU/lmr/m/n/10
 .
 []


Underfull \vbox (badness 10000) has occurred while \output is active []

 [10]
[11]
File: regist.png Graphic file (type bmp)
<regist.png>
) [12]
\openout2 = `tutorial/views-and-templates.aux'.

 (./tutorial/views-and-templates.tex
Chapter 4.
[13




]
File: view.png Graphic file (type bmp)
<view.png>
 [14]
File: templates.png Graphic file (type bmp)
<templates.png>
 [15] [16]) [17]
\openout2 = `tutorial/forms.aux'.

 (./tutorial/forms.tex [18



]) [19]
\openout2 = `tutorial/static-files.aux'.


(./tutorial/static-files.tex [20




]
Chapter 5.

Overfull \hbox (12.22075pt too wide) in paragraph at lines 18--19
[]\TU/lmr/m/n/10 Add the following at the top of [][]\TU/lmtt/m/n/10 polls/stat
ic/polls/index.html[]\TU/lmr/m/n/10 : 
 []

File: style.png Graphic file (type bmp)
<style.png>

Underfull \vbox (badness 10000) has occurred while \output is active []

 [21])
[22]
\openout2 = `tutorial/customize-the-admin-site.aux'.

 (./tutorial/customize-the-admin-site.tex
Chapter 6.
[23




] [24] (/usr/local/texlive/2021/texmf-dist/tex/latex/listings/lstlang1.sty
File: lstlang1.sty 2020/03/24 1.8d listings language file
)
(/usr/local/texlive/2021/texmf-dist/tex/latex/listings/lstmisc.sty
File: lstmisc.sty 2020/03/24 1.8d (Carsten Heinz)
)
Overfull \hbox (8.26074pt too wide) in paragraph at lines 92--96
[][]\TU/lmtt/m/n/10 django/contrib/admin/templates/admin/base_site.html []\TU/l
mr/m/n/10 into the
 []

) [25]
\openout2 = `tutorial/how-to-write-reusable-apps.aux'.

 (./tutorial/how-to-write-reusable-apps.tex [26




]
Chapter 7.
File: project.png Graphic file (type bmp)
<project.png>

LaTeX Warning: Float too large for page by 24.05998pt on input line 12.

[27]
Underfull \vbox (badness 10000) has occurred while \output is active []

 [28]
Underfull \vbox (badness 10000) has occurred while \output is active []

 [29])
[30] [31] [32



] [33] [34]
\openout2 = `blog/overview.aux'.

 (./blog/overview.tex
Chapter 8.
[35


]) [36]
\openout2 = `blog/home.aux'.

 (./blog/home.tex
Chapter 9.
File: home.png Graphic file (type bmp)
<home.png>

Underfull \vbox (badness 6016) has occurred while \output is active []

 [37




]
[38]) [39]
\openout2 = `blog/pdf.aux'.

 (./blog/pdf.tex [40




]
Chapter 10.
[41] [42] [43]) [44]
\openout2 = `blog/favicon.aux'.

 (./blog/favicon.tex
Chapter 11.
File: logo-same.png Graphic file (type bmp)
<logo-same.png>

Overfull \hbox (14.70076pt too wide) in paragraph at lines 19--21
[][]$[][][][][] [] [] [] [][][] [] [][][][][][] [] [][] [] [][][][][][]$[][]\TU
/lmr/m/n/10 . The icon with background revmoved
 []

[45




]
File: logo-no-background.png Graphic file (type bmp)
<logo-no-background.png>
 [46]) [47]
\openout2 = `blog/web.aux'.

 (./blog/web.tex [48




]
Chapter 12.

Overfull \hbox (8.57274pt too wide) in paragraph at lines 14--15
[]\TU/lmr/m/n/10 Extract the header and footer into separate file, say [][]\TU/
lmtt/m/n/10 header.html
 []

) [49]
\openout2 = `blog/form.aux'.

 (./blog/form.tex [50




]
Chapter 13.
) [51]
\openout2 = `blog/image.aux'.

 (./blog/image.tex [52




]
Chapter 14.
)
Overfull \hbox (1.93076pt too wide) in paragraph at lines 6--33
[]\TU/lmr/m/n/10 Remeber to include “enctype=”multipart/form-data”” properly. 
 []

[53]
\openout2 = `blog/translation.aux'.

 (./blog/translation.tex [54




]
Chapter 15.
[55] [56] [57]
Overfull \hbox (10.17575pt too wide) in paragraph at lines 162--163
[]\TU/lmr/m/n/10 doc: [][]$[][][][][] [] [] [] [][][][][][][][][][][][][][][][]
[][][][][][][][] [] [][][][][][][][][][][] [] [][] [] [][] []
 []

[58]
Overfull \hbox (30.26076pt too wide) in paragraph at lines 195--196
[]\TU/lmr/m/n/10 Make sure the “modeltranslation” is before the “django.contrib
.admin”. 
 []

[59]
Missing character: There is no ├ (U+251C) in font [lmroman5-regular]:mapping=te
x-text;!
Missing character: There is no ─ (U+2500) in font [lmroman5-regular]:mapping=te
x-text;!
Missing character: There is no ─ (U+2500) in font [lmroman5-regular]:mapping=te
x-text;!
Missing character: There is no ├ (U+251C) in font [lmroman5-regular]:mapping=te
x-text;!
Missing character: There is no ─ (U+2500) in font [lmroman5-regular]:mapping=te
x-text;!
Missing character: There is no ─ (U+2500) in font [lmroman5-regular]:mapping=te
x-text;!
Missing character: There is no │ (U+2502) in font [lmroman5-regular]:mapping=te
x-text;!
Missing character: There is no ├ (U+251C) in font [lmroman5-regular]:mapping=te
x-text;!
Missing character: There is no ─ (U+2500) in font [lmroman5-regular]:mapping=te
x-text;!
Missing character: There is no ─ (U+2500) in font [lmroman5-regular]:mapping=te
x-text;!
Missing character: There is no │ (U+2502) in font [lmroman5-regular]:mapping=te
x-text;!
Missing character: There is no ├ (U+251C) in font [lmroman5-regular]:mapping=te
x-text;!
Missing character: There is no ─ (U+2500) in font [lmroman5-regular]:mapping=te
x-text;!
Missing character: There is no ─ (U+2500) in font [lmroman5-regular]:mapping=te
x-text;!
Missing character: There is no │ (U+2502) in font [lmroman5-regular]:mapping=te
x-text;!
Missing character: There is no ├ (U+251C) in font [lmroman5-regular]:mapping=te
x-text;!
Missing character: There is no ─ (U+2500) in font [lmroman5-regular]:mapping=te
x-text;!
Missing character: There is no ─ (U+2500) in font [lmroman5-regular]:mapping=te
x-text;!
Missing character: There is no │ (U+2502) in font [lmroman5-regular]:mapping=te
x-text;!
Missing character: There is no ├ (U+251C) in font [lmroman5-regular]:mapping=te
x-text;!
Missing character: There is no ─ (U+2500) in font [lmroman5-regular]:mapping=te
x-text;!
Missing character: There is no ─ (U+2500) in font [lmroman5-regular]:mapping=te
x-text;!
Missing character: There is no │ (U+2502) in font [lmroman5-regular]:mapping=te
x-text;!
Missing character: There is no ├ (U+251C) in font [lmroman5-regular]:mapping=te
x-text;!
Missing character: There is no ─ (U+2500) in font [lmroman5-regular]:mapping=te
x-text;!
Missing character: There is no ─ (U+2500) in font [lmroman5-regular]:mapping=te
x-text;!
Missing character: There is no │ (U+2502) in font [lmroman5-regular]:mapping=te
x-text;!
Missing character: There is no └ (U+2514) in font [lmroman5-regular]:mapping=te
x-text;!
Missing character: There is no ─ (U+2500) in font [lmroman5-regular]:mapping=te
x-text;!
Missing character: There is no ─ (U+2500) in font [lmroman5-regular]:mapping=te
x-text;!
Missing character: There is no ├ (U+251C) in font [lmroman5-regular]:mapping=te
x-text;!
Missing character: There is no ─ (U+2500) in font [lmroman5-regular]:mapping=te
x-text;!
Missing character: There is no ─ (U+2500) in font [lmroman5-regular]:mapping=te
x-text;!
Missing character: There is no ├ (U+251C) in font [lmroman5-regular]:mapping=te
x-text;!
Missing character: There is no ─ (U+2500) in font [lmroman5-regular]:mapping=te
x-text;!
Missing character: There is no ─ (U+2500) in font [lmroman5-regular]:mapping=te
x-text;!
Missing character: There is no ├ (U+251C) in font [lmroman5-regular]:mapping=te
x-text;!
Missing character: There is no ─ (U+2500) in font [lmroman5-regular]:mapping=te
x-text;!
Missing character: There is no ─ (U+2500) in font [lmroman5-regular]:mapping=te
x-text;!
Missing character: There is no │ (U+2502) in font [lmroman5-regular]:mapping=te
x-text;!
Missing character: There is no ├ (U+251C) in font [lmroman5-regular]:mapping=te
x-text;!
Missing character: There is no ─ (U+2500) in font [lmroman5-regular]:mapping=te
x-text;!
Missing character: There is no ─ (U+2500) in font [lmroman5-regular]:mapping=te
x-text;!
Missing character: There is no │ (U+2502) in font [lmroman5-regular]:mapping=te
x-text;!
Missing character: There is no ├ (U+251C) in font [lmroman5-regular]:mapping=te
x-text;!
Missing character: There is no ─ (U+2500) in font [lmroman5-regular]:mapping=te
x-text;!
Missing character: There is no ─ (U+2500) in font [lmroman5-regular]:mapping=te
x-text;!
Missing character: There is no │ (U+2502) in font [lmroman5-regular]:mapping=te
x-text;!
Missing character: There is no ├ (U+251C) in font [lmroman5-regular]:mapping=te
x-text;!
Missing character: There is no ─ (U+2500) in font [lmroman5-regular]:mapping=te
x-text;!
Missing character: There is no ─ (U+2500) in font [lmroman5-regular]:mapping=te
x-text;!
Missing character: There is no │ (U+2502) in font [lmroman5-regular]:mapping=te
x-text;!
Missing character: There is no ├ (U+251C) in font [lmroman5-regular]:mapping=te
x-text;!
Missing character: There is no ─ (U+2500) in font [lmroman5-regular]:mapping=te
x-text;!
Missing character: There is no ─ (U+2500) in font [lmroman5-regular]:mapping=te
x-text;!
Missing character: There is no │ (U+2502) in font [lmroman5-regular]:mapping=te
x-text;!
Missing character: There is no └ (U+2514) in font [lmroman5-regular]:mapping=te
x-text;!
Missing character: There is no ─ (U+2500) in font [lmroman5-regular]:mapping=te
x-text;!
Missing character: There is no ─ (U+2500) in font [lmroman5-regular]:mapping=te
x-text;!
Missing character: There is no │ (U+2502) in font [lmroman5-regular]:mapping=te
x-text;!
Missing character: There is no ├ (U+251C) in font [lmroman5-regular]:mapping=te
x-text;!
Missing character: There is no ─ (U+2500) in font [lmroman5-regular]:mapping=te
x-text;!
Missing character: There is no ─ (U+2500) in font [lmroman5-regular]:mapping=te
x-text;!
Missing character: There is no │ (U+2502) in font [lmroman5-regular]:mapping=te
x-text;!
Missing character: There is no ├ (U+251C) in font [lmroman5-regular]:mapping=te
x-text;!
Missing character: There is no ─ (U+2500) in font [lmroman5-regular]:mapping=te
x-text;!
Missing character: There is no ─ (U+2500) in font [lmroman5-regular]:mapping=te
x-text;!
Missing character: There is no │ (U+2502) in font [lmroman5-regular]:mapping=te
x-text;!
 [60]
Missing character: There is no ├ (U+251C) in font [lmroman5-regular]:mapping=te
x-text;!
Missing character: There is no ─ (U+2500) in font [lmroman5-regular]:mapping=te
x-text;!
Missing character: There is no ─ (U+2500) in font [lmroman5-regular]:mapping=te
x-text;!
Missing character: There is no │ (U+2502) in font [lmroman5-regular]:mapping=te
x-text;!
Missing character: There is no └ (U+2514) in font [lmroman5-regular]:mapping=te
x-text;!
Missing character: There is no ─ (U+2500) in font [lmroman5-regular]:mapping=te
x-text;!
Missing character: There is no ─ (U+2500) in font [lmroman5-regular]:mapping=te
x-text;!
Missing character: There is no ├ (U+251C) in font [lmroman5-regular]:mapping=te
x-text;!
Missing character: There is no ─ (U+2500) in font [lmroman5-regular]:mapping=te
x-text;!
Missing character: There is no ─ (U+2500) in font [lmroman5-regular]:mapping=te
x-text;!
Missing character: There is no ├ (U+251C) in font [lmroman5-regular]:mapping=te
x-text;!
Missing character: There is no ─ (U+2500) in font [lmroman5-regular]:mapping=te
x-text;!
Missing character: There is no ─ (U+2500) in font [lmroman5-regular]:mapping=te
x-text;!
Missing character: There is no │ (U+2502) in font [lmroman5-regular]:mapping=te
x-text;!
Missing character: There is no └ (U+2514) in font [lmroman5-regular]:mapping=te
x-text;!
Missing character: There is no ─ (U+2500) in font [lmroman5-regular]:mapping=te
x-text;!
Missing character: There is no ─ (U+2500) in font [lmroman5-regular]:mapping=te
x-text;!
Missing character: There is no │ (U+2502) in font [lmroman5-regular]:mapping=te
x-text;!
Missing character: There is no └ (U+2514) in font [lmroman5-regular]:mapping=te
x-text;!
Missing character: There is no ─ (U+2500) in font [lmroman5-regular]:mapping=te
x-text;!
Missing character: There is no ─ (U+2500) in font [lmroman5-regular]:mapping=te
x-text;!
Missing character: There is no ├ (U+251C) in font [lmroman5-regular]:mapping=te
x-text;!
Missing character: There is no ─ (U+2500) in font [lmroman5-regular]:mapping=te
x-text;!
Missing character: There is no ─ (U+2500) in font [lmroman5-regular]:mapping=te
x-text;!
Missing character: There is no │ (U+2502) in font [lmroman5-regular]:mapping=te
x-text;!
Missing character: There is no └ (U+2514) in font [lmroman5-regular]:mapping=te
x-text;!
Missing character: There is no ─ (U+2500) in font [lmroman5-regular]:mapping=te
x-text;!
Missing character: There is no ─ (U+2500) in font [lmroman5-regular]:mapping=te
x-text;!
Missing character: There is no │ (U+2502) in font [lmroman5-regular]:mapping=te
x-text;!
Missing character: There is no └ (U+2514) in font [lmroman5-regular]:mapping=te
x-text;!
Missing character: There is no ─ (U+2500) in font [lmroman5-regular]:mapping=te
x-text;!
Missing character: There is no ─ (U+2500) in font [lmroman5-regular]:mapping=te
x-text;!
Missing character: There is no ├ (U+251C) in font [lmroman5-regular]:mapping=te
x-text;!
Missing character: There is no ─ (U+2500) in font [lmroman5-regular]:mapping=te
x-text;!
Missing character: There is no ─ (U+2500) in font [lmroman5-regular]:mapping=te
x-text;!
Missing character: There is no ├ (U+251C) in font [lmroman5-regular]:mapping=te
x-text;!
Missing character: There is no ─ (U+2500) in font [lmroman5-regular]:mapping=te
x-text;!
Missing character: There is no ─ (U+2500) in font [lmroman5-regular]:mapping=te
x-text;!
Missing character: There is no ├ (U+251C) in font [lmroman5-regular]:mapping=te
x-text;!
Missing character: There is no ─ (U+2500) in font [lmroman5-regular]:mapping=te
x-text;!
Missing character: There is no ─ (U+2500) in font [lmroman5-regular]:mapping=te
x-text;!
Missing character: There is no └ (U+2514) in font [lmroman5-regular]:mapping=te
x-text;!
Missing character: There is no ─ (U+2500) in font [lmroman5-regular]:mapping=te
x-text;!
Missing character: There is no ─ (U+2500) in font [lmroman5-regular]:mapping=te
x-text;!
 [61]) [62] [63



] [64]
\openout2 = `product/apache.aux'.

 (./product/apache.tex
Chapter 16.
LaTeX Font Info:    External font `cmex10' loaded for size
(Font)              <8> on input line 8.
LaTeX Font Info:    External font `cmex10' loaded for size
(Font)              <6> on input line 8.
[65


]
Overfull \hbox (0.63635pt too wide) has occurred while \output is active
\TU/lmr/m/n/10 66 \TU/lmr/m/sl/10 CHAPTER 16.  DEPLOY DJANGO PROJECT WITH APACH
E
 []

[66] [67]
Overfull \hbox (2.28076pt too wide) in paragraph at lines 119--121
[]\TU/lmr/m/n/10 Don’t use setfacl command to give rwx permission to /home/ec2-

 []

)
Overfull \hbox (0.63635pt too wide) has occurred while \output is active
\TU/lmr/m/n/10 68 \TU/lmr/m/sl/10 CHAPTER 16.  DEPLOY DJANGO PROJECT WITH APACH
E
 []

[68]
\openout2 = `product/ssl.aux'.

 (./product/ssl.tex
Chapter 17.
File: purchase-certificate.png Graphic file (type bmp)
<purchase-certificate.png>
File: purchase-free-certificate.png Graphic file (type bmp)
<purchase-free-certificate.png>
File: download-ssl.png Graphic file (type bmp)
<download-ssl.png>
File: download-ssl2.png Graphic file (type bmp)
<download-ssl2.png>
[69




] [70] [71] [72] [73]) [74]
\openout2 = `product/virtual-host.aux'.

 (./product/virtual-host.tex
Chapter 18.
) [75




] [76



] (./blog.aux (./title.aux) (./dedication.aux)
(./tutorial/installation.aux) (./tutorial/request-and-response.aux)
(./tutorial/models-and-the-admin-site.aux) (./tutorial/views-and-templates.aux)
(./tutorial/forms.aux) (./tutorial/static-files.aux)
(./tutorial/customize-the-admin-site.aux)
(./tutorial/how-to-write-reusable-apps.aux) (./blog/overview.aux)
(./blog/home.aux) (./blog/pdf.aux) (./blog/favicon.aux) (./blog/web.aux)
(./blog/form.aux) (./blog/image.aux) (./blog/translation.aux)
(./product/apache.aux) (./product/ssl.aux) (./product/virtual-host.aux))
Package rerunfilecheck Info: File `blog.out' has not changed.
(rerunfilecheck)             Checksum: A345D391128D4B003BD5D5290256DCCF;13259.
 ) 
Here is how much of TeX's memory you used:
 21484 strings out of 476919
 385591 string characters out of 5821839
 1255261 words of memory out of 5000000
 40945 multiletter control sequences out of 15000+600000
 405781 words of font info for 55 fonts, out of 8000000 for 9000
 1348 hyphenation exceptions out of 8191
 91i,8n,91p,443b,1713s stack positions out of 5000i,500n,10000p,200000b,80000s

Output written on blog.pdf (82 pages).
