This is XeTeX, Version 3.14159265-2.6-0.999992 (TeX Live 2020) (preloaded format=xelatex 2020.10.13)  23 APR 2021 19:18
entering extended mode
 restricted \write18 enabled.
 %&-line parsing enabled.
**/Users/mike/notes/books/linux/linux.tex
(/Users/mike/notes/books/linux/linux.tex
LaTeX2e <2020-02-02> patch level 5
L3 programming layer <2020-03-06>
(/usr/local/texlive/2020/texmf-dist/tex/latex/ctex/ctexbook.cls
(/usr/local/texlive/2020/texmf-dist/tex/latex/l3kernel/expl3.sty
Package: expl3 2020-03-06 L3 programming layer (loader) 

(/usr/local/texlive/2020/texmf-dist/tex/latex/l3backend/l3backend-xdvipdfmx.def
File: l3backend-xdvipdfmx.def 2020-03-12 L3 backend support: xdvipdfmx
\g__graphics_track_int=\count163
\l__pdf_internal_box=\box45
\g__pdf_backend_object_int=\count164
\g__pdf_backend_annotation_int=\count165
))
Document Class: ctexbook 2019/05/29 v2.4.16 Chinese adapter for class book (CTE
X)
(/usr/local/texlive/2020/texmf-dist/tex/latex/l3packages/xparse/xparse.sty
Package: xparse 2020-03-06 L3 Experimental document command parser
\l__xparse_current_arg_int=\count166
\g__xparse_grabber_int=\count167
\l__xparse_m_args_int=\count168
\l__xparse_v_nesting_int=\count169
)
(/usr/local/texlive/2020/texmf-dist/tex/latex/l3packages/l3keys2e/l3keys2e.sty
Package: l3keys2e 2020-03-06 LaTeX2e option processing using LaTeX3 keys
) (/usr/local/texlive/2020/texmf-dist/tex/latex/ctex/ctexhook.sty
Package: ctexhook 2019/05/29 v2.4.16 Document and package hooks (CTEX)
)
(/usr/local/texlive/2020/texmf-dist/tex/latex/ctex/ctexpatch.sty
Package: ctexpatch 2019/05/29 v2.4.16 Patching commands (CTEX)
)
(/usr/local/texlive/2020/texmf-dist/tex/latex/base/fix-cm.sty
Package: fix-cm 2015/01/14 v1.1t fixes to LaTeX

(/usr/local/texlive/2020/texmf-dist/tex/latex/base/ts1enc.def
File: ts1enc.def 2001/06/05 v3.0e (jk/car/fm) Standard LaTeX file
LaTeX Font Info:    Redeclaring font encoding TS1 on input line 47.
))
(/usr/local/texlive/2020/texmf-dist/tex/latex/ms/everysel.sty
Package: everysel 2011/10/28 v1.2 EverySelectfont Package (MS)
)
\l__ctex_tmp_int=\count170
\l__ctex_tmp_box=\box46
\l__ctex_tmp_dim=\dimen134
\g__ctex_section_depth_int=\count171
\g__ctex_font_size_int=\count172

(/usr/local/texlive/2020/texmf-dist/tex/latex/ctex/config/ctexopts.cfg
File: ctexopts.cfg 2019/05/29 v2.4.16 Option configuration file (CTEX)
)
(/usr/local/texlive/2020/texmf-dist/tex/latex/base/book.cls
Document Class: book 2019/12/20 v1.4l Standard LaTeX document class
(/usr/local/texlive/2020/texmf-dist/tex/latex/base/bk10.clo
File: bk10.clo 2019/12/20 v1.4l Standard LaTeX file (size option)
)
\c@part=\count173
\c@chapter=\count174
\c@section=\count175
\c@subsection=\count176
\c@subsubsection=\count177
\c@paragraph=\count178
\c@subparagraph=\count179
\c@figure=\count180
\c@table=\count181
\abovecaptionskip=\skip47
\belowcaptionskip=\skip48
\bibindent=\dimen135
)
(/usr/local/texlive/2020/texmf-dist/tex/latex/ctex/engine/ctex-engine-xetex.def
File: ctex-engine-xetex.def 2019/05/29 v2.4.16 XeLaTeX adapter (CTEX)
(/usr/local/texlive/2020/texmf-dist/tex/xelatex/xecjk/xeCJK.sty
Package: xeCJK 2020/02/18 v3.8.2 Typesetting CJK scripts with XeLaTeX

(/usr/local/texlive/2020/texmf-dist/tex/latex/l3packages/xtemplate/xtemplate.st
y
Package: xtemplate 2020-03-06 L3 Experimental prototype document functions
\l__xtemplate_tmp_dim=\dimen136
\l__xtemplate_tmp_int=\count182
\l__xtemplate_tmp_muskip=\muskip16
\l__xtemplate_tmp_skip=\skip49
)
\l__xeCJK_tmp_int=\count183
\l__xeCJK_tmp_box=\box47
\l__xeCJK_tmp_dim=\dimen137
\l__xeCJK_tmp_skip=\skip50
\g__xeCJK_space_factor_int=\count184
\l__xeCJK_begin_int=\count185
\l__xeCJK_end_int=\count186
\c__xeCJK_CJK_class_int=\XeTeXcharclass1
\c__xeCJK_FullLeft_class_int=\XeTeXcharclass2
\c__xeCJK_FullRight_class_int=\XeTeXcharclass3
\c__xeCJK_HalfLeft_class_int=\XeTeXcharclass4
\c__xeCJK_HalfRight_class_int=\XeTeXcharclass5
\c__xeCJK_NormalSpace_class_int=\XeTeXcharclass6
\c__xeCJK_CM_class_int=\XeTeXcharclass7
\c__xeCJK_HangulJamo_class_int=\XeTeXcharclass8
\l__xeCJK_last_skip=\skip51
\g__xeCJK_node_int=\count187
\c__xeCJK_CJK_node_dim=\dimen138
\c__xeCJK_CJK-space_node_dim=\dimen139
\c__xeCJK_default_node_dim=\dimen140
\c__xeCJK_default-space_node_dim=\dimen141
\c__xeCJK_CJK-widow_node_dim=\dimen142
\c__xeCJK_normalspace_node_dim=\dimen143
\l__xeCJK_ccglue_skip=\skip52
\l__xeCJK_ecglue_skip=\skip53
\l__xeCJK_punct_kern_skip=\skip54
\l__xeCJK_last_penalty_int=\count188
\l__xeCJK_last_bound_dim=\dimen144
\l__xeCJK_last_kern_dim=\dimen145
\l__xeCJK_widow_penalty_int=\count189

Package xtemplate Info: Declaring object type 'xeCJK/punctuation' taking 0
(xtemplate)             argument(s) on line 2302.

\l__xeCJK_fixed_punct_width_dim=\dimen146
\l__xeCJK_mixed_punct_width_dim=\dimen147
\l__xeCJK_middle_punct_width_dim=\dimen148
\l__xeCJK_fixed_margin_width_dim=\dimen149
\l__xeCJK_mixed_margin_width_dim=\dimen150
\l__xeCJK_middle_margin_width_dim=\dimen151
\l__xeCJK_bound_punct_width_dim=\dimen152
\l__xeCJK_bound_margin_width_dim=\dimen153
\l__xeCJK_margin_minimum_dim=\dimen154
\l__xeCJK_kerning_total_width_dim=\dimen155
\l__xeCJK_same_align_margin_dim=\dimen156
\l__xeCJK_different_align_margin_dim=\dimen157
\l__xeCJK_kerning_margin_width_dim=\dimen158
\l__xeCJK_kerning_margin_minimum_dim=\dimen159
\l__xeCJK_bound_dim=\dimen160
\l__xeCJK_reverse_bound_dim=\dimen161
\l__xeCJK_margin_dim=\dimen162
\l__xeCJK_minimum_bound_dim=\dimen163
\l__xeCJK_kerning_margin_dim=\dimen164
\g__xeCJK_family_int=\count190
\l__xeCJK_fam_int=\count191
\g__xeCJK_fam_allocation_int=\count192
\l__xeCJK_verb_case_int=\count193
\l__xeCJK_verb_exspace_skip=\skip55
 (/usr/local/texlive/2020/texmf-dist/tex/latex/fontspec/fontspec.sty
Package: fontspec 2020/02/21 v2.7i Font selection for XeLaTeX and LuaLaTeX

(/usr/local/texlive/2020/texmf-dist/tex/latex/fontspec/fontspec-xetex.sty
Package: fontspec-xetex 2020/02/21 v2.7i Font selection for XeLaTeX and LuaLaTe
X
\l__fontspec_script_int=\count194
\l__fontspec_language_int=\count195
\l__fontspec_strnum_int=\count196
\l__fontspec_tmp_int=\count197
\l__fontspec_tmpa_int=\count198
\l__fontspec_tmpb_int=\count199
\l__fontspec_tmpc_int=\count266
\l__fontspec_em_int=\count267
\l__fontspec_emdef_int=\count268
\l__fontspec_strong_int=\count269
\l__fontspec_strongdef_int=\count270
\l__fontspec_tmpa_dim=\dimen165
\l__fontspec_tmpb_dim=\dimen166
\l__fontspec_tmpc_dim=\dimen167

(/usr/local/texlive/2020/texmf-dist/tex/latex/base/fontenc.sty
Package: fontenc 2020/02/11 v2.0o Standard LaTeX package
)
(/usr/local/texlive/2020/texmf-dist/tex/latex/fontspec/fontspec.cfg)))
(/usr/local/texlive/2020/texmf-dist/tex/xelatex/xecjk/xeCJK.cfg
File: xeCJK.cfg 2020/02/18 v3.8.2 Configuration file for xeCJK package
))
(/usr/local/texlive/2020/texmf-dist/tex/xelatex/xecjk/xeCJKfntef.sty
Package: xeCJKfntef 2020/02/18 v3.8.2 xeCJK font effect

(/usr/local/texlive/2020/texmf-dist/tex/generic/ulem/ulem.sty
\UL@box=\box48
\UL@hyphenbox=\box49
\UL@skip=\skip56
\UL@hook=\toks15
\UL@height=\dimen168
\UL@pe=\count271
\UL@pixel=\dimen169
\ULC@box=\box50
Package: ulem 2019/11/18
\ULdepth=\dimen170
)
\l__xeCJK_space_skip=\skip57
\c__xeCJK_ulem-begin_node_dim=\dimen171
\c__xeCJK_null_box=\box51
\l__xeCJK_fntef_box=\box52
\l__xeCJK_under_symbol_box=\box53
\c__xeCJK_filll_skip=\skip58
)
\ccwd=\dimen172
\l__ctex_ccglue_skip=\skip59
)
\l__ctex_ziju_dim=\dimen173

(/usr/local/texlive/2020/texmf-dist/tex/latex/zhnumber/zhnumber.sty
Package: zhnumber 2019/04/07 v2.7 Typesetting numbers with Chinese glyphs
\l__zhnum_scale_int=\count272

(/usr/local/texlive/2020/texmf-dist/tex/latex/zhnumber/zhnumber-utf8.cfg
File: zhnumber-utf8.cfg 2019/04/07 v2.7 Chinese numerals with UTF8 encoding
))
\l__ctex_heading_skip=\skip60

(/usr/local/texlive/2020/texmf-dist/tex/latex/ctex/scheme/ctex-scheme-chinese-b
ook.def
File: ctex-scheme-chinese-book.def 2019/05/29 v2.4.16 Chinese scheme for book (
CTEX)

(/usr/local/texlive/2020/texmf-dist/tex/latex/ctex/config/ctex-name-utf8.cfg
File: ctex-name-utf8.cfg 2019/05/29 v2.4.16 Caption with encoding UTF8 (CTEX)
))
(/usr/local/texlive/2020/texmf-dist/tex/latex/ctex/ctex-c5size.clo
File: ctex-c5size.clo 2019/05/29 v2.4.16 c5size option (CTEX)
)
(/usr/local/texlive/2020/texmf-dist/tex/latex/ctex/fontset/ctex-fontset-fandol.
def
File: ctex-fontset-fandol.def 2019/05/29 v2.4.16 Fandol fonts definition (CTEX)



Package fontspec Warning: Font "FandolSong-Regular" does not contain requested
(fontspec)                Script "CJK".


Package fontspec Info: Font family 'FandolSong-Regular(0)' created for font
(fontspec)             'FandolSong-Regular' with options
(fontspec)             [Script={CJK},Extension={.otf},BoldFont={FandolSong-Bold
},ItalicFont={FandolKai-Regular}].
(fontspec)              
(fontspec)              This font family consists of the following NFSS
(fontspec)             series/shapes:
(fontspec)              
(fontspec)             - 'normal' (m/n) with NFSS spec.:
(fontspec)             <->"[FandolSong-Regular.otf]/OT:language=dflt;"
(fontspec)             - 'small caps'  (m/sc) with NFSS spec.: 
(fontspec)             - 'bold' (b/n) with NFSS spec.:
(fontspec)             <->"[FandolSong-Bold.otf]/OT:language=dflt;"
(fontspec)             - 'bold small caps'  (b/sc) with NFSS spec.: 
(fontspec)             - 'italic' (m/it) with NFSS spec.:
(fontspec)             <->"[FandolKai-Regular.otf]/OT:language=dflt;"
(fontspec)             - 'italic small caps'  (m/scit) with NFSS spec.: 

)) (/usr/local/texlive/2020/texmf-dist/tex/latex/ctex/config/ctex.cfg
File: ctex.cfg 2019/05/29 v2.4.16 Configuration file (CTEX)
)
(./preamble.tex (/usr/local/texlive/2020/texmf-dist/tex/generic/babel/babel.sty
Package: babel 2020/03/22 3.42 The Babel package
(/usr/local/texlive/2020/texmf-dist/tex/generic/babel/switch.def
File: switch.def 2020/03/22 3.42 Babel switching mechanism
)
(/usr/local/texlive/2020/texmf-dist/tex/generic/babel-english/english.ldf
Language: english 2017/06/06 v3.3r English support from the babel system

(/usr/local/texlive/2020/texmf-dist/tex/generic/babel/babel.def
File: babel.def 2020/03/22 3.42 Babel common definitions
\babel@savecnt=\count273
\U@D=\dimen174

(/usr/local/texlive/2020/texmf-dist/tex/generic/babel/xebabel.def
(/usr/local/texlive/2020/texmf-dist/tex/generic/babel/txtbabel.def))
\bbl@readstream=\read2
\bbl@dirlevel=\count274
)
Package babel Info: \l@canadian = using hyphenrules for english
(babel)             (\language0) on input line 102.
Package babel Info: \l@australian = using hyphenrules for ukenglish
(babel)             (\language21) on input line 105.
Package babel Info: \l@newzealand = using hyphenrules for ukenglish
(babel)             (\language21) on input line 108.
))
(/usr/local/texlive/2020/texmf-dist/tex/latex/base/inputenc.sty
Package: inputenc 2018/08/11 v1.3c Input encoding file
\inpenc@prehook=\toks16
\inpenc@posthook=\toks17


Package inputenc Warning: inputenc package ignored with utf8 based engines.

) (/usr/local/texlive/2020/texmf-dist/tex/latex/base/fontenc.sty
Package: fontenc 2020/02/11 v2.0o Standard LaTeX package
LaTeX Font Info:    Trying to load font information for T1+lmr on input line 11
2.

(/usr/local/texlive/2020/texmf-dist/tex/latex/lm/t1lmr.fd
File: t1lmr.fd 2009/10/30 v1.6 Font defs for Latin Modern
))
(/usr/local/texlive/2020/texmf-dist/tex/latex/lm/lmodern.sty
Package: lmodern 2009/10/30 v1.6 Latin Modern Fonts
LaTeX Font Info:    Overwriting symbol font `operators' in version `normal'
(Font)                  OT1/cmr/m/n --> OT1/lmr/m/n on input line 22.
LaTeX Font Info:    Overwriting symbol font `letters' in version `normal'
(Font)                  OML/cmm/m/it --> OML/lmm/m/it on input line 23.
LaTeX Font Info:    Overwriting symbol font `symbols' in version `normal'
(Font)                  OMS/cmsy/m/n --> OMS/lmsy/m/n on input line 24.
LaTeX Font Info:    Overwriting symbol font `largesymbols' in version `normal'
(Font)                  OMX/cmex/m/n --> OMX/lmex/m/n on input line 25.
LaTeX Font Info:    Overwriting symbol font `operators' in version `bold'
(Font)                  OT1/cmr/bx/n --> OT1/lmr/bx/n on input line 26.
LaTeX Font Info:    Overwriting symbol font `letters' in version `bold'
(Font)                  OML/cmm/b/it --> OML/lmm/b/it on input line 27.
LaTeX Font Info:    Overwriting symbol font `symbols' in version `bold'
(Font)                  OMS/cmsy/b/n --> OMS/lmsy/b/n on input line 28.
LaTeX Font Info:    Overwriting symbol font `largesymbols' in version `bold'
(Font)                  OMX/cmex/m/n --> OMX/lmex/m/n on input line 29.
LaTeX Font Info:    Overwriting math alphabet `\mathbf' in version `normal'
(Font)                  OT1/cmr/bx/n --> OT1/lmr/bx/n on input line 31.
LaTeX Font Info:    Overwriting math alphabet `\mathsf' in version `normal'
(Font)                  OT1/cmss/m/n --> OT1/lmss/m/n on input line 32.
LaTeX Font Info:    Overwriting math alphabet `\mathit' in version `normal'
(Font)                  OT1/cmr/m/it --> OT1/lmr/m/it on input line 33.
LaTeX Font Info:    Overwriting math alphabet `\mathtt' in version `normal'
(Font)                  OT1/cmtt/m/n --> OT1/lmtt/m/n on input line 34.
LaTeX Font Info:    Overwriting math alphabet `\mathbf' in version `bold'
(Font)                  OT1/cmr/bx/n --> OT1/lmr/bx/n on input line 35.
LaTeX Font Info:    Overwriting math alphabet `\mathsf' in version `bold'
(Font)                  OT1/cmss/bx/n --> OT1/lmss/bx/n on input line 36.
LaTeX Font Info:    Overwriting math alphabet `\mathit' in version `bold'
(Font)                  OT1/cmr/bx/it --> OT1/lmr/bx/it on input line 37.
LaTeX Font Info:    Overwriting math alphabet `\mathtt' in version `bold'
(Font)                  OT1/cmtt/m/n --> OT1/lmtt/m/n on input line 38.
)
(/usr/local/texlive/2020/texmf-dist/tex/latex/microtype/microtype.sty
Package: microtype 2019/11/18 v2.7d Micro-typographical refinements (RS)

(/usr/local/texlive/2020/texmf-dist/tex/latex/graphics/keyval.sty
Package: keyval 2014/10/28 v1.15 key=value parser (DPC)
\KV@toks@=\toks18
)
\MT@toks=\toks19
\MT@count=\count275
LaTeX Info: Redefining \textls on input line 790.
\MT@outer@kern=\dimen175
LaTeX Info: Redefining \textmicrotypecontext on input line 1354.
\MT@listname@count=\count276

(/usr/local/texlive/2020/texmf-dist/tex/latex/microtype/microtype-xetex.def
File: microtype-xetex.def 2019/11/18 v2.7d Definitions specific to xetex (RS)
LaTeX Info: Redefining \lsstyle on input line 258.
)
Package microtype Info: Loading configuration file microtype.cfg.

(/usr/local/texlive/2020/texmf-dist/tex/latex/microtype/microtype.cfg
File: microtype.cfg 2019/11/18 v2.7d microtype main configuration file (RS)
))
(/usr/local/texlive/2020/texmf-dist/tex/latex/natbib/natbib.sty
Package: natbib 2010/09/13 8.31b (PWD, AO)
\bibhang=\skip61
\bibsep=\skip62
LaTeX Info: Redefining \cite on input line 694.
\c@NAT@ctr=\count277
)
(/usr/local/texlive/2020/texmf-dist/tex/latex/tocbibind/tocbibind.sty
Package: tocbibind 2010/10/13 v1.5k extra ToC listings
Package tocbibind Info: The document has chapter divisions on input line 50.


Package tocbibind Note: Using chapter style headings, unless overridden.

) (/usr/local/texlive/2020/texmf-dist/tex/latex/amsmath/amsmath.sty
Package: amsmath 2020/01/20 v2.17e AMS math features
\@mathmargin=\skip63

For additional information on amsmath, use the `?' option.
(/usr/local/texlive/2020/texmf-dist/tex/latex/amsmath/amstext.sty
Package: amstext 2000/06/29 v2.01 AMS text

(/usr/local/texlive/2020/texmf-dist/tex/latex/amsmath/amsgen.sty
File: amsgen.sty 1999/11/30 v2.0 generic functions
\@emptytoks=\toks20
\ex@=\dimen176
))
(/usr/local/texlive/2020/texmf-dist/tex/latex/amsmath/amsbsy.sty
Package: amsbsy 1999/11/29 v1.2d Bold Symbols
\pmbraise@=\dimen177
)
(/usr/local/texlive/2020/texmf-dist/tex/latex/amsmath/amsopn.sty
Package: amsopn 2016/03/08 v2.02 operator names
)
\inf@bad=\count278
LaTeX Info: Redefining \frac on input line 227.
\uproot@=\count279
\leftroot@=\count280
LaTeX Info: Redefining \overline on input line 389.
\classnum@=\count281
\DOTSCASE@=\count282
LaTeX Info: Redefining \ldots on input line 486.
LaTeX Info: Redefining \dots on input line 489.
LaTeX Info: Redefining \cdots on input line 610.
\Mathstrutbox@=\box54
\strutbox@=\box55
\big@size=\dimen178
LaTeX Font Info:    Redeclaring font encoding OML on input line 733.
LaTeX Font Info:    Redeclaring font encoding OMS on input line 734.
\macc@depth=\count283
\c@MaxMatrixCols=\count284
\dotsspace@=\muskip17
\c@parentequation=\count285
\dspbrk@lvl=\count286
\tag@help=\toks21
\row@=\count287
\column@=\count288
\maxfields@=\count289
\andhelp@=\toks22
\eqnshift@=\dimen179
\alignsep@=\dimen180
\tagshift@=\dimen181
\tagwidth@=\dimen182
\totwidth@=\dimen183
\lineht@=\dimen184
\@envbody=\toks23
\multlinegap=\skip64
\multlinetaggap=\skip65
\mathdisplay@stack=\toks24
LaTeX Info: Redefining \[ on input line 2859.
LaTeX Info: Redefining \] on input line 2860.
)
(/usr/local/texlive/2020/texmf-dist/tex/latex/amscls/amsthm.sty
Package: amsthm 2017/10/31 v2.20.4
\thm@style=\toks25
\thm@bodyfont=\toks26
\thm@headfont=\toks27
\thm@notefont=\toks28
\thm@headpunct=\toks29
\thm@preskip=\skip66
\thm@postskip=\skip67
\thm@headsep=\skip68
\dth@everypar=\toks30
)
(/usr/local/texlive/2020/texmf-dist/tex/latex/hyperref/hyperref.sty
Package: hyperref 2020/01/14 v7.00d Hypertext links for LaTeX

(/usr/local/texlive/2020/texmf-dist/tex/generic/ltxcmds/ltxcmds.sty
Package: ltxcmds 2019/12/15 v1.24 LaTeX kernel commands for general use (HO)
)
(/usr/local/texlive/2020/texmf-dist/tex/generic/iftex/iftex.sty
Package: iftex 2020/03/06 v1.0d TeX engine tests
)
(/usr/local/texlive/2020/texmf-dist/tex/latex/pdftexcmds/pdftexcmds.sty
Package: pdftexcmds 2019/11/24 v0.31 Utility functions of pdfTeX for LuaTeX (HO
)

(/usr/local/texlive/2020/texmf-dist/tex/generic/infwarerr/infwarerr.sty
Package: infwarerr 2019/12/03 v1.5 Providing info/warning/error messages (HO)
)
Package pdftexcmds Info: \pdf@primitive is available.
Package pdftexcmds Info: \pdf@ifprimitive is available.
Package pdftexcmds Info: \pdfdraftmode not found.
)
(/usr/local/texlive/2020/texmf-dist/tex/generic/kvsetkeys/kvsetkeys.sty
Package: kvsetkeys 2019/12/15 v1.18 Key value parser (HO)
)
(/usr/local/texlive/2020/texmf-dist/tex/generic/kvdefinekeys/kvdefinekeys.sty
Package: kvdefinekeys 2019-12-19 v1.6 Define keys (HO)
)
(/usr/local/texlive/2020/texmf-dist/tex/generic/pdfescape/pdfescape.sty
Package: pdfescape 2019/12/09 v1.15 Implements pdfTeX's escape features (HO)
)
(/usr/local/texlive/2020/texmf-dist/tex/latex/hycolor/hycolor.sty
Package: hycolor 2020-01-27 v1.10 Color options for hyperref/bookmark (HO)
)
(/usr/local/texlive/2020/texmf-dist/tex/latex/letltxmacro/letltxmacro.sty
Package: letltxmacro 2019/12/03 v1.6 Let assignment for LaTeX macros (HO)
)
(/usr/local/texlive/2020/texmf-dist/tex/latex/auxhook/auxhook.sty
Package: auxhook 2019-12-17 v1.6 Hooks for auxiliary files (HO)
)
(/usr/local/texlive/2020/texmf-dist/tex/latex/kvoptions/kvoptions.sty
Package: kvoptions 2019/11/29 v3.13 Key value format for package options (HO)
)
\@linkdim=\dimen185
\Hy@linkcounter=\count290
\Hy@pagecounter=\count291

(/usr/local/texlive/2020/texmf-dist/tex/latex/hyperref/pd1enc.def
File: pd1enc.def 2020/01/14 v7.00d Hyperref: PDFDocEncoding definition (HO)
)
(/usr/local/texlive/2020/texmf-dist/tex/generic/intcalc/intcalc.sty
Package: intcalc 2019/12/15 v1.3 Expandable calculations with integers (HO)
)
(/usr/local/texlive/2020/texmf-dist/tex/generic/etexcmds/etexcmds.sty
Package: etexcmds 2019/12/15 v1.7 Avoid name clashes with e-TeX commands (HO)
)
\Hy@SavedSpaceFactor=\count292
Package hyperref Info: Option `unicode' set `true' on input line 4421.

(/usr/local/texlive/2020/texmf-dist/tex/latex/hyperref/puenc.def
File: puenc.def 2020/01/14 v7.00d Hyperref: PDF Unicode definition (HO)
)
Package hyperref Info: Option `colorlinks' set `true' on input line 4421.
Package hyperref Info: Hyper figures OFF on input line 4547.
Package hyperref Info: Link nesting OFF on input line 4552.
Package hyperref Info: Hyper index ON on input line 4555.
Package hyperref Info: Plain pages OFF on input line 4562.
Package hyperref Info: Backreferencing OFF on input line 4567.
Package hyperref Info: Implicit mode ON; LaTeX internals redefined.
Package hyperref Info: Bookmarks ON on input line 4800.
\c@Hy@tempcnt=\count293

(/usr/local/texlive/2020/texmf-dist/tex/latex/url/url.sty
\Urlmuskip=\muskip18
Package: url 2013/09/16  ver 3.4  Verb mode for urls, etc.
)
LaTeX Info: Redefining \url on input line 5159.
\XeTeXLinkMargin=\dimen186

(/usr/local/texlive/2020/texmf-dist/tex/generic/bitset/bitset.sty
Package: bitset 2019/12/09 v1.3 Handle bit-vector datatype (HO)

(/usr/local/texlive/2020/texmf-dist/tex/generic/bigintcalc/bigintcalc.sty
Package: bigintcalc 2019/12/15 v1.5 Expandable calculations on big integers (HO
)
))
\Fld@menulength=\count294
\Field@Width=\dimen187
\Fld@charsize=\dimen188
Package hyperref Info: Hyper figures OFF on input line 6430.
Package hyperref Info: Link nesting OFF on input line 6435.
Package hyperref Info: Hyper index ON on input line 6438.
Package hyperref Info: backreferencing OFF on input line 6445.
Package hyperref Info: Link coloring ON on input line 6448.
Package hyperref Info: Link coloring with OCG OFF on input line 6455.
Package hyperref Info: PDF/A mode OFF on input line 6460.
LaTeX Info: Redefining \ref on input line 6500.
LaTeX Info: Redefining \pageref on input line 6504.

(/usr/local/texlive/2020/texmf-dist/tex/generic/atbegshi/atbegshi.sty
Package: atbegshi 2019/12/05 v1.19 At begin shipout hook (HO)
)
\Hy@abspage=\count295
\c@Item=\count296
\c@Hfootnote=\count297
)
Package hyperref Info: Driver (autodetected): hxetex.

(/usr/local/texlive/2020/texmf-dist/tex/latex/hyperref/hxetex.def
File: hxetex.def 2020/01/14 v7.00d Hyperref driver for XeTeX

(/usr/local/texlive/2020/texmf-dist/tex/generic/stringenc/stringenc.sty
Package: stringenc 2019/11/29 v1.12 Convert strings between diff. encodings (HO
)
)
\pdfm@box=\box56
\c@Hy@AnnotLevel=\count298
\HyField@AnnotCount=\count299
\Fld@listcount=\count300
\c@bookmark@seq@number=\count301

(/usr/local/texlive/2020/texmf-dist/tex/latex/rerunfilecheck/rerunfilecheck.sty
Package: rerunfilecheck 2019/12/05 v1.9 Rerun checks for auxiliary files (HO)
(/usr/local/texlive/2020/texmf-dist/tex/latex/atveryend/atveryend.sty
Package: atveryend 2019-12-11 v1.11 Hooks at the very end of document (HO)
Package atveryend Info: \enddocument detected (standard20110627).
)
(/usr/local/texlive/2020/texmf-dist/tex/generic/uniquecounter/uniquecounter.sty
Package: uniquecounter 2019/12/15 v1.4 Provide unlimited unique counter (HO)
)
Package uniquecounter Info: New unique counter `rerunfilecheck' on input line 2
86.
)
\Hy@SectionHShift=\skip69
) (/usr/local/texlive/2020/texmf-dist/tex/latex/listings/listings.sty
\lst@mode=\count302
\lst@gtempboxa=\box57
\lst@token=\toks31
\lst@length=\count303
\lst@currlwidth=\dimen189
\lst@column=\count304
\lst@pos=\count305
\lst@lostspace=\dimen190
\lst@width=\dimen191
\lst@newlines=\count306
\lst@lineno=\count307
\lst@maxwidth=\dimen192

(/usr/local/texlive/2020/texmf-dist/tex/latex/listings/lstmisc.sty
File: lstmisc.sty 2020/03/24 1.8d (Carsten Heinz)
\c@lstnumber=\count308
\lst@skipnumbers=\count309
\lst@framebox=\box58
)
(/usr/local/texlive/2020/texmf-dist/tex/latex/listings/listings.cfg
File: listings.cfg 2020/03/24 1.8d listings configuration
))
Package: listings 2020/03/24 1.8d (Carsten Heinz)

(/usr/local/texlive/2020/texmf-dist/tex/latex/graphics/color.sty
Package: color 2019/11/23 v1.2a Standard LaTeX Color (DPC)

(/usr/local/texlive/2020/texmf-dist/tex/latex/graphics-cfg/color.cfg
File: color.cfg 2016/01/02 v1.6 sample color configuration
)
Package color Info: Driver file: xetex.def on input line 147.

(/usr/local/texlive/2020/texmf-dist/tex/latex/graphics-def/xetex.def
File: xetex.def 2017/06/24 v5.0h Graphics/color driver for xetex
))
(/usr/local/texlive/2020/texmf-dist/tex/latex/xcolor/xcolor.sty
Package: xcolor 2016/05/11 v2.12 LaTeX color extensions (UK)

(/usr/local/texlive/2020/texmf-dist/tex/latex/graphics-cfg/color.cfg
File: color.cfg 2016/01/02 v1.6 sample color configuration
)
Package xcolor Info: Driver file: xetex.def on input line 225.
LaTeX Info: Redefining \color on input line 709.
Package xcolor Info: Model `cmy' substituted by `cmy0' on input line 1348.
Package xcolor Info: Model `RGB' extended on input line 1364.
Package xcolor Info: Model `HTML' substituted by `rgb' on input line 1366.
Package xcolor Info: Model `Hsb' substituted by `hsb' on input line 1367.
Package xcolor Info: Model `tHsb' substituted by `hsb' on input line 1368.
Package xcolor Info: Model `HSB' substituted by `hsb' on input line 1369.
Package xcolor Info: Model `Gray' substituted by `gray' on input line 1370.
Package xcolor Info: Model `wave' substituted by `hsb' on input line 1371.
)
(/usr/local/texlive/2020/texmf-dist/tex/latex/tools/indentfirst.sty
Package: indentfirst 1995/11/23 v1.03 Indent first paragraph (DPC)
)
(/usr/local/texlive/2020/texmf-dist/tex/latex/setspace/setspace.sty
Package: setspace 2011/12/19 v6.7a set line spacing
)
(/usr/local/texlive/2020/texmf-dist/tex/latex/pdfpages/pdfpages.sty
Package: pdfpages 2020/01/28 v0.5q Insert pages of external PDF documents (AM)

(/usr/local/texlive/2020/texmf-dist/tex/latex/base/ifthen.sty
Package: ifthen 2014/09/29 v1.1c Standard LaTeX ifthen package (DPC)
)
(/usr/local/texlive/2020/texmf-dist/tex/latex/tools/calc.sty
Package: calc 2017/05/25 v4.3 Infix arithmetic (KKT,FJ)
\calc@Acount=\count310
\calc@Bcount=\count311
\calc@Adimen=\dimen193
\calc@Bdimen=\dimen194
\calc@Askip=\skip70
\calc@Bskip=\skip71
LaTeX Info: Redefining \setlength on input line 80.
LaTeX Info: Redefining \addtolength on input line 81.
\calc@Ccount=\count312
\calc@Cskip=\skip72
)
(/usr/local/texlive/2020/texmf-dist/tex/latex/eso-pic/eso-pic.sty
Package: eso-pic 2018/04/12 v2.0h eso-pic (RN)
)
(/usr/local/texlive/2020/texmf-dist/tex/latex/graphics/graphicx.sty
Package: graphicx 2019/11/30 v1.2a Enhanced LaTeX Graphics (DPC,SPQR)

(/usr/local/texlive/2020/texmf-dist/tex/latex/graphics/graphics.sty
Package: graphics 2019/11/30 v1.4a Standard LaTeX Graphics (DPC,SPQR)

(/usr/local/texlive/2020/texmf-dist/tex/latex/graphics/trig.sty
Package: trig 2016/01/03 v1.10 sin cos tan (DPC)
)
(/usr/local/texlive/2020/texmf-dist/tex/latex/graphics-cfg/graphics.cfg
File: graphics.cfg 2016/06/04 v1.11 sample graphics configuration
)
Package graphics Info: Driver file: xetex.def on input line 105.
)
\Gin@req@height=\dimen195
\Gin@req@width=\dimen196
)
\AM@pagewidth=\dimen197
\AM@pageheight=\dimen198

(/usr/local/texlive/2020/texmf-dist/tex/latex/pdfpages/ppxetex.def
File: ppxetex.def 2020/01/28 v0.5q Pdfpages driver for XeTeX (AM)
)
\AM@pagebox=\box59
\AM@global@opts=\toks32
\AM@pagecnt=\count313
\AM@toc@title=\toks33
\c@AM@survey=\count314
\AM@templatesizebox=\box60
)
(/usr/local/texlive/2020/texmf-dist/tex/latex/booktabs/booktabs.sty
Package: booktabs 2020/01/12 v1.61803398 Publication quality tables
\heavyrulewidth=\dimen199
\lightrulewidth=\dimen256
\cmidrulewidth=\dimen257
\belowrulesep=\dimen258
\belowbottomsep=\dimen259
\aboverulesep=\dimen260
\abovetopsep=\dimen261
\cmidrulesep=\dimen262
\cmidrulekern=\dimen263
\defaultaddspace=\dimen264
\@cmidla=\count315
\@cmidlb=\count316
\@aboverulesep=\dimen265
\@belowrulesep=\dimen266
\@thisruleclass=\count317
\@lastruleclass=\count318
\@thisrulewidth=\dimen267
)
(/usr/local/texlive/2020/texmf-dist/tex/latex/tcolorbox/tcolorbox.sty
Package: tcolorbox 2019/11/15 version 4.22 text color boxes

(/usr/local/texlive/2020/texmf-dist/tex/latex/pgf/basiclayer/pgf.sty
(/usr/local/texlive/2020/texmf-dist/tex/latex/pgf/utilities/pgfrcs.sty
(/usr/local/texlive/2020/texmf-dist/tex/generic/pgf/utilities/pgfutil-common.te
x
\pgfutil@everybye=\toks34
\pgfutil@tempdima=\dimen268
\pgfutil@tempdimb=\dimen269

(/usr/local/texlive/2020/texmf-dist/tex/generic/pgf/utilities/pgfutil-common-li
sts.tex))
(/usr/local/texlive/2020/texmf-dist/tex/generic/pgf/utilities/pgfutil-latex.def
\pgfutil@abb=\box61
(/usr/local/texlive/2020/texmf-dist/tex/latex/ms/everyshi.sty
Package: everyshi 2001/05/15 v3.00 EveryShipout Package (MS)
))
(/usr/local/texlive/2020/texmf-dist/tex/generic/pgf/utilities/pgfrcs.code.tex
(/usr/local/texlive/2020/texmf-dist/tex/generic/pgf/pgf.revision.tex)
Package: pgfrcs 2020/01/08 v3.1.5b (3.1.5b)
))
Package: pgf 2020/01/08 v3.1.5b (3.1.5b)

(/usr/local/texlive/2020/texmf-dist/tex/latex/pgf/basiclayer/pgfcore.sty
(/usr/local/texlive/2020/texmf-dist/tex/latex/pgf/systemlayer/pgfsys.sty
(/usr/local/texlive/2020/texmf-dist/tex/generic/pgf/systemlayer/pgfsys.code.tex
Package: pgfsys 2020/01/08 v3.1.5b (3.1.5b)
(/usr/local/texlive/2020/texmf-dist/tex/generic/pgf/utilities/pgfkeys.code.tex
\pgfkeys@pathtoks=\toks35
\pgfkeys@temptoks=\toks36

(/usr/local/texlive/2020/texmf-dist/tex/generic/pgf/utilities/pgfkeysfiltered.c
ode.tex
\pgfkeys@tmptoks=\toks37
))
\pgf@x=\dimen270
\pgf@y=\dimen271
\pgf@xa=\dimen272
\pgf@ya=\dimen273
\pgf@xb=\dimen274
\pgf@yb=\dimen275
\pgf@xc=\dimen276
\pgf@yc=\dimen277
\pgf@xd=\dimen278
\pgf@yd=\dimen279
\w@pgf@writea=\write3
\r@pgf@reada=\read3
\c@pgf@counta=\count319
\c@pgf@countb=\count320
\c@pgf@countc=\count321
\c@pgf@countd=\count322
\t@pgf@toka=\toks38
\t@pgf@tokb=\toks39
\t@pgf@tokc=\toks40
\pgf@sys@id@count=\count323

(/usr/local/texlive/2020/texmf-dist/tex/generic/pgf/systemlayer/pgf.cfg
File: pgf.cfg 2020/01/08 v3.1.5b (3.1.5b)
)
Driver file for pgf: pgfsys-xetex.def

(/usr/local/texlive/2020/texmf-dist/tex/generic/pgf/systemlayer/pgfsys-xetex.de
f
File: pgfsys-xetex.def 2020/01/08 v3.1.5b (3.1.5b)

(/usr/local/texlive/2020/texmf-dist/tex/generic/pgf/systemlayer/pgfsys-dvipdfmx
.def
File: pgfsys-dvipdfmx.def 2020/01/08 v3.1.5b (3.1.5b)

(/usr/local/texlive/2020/texmf-dist/tex/generic/pgf/systemlayer/pgfsys-common-p
df.def
File: pgfsys-common-pdf.def 2020/01/08 v3.1.5b (3.1.5b)
)
\pgfsys@objnum=\count324
)))
(/usr/local/texlive/2020/texmf-dist/tex/generic/pgf/systemlayer/pgfsyssoftpath.
code.tex
File: pgfsyssoftpath.code.tex 2020/01/08 v3.1.5b (3.1.5b)
\pgfsyssoftpath@smallbuffer@items=\count325
\pgfsyssoftpath@bigbuffer@items=\count326
)
(/usr/local/texlive/2020/texmf-dist/tex/generic/pgf/systemlayer/pgfsysprotocol.
code.tex
File: pgfsysprotocol.code.tex 2020/01/08 v3.1.5b (3.1.5b)
))
(/usr/local/texlive/2020/texmf-dist/tex/generic/pgf/basiclayer/pgfcore.code.tex
Package: pgfcore 2020/01/08 v3.1.5b (3.1.5b)
(/usr/local/texlive/2020/texmf-dist/tex/generic/pgf/math/pgfmath.code.tex
(/usr/local/texlive/2020/texmf-dist/tex/generic/pgf/math/pgfmathcalc.code.tex
(/usr/local/texlive/2020/texmf-dist/tex/generic/pgf/math/pgfmathutil.code.tex)
(/usr/local/texlive/2020/texmf-dist/tex/generic/pgf/math/pgfmathparser.code.tex
\pgfmath@dimen=\dimen280
\pgfmath@count=\count327
\pgfmath@box=\box62
\pgfmath@toks=\toks41
\pgfmath@stack@operand=\toks42
\pgfmath@stack@operation=\toks43
)
(/usr/local/texlive/2020/texmf-dist/tex/generic/pgf/math/pgfmathfunctions.code.
tex
(/usr/local/texlive/2020/texmf-dist/tex/generic/pgf/math/pgfmathfunctions.basic
.code.tex)
(/usr/local/texlive/2020/texmf-dist/tex/generic/pgf/math/pgfmathfunctions.trigo
nometric.code.tex)
(/usr/local/texlive/2020/texmf-dist/tex/generic/pgf/math/pgfmathfunctions.rando
m.code.tex)
(/usr/local/texlive/2020/texmf-dist/tex/generic/pgf/math/pgfmathfunctions.compa
rison.code.tex)
(/usr/local/texlive/2020/texmf-dist/tex/generic/pgf/math/pgfmathfunctions.base.
code.tex)
(/usr/local/texlive/2020/texmf-dist/tex/generic/pgf/math/pgfmathfunctions.round
.code.tex)
(/usr/local/texlive/2020/texmf-dist/tex/generic/pgf/math/pgfmathfunctions.misc.
code.tex)
(/usr/local/texlive/2020/texmf-dist/tex/generic/pgf/math/pgfmathfunctions.integ
erarithmetics.code.tex)))
(/usr/local/texlive/2020/texmf-dist/tex/generic/pgf/math/pgfmathfloat.code.tex
\c@pgfmathroundto@lastzeros=\count328
)) (/usr/local/texlive/2020/texmf-dist/tex/generic/pgf/math/pgfint.code.tex)
(/usr/local/texlive/2020/texmf-dist/tex/generic/pgf/basiclayer/pgfcorepoints.co
de.tex
File: pgfcorepoints.code.tex 2020/01/08 v3.1.5b (3.1.5b)
\pgf@picminx=\dimen281
\pgf@picmaxx=\dimen282
\pgf@picminy=\dimen283
\pgf@picmaxy=\dimen284
\pgf@pathminx=\dimen285
\pgf@pathmaxx=\dimen286
\pgf@pathminy=\dimen287
\pgf@pathmaxy=\dimen288
\pgf@xx=\dimen289
\pgf@xy=\dimen290
\pgf@yx=\dimen291
\pgf@yy=\dimen292
\pgf@zx=\dimen293
\pgf@zy=\dimen294
)
(/usr/local/texlive/2020/texmf-dist/tex/generic/pgf/basiclayer/pgfcorepathconst
ruct.code.tex
File: pgfcorepathconstruct.code.tex 2020/01/08 v3.1.5b (3.1.5b)
\pgf@path@lastx=\dimen295
\pgf@path@lasty=\dimen296
)
(/usr/local/texlive/2020/texmf-dist/tex/generic/pgf/basiclayer/pgfcorepathusage
.code.tex
File: pgfcorepathusage.code.tex 2020/01/08 v3.1.5b (3.1.5b)
\pgf@shorten@end@additional=\dimen297
\pgf@shorten@start@additional=\dimen298
)
(/usr/local/texlive/2020/texmf-dist/tex/generic/pgf/basiclayer/pgfcorescopes.co
de.tex
File: pgfcorescopes.code.tex 2020/01/08 v3.1.5b (3.1.5b)
\pgfpic=\box63
\pgf@hbox=\box64
\pgf@layerbox@main=\box65
\pgf@picture@serial@count=\count329
)
(/usr/local/texlive/2020/texmf-dist/tex/generic/pgf/basiclayer/pgfcoregraphicst
ate.code.tex
File: pgfcoregraphicstate.code.tex 2020/01/08 v3.1.5b (3.1.5b)
\pgflinewidth=\dimen299
)
(/usr/local/texlive/2020/texmf-dist/tex/generic/pgf/basiclayer/pgfcoretransform
ations.code.tex
File: pgfcoretransformations.code.tex 2020/01/08 v3.1.5b (3.1.5b)
\pgf@pt@x=\dimen300
\pgf@pt@y=\dimen301
\pgf@pt@temp=\dimen302
)
(/usr/local/texlive/2020/texmf-dist/tex/generic/pgf/basiclayer/pgfcorequick.cod
e.tex
File: pgfcorequick.code.tex 2020/01/08 v3.1.5b (3.1.5b)
)
(/usr/local/texlive/2020/texmf-dist/tex/generic/pgf/basiclayer/pgfcoreobjects.c
ode.tex
File: pgfcoreobjects.code.tex 2020/01/08 v3.1.5b (3.1.5b)
)
(/usr/local/texlive/2020/texmf-dist/tex/generic/pgf/basiclayer/pgfcorepathproce
ssing.code.tex
File: pgfcorepathprocessing.code.tex 2020/01/08 v3.1.5b (3.1.5b)
)
(/usr/local/texlive/2020/texmf-dist/tex/generic/pgf/basiclayer/pgfcorearrows.co
de.tex
File: pgfcorearrows.code.tex 2020/01/08 v3.1.5b (3.1.5b)
\pgfarrowsep=\dimen303
)
(/usr/local/texlive/2020/texmf-dist/tex/generic/pgf/basiclayer/pgfcoreshade.cod
e.tex
File: pgfcoreshade.code.tex 2020/01/08 v3.1.5b (3.1.5b)
\pgf@max=\dimen304
\pgf@sys@shading@range@num=\count330
\pgf@shadingcount=\count331
)
(/usr/local/texlive/2020/texmf-dist/tex/generic/pgf/basiclayer/pgfcoreimage.cod
e.tex
File: pgfcoreimage.code.tex 2020/01/08 v3.1.5b (3.1.5b)

(/usr/local/texlive/2020/texmf-dist/tex/generic/pgf/basiclayer/pgfcoreexternal.
code.tex
File: pgfcoreexternal.code.tex 2020/01/08 v3.1.5b (3.1.5b)
\pgfexternal@startupbox=\box66
))
(/usr/local/texlive/2020/texmf-dist/tex/generic/pgf/basiclayer/pgfcorelayers.co
de.tex
File: pgfcorelayers.code.tex 2020/01/08 v3.1.5b (3.1.5b)
)
(/usr/local/texlive/2020/texmf-dist/tex/generic/pgf/basiclayer/pgfcoretranspare
ncy.code.tex
File: pgfcoretransparency.code.tex 2020/01/08 v3.1.5b (3.1.5b)
)
(/usr/local/texlive/2020/texmf-dist/tex/generic/pgf/basiclayer/pgfcorepatterns.
code.tex
File: pgfcorepatterns.code.tex 2020/01/08 v3.1.5b (3.1.5b)
)
(/usr/local/texlive/2020/texmf-dist/tex/generic/pgf/basiclayer/pgfcorerdf.code.
tex
File: pgfcorerdf.code.tex 2020/01/08 v3.1.5b (3.1.5b)
)))
(/usr/local/texlive/2020/texmf-dist/tex/generic/pgf/modules/pgfmoduleshapes.cod
e.tex
File: pgfmoduleshapes.code.tex 2020/01/08 v3.1.5b (3.1.5b)
\pgfnodeparttextbox=\box67
)
(/usr/local/texlive/2020/texmf-dist/tex/generic/pgf/modules/pgfmoduleplot.code.
tex
File: pgfmoduleplot.code.tex 2020/01/08 v3.1.5b (3.1.5b)
)
(/usr/local/texlive/2020/texmf-dist/tex/latex/pgf/compatibility/pgfcomp-version
-0-65.sty
Package: pgfcomp-version-0-65 2020/01/08 v3.1.5b (3.1.5b)
\pgf@nodesepstart=\dimen305
\pgf@nodesepend=\dimen306
)
(/usr/local/texlive/2020/texmf-dist/tex/latex/pgf/compatibility/pgfcomp-version
-1-18.sty
Package: pgfcomp-version-1-18 2020/01/08 v3.1.5b (3.1.5b)
)) (/usr/local/texlive/2020/texmf-dist/tex/latex/tools/verbatim.sty
Package: verbatim 2019/11/10 v1.5r LaTeX2e package for verbatim enhancements
\every@verbatim=\toks44
\verbatim@line=\toks45
\verbatim@in@stream=\read4
)
(/usr/local/texlive/2020/texmf-dist/tex/latex/environ/environ.sty
Package: environ 2014/05/04 v0.3 A new way to define environments

(/usr/local/texlive/2020/texmf-dist/tex/latex/trimspaces/trimspaces.sty
Package: trimspaces 2009/09/17 v1.1 Trim spaces around a token list
))
(/usr/local/texlive/2020/texmf-dist/tex/latex/etoolbox/etoolbox.sty
Package: etoolbox 2019/09/21 v2.5h e-TeX tools for LaTeX (JAW)
\etb@tempcnta=\count332
)
\tcb@titlebox=\box68
\tcb@upperbox=\box69
\tcb@lowerbox=\box70
\tcb@phantombox=\box71
\c@tcbbreakpart=\count333
\c@tcblayer=\count334
\tcolorbox@number=\count335
\tcb@temp=\box72
\tcb@temp=\box73
\tcb@temp=\box74
\tcb@temp=\box75
\tcb@out=\write4
\tcb@record@out=\write5
)
(/usr/local/texlive/2020/texmf-dist/tex/latex/float/float.sty
Package: float 2001/11/08 v1.3d Float enhancements (AL)
\c@float@type=\count336
\float@exts=\toks46
\float@box=\box76
\@float@everytoks=\toks47
\@floatcapt=\box77
)
(/usr/local/texlive/2020/texmf-dist/tex/latex/tipa/tipa.sty
Package: tipa 2002/08/08 TIPA version 1.1

(/usr/local/texlive/2020/texmf-dist/tex/latex/base/fontenc.sty
Package: fontenc 2020/02/11 v2.0o Standard LaTeX package

(/usr/local/texlive/2020/texmf-dist/tex/latex/tipa/t3enc.def
File: t3enc.def 2001/12/31 T3 encoding


Package fontspec Warning: Font "FandolHei-Regular" does not contain requested
(fontspec)                Script "CJK".

LaTeX Font Info:    Trying to load font information for T3+lmss on input line 3
57.
LaTeX Font Info:    No file T3lmss.fd. on input line 357.
LaTeX Font Info:    Trying to load font information for T3+cmr on input line 35
7.
(/usr/local/texlive/2020/texmf-dist/tex/latex/tipa/t3cmr.fd
File: t3cmr.fd 2001/12/31 TIPA font definitions
)

LaTeX Font Warning: Font shape `T3/lmss/m/n' undefined
(Font)              using `T3/cmr/m/n' instead on input line 357.


LaTeX Font Warning: Font shape `T3/cmr/m/n' in size <10.53937> not available
(Font)              size <10.95> substituted on input line 357.


LaTeX Font Warning: Font shape `T3/lmss/m/n' in size <10.53937> not available
(Font)              size <10.95> substituted on input line 357.


Package fontspec Info: Font family 'FandolHei-Regular(0)' created for font
(fontspec)             'FandolHei-Regular' with options
(fontspec)             [Script={CJK},Extension={.otf},BoldFont={FandolHei-Bold}
].
(fontspec)              
(fontspec)              This font family consists of the following NFSS
(fontspec)             series/shapes:
(fontspec)              
(fontspec)             - 'normal' (m/n) with NFSS spec.:
(fontspec)             <->"[FandolHei-Regular.otf]/OT:language=dflt;"
(fontspec)             - 'small caps'  (m/sc) with NFSS spec.: 
(fontspec)             - 'bold' (b/n) with NFSS spec.:
(fontspec)             <->"[FandolHei-Bold.otf]/OT:language=dflt;"
(fontspec)             - 'bold small caps'  (b/sc) with NFSS spec.: 

))) (/usr/local/texlive/2020/texmf-dist/tex/latex/tipa/tipx.sty
Package: tipx 2003/01/01 TIPX version 1.2
)
(/usr/local/texlive/2020/texmf-dist/tex/latex/datetime/datetime.sty
Package: datetime 2015/03/20 v2.60 Date Time Package

(/usr/local/texlive/2020/texmf-dist/tex/latex/fmtcount/fmtcount.sty
Invalid UTF-8 byte or sequence at line 10 replaced by U+FFFD.
Invalid UTF-8 byte or sequence at line 22 replaced by U+FFFD.
Package: fmtcount 2020/01/30 v3.07

(/usr/local/texlive/2020/texmf-dist/tex/latex/xkeyval/xkeyval.sty
Package: xkeyval 2014/12/03 v2.7a package option processing (HA)

(/usr/local/texlive/2020/texmf-dist/tex/generic/xkeyval/xkeyval.tex
(/usr/local/texlive/2020/texmf-dist/tex/generic/xkeyval/xkvutils.tex
\XKV@toks=\toks48
\XKV@tempa@toks=\toks49
)
\XKV@depth=\count337
File: xkeyval.tex 2014/12/03 v2.7a key=value parser (HA)
))
(/usr/local/texlive/2020/texmf-dist/tex/latex/fmtcount/fcprefix.sty
Invalid UTF-8 byte or sequence at line 10 replaced by U+FFFD.
Invalid UTF-8 byte or sequence at line 22 replaced by U+FFFD.
Package: fcprefix 2012/09/28

(/usr/local/texlive/2020/texmf-dist/tex/latex/fmtcount/fcnumparser.sty
Invalid UTF-8 byte or sequence at line 10 replaced by U+FFFD.
Invalid UTF-8 byte or sequence at line 22 replaced by U+FFFD.
Package: fcnumparser 2017/06/15
\fc@digit@counter=\count338
))
\c@padzeroesN=\count339
\fc@tmpcatcode=\count340

(/usr/local/texlive/2020/texmf-dist/tex/latex/fmtcount/fc-english.def
Invalid UTF-8 byte or sequence at line 10 replaced by U+FFFD.
Invalid UTF-8 byte or sequence at line 22 replaced by U+FFFD.
File: fc-english.def 2016/01/12
)
\@DT@modctr=\count341
\@ordinalctr=\count342
\@orgargctr=\count343
\@strctr=\count344
\@tmpstrctr=\count345
\@DT@loopN=\count346
\@DT@X=\count347
)
(/usr/local/texlive/2020/texmf-dist/tex/latex/datetime/datetime-defaults.sty
Package: datetime-defaults 2013/09/10
)
\@day=\count348
\@month=\count349
\@year=\count350
\c@HOUR=\count351
\c@HOURXII=\count352
\c@MINUTE=\count353
\c@TOHOUR=\count354
\c@TOMINUTE=\count355
\c@SECOND=\count356
\currenthour=\count357
\currentminute=\count358
\currentsecond=\count359
Package datetime Info: No datetime.cfg file found, using default settings on in
put line 308.
\@dtctr=\count360
\dayofyear=\count361
\dayofweek=\count362
LaTeX Info: Redefining \today on input line 736.
\dt@a=\toks50
\dt@b=\toks51
)
(/usr/local/texlive/2020/texmf-dist/tex/latex/movie15/movie15.sty
Package: movie15 2012/05/16

(/usr/local/texlive/2020/texmf-dist/tex/generic/iftex/ifpdf.sty
Package: ifpdf 2019/10/25 v3.4 ifpdf legacy package. Use iftex instead.
)
(/usr/local/texlive/2020/texmf-dist/tex/latex/oberdiek/ifdraft.sty
Package: ifdraft 2016/05/16 v1.4 Detect class options draft and final (HO)
)
\@MXV@page=\count363
\@MXV@includes=\count364
\@MXV@players=\count365
\@MXV@links=\count366
\@MXV@width=\dimen307
\@MXV@height=\dimen308
\@MXV@depth=\dimen309
\@MXV@totalheight=\dimen310
\@MXV@@boxdepth=\dimen311
\@MXV@traiselen=\dimen312
\@MXV@braiselen=\dimen313
\@MXV@start=\dimen314
\@MXV@end=\dimen315
\@MXV@textbox=\box78
))
(/usr/local/texlive/2020/texmf-dist/tex/xelatex/xecjk/xeCJK-listings.sty
Package: xeCJK-listings 2020/02/18 v3.8.2 xeCJK patch file for listings
\l__xeCJK_listings_max_char_int=\count367
\l__xeCJK_listings_flag_int=\count368
)
(./linux.aux (./title.aux) (./dedication.aux))
\openout1 = `linux.aux'.

LaTeX Font Info:    Checking defaults for OML/cmm/m/it on input line 10.
LaTeX Font Info:    ... okay on input line 10.
LaTeX Font Info:    Checking defaults for OMS/cmsy/m/n on input line 10.
LaTeX Font Info:    ... okay on input line 10.
LaTeX Font Info:    Checking defaults for OT1/cmr/m/n on input line 10.
LaTeX Font Info:    ... okay on input line 10.
LaTeX Font Info:    Checking defaults for T1/cmr/m/n on input line 10.
LaTeX Font Info:    ... okay on input line 10.
LaTeX Font Info:    Checking defaults for TS1/cmr/m/n on input line 10.
LaTeX Font Info:    ... okay on input line 10.
LaTeX Font Info:    Checking defaults for TU/lmr/m/n on input line 10.
LaTeX Font Info:    ... okay on input line 10.
LaTeX Font Info:    Checking defaults for OMX/cmex/m/n on input line 10.
LaTeX Font Info:    ... okay on input line 10.
LaTeX Font Info:    Checking defaults for U/cmr/m/n on input line 10.
LaTeX Font Info:    ... okay on input line 10.
LaTeX Font Info:    Checking defaults for PD1/pdf/m/n on input line 10.
LaTeX Font Info:    ... okay on input line 10.
LaTeX Font Info:    Checking defaults for PU/pdf/m/n on input line 10.
LaTeX Font Info:    ... okay on input line 10.
LaTeX Font Info:    Checking defaults for T3/cmr/m/n on input line 10.
LaTeX Font Info:    ... okay on input line 10.

ABD: EverySelectfont initializing macros
LaTeX Info: Redefining \selectfont on input line 10.
LaTeX Info: Redefining \microtypecontext on input line 10.
Package microtype Info: Character protrusion enabled (level 2).
Package microtype Info: Using default protrusion set `alltext'.
Package microtype Info: No adjustment of tracking.
Package microtype Info: No adjustment of spacing.
Package microtype Info: No adjustment of kerning.

(/usr/local/texlive/2020/texmf-dist/tex/latex/microtype/mt-LatinModernRoman.cfg
File: mt-LatinModernRoman.cfg 2013/03/13 v1.0 microtype config. file: Latin Mod
ern Roman (RS)
)
Package microtype Info: Loading generic protrusion settings for font family
(microtype)             `lmr' (encoding: T1).
(microtype)             For optimal results, create family-specific settings.
(microtype)             See the microtype manual for details.
\AtBeginShipoutBox=\box79
Package hyperref Info: Link coloring ON on input line 10.
 (/usr/local/texlive/2020/texmf-dist/tex/latex/hyperref/nameref.sty
Package: nameref 2019/09/16 v2.46 Cross-referencing by name of section

(/usr/local/texlive/2020/texmf-dist/tex/latex/refcount/refcount.sty
Package: refcount 2019/12/15 v3.6 Data extraction from label references (HO)
)
(/usr/local/texlive/2020/texmf-dist/tex/generic/gettitlestring/gettitlestring.s
ty
Package: gettitlestring 2019/12/15 v1.6 Cleanup title references (HO)
)
\c@section@level=\count369
)
LaTeX Info: Redefining \ref on input line 10.
LaTeX Info: Redefining \pageref on input line 10.
LaTeX Info: Redefining \nameref on input line 10.
 (./linux.out) (./linux.out)
\@outlinefile=\write6
\openout6 = `linux.out'.

\c@lstlisting=\count370

(/usr/local/texlive/2020/texmf-dist/tex/latex/pdflscape/pdflscape.sty
Package: pdflscape 2019/12/05 v0.12 Display of landscape pages in PDF (HO)

(/usr/local/texlive/2020/texmf-dist/tex/latex/graphics/lscape.sty
Package: lscape 2000/10/22 v3.01 Landscape Pages (DPC)
)
Package pdflscape Info: Auto-detected driver: dvipdfm (xetex) on input line 98.

)
ABD: EveryShipout initializing macros
\openout2 = `title.aux'.

 (./title.tex
Package microtype Info: Loading generic protrusion settings for font family
(microtype)             `FandolSong-Regular' (encoding: TU).
(microtype)             For optimal results, create family-specific settings.
(microtype)             See the microtype manual for details.


Package microtype Warning: Unknown slot number of character
(microtype)                `\`A'
(microtype)                in font encoding `TU' in inheritance list
(microtype)                `microtype.cfg/376(protrusion)'.


Package microtype Warning: Unknown slot number of character
(microtype)                `\'A'
(microtype)                in font encoding `TU' in inheritance list
(microtype)                `microtype.cfg/376(protrusion)'.


Package microtype Warning: Unknown slot number of character
(microtype)                `\^A'
(microtype)                in font encoding `TU' in inheritance list
(microtype)                `microtype.cfg/376(protrusion)'.


Package microtype Warning: Unknown slot number of character
(microtype)                `\~A'
(microtype)                in font encoding `TU' in inheritance list
(microtype)                `microtype.cfg/376(protrusion)'.


Package microtype Warning: Unknown slot number of character
(microtype)                `\"A'
(microtype)                in font encoding `TU' in inheritance list
(microtype)                `microtype.cfg/376(protrusion)'.


Package microtype Warning: Unknown slot number of character
(microtype)                `\r A'
(microtype)                in font encoding `TU' in inheritance list
(microtype)                `microtype.cfg/376(protrusion)'.


Package microtype Warning: Unknown slot number of character
(microtype)                `\k A'
(microtype)                in font encoding `TU' in inheritance list
(microtype)                `microtype.cfg/376(protrusion)'.


Package microtype Warning: Unknown slot number of character
(microtype)                `\u A'
(microtype)                in font encoding `TU' in inheritance list
(microtype)                `microtype.cfg/376(protrusion)'.


Package microtype Warning: Unknown slot number of character
(microtype)                `\^a'
(microtype)                in font encoding `TU' in inheritance list
(microtype)                `microtype.cfg/376(protrusion)'.


Package microtype Warning: Unknown slot number of character
(microtype)                `\~a'
(microtype)                in font encoding `TU' in inheritance list
(microtype)                `microtype.cfg/376(protrusion)'.


Package microtype Warning: Unknown slot number of character
(microtype)                `\"a'
(microtype)                in font encoding `TU' in inheritance list
(microtype)                `microtype.cfg/376(protrusion)'.


Package microtype Warning: Unknown slot number of character
(microtype)                `\r a'
(microtype)                in font encoding `TU' in inheritance list
(microtype)                `microtype.cfg/376(protrusion)'.


Package microtype Warning: Unknown slot number of character
(microtype)                `\k a'
(microtype)                in font encoding `TU' in inheritance list
(microtype)                `microtype.cfg/376(protrusion)'.


Package microtype Warning: Unknown slot number of character
(microtype)                `\u a'
(microtype)                in font encoding `TU' in inheritance list
(microtype)                `microtype.cfg/376(protrusion)'.


Package microtype Warning: Unknown slot number of character
(microtype)                `\'C'
(microtype)                in font encoding `TU' in inheritance list
(microtype)                `microtype.cfg/376(protrusion)'.


Package microtype Warning: Unknown slot number of character
(microtype)                `\c C'
(microtype)                in font encoding `TU' in inheritance list
(microtype)                `microtype.cfg/376(protrusion)'.


Package microtype Warning: Unknown slot number of character
(microtype)                `\v C'
(microtype)                in font encoding `TU' in inheritance list
(microtype)                `microtype.cfg/376(protrusion)'.


Package microtype Warning: Unknown slot number of character
(microtype)                `\'c'
(microtype)                in font encoding `TU' in inheritance list
(microtype)                `microtype.cfg/376(protrusion)'.


Package microtype Warning: Unknown slot number of character
(microtype)                `\c c'
(microtype)                in font encoding `TU' in inheritance list
(microtype)                `microtype.cfg/376(protrusion)'.


Package microtype Warning: Unknown slot number of character
(microtype)                `\v c'
(microtype)                in font encoding `TU' in inheritance list
(microtype)                `microtype.cfg/376(protrusion)'.


Package microtype Warning: Unknown slot number of character
(microtype)                `\v D'
(microtype)                in font encoding `TU' in inheritance list
(microtype)                `microtype.cfg/376(protrusion)'.

Package microtype Info: Character `\DH ' is missing
(microtype)             in font `\TU/FandolSong-Regular(0)/m/n/15.05624'.
(microtype)             Ignoring protrusion settings for this character.

Package microtype Warning: Unknown slot number of character
(microtype)                `\v d'
(microtype)                in font encoding `TU' in inheritance list
(microtype)                `microtype.cfg/376(protrusion)'.

Package microtype Info: Character `\dj ' is missing
(microtype)             in font `\TU/FandolSong-Regular(0)/m/n/15.05624'.
(microtype)             Ignoring protrusion settings for this character.

Package microtype Warning: Unknown slot number of character
(microtype)                `\`E'
(microtype)                in font encoding `TU' in inheritance list
(microtype)                `microtype.cfg/376(protrusion)'.


Package microtype Warning: Unknown slot number of character
(microtype)                `\'E'
(microtype)                in font encoding `TU' in inheritance list
(microtype)                `microtype.cfg/376(protrusion)'.


Package microtype Warning: Unknown slot number of character
(microtype)                `\^E'
(microtype)                in font encoding `TU' in inheritance list
(microtype)                `microtype.cfg/376(protrusion)'.


Package microtype Warning: Unknown slot number of character
(microtype)                `\"E'
(microtype)                in font encoding `TU' in inheritance list
(microtype)                `microtype.cfg/376(protrusion)'.


Package microtype Warning: Unknown slot number of character
(microtype)                `\k E'
(microtype)                in font encoding `TU' in inheritance list
(microtype)                `microtype.cfg/376(protrusion)'.


Package microtype Warning: Unknown slot number of character
(microtype)                `\v E'
(microtype)                in font encoding `TU' in inheritance list
(microtype)                `microtype.cfg/376(protrusion)'.


Package microtype Warning: Unknown slot number of character
(microtype)                `\"e'
(microtype)                in font encoding `TU' in inheritance list
(microtype)                `microtype.cfg/376(protrusion)'.


Package microtype Warning: Unknown slot number of character
(microtype)                `\k e'
(microtype)                in font encoding `TU' in inheritance list
(microtype)                `microtype.cfg/376(protrusion)'.


Package microtype Warning: Unknown slot number of character
(microtype)                `\u G'
(microtype)                in font encoding `TU' in inheritance list
(microtype)                `microtype.cfg/376(protrusion)'.


Package microtype Warning: Unknown slot number of character
(microtype)                `\u g'
(microtype)                in font encoding `TU' in inheritance list
(microtype)                `microtype.cfg/376(protrusion)'.


Package microtype Warning: Unknown slot number of character
(microtype)                `\`I'
(microtype)                in font encoding `TU' in inheritance list
(microtype)                `microtype.cfg/376(protrusion)'.


Package microtype Warning: Unknown slot number of character
(microtype)                `\'I'
(microtype)                in font encoding `TU' in inheritance list
(microtype)                `microtype.cfg/376(protrusion)'.


Package microtype Warning: Unknown slot number of character
(microtype)                `\^I'
(microtype)                in font encoding `TU' in inheritance list
(microtype)                `microtype.cfg/376(protrusion)'.


Package microtype Warning: Unknown slot number of character
(microtype)                `\"I'
(microtype)                in font encoding `TU' in inheritance list
(microtype)                `microtype.cfg/376(protrusion)'.


Package microtype Warning: Unknown slot number of character
(microtype)                `\.I'
(microtype)                in font encoding `TU' in inheritance list
(microtype)                `microtype.cfg/376(protrusion)'.


Package microtype Warning: Unknown slot number of character
(microtype)                `\^i'
(microtype)                in font encoding `TU' in inheritance list
(microtype)                `microtype.cfg/376(protrusion)'.


Package microtype Warning: Unknown slot number of character
(microtype)                `\"i'
(microtype)                in font encoding `TU' in inheritance list
(microtype)                `microtype.cfg/376(protrusion)'.

Package microtype Info: Character `\i ' is missing
(microtype)             in font `\TU/FandolSong-Regular(0)/m/n/15.05624'.
(microtype)             Ignoring protrusion settings for this character.
Package microtype Info: Character `\L ' is missing
(microtype)             in font `\TU/FandolSong-Regular(0)/m/n/15.05624'.
(microtype)             Ignoring protrusion settings for this character.

Package microtype Warning: Unknown slot number of character
(microtype)                `\'L'
(microtype)                in font encoding `TU' in inheritance list
(microtype)                `microtype.cfg/376(protrusion)'.


Package microtype Warning: Unknown slot number of character
(microtype)                `\v L'
(microtype)                in font encoding `TU' in inheritance list
(microtype)                `microtype.cfg/376(protrusion)'.

Package microtype Info: Character `\l ' is missing
(microtype)             in font `\TU/FandolSong-Regular(0)/m/n/15.05624'.
(microtype)             Ignoring protrusion settings for this character.

Package microtype Warning: Unknown slot number of character
(microtype)                `\'l'
(microtype)                in font encoding `TU' in inheritance list
(microtype)                `microtype.cfg/376(protrusion)'.


Package microtype Warning: Unknown slot number of character
(microtype)                `\v l'
(microtype)                in font encoding `TU' in inheritance list
(microtype)                `microtype.cfg/376(protrusion)'.


Package microtype Warning: Unknown slot number of character
(microtype)                `\'N'
(microtype)                in font encoding `TU' in inheritance list
(microtype)                `microtype.cfg/376(protrusion)'.


Package microtype Warning: Unknown slot number of character
(microtype)                `\~N'
(microtype)                in font encoding `TU' in inheritance list
(microtype)                `microtype.cfg/376(protrusion)'.


Package microtype Warning: Unknown slot number of character
(microtype)                `\v N'
(microtype)                in font encoding `TU' in inheritance list
(microtype)                `microtype.cfg/376(protrusion)'.


Package microtype Warning: Unknown slot number of character
(microtype)                `\~n'
(microtype)                in font encoding `TU' in inheritance list
(microtype)                `microtype.cfg/376(protrusion)'.

Package microtype Info: Character `\O ' is missing
(microtype)             in font `\TU/FandolSong-Regular(0)/m/n/15.05624'.
(microtype)             Ignoring protrusion settings for this character.

Package microtype Warning: Unknown slot number of character
(microtype)                `\`O'
(microtype)                in font encoding `TU' in inheritance list
(microtype)                `microtype.cfg/376(protrusion)'.


Package microtype Warning: Unknown slot number of character
(microtype)                `\'O'
(microtype)                in font encoding `TU' in inheritance list
(microtype)                `microtype.cfg/376(protrusion)'.


Package microtype Warning: Unknown slot number of character
(microtype)                `\^O'
(microtype)                in font encoding `TU' in inheritance list
(microtype)                `microtype.cfg/376(protrusion)'.


Package microtype Warning: Unknown slot number of character
(microtype)                `\~O'
(microtype)                in font encoding `TU' in inheritance list
(microtype)                `microtype.cfg/376(protrusion)'.


Package microtype Warning: Unknown slot number of character
(microtype)                `\"O'
(microtype)                in font encoding `TU' in inheritance list
(microtype)                `microtype.cfg/376(protrusion)'.


Package microtype Warning: Unknown slot number of character
(microtype)                `\H O'
(microtype)                in font encoding `TU' in inheritance list
(microtype)                `microtype.cfg/376(protrusion)'.

Package microtype Info: Character `\o ' is missing
(microtype)             in font `\TU/FandolSong-Regular(0)/m/n/15.05624'.
(microtype)             Ignoring protrusion settings for this character.

Package microtype Warning: Unknown slot number of character
(microtype)                `\^o'
(microtype)                in font encoding `TU' in inheritance list
(microtype)                `microtype.cfg/376(protrusion)'.


Package microtype Warning: Unknown slot number of character
(microtype)                `\~o'
(microtype)                in font encoding `TU' in inheritance list
(microtype)                `microtype.cfg/376(protrusion)'.


Package microtype Warning: Unknown slot number of character
(microtype)                `\"o'
(microtype)                in font encoding `TU' in inheritance list
(microtype)                `microtype.cfg/376(protrusion)'.


Package microtype Warning: Unknown slot number of character
(microtype)                `\H o'
(microtype)                in font encoding `TU' in inheritance list
(microtype)                `microtype.cfg/376(protrusion)'.


Package microtype Warning: Unknown slot number of character
(microtype)                `\'R'
(microtype)                in font encoding `TU' in inheritance list
(microtype)                `microtype.cfg/376(protrusion)'.


Package microtype Warning: Unknown slot number of character
(microtype)                `\v R'
(microtype)                in font encoding `TU' in inheritance list
(microtype)                `microtype.cfg/376(protrusion)'.


Package microtype Warning: Unknown slot number of character
(microtype)                `\'r'
(microtype)                in font encoding `TU' in inheritance list
(microtype)                `microtype.cfg/376(protrusion)'.


Package microtype Warning: Unknown slot number of character
(microtype)                `\v r'
(microtype)                in font encoding `TU' in inheritance list
(microtype)                `microtype.cfg/376(protrusion)'.


Package microtype Warning: Unknown slot number of character
(microtype)                `\'S'
(microtype)                in font encoding `TU' in inheritance list
(microtype)                `microtype.cfg/376(protrusion)'.


Package microtype Warning: Unknown slot number of character
(microtype)                `\c S'
(microtype)                in font encoding `TU' in inheritance list
(microtype)                `microtype.cfg/376(protrusion)'.


Package microtype Warning: Unknown slot number of character
(microtype)                `\v S'
(microtype)                in font encoding `TU' in inheritance list
(microtype)                `microtype.cfg/376(protrusion)'.


Package microtype Warning: Unknown slot number of character
(microtype)                `\'s'
(microtype)                in font encoding `TU' in inheritance list
(microtype)                `microtype.cfg/376(protrusion)'.


Package microtype Warning: Unknown slot number of character
(microtype)                `\c s'
(microtype)                in font encoding `TU' in inheritance list
(microtype)                `microtype.cfg/376(protrusion)'.


Package microtype Warning: Unknown slot number of character
(microtype)                `\v s'
(microtype)                in font encoding `TU' in inheritance list
(microtype)                `microtype.cfg/376(protrusion)'.


Package microtype Warning: Unknown slot number of character
(microtype)                `\c T'
(microtype)                in font encoding `TU' in inheritance list
(microtype)                `microtype.cfg/376(protrusion)'.


Package microtype Warning: Unknown slot number of character
(microtype)                `\v T'
(microtype)                in font encoding `TU' in inheritance list
(microtype)                `microtype.cfg/376(protrusion)'.


Package microtype Warning: Unknown slot number of character
(microtype)                `\c t'
(microtype)                in font encoding `TU' in inheritance list
(microtype)                `microtype.cfg/376(protrusion)'.


Package microtype Warning: Unknown slot number of character
(microtype)                `\v t'
(microtype)                in font encoding `TU' in inheritance list
(microtype)                `microtype.cfg/376(protrusion)'.


Package microtype Warning: Unknown slot number of character
(microtype)                `\`U'
(microtype)                in font encoding `TU' in inheritance list
(microtype)                `microtype.cfg/376(protrusion)'.


Package microtype Warning: Unknown slot number of character
(microtype)                `\'U'
(microtype)                in font encoding `TU' in inheritance list
(microtype)                `microtype.cfg/376(protrusion)'.


Package microtype Warning: Unknown slot number of character
(microtype)                `\^U'
(microtype)                in font encoding `TU' in inheritance list
(microtype)                `microtype.cfg/376(protrusion)'.


Package microtype Warning: Unknown slot number of character
(microtype)                `\"U'
(microtype)                in font encoding `TU' in inheritance list
(microtype)                `microtype.cfg/376(protrusion)'.


Package microtype Warning: Unknown slot number of character
(microtype)                `\H U'
(microtype)                in font encoding `TU' in inheritance list
(microtype)                `microtype.cfg/376(protrusion)'.


Package microtype Warning: Unknown slot number of character
(microtype)                `\r U'
(microtype)                in font encoding `TU' in inheritance list
(microtype)                `microtype.cfg/376(protrusion)'.


Package microtype Warning: Unknown slot number of character
(microtype)                `\^u'
(microtype)                in font encoding `TU' in inheritance list
(microtype)                `microtype.cfg/376(protrusion)'.


Package microtype Warning: Unknown slot number of character
(microtype)                `\H u'
(microtype)                in font encoding `TU' in inheritance list
(microtype)                `microtype.cfg/376(protrusion)'.


Package microtype Warning: Unknown slot number of character
(microtype)                `\r u'
(microtype)                in font encoding `TU' in inheritance list
(microtype)                `microtype.cfg/376(protrusion)'.


Package microtype Warning: Unknown slot number of character
(microtype)                `\'Y'
(microtype)                in font encoding `TU' in inheritance list
(microtype)                `microtype.cfg/376(protrusion)'.


Package microtype Warning: Unknown slot number of character
(microtype)                `\"Y'
(microtype)                in font encoding `TU' in inheritance list
(microtype)                `microtype.cfg/376(protrusion)'.


Package microtype Warning: Unknown slot number of character
(microtype)                `\'y'
(microtype)                in font encoding `TU' in inheritance list
(microtype)                `microtype.cfg/376(protrusion)'.


Package microtype Warning: Unknown slot number of character
(microtype)                `\"y'
(microtype)                in font encoding `TU' in inheritance list
(microtype)                `microtype.cfg/376(protrusion)'.


Package microtype Warning: Unknown slot number of character
(microtype)                `\'Z'
(microtype)                in font encoding `TU' in inheritance list
(microtype)                `microtype.cfg/376(protrusion)'.


Package microtype Warning: Unknown slot number of character
(microtype)                `\.Z'
(microtype)                in font encoding `TU' in inheritance list
(microtype)                `microtype.cfg/376(protrusion)'.


Package microtype Warning: Unknown slot number of character
(microtype)                `\v Z'
(microtype)                in font encoding `TU' in inheritance list
(microtype)                `microtype.cfg/376(protrusion)'.


Package microtype Warning: Unknown slot number of character
(microtype)                `\'z'
(microtype)                in font encoding `TU' in inheritance list
(microtype)                `microtype.cfg/376(protrusion)'.


Package microtype Warning: Unknown slot number of character
(microtype)                `\.z'
(microtype)                in font encoding `TU' in inheritance list
(microtype)                `microtype.cfg/376(protrusion)'.


Package microtype Warning: Unknown slot number of character
(microtype)                `\v z'
(microtype)                in font encoding `TU' in inheritance list
(microtype)                `microtype.cfg/376(protrusion)'.

Package microtype Info: Character `\AE ' is missing
(microtype)             in font `\TU/FandolSong-Regular(0)/m/n/15.05624'.
(microtype)             Ignoring protrusion settings for this character.
Package microtype Info: Character `\quotesinglbase ' is missing
(microtype)             in font `\TU/FandolSong-Regular(0)/m/n/15.05624'.
(microtype)             Ignoring protrusion settings for this character.
Package microtype Info: Character `\quotedblbase ' is missing
(microtype)             in font `\TU/FandolSong-Regular(0)/m/n/15.05624'.
(microtype)             Ignoring protrusion settings for this character.
Package microtype Info: Character `\guilsinglleft ' is missing
(microtype)             in font `\TU/FandolSong-Regular(0)/m/n/15.05624'.
(microtype)             Ignoring protrusion settings for this character.
Package microtype Info: Character `\guilsinglright ' is missing
(microtype)             in font `\TU/FandolSong-Regular(0)/m/n/15.05624'.
(microtype)             Ignoring protrusion settings for this character.
Package microtype Info: Character `\guillemotleft ' is missing
(microtype)             in font `\TU/FandolSong-Regular(0)/m/n/15.05624'.
(microtype)             Ignoring protrusion settings for this character.
Package microtype Info: Character `\guillemotright ' is missing
(microtype)             in font `\TU/FandolSong-Regular(0)/m/n/15.05624'.
(microtype)             Ignoring protrusion settings for this character.
Package microtype Info: Character `\textexclamdown ' is missing
(microtype)             in font `\TU/FandolSong-Regular(0)/m/n/15.05624'.
(microtype)             Ignoring protrusion settings for this character.
Package microtype Info: Character `\textquestiondown ' is missing
(microtype)             in font `\TU/FandolSong-Regular(0)/m/n/15.05624'.
(microtype)             Ignoring protrusion settings for this character.
Package microtype Info: Character `\AE ' is missing
(microtype)             in font `\TU/FandolSong-Regular(0)/m/n/12.045'.
(microtype)             Ignoring protrusion settings for this character.
Package microtype Info: Character `\quotesinglbase ' is missing
(microtype)             in font `\TU/FandolSong-Regular(0)/m/n/12.045'.
(microtype)             Ignoring protrusion settings for this character.
Package microtype Info: Character `\quotedblbase ' is missing
(microtype)             in font `\TU/FandolSong-Regular(0)/m/n/12.045'.
(microtype)             Ignoring protrusion settings for this character.
Package microtype Info: Character `\guilsinglleft ' is missing
(microtype)             in font `\TU/FandolSong-Regular(0)/m/n/12.045'.
(microtype)             Ignoring protrusion settings for this character.
Package microtype Info: Character `\guilsinglright ' is missing
(microtype)             in font `\TU/FandolSong-Regular(0)/m/n/12.045'.
(microtype)             Ignoring protrusion settings for this character.
Package microtype Info: Character `\guillemotleft ' is missing
(microtype)             in font `\TU/FandolSong-Regular(0)/m/n/12.045'.
(microtype)             Ignoring protrusion settings for this character.
Package microtype Info: Character `\guillemotright ' is missing
(microtype)             in font `\TU/FandolSong-Regular(0)/m/n/12.045'.
(microtype)             Ignoring protrusion settings for this character.
Package microtype Info: Character `\textexclamdown ' is missing
(microtype)             in font `\TU/FandolSong-Regular(0)/m/n/12.045'.
(microtype)             Ignoring protrusion settings for this character.
Package microtype Info: Character `\textquestiondown ' is missing
(microtype)             in font `\TU/FandolSong-Regular(0)/m/n/12.045'.
(microtype)             Ignoring protrusion settings for this character.
Package microtype Info: Character `029' is missing
(microtype)             in font `T1/lmr/m/sc/26.09749'.
(microtype)             Ignoring protrusion settings for this character.
Package microtype Info: Character `\AE ' is missing
(microtype)             in font `\TU/FandolSong-Regular(0)/m/it/10.53937'.
(microtype)             Ignoring protrusion settings for this character.
Package microtype Info: Character `\quotesinglbase ' is missing
(microtype)             in font `\TU/FandolSong-Regular(0)/m/it/10.53937'.
(microtype)             Ignoring protrusion settings for this character.
Package microtype Info: Character `\quotedblbase ' is missing
(microtype)             in font `\TU/FandolSong-Regular(0)/m/it/10.53937'.
(microtype)             Ignoring protrusion settings for this character.
Package microtype Info: Character `\guilsinglleft ' is missing
(microtype)             in font `\TU/FandolSong-Regular(0)/m/it/10.53937'.
(microtype)             Ignoring protrusion settings for this character.
Package microtype Info: Character `\guilsinglright ' is missing
(microtype)             in font `\TU/FandolSong-Regular(0)/m/it/10.53937'.
(microtype)             Ignoring protrusion settings for this character.
Package microtype Info: Character `\guillemotleft ' is missing
(microtype)             in font `\TU/FandolSong-Regular(0)/m/it/10.53937'.
(microtype)             Ignoring protrusion settings for this character.
Package microtype Info: Character `\guillemotright ' is missing
(microtype)             in font `\TU/FandolSong-Regular(0)/m/it/10.53937'.
(microtype)             Ignoring protrusion settings for this character.
Package microtype Info: Character `\textexclamdown ' is missing
(microtype)             in font `\TU/FandolSong-Regular(0)/m/it/10.53937'.
(microtype)             Ignoring protrusion settings for this character.
Package microtype Info: Character `\textquestiondown ' is missing
(microtype)             in font `\TU/FandolSong-Regular(0)/m/it/10.53937'.
(microtype)             Ignoring protrusion settings for this character.
[1



]) [2


]
\openout2 = `dedication.aux'.

 (./dedication.tex
Package microtype Info: Character `\AE ' is missing
(microtype)             in font `\TU/FandolSong-Regular(0)/b/n/22.08249'.
(microtype)             Ignoring protrusion settings for this character.
Package microtype Info: Character `\quotesinglbase ' is missing
(microtype)             in font `\TU/FandolSong-Regular(0)/b/n/22.08249'.
(microtype)             Ignoring protrusion settings for this character.
Package microtype Info: Character `\quotedblbase ' is missing
(microtype)             in font `\TU/FandolSong-Regular(0)/b/n/22.08249'.
(microtype)             Ignoring protrusion settings for this character.
Package microtype Info: Character `\guilsinglleft ' is missing
(microtype)             in font `\TU/FandolSong-Regular(0)/b/n/22.08249'.
(microtype)             Ignoring protrusion settings for this character.
Package microtype Info: Character `\guilsinglright ' is missing
(microtype)             in font `\TU/FandolSong-Regular(0)/b/n/22.08249'.
(microtype)             Ignoring protrusion settings for this character.
Package microtype Info: Character `\guillemotleft ' is missing
(microtype)             in font `\TU/FandolSong-Regular(0)/b/n/22.08249'.
(microtype)             Ignoring protrusion settings for this character.
Package microtype Info: Character `\guillemotright ' is missing
(microtype)             in font `\TU/FandolSong-Regular(0)/b/n/22.08249'.
(microtype)             Ignoring protrusion settings for this character.
Package microtype Info: Character `\textexclamdown ' is missing
(microtype)             in font `\TU/FandolSong-Regular(0)/b/n/22.08249'.
(microtype)             Ignoring protrusion settings for this character.
Package microtype Info: Character `\textquestiondown ' is missing
(microtype)             in font `\TU/FandolSong-Regular(0)/b/n/22.08249'.
(microtype)             Ignoring protrusion settings for this character.
) [1


]
LaTeX Font Info:    Font shape `TU/FandolSong-Regular(0)/m/sl' in size <10.5393
7> not available
(Font)              Font shape `TU/FandolSong-Regular(0)/m/it' tried instead on
 input line 17.
Package microtype Info: Character `\AE ' is missing
(microtype)             in font `\TU/FandolSong-Regular(0)/m/it/10.53937'.
(microtype)             Ignoring protrusion settings for this character.
Package microtype Info: Character `\quotesinglbase ' is missing
(microtype)             in font `\TU/FandolSong-Regular(0)/m/it/10.53937'.
(microtype)             Ignoring protrusion settings for this character.
Package microtype Info: Character `\quotedblbase ' is missing
(microtype)             in font `\TU/FandolSong-Regular(0)/m/it/10.53937'.
(microtype)             Ignoring protrusion settings for this character.
Package microtype Info: Character `\guilsinglleft ' is missing
(microtype)             in font `\TU/FandolSong-Regular(0)/m/it/10.53937'.
(microtype)             Ignoring protrusion settings for this character.
Package microtype Info: Character `\guilsinglright ' is missing
(microtype)             in font `\TU/FandolSong-Regular(0)/m/it/10.53937'.
(microtype)             Ignoring protrusion settings for this character.
Package microtype Info: Character `\guillemotleft ' is missing
(microtype)             in font `\TU/FandolSong-Regular(0)/m/it/10.53937'.
(microtype)             Ignoring protrusion settings for this character.
Package microtype Info: Character `\guillemotright ' is missing
(microtype)             in font `\TU/FandolSong-Regular(0)/m/it/10.53937'.
(microtype)             Ignoring protrusion settings for this character.
Package microtype Info: Character `\textexclamdown ' is missing
(microtype)             in font `\TU/FandolSong-Regular(0)/m/it/10.53937'.
(microtype)             Ignoring protrusion settings for this character.
Package microtype Info: Character `\textquestiondown ' is missing
(microtype)             in font `\TU/FandolSong-Regular(0)/m/it/10.53937'.
(microtype)             Ignoring protrusion settings for this character.
 [2


] (./linux.toc
Package microtype Info: Character `\AE ' is missing
(microtype)             in font `\TU/FandolSong-Regular(0)/b/n/10.53937'.
(microtype)             Ignoring protrusion settings for this character.
Package microtype Info: Character `\quotesinglbase ' is missing
(microtype)             in font `\TU/FandolSong-Regular(0)/b/n/10.53937'.
(microtype)             Ignoring protrusion settings for this character.
Package microtype Info: Character `\quotedblbase ' is missing
(microtype)             in font `\TU/FandolSong-Regular(0)/b/n/10.53937'.
(microtype)             Ignoring protrusion settings for this character.
Package microtype Info: Character `\guilsinglleft ' is missing
(microtype)             in font `\TU/FandolSong-Regular(0)/b/n/10.53937'.
(microtype)             Ignoring protrusion settings for this character.
Package microtype Info: Character `\guilsinglright ' is missing
(microtype)             in font `\TU/FandolSong-Regular(0)/b/n/10.53937'.
(microtype)             Ignoring protrusion settings for this character.
Package microtype Info: Character `\guillemotleft ' is missing
(microtype)             in font `\TU/FandolSong-Regular(0)/b/n/10.53937'.
(microtype)             Ignoring protrusion settings for this character.
Package microtype Info: Character `\guillemotright ' is missing
(microtype)             in font `\TU/FandolSong-Regular(0)/b/n/10.53937'.
(microtype)             Ignoring protrusion settings for this character.
Package microtype Info: Character `\textexclamdown ' is missing
(microtype)             in font `\TU/FandolSong-Regular(0)/b/n/10.53937'.
(microtype)             Ignoring protrusion settings for this character.
Package microtype Info: Character `\textquestiondown ' is missing
(microtype)             in font `\TU/FandolSong-Regular(0)/b/n/10.53937'.
(microtype)             Ignoring protrusion settings for this character.
)
\tf@toc=\write7
\openout7 = `linux.toc'.

 [3] [4

] (./linux.lot)
\tf@lot=\write8
\openout8 = `linux.lot'.


[1


] [2

] (./linux.lof)
\tf@lof=\write9
\openout9 = `linux.lof'.


No file linux.bbl.

Package movie15 Warning: @@@@@@@@@@@@@@@@@@@@@@@@@@@@@@@@@@@@@@@
(movie15)                @@ Package `movie15' is obsolete and @@
(movie15)                @@ superseded by `media9'.           @@
(movie15)                @@@@@@@@@@@@@@@@@@@@@@@@@@@@@@@@@@@@@@@.

[3]
Package atveryend Info: Empty hook `BeforeClearDocument' on input line 24.
Package atveryend Info: Empty hook `AfterLastShipout' on input line 24.
 (./linux.aux (./title.aux) (./dedication.aux))
Package atveryend Info: Empty hook `AtVeryEndDocument' on input line 24.
Package atveryend Info: Executing hook `AtEndAfterFileList' on input line 24.
Package rerunfilecheck Info: File `linux.out' has not changed.
(rerunfilecheck)             Checksum: ADC008F6FD8A780B0CA2181EACAEA912;389.


LaTeX Font Warning: Size substitutions with differences
(Font)              up to 0.41063pt have occurred.


LaTeX Font Warning: Some font shapes were not available, defaults substituted.

Package atveryend Info: Empty hook `AtVeryVeryEnd' on input line 24.
 ) 
Here is how much of TeX's memory you used:
 31568 strings out of 479418
 639697 string characters out of 5884584
 995907 words of memory out of 5000000
 48495 multiletter control sequences out of 15000+600000
 564514 words of font info for 55 fonts, out of 8000000 for 9000
 1348 hyphenation exceptions out of 8191
 70i,6n,94p,1054b,382s stack positions out of 5000i,500n,10000p,200000b,80000s

Output written on linux.pdf (9 pages).
