\BOOKMARK [0][-]{section*.1}{\376\377\000C\000o\000n\000t\000e\000n\000t\000s}{}% 1
\BOOKMARK [0][-]{section*.2}{\376\377\000L\000i\000s\000t\000\040\000o\000f\000\040\000F\000i\000g\000u\000r\000e\000s}{}% 2
\BOOKMARK [0][-]{section*.3}{\376\377\000L\000i\000s\000t\000\040\000o\000f\000\040\000T\000a\000b\000l\000e\000s}{}% 3
\BOOKMARK [-1][-]{part.1}{\376\377\000I\000\040\000F\000l\000a\000s\000k}{}% 4
\BOOKMARK [0][-]{chapter.1}{\376\377\000I\000n\000s\000t\000a\000l\000l\000a\000t\000i\000o\000n}{part.1}% 5
\BOOKMARK [0][-]{chapter.2}{\376\377\000A\000p\000p\000l\000i\000c\000a\000t\000i\000o\000n\000\040\000s\000t\000r\000u\000c\000t\000u\000r\000e}{part.1}% 6
\BOOKMARK [1][-]{section.2.1}{\376\377\000I\000n\000i\000t\000i\000a\000l\000i\000z\000a\000t\000i\000o\000n}{chapter.2}% 7
\BOOKMARK [1][-]{section.2.2}{\376\377\000R\000o\000u\000t\000e\000s\000\040\000a\000n\000d\000\040\000v\000i\000e\000w\000\040\000f\000u\000n\000c\000t\000i\000o\000n\000s}{chapter.2}% 8
\BOOKMARK [1][-]{section.2.3}{\376\377\000R\000e\000s\000p\000o\000n\000s\000e\000s}{chapter.2}% 9
\BOOKMARK [1][-]{section.2.4}{\376\377\000D\000e\000v\000e\000l\000o\000p\000m\000e\000n\000t\000\040\000s\000e\000r\000v\000e\000r}{chapter.2}% 10
\BOOKMARK [1][-]{section.2.5}{\376\377\000E\000x\000t\000e\000n\000s\000i\000o\000n\000s}{chapter.2}% 11
\BOOKMARK [0][-]{chapter.3}{\376\377\000T\000e\000m\000p\000l\000a\000t\000e\000s}{part.1}% 12
\BOOKMARK [1][-]{section.3.1}{\376\377\000R\000e\000n\000d\000e\000r\000i\000n\000g\000\040\000t\000e\000m\000p\000l\000a\000t\000e\000s}{chapter.3}% 13
\BOOKMARK [1][-]{section.3.2}{\376\377\000V\000a\000r\000i\000a\000b\000l\000e\000s}{chapter.3}% 14
\BOOKMARK [1][-]{section.3.3}{\376\377\000C\000o\000n\000t\000r\000o\000l\000\040\000s\000t\000r\000u\000c\000t\000u\000r\000e\000s}{chapter.3}% 15
\BOOKMARK [1][-]{section.3.4}{\376\377\000L\000i\000n\000k\000s}{chapter.3}% 16
\BOOKMARK [0][-]{chapter.4}{\376\377\000E\000x\000t\000e\000n\000s\000i\000o\000n\000s}{part.1}% 17
\BOOKMARK [1][-]{section.4.1}{\376\377\000B\000o\000o\000t\000s\000t\000r\000a\000p}{chapter.4}% 18
\BOOKMARK [1][-]{section.4.2}{\376\377\000M\000o\000m\000e\000n\000t}{chapter.4}% 19
\BOOKMARK [1][-]{section.4.3}{\376\377\000W\000e\000b\000\040\000f\000o\000r\000m\000s}{chapter.4}% 20
\BOOKMARK [1][-]{section.4.4}{\376\377\000S\000Q\000L\000A\000I\000c\000h\000e\000m\000y}{chapter.4}% 21
\BOOKMARK [1][-]{section.4.5}{\376\377\000M\000i\000g\000r\000a\000t\000e}{chapter.4}% 22
\BOOKMARK [1][-]{section.4.6}{\376\377\000M\000a\000i\000l}{chapter.4}% 23
\BOOKMARK [1][-]{section.4.7}{\376\377\000L\000o\000g\000i\000n}{chapter.4}% 24
\BOOKMARK [1][-]{section.4.8}{\376\377\000H\000T\000T\000P\000A\000u\000t\000h}{chapter.4}% 25
\BOOKMARK [0][-]{chapter.5}{\376\377\000F\000l\000a\000s\000k\000\040\000D\000e\000p\000l\000o\000y}{part.1}% 26
\BOOKMARK [1][-]{section.5.1}{\376\377\000G\000u\000n\000i\000c\000o\000r\000n}{chapter.5}% 27
\BOOKMARK [2][-]{subsection.5.1.1}{\376\377\000I\000n\000s\000t\000a\000l\000l\000\040\000G\000u\000n\000i\000c\000o\000r\000n}{section.5.1}% 28
\BOOKMARK [2][-]{subsection.5.1.2}{\376\377\000C\000r\000e\000a\000t\000i\000n\000g\000\040\000t\000h\000e\000\040\000W\000S\000G\000I\000\040\000E\000n\000t\000r\000y\000\040\000P\000o\000i\000n\000t}{section.5.1}% 29
\BOOKMARK [2][-]{subsection.5.1.3}{\376\377\000S\000t\000a\000r\000t\000\040\000G\000u\000n\000i\000c\000o\000r\000n}{section.5.1}% 30
\BOOKMARK [2][-]{subsection.5.1.4}{\376\377\000B\000u\000i\000l\000d\000\040\000a\000\040\000G\000u\000n\000i\000c\000o\000r\000n\000\040\000S\000e\000r\000v\000i\000c\000e}{section.5.1}% 31
\BOOKMARK [1][-]{section.5.2}{\376\377\000N\000g\000i\000n\000x}{chapter.5}% 32
\BOOKMARK [2][-]{subsection.5.2.1}{\376\377\000I\000n\000s\000t\000a\000l\000l\000\040\000N\000g\000i\000n\000x}{section.5.2}% 33
\BOOKMARK [2][-]{subsection.5.2.2}{\376\377\000C\000o\000n\000f\000i\000g}{section.5.2}% 34
\BOOKMARK [2][-]{subsection.5.2.3}{\376\377\000T\000e\000l\000l\000\040\000F\000l\000a\000s\000k\000\040\000i\000t\000\040\000i\000s\000\040\000B\000e\000h\000i\000n\000d\000\040\000a\000\040\000P\000r\000o\000x\000y}{section.5.2}% 35
\BOOKMARK [1][-]{section.5.3}{\376\377\000S\000S\000L}{chapter.5}% 36
\BOOKMARK [0][-]{section*.6}{\376\377\000B\000i\000b\000l\000i\000o\000g\000r\000a\000p\000h\000y}{part.1}% 37
